{"event":"billing.orders.manual.triggered","level":"info","message":"Manual order-based billing triggered","requestId":"143bf23a-caf4-42a0-90fe-e522d5d751e3","timestamp":"2026-01-22T04:18:53.977Z"}
{"event":"redis.client.init","host":"redis-16663.crce179.ap-south-1-1.ec2.cloud.redislabs.com","level":"info","message":"Initializing Redis client","port":16663,"requestId":"143bf23a-caf4-42a0-90fe-e522d5d751e3","timestamp":"2026-01-22T04:18:53.983Z"}
{"event":"redis.connect.start","level":"info","message":"Connecting to Redis","requestId":"143bf23a-caf4-42a0-90fe-e522d5d751e3","timestamp":"2026-01-22T04:18:53.985Z"}
{"event":"redis.socket.connected","level":"info","message":"Redis socket connected","requestId":"143bf23a-caf4-42a0-90fe-e522d5d751e3","timestamp":"2026-01-22T04:18:54.067Z"}
{"event":"redis.socket.connected","level":"info","message":"Redis socket connected","requestId":"143bf23a-caf4-42a0-90fe-e522d5d751e3","timestamp":"2026-01-22T04:18:54.067Z"}
{"event":"redis.client.ready","level":"info","message":"Redis client ready","requestId":"143bf23a-caf4-42a0-90fe-e522d5d751e3","timestamp":"2026-01-22T04:18:54.085Z"}
{"event":"redis.client.ready","level":"info","message":"Redis client ready","requestId":"143bf23a-caf4-42a0-90fe-e522d5d751e3","timestamp":"2026-01-22T04:18:54.085Z"}
{"event":"redis.connect.success","level":"info","message":"Redis connection established","requestId":"143bf23a-caf4-42a0-90fe-e522d5d751e3","timestamp":"2026-01-22T04:18:54.086Z"}
{"event":"billing.orders.scan.started","level":"info","message":"Order-based billing scan started","requestId":"143bf23a-caf4-42a0-90fe-e522d5d751e3","timestamp":"2026-01-22T04:18:54.087Z"}
{"event":"billing.orders.zero","level":"info","message":"No orders for store, skipping upgrade","requestId":"143bf23a-caf4-42a0-90fe-e522d5d751e3","storeId":"basic-optimaio-cart.myshopify.com","timestamp":"2026-01-22T04:18:54.242Z"}
{"event":"billing.orders.scan.completed","level":"info","message":"Order-based billing scan completed","requestId":"143bf23a-caf4-42a0-90fe-e522d5d751e3","timestamp":"2026-01-22T04:18:54.261Z"}
{"event":"billing.orders.manual.triggered","level":"info","message":"Manual order-based billing triggered","requestId":"4c791683-c9d7-4a4a-a94f-0135837023a1","timestamp":"2026-01-22T04:19:39.227Z"}
{"event":"billing.orders.scan.started","level":"info","message":"Order-based billing scan started","requestId":"4c791683-c9d7-4a4a-a94f-0135837023a1","timestamp":"2026-01-22T04:19:39.228Z"}
{"chargeAmount":15,"eligibleTier":"GROW","event":"billing.orders.upgraded","level":"info","message":"Order-based plan upgraded successfully","orderCount":2000,"requestId":"4c791683-c9d7-4a4a-a94f-0135837023a1","storeId":"basic-optimaio-cart.myshopify.com","timestamp":"2026-01-22T04:19:40.654Z"}
{"event":"billing.orders.scan.completed","level":"info","message":"Order-based billing scan completed","requestId":"4c791683-c9d7-4a4a-a94f-0135837023a1","timestamp":"2026-01-22T04:19:40.681Z"}
{"event":"bxgy.discount.create.start","level":"info","message":"Creating BXGY automatic discount","shop":"basic-optimaio-cart.myshopify.com","timestamp":"2026-01-22T04:25:30.155Z"}
{"discountId":"gid://shopify/DiscountAutomaticNode/1450902388984","event":"bxgy.discount.create.success","level":"info","message":"BXGY discount created successfully","shop":"basic-optimaio-cart.myshopify.com","timestamp":"2026-01-22T04:25:30.735Z"}
{"event":"tiered.discount.create.start","level":"info","message":"Creating tiered automatic discount","shop":"basic-optimaio-cart.myshopify.com","timestamp":"2026-01-22T04:25:31.188Z"}
{"discountId":"gid://shopify/DiscountAutomaticNode/1450902421752","event":"tiered.discount.create.success","level":"info","message":"Tiered automatic discount created successfully","shop":"basic-optimaio-cart.myshopify.com","timestamp":"2026-01-22T04:25:31.767Z"}
{"event":"webhook.received","level":"info","message":"Webhook received","requestId":"f4d211b9-399d-5f63-b15b-168a8fedd270","shop":"basic-optimaio-cart.myshopify.com","timestamp":"2026-01-22T04:26:21.340Z","topic":"APP_SUBSCRIPTIONS_UPDATE"}
{"event":"redis.client.init","host":"redis-16663.crce179.ap-south-1-1.ec2.cloud.redislabs.com","level":"info","message":"Initializing Redis client","port":16663,"requestId":"f4d211b9-399d-5f63-b15b-168a8fedd270","timestamp":"2026-01-22T04:26:21.341Z"}
{"event":"redis.connect.start","level":"info","message":"Connecting to Redis","requestId":"f4d211b9-399d-5f63-b15b-168a8fedd270","timestamp":"2026-01-22T04:26:21.342Z"}
{"event":"redis.socket.connected","level":"info","message":"Redis socket connected","requestId":"f4d211b9-399d-5f63-b15b-168a8fedd270","timestamp":"2026-01-22T04:26:21.367Z"}
{"event":"redis.socket.connected","level":"info","message":"Redis socket connected","requestId":"f4d211b9-399d-5f63-b15b-168a8fedd270","timestamp":"2026-01-22T04:26:21.368Z"}
{"event":"redis.client.ready","level":"info","message":"Redis client ready","requestId":"f4d211b9-399d-5f63-b15b-168a8fedd270","timestamp":"2026-01-22T04:26:21.510Z"}
{"event":"redis.client.ready","level":"info","message":"Redis client ready","requestId":"f4d211b9-399d-5f63-b15b-168a8fedd270","timestamp":"2026-01-22T04:26:21.511Z"}
{"event":"redis.connect.success","level":"info","message":"Redis connection established","requestId":"f4d211b9-399d-5f63-b15b-168a8fedd270","timestamp":"2026-01-22T04:26:21.511Z"}
{"chargeAmount":14,"cycleEnd":"2026-02-21T04:26:22.807Z","cycleStart":"2026-01-22T04:26:22.807Z","event":"billing.completed","level":"info","message":"Webhook billing completed","requestId":"f4d211b9-399d-5f63-b15b-168a8fedd270","shop":"basic-optimaio-cart.myshopify.com","subscriptionId":"gid://shopify/AppSubscription/31125799160","timestamp":"2026-01-22T04:26:24.077Z"}
{"event":"billing.orders.manual.triggered","level":"info","message":"Manual order-based billing triggered","requestId":"82f333ee-56a6-47a0-bab7-26a6e662aba6","timestamp":"2026-01-22T04:27:35.873Z"}
{"event":"billing.orders.scan.started","level":"info","message":"Order-based billing scan started","requestId":"82f333ee-56a6-47a0-bab7-26a6e662aba6","timestamp":"2026-01-22T04:27:35.874Z"}
{"event":"billing.orders.no_upgrade.base","level":"info","message":"Store remains on STARTER tier","orderCount":700,"requestId":"82f333ee-56a6-47a0-bab7-26a6e662aba6","storeId":"basic-optimaio-cart.myshopify.com","timestamp":"2026-01-22T04:27:36.076Z"}
{"event":"billing.orders.scan.completed","level":"info","message":"Order-based billing scan completed","requestId":"82f333ee-56a6-47a0-bab7-26a6e662aba6","timestamp":"2026-01-22T04:27:36.094Z"}
{"event":"billing.orders.manual.triggered","level":"info","message":"Manual order-based billing triggered","requestId":"09675a33-c8b4-442d-b1ba-785d4164ee43","timestamp":"2026-01-22T04:28:02.930Z"}
{"event":"billing.orders.scan.started","level":"info","message":"Order-based billing scan started","requestId":"09675a33-c8b4-442d-b1ba-785d4164ee43","timestamp":"2026-01-22T04:28:02.931Z"}
{"event":"billing.orders.no_upgrade.base","level":"info","message":"Store remains on STARTER tier","orderCount":1000,"requestId":"09675a33-c8b4-442d-b1ba-785d4164ee43","storeId":"basic-optimaio-cart.myshopify.com","timestamp":"2026-01-22T04:28:03.073Z"}
{"event":"billing.orders.scan.completed","level":"info","message":"Order-based billing scan completed","requestId":"09675a33-c8b4-442d-b1ba-785d4164ee43","timestamp":"2026-01-22T04:28:03.091Z"}
{"event":"billing.orders.manual.triggered","level":"info","message":"Manual order-based billing triggered","requestId":"3d684cb9-2d89-4b4b-b5f9-159594f38d41","timestamp":"2026-01-22T04:28:53.029Z"}
{"event":"billing.orders.scan.started","level":"info","message":"Order-based billing scan started","requestId":"3d684cb9-2d89-4b4b-b5f9-159594f38d41","timestamp":"2026-01-22T04:28:53.029Z"}
{"chargeAmount":15,"eligibleTier":"GROW","event":"billing.orders.upgraded","level":"info","message":"Order-based plan upgraded successfully","orderCount":2000,"requestId":"3d684cb9-2d89-4b4b-b5f9-159594f38d41","storeId":"basic-optimaio-cart.myshopify.com","timestamp":"2026-01-22T04:28:54.297Z"}
{"event":"billing.orders.scan.completed","level":"info","message":"Order-based billing scan completed","requestId":"3d684cb9-2d89-4b4b-b5f9-159594f38d41","timestamp":"2026-01-22T04:28:54.312Z"}
{"event":"billing.cron.triggered","level":"info","message":"Store expiry cron triggered","requestId":"ccf9f2ff-830e-423b-a283-f709c2358d92","timestamp":"2026-01-22T04:30:00.050Z"}
{"event":"billing.cron.scan.started","level":"info","maxPerRun":10,"message":"Store expiry scan started","requestId":"ccf9f2ff-830e-423b-a283-f709c2358d92","timestamp":"2026-01-22T04:30:00.051Z"}
{"event":"orders.flush.cron.triggered","level":"info","message":"Hourly order flush cron triggered","requestId":"c9e2f955-e105-4659-927c-38b5e3205b49","timestamp":"2026-01-22T04:30:00.053Z"}
{"event":"orders.flush.scan.started","level":"info","message":"Order flush scan started","requestId":"c9e2f955-e105-4659-927c-38b5e3205b49","timestamp":"2026-01-22T04:30:00.054Z"}
{"event":"billing.orders.cron.triggered","level":"info","message":"Order-based billing cron triggered","requestId":"b77d8ce6-6bf5-44f6-b492-852027c47825","timestamp":"2026-01-22T04:30:00.055Z"}
{"event":"billing.orders.scan.started","level":"info","message":"Order-based billing scan started","requestId":"b77d8ce6-6bf5-44f6-b492-852027c47825","timestamp":"2026-01-22T04:30:00.056Z"}
{"event":"billing.cron.no_expired_store","level":"info","message":"Next billing cycle has not expired yet","nextExpiry":"2026-02-05T06:31:22.283Z","nextShop":"bb-basic-optimaio-cart.myshopify.com","requestId":"ccf9f2ff-830e-423b-a283-f709c2358d92","timestamp":"2026-01-22T04:30:00.065Z"}
{"event":"billing.cron.scan.completed","level":"info","message":"Store expiry scan completed","processed":0,"requestId":"ccf9f2ff-830e-423b-a283-f709c2358d92","timestamp":"2026-01-22T04:30:00.065Z"}
{"event":"orders.flush.queue.empty","level":"info","message":"No order queues found","requestId":"c9e2f955-e105-4659-927c-38b5e3205b49","timestamp":"2026-01-22T04:30:00.066Z"}
{"currentTier":"GROW","eligibleTier":"GROW","event":"billing.orders.no_upgrade.higher","level":"info","message":"Store already on equal or higher tier","requestId":"b77d8ce6-6bf5-44f6-b492-852027c47825","storeId":"basic-optimaio-cart.myshopify.com","timestamp":"2026-01-22T04:30:00.195Z"}
{"event":"billing.orders.scan.completed","level":"info","message":"Order-based billing scan completed","requestId":"b77d8ce6-6bf5-44f6-b492-852027c47825","timestamp":"2026-01-22T04:30:00.211Z"}
{"event":"billing.orders.manual.triggered","level":"info","message":"Manual order-based billing triggered","requestId":"1ff5c75d-b304-49d2-97e0-9a5424c69eee","timestamp":"2026-01-22T04:30:03.651Z"}
{"event":"billing.orders.scan.started","level":"info","message":"Order-based billing scan started","requestId":"1ff5c75d-b304-49d2-97e0-9a5424c69eee","timestamp":"2026-01-22T04:30:03.652Z"}
{"currentTier":"GROW","eligibleTier":"GROW","event":"billing.orders.no_upgrade.higher","level":"info","message":"Store already on equal or higher tier","requestId":"1ff5c75d-b304-49d2-97e0-9a5424c69eee","storeId":"basic-optimaio-cart.myshopify.com","timestamp":"2026-01-22T04:30:03.730Z"}
{"event":"billing.orders.scan.completed","level":"info","message":"Order-based billing scan completed","requestId":"1ff5c75d-b304-49d2-97e0-9a5424c69eee","timestamp":"2026-01-22T04:30:03.747Z"}
{"event":"billing.orders.manual.triggered","level":"info","message":"Manual order-based billing triggered","requestId":"75773bd0-50e6-4f50-bf14-dfdc8a4b05a4","timestamp":"2026-01-22T04:31:02.503Z"}
{"event":"billing.orders.scan.started","level":"info","message":"Order-based billing scan started","requestId":"75773bd0-50e6-4f50-bf14-dfdc8a4b05a4","timestamp":"2026-01-22T04:31:02.504Z"}
{"chargeAmount":30,"eligibleTier":"PREMIUM","event":"billing.orders.upgraded","level":"info","message":"Order-based plan upgraded successfully","orderCount":3500,"requestId":"75773bd0-50e6-4f50-bf14-dfdc8a4b05a4","storeId":"basic-optimaio-cart.myshopify.com","timestamp":"2026-01-22T04:31:04.480Z"}
{"event":"billing.orders.scan.completed","level":"info","message":"Order-based billing scan completed","requestId":"75773bd0-50e6-4f50-bf14-dfdc8a4b05a4","timestamp":"2026-01-22T04:31:04.496Z"}
{"event":"billing.orders.manual.triggered","level":"info","message":"Manual order-based billing triggered","requestId":"e9765fd5-1722-4419-9959-685557ecbb53","timestamp":"2026-01-22T04:35:13.822Z"}
{"event":"billing.orders.scan.started","level":"info","message":"Order-based billing scan started","requestId":"e9765fd5-1722-4419-9959-685557ecbb53","timestamp":"2026-01-22T04:35:13.822Z"}
{"currentTier":"PREMIUM","eligibleTier":"PREMIUM","event":"billing.orders.no_upgrade.higher","level":"info","message":"Store already on equal or higher tier","requestId":"e9765fd5-1722-4419-9959-685557ecbb53","storeId":"basic-optimaio-cart.myshopify.com","timestamp":"2026-01-22T04:35:13.971Z"}
{"event":"billing.orders.scan.completed","level":"info","message":"Order-based billing scan completed","requestId":"e9765fd5-1722-4419-9959-685557ecbb53","timestamp":"2026-01-22T04:35:13.988Z"}
{"event":"billing.orders.manual.triggered","level":"info","message":"Manual order-based billing triggered","requestId":"94674ec0-390f-4e19-bb62-1b250aa10908","timestamp":"2026-01-22T04:35:45.670Z"}
{"event":"billing.orders.scan.started","level":"info","message":"Order-based billing scan started","requestId":"94674ec0-390f-4e19-bb62-1b250aa10908","timestamp":"2026-01-22T04:35:45.671Z"}
{"chargeAmount":30,"eligibleTier":"ENTERPRISE","event":"billing.orders.upgraded","level":"info","message":"Order-based plan upgraded successfully","orderCount":7001,"requestId":"94674ec0-390f-4e19-bb62-1b250aa10908","storeId":"basic-optimaio-cart.myshopify.com","timestamp":"2026-01-22T04:35:46.722Z"}
{"event":"billing.orders.scan.completed","level":"info","message":"Order-based billing scan completed","requestId":"94674ec0-390f-4e19-bb62-1b250aa10908","timestamp":"2026-01-22T04:35:46.737Z"}
{"event":"billing.orders.manual.triggered","level":"info","message":"Manual order-based billing triggered","requestId":"08628c35-f789-4cfa-9eeb-12b96a6cb6d8","timestamp":"2026-01-22T04:35:58.198Z"}
{"event":"billing.orders.scan.started","level":"info","message":"Order-based billing scan started","requestId":"08628c35-f789-4cfa-9eeb-12b96a6cb6d8","timestamp":"2026-01-22T04:35:58.199Z"}
{"currentTier":"ENTERPRISE","eligibleTier":"ENTERPRISE","event":"billing.orders.no_upgrade.higher","level":"info","message":"Store already on equal or higher tier","requestId":"08628c35-f789-4cfa-9eeb-12b96a6cb6d8","storeId":"basic-optimaio-cart.myshopify.com","timestamp":"2026-01-22T04:35:58.280Z"}
{"event":"billing.orders.scan.completed","level":"info","message":"Order-based billing scan completed","requestId":"08628c35-f789-4cfa-9eeb-12b96a6cb6d8","timestamp":"2026-01-22T04:35:58.295Z"}
{"event":"webhook.received","level":"info","message":"Webhook received","requestId":"62fee80f-280c-5282-a93b-29270628b663","shop":"basic-optimaio-cart.myshopify.com","timestamp":"2026-01-22T04:52:52.179Z","topic":"APP_SUBSCRIPTIONS_UPDATE"}
{"event":"billing.subscription.inactive","level":"info","message":"Subscription not active","requestId":"62fee80f-280c-5282-a93b-29270628b663","shop":"basic-optimaio-cart.myshopify.com","subscriptionId":"gid://shopify/AppSubscription/31125799160","timestamp":"2026-01-22T04:52:52.866Z"}
{"event":"webhook.received","level":"info","message":"Webhook received","requestId":"6540bba4-366f-57f2-b049-9a3a3faf5e26","shop":"basic-optimaio-cart.myshopify.com","timestamp":"2026-01-22T04:53:42.871Z","topic":"APP_SUBSCRIPTIONS_UPDATE"}
{"chargeAmount":14,"cycleEnd":"2026-02-21T04:53:46.531Z","cycleStart":"2026-01-22T04:53:46.531Z","event":"billing.completed","level":"info","message":"Webhook billing completed","requestId":"6540bba4-366f-57f2-b049-9a3a3faf5e26","shop":"basic-optimaio-cart.myshopify.com","subscriptionId":"gid://shopify/AppSubscription/31125897464","timestamp":"2026-01-22T04:53:47.885Z"}
{"event":"webhook.received","level":"info","message":"Webhook received","requestId":"6540bba4-366f-57f2-b049-9a3a3faf5e26","shop":"basic-optimaio-cart.myshopify.com","timestamp":"2026-01-22T04:53:49.123Z","topic":"APP_SUBSCRIPTIONS_UPDATE"}
{"event":"billing.cycle.exists","level":"info","message":"Active billing cycle already exists","requestId":"6540bba4-366f-57f2-b049-9a3a3faf5e26","shop":"basic-optimaio-cart.myshopify.com","subscriptionId":"gid://shopify/AppSubscription/31125897464","timestamp":"2026-01-22T04:53:49.802Z"}
{"event":"orders.flush.cron.triggered","level":"info","message":"Hourly order flush cron triggered","requestId":"7299b258-7e3e-4997-9dd2-93fbc2eb4209","timestamp":"2026-01-22T05:00:00.053Z"}
{"event":"orders.flush.scan.started","level":"info","message":"Order flush scan started","requestId":"7299b258-7e3e-4997-9dd2-93fbc2eb4209","timestamp":"2026-01-22T05:00:00.054Z"}
{"event":"orders.flush.queue.empty","level":"info","message":"No order queues found","requestId":"7299b258-7e3e-4997-9dd2-93fbc2eb4209","timestamp":"2026-01-22T05:00:00.064Z"}
{"event":"webhook.received","level":"info","message":"Webhook received","requestId":"409b4300-54a7-5a8e-a39f-b791ec2b603a","shop":"basic-optimaio-cart.myshopify.com","timestamp":"2026-01-22T05:05:10.013Z","topic":"APP_SUBSCRIPTIONS_UPDATE"}
{"event":"billing.subscription.inactive","level":"info","message":"Subscription not active","requestId":"409b4300-54a7-5a8e-a39f-b791ec2b603a","shop":"basic-optimaio-cart.myshopify.com","subscriptionId":"gid://shopify/AppSubscription/31125897464","timestamp":"2026-01-22T05:05:10.930Z"}
{"event":"webhook.received","level":"info","message":"Webhook received","requestId":"20cebfa0-d39e-5e89-ae2a-0ff2a03d9047","shop":"basic-optimaio-cart.myshopify.com","timestamp":"2026-01-22T05:05:44.748Z","topic":"APP_SUBSCRIPTIONS_UPDATE"}
{"chargeAmount":14,"cycleEnd":"2026-02-21T05:05:45.649Z","cycleStart":"2026-01-22T05:05:45.649Z","event":"billing.completed","level":"info","message":"Webhook billing completed","requestId":"20cebfa0-d39e-5e89-ae2a-0ff2a03d9047","shop":"basic-optimaio-cart.myshopify.com","subscriptionId":"gid://shopify/AppSubscription/31125930232","timestamp":"2026-01-22T05:05:47.479Z"}
{"event":"billing.orders.manual.triggered","level":"info","message":"Manual order-based billing triggered","requestId":"bf92294d-701f-46a6-b4c8-a7ea6f0a2c72","timestamp":"2026-01-22T05:06:35.762Z"}
{"event":"billing.orders.scan.started","level":"info","message":"Order-based billing scan started","requestId":"bf92294d-701f-46a6-b4c8-a7ea6f0a2c72","timestamp":"2026-01-22T05:06:35.763Z"}
{"chargeAmount":15,"eligibleTier":"GROW","event":"billing.orders.upgraded","level":"info","message":"Order-based plan upgraded successfully","orderCount":1001,"requestId":"bf92294d-701f-46a6-b4c8-a7ea6f0a2c72","storeId":"basic-optimaio-cart.myshopify.com","timestamp":"2026-01-22T05:06:36.890Z"}
{"event":"billing.orders.scan.completed","level":"info","message":"Order-based billing scan completed","requestId":"bf92294d-701f-46a6-b4c8-a7ea6f0a2c72","timestamp":"2026-01-22T05:06:36.908Z"}
{"event":"billing.orders.manual.triggered","level":"info","message":"Manual order-based billing triggered","requestId":"21ce5c74-d266-4355-8fc3-eee3e9c2e13d","timestamp":"2026-01-22T05:08:05.695Z"}
{"event":"billing.orders.scan.started","level":"info","message":"Order-based billing scan started","requestId":"21ce5c74-d266-4355-8fc3-eee3e9c2e13d","timestamp":"2026-01-22T05:08:05.697Z"}
{"currentTier":"GROW","eligibleTier":"GROW","event":"billing.orders.no_upgrade.higher","level":"info","message":"Store already on equal or higher tier","requestId":"21ce5c74-d266-4355-8fc3-eee3e9c2e13d","storeId":"basic-optimaio-cart.myshopify.com","timestamp":"2026-01-22T05:08:05.897Z"}
{"event":"billing.orders.scan.completed","level":"info","message":"Order-based billing scan completed","requestId":"21ce5c74-d266-4355-8fc3-eee3e9c2e13d","timestamp":"2026-01-22T05:08:05.912Z"}
{"event":"billing.orders.manual.triggered","level":"info","message":"Manual order-based billing triggered","requestId":"f35b4b1a-a0e3-4fd9-9d8e-c3fc59106fc6","timestamp":"2026-01-22T05:09:07.514Z"}
{"event":"billing.orders.scan.started","level":"info","message":"Order-based billing scan started","requestId":"f35b4b1a-a0e3-4fd9-9d8e-c3fc59106fc6","timestamp":"2026-01-22T05:09:07.515Z"}
{"chargeAmount":30,"eligibleTier":"PREMIUM","event":"billing.orders.upgraded","level":"info","message":"Order-based plan upgraded successfully","orderCount":3001,"requestId":"f35b4b1a-a0e3-4fd9-9d8e-c3fc59106fc6","storeId":"basic-optimaio-cart.myshopify.com","timestamp":"2026-01-22T05:09:08.974Z"}
{"event":"billing.orders.scan.completed","level":"info","message":"Order-based billing scan completed","requestId":"f35b4b1a-a0e3-4fd9-9d8e-c3fc59106fc6","timestamp":"2026-01-22T05:09:08.989Z"}
{"event":"billing.orders.manual.triggered","level":"info","message":"Manual order-based billing triggered","requestId":"63828a84-2f3c-437a-893e-39e09d94d948","timestamp":"2026-01-22T05:09:56.069Z"}
{"event":"billing.orders.scan.started","level":"info","message":"Order-based billing scan started","requestId":"63828a84-2f3c-437a-893e-39e09d94d948","timestamp":"2026-01-22T05:09:56.070Z"}
{"chargeAmount":30,"eligibleTier":"ENTERPRISE","event":"billing.orders.upgraded","level":"info","message":"Order-based plan upgraded successfully","orderCount":7001,"requestId":"63828a84-2f3c-437a-893e-39e09d94d948","storeId":"basic-optimaio-cart.myshopify.com","timestamp":"2026-01-22T05:09:57.193Z"}
{"event":"billing.orders.scan.completed","level":"info","message":"Order-based billing scan completed","requestId":"63828a84-2f3c-437a-893e-39e09d94d948","timestamp":"2026-01-22T05:09:57.209Z"}
{"event":"webhook.received","level":"info","message":"Webhook received","requestId":"cbec1744-64ec-5117-80a8-f38a2cfef824","shop":"basic-optimaio-cart.myshopify.com","timestamp":"2026-01-22T05:23:31.971Z","topic":"APP_SUBSCRIPTIONS_UPDATE"}
{"event":"billing.subscription.inactive","level":"info","message":"Subscription not active","requestId":"cbec1744-64ec-5117-80a8-f38a2cfef824","shop":"basic-optimaio-cart.myshopify.com","subscriptionId":"gid://shopify/AppSubscription/31125930232","timestamp":"2026-01-22T05:23:32.704Z"}
{"event":"webhook.received","level":"info","message":"Webhook received","requestId":"ce8e9a7b-455f-5f1e-a80f-df6993197a8d","shop":"basic-optimaio-cart.myshopify.com","timestamp":"2026-01-22T05:23:55.620Z","topic":"APP_SUBSCRIPTIONS_UPDATE"}
{"chargeAmount":14,"cycleEnd":"2026-02-21T05:23:56.296Z","cycleStart":"2026-01-22T05:23:56.296Z","event":"billing.completed","level":"info","message":"Webhook billing completed","requestId":"ce8e9a7b-455f-5f1e-a80f-df6993197a8d","shop":"basic-optimaio-cart.myshopify.com","subscriptionId":"gid://shopify/AppSubscription/31125963000","timestamp":"2026-01-22T05:23:57.593Z"}
{"event":"webhook.received","level":"info","message":"Webhook received","requestId":"4dabba89-e0a2-593f-a80d-e7e2dd9b4ba6","shop":"basic-optimaio-cart.myshopify.com","timestamp":"2026-01-22T05:29:21.398Z","topic":"APP_SUBSCRIPTIONS_UPDATE"}
{"event":"billing.subscription.inactive","level":"info","message":"Subscription not active","requestId":"4dabba89-e0a2-593f-a80d-e7e2dd9b4ba6","shop":"basic-optimaio-cart.myshopify.com","subscriptionId":"gid://shopify/AppSubscription/31125963000","timestamp":"2026-01-22T05:29:22.083Z"}
{"event":"shop.currency.fetch.received","level":"info","message":"Fetch shop currency request received","requestId":"8c1dbdf1-3a97-4aa2-ab23-abd6e9b26079","timestamp":"2026-01-22T05:29:26.358Z"}
{"event":"campaign.metafield.fetch.received","level":"info","message":"Fetch campaign metafield request received","requestId":"da4e53ec-3af8-45a3-b1ce-d9e35f49899d","timestamp":"2026-01-22T05:29:26.371Z"}
{"event":"shop.currency.fetch.start","level":"info","message":"Fetching shop currency from Shopify","requestId":"8c1dbdf1-3a97-4aa2-ab23-abd6e9b26079","shop":"basic-optimaio-cart.myshopify.com","timestamp":"2026-01-22T05:29:26.420Z"}
{"event":"campaign.metafield.fetch.start","key":"campaigns","level":"info","message":"Fetching campaign metafield","namespace":"optimaio_cart","requestId":"da4e53ec-3af8-45a3-b1ce-d9e35f49899d","shop":"basic-optimaio-cart.myshopify.com","timestamp":"2026-01-22T05:29:26.436Z"}
{"currencyCode":"USD","event":"shop.currency.fetch.success","level":"info","message":"Shop currency fetched successfully","requestId":"8c1dbdf1-3a97-4aa2-ab23-abd6e9b26079","shop":"basic-optimaio-cart.myshopify.com","timestamp":"2026-01-22T05:29:26.922Z"}
{"event":"campaign.metafield.fetch.success","key":"campaigns","level":"info","message":"Campaign metafield fetched successfully","namespace":"optimaio_cart","requestId":"da4e53ec-3af8-45a3-b1ce-d9e35f49899d","shop":"basic-optimaio-cart.myshopify.com","timestamp":"2026-01-22T05:29:26.934Z"}
{"event":"shop.currency.fetch.received","level":"info","message":"Fetch shop currency request received","requestId":"8d756601-8cf8-4a51-8a6a-fbc6e4ab60df","timestamp":"2026-01-22T05:29:27.286Z"}
{"event":"shop.currency.fetch.start","level":"info","message":"Fetching shop currency from Shopify","requestId":"8d756601-8cf8-4a51-8a6a-fbc6e4ab60df","shop":"basic-optimaio-cart.myshopify.com","timestamp":"2026-01-22T05:29:27.355Z"}
{"event":"campaign.metafield.fetch.received","level":"info","message":"Fetch campaign metafield request received","requestId":"8de5e857-b634-4ab9-8ce2-a413e6c00b9a","timestamp":"2026-01-22T05:29:27.530Z"}
{"event":"campaign.metafield.fetch.start","key":"campaigns","level":"info","message":"Fetching campaign metafield","namespace":"optimaio_cart","requestId":"8de5e857-b634-4ab9-8ce2-a413e6c00b9a","shop":"basic-optimaio-cart.myshopify.com","timestamp":"2026-01-22T05:29:27.595Z"}
{"currencyCode":"USD","event":"shop.currency.fetch.success","level":"info","message":"Shop currency fetched successfully","requestId":"8d756601-8cf8-4a51-8a6a-fbc6e4ab60df","shop":"basic-optimaio-cart.myshopify.com","timestamp":"2026-01-22T05:29:27.810Z"}
{"event":"campaign.metafield.fetch.success","key":"campaigns","level":"info","message":"Campaign metafield fetched successfully","namespace":"optimaio_cart","requestId":"8de5e857-b634-4ab9-8ce2-a413e6c00b9a","shop":"basic-optimaio-cart.myshopify.com","timestamp":"2026-01-22T05:29:28.138Z"}
{"event":"shop.currency.fetch.received","level":"info","message":"Fetch shop currency request received","requestId":"9c5fb985-d21c-422e-a20d-4d99a0d3ede7","timestamp":"2026-01-22T05:29:42.947Z"}
{"event":"campaign.metafield.fetch.received","level":"info","message":"Fetch campaign metafield request received","requestId":"8b1e01d1-ac82-411c-b444-7104021db6b4","timestamp":"2026-01-22T05:29:42.956Z"}
{"event":"shop.currency.fetch.start","level":"info","message":"Fetching shop currency from Shopify","requestId":"9c5fb985-d21c-422e-a20d-4d99a0d3ede7","shop":"basic-optimaio-cart.myshopify.com","timestamp":"2026-01-22T05:29:43.015Z"}
{"event":"campaign.metafield.fetch.start","key":"campaigns","level":"info","message":"Fetching campaign metafield","namespace":"optimaio_cart","requestId":"8b1e01d1-ac82-411c-b444-7104021db6b4","shop":"basic-optimaio-cart.myshopify.com","timestamp":"2026-01-22T05:29:43.030Z"}
{"currencyCode":"USD","event":"shop.currency.fetch.success","level":"info","message":"Shop currency fetched successfully","requestId":"9c5fb985-d21c-422e-a20d-4d99a0d3ede7","shop":"basic-optimaio-cart.myshopify.com","timestamp":"2026-01-22T05:29:43.699Z"}
{"event":"campaign.metafield.fetch.success","key":"campaigns","level":"info","message":"Campaign metafield fetched successfully","namespace":"optimaio_cart","requestId":"8b1e01d1-ac82-411c-b444-7104021db6b4","shop":"basic-optimaio-cart.myshopify.com","timestamp":"2026-01-22T05:29:43.704Z"}
{"event":"shop.currency.fetch.received","level":"info","message":"Fetch shop currency request received","requestId":"7a0726e4-443b-4a6a-8add-8b8be3ad9912","timestamp":"2026-01-22T05:29:43.937Z"}
{"event":"campaign.metafield.fetch.received","level":"info","message":"Fetch campaign metafield request received","requestId":"2c167960-261d-4b8c-9480-366360d3775d","timestamp":"2026-01-22T05:29:43.947Z"}
{"event":"shop.currency.fetch.start","level":"info","message":"Fetching shop currency from Shopify","requestId":"7a0726e4-443b-4a6a-8add-8b8be3ad9912","shop":"basic-optimaio-cart.myshopify.com","timestamp":"2026-01-22T05:29:43.999Z"}
{"event":"campaign.metafield.fetch.start","key":"campaigns","level":"info","message":"Fetching campaign metafield","namespace":"optimaio_cart","requestId":"2c167960-261d-4b8c-9480-366360d3775d","shop":"basic-optimaio-cart.myshopify.com","timestamp":"2026-01-22T05:29:44.018Z"}
{"currencyCode":"USD","event":"shop.currency.fetch.success","level":"info","message":"Shop currency fetched successfully","requestId":"7a0726e4-443b-4a6a-8add-8b8be3ad9912","shop":"basic-optimaio-cart.myshopify.com","timestamp":"2026-01-22T05:29:44.423Z"}
{"event":"campaign.metafield.fetch.success","key":"campaigns","level":"info","message":"Campaign metafield fetched successfully","namespace":"optimaio_cart","requestId":"2c167960-261d-4b8c-9480-366360d3775d","shop":"basic-optimaio-cart.myshopify.com","timestamp":"2026-01-22T05:29:44.465Z"}
{"event":"billing.orders.cron.triggered","level":"info","message":"Order-based billing cron triggered","requestId":"41732970-0713-4a77-bf10-d29dfc06a854","timestamp":"2026-01-22T05:30:00.109Z"}
{"event":"billing.orders.scan.started","level":"info","message":"Order-based billing scan started","requestId":"41732970-0713-4a77-bf10-d29dfc06a854","timestamp":"2026-01-22T05:30:00.110Z"}
{"event":"orders.flush.cron.triggered","level":"info","message":"Hourly order flush cron triggered","requestId":"d0568eeb-7018-4bec-99bd-6ec314a214f6","timestamp":"2026-01-22T05:30:00.113Z"}
{"event":"orders.flush.scan.started","level":"info","message":"Order flush scan started","requestId":"d0568eeb-7018-4bec-99bd-6ec314a214f6","timestamp":"2026-01-22T05:30:00.114Z"}
{"event":"billing.cron.triggered","level":"info","message":"Store expiry cron triggered","requestId":"dc5b0703-5d27-4d04-a240-65c6b4cc8661","timestamp":"2026-01-22T05:30:00.116Z"}
{"event":"billing.cron.scan.started","level":"info","maxPerRun":10,"message":"Store expiry scan started","requestId":"dc5b0703-5d27-4d04-a240-65c6b4cc8661","timestamp":"2026-01-22T05:30:00.117Z"}
{"event":"billing.orders.cron.triggered","level":"info","message":"Order-based billing cron triggered","requestId":"a98c6205-b2b0-4eac-bcdc-cf8d633ef575","timestamp":"2026-01-22T05:30:00.120Z"}
{"event":"billing.orders.scan.started","level":"info","message":"Order-based billing scan started","requestId":"a98c6205-b2b0-4eac-bcdc-cf8d633ef575","timestamp":"2026-01-22T05:30:00.120Z"}
{"event":"billing.cron.triggered","level":"info","message":"Store expiry cron triggered","requestId":"6616cfe2-9f62-4c39-9564-6a23045dfa40","timestamp":"2026-01-22T05:30:00.123Z"}
{"event":"billing.cron.scan.started","level":"info","maxPerRun":10,"message":"Store expiry scan started","requestId":"6616cfe2-9f62-4c39-9564-6a23045dfa40","timestamp":"2026-01-22T05:30:00.123Z"}
{"event":"orders.flush.queue.empty","level":"info","message":"No order queues found","requestId":"d0568eeb-7018-4bec-99bd-6ec314a214f6","timestamp":"2026-01-22T05:30:00.133Z"}
{"event":"billing.cron.no_expired_store","level":"info","message":"Next billing cycle has not expired yet","nextExpiry":"2026-02-05T06:31:22.283Z","nextShop":"bb-basic-optimaio-cart.myshopify.com","requestId":"dc5b0703-5d27-4d04-a240-65c6b4cc8661","timestamp":"2026-01-22T05:30:00.134Z"}
{"event":"billing.cron.scan.completed","level":"info","message":"Store expiry scan completed","processed":0,"requestId":"dc5b0703-5d27-4d04-a240-65c6b4cc8661","timestamp":"2026-01-22T05:30:00.134Z"}
{"event":"billing.cron.no_expired_store","level":"info","message":"Next billing cycle has not expired yet","nextExpiry":"2026-02-05T06:31:22.283Z","nextShop":"bb-basic-optimaio-cart.myshopify.com","requestId":"6616cfe2-9f62-4c39-9564-6a23045dfa40","timestamp":"2026-01-22T05:30:00.134Z"}
{"event":"billing.cron.scan.completed","level":"info","message":"Store expiry scan completed","processed":0,"requestId":"6616cfe2-9f62-4c39-9564-6a23045dfa40","timestamp":"2026-01-22T05:30:00.135Z"}
{"event":"billing.orders.lock.skipped","level":"info","message":"Order billing lock already held, skipping store","requestId":"41732970-0713-4a77-bf10-d29dfc06a854","storeId":"basic-optimaio-cart.myshopify.com","timestamp":"2026-01-22T05:30:00.313Z"}
{"event":"billing.orders.scan.completed","level":"info","message":"Order-based billing scan completed","requestId":"41732970-0713-4a77-bf10-d29dfc06a854","timestamp":"2026-01-22T05:30:00.314Z"}
{"event":"billing.orders.zero","level":"info","message":"No orders for store, skipping upgrade","requestId":"a98c6205-b2b0-4eac-bcdc-cf8d633ef575","storeId":"basic-optimaio-cart.myshopify.com","timestamp":"2026-01-22T05:30:00.317Z"}
{"event":"billing.orders.scan.completed","level":"info","message":"Order-based billing scan completed","requestId":"a98c6205-b2b0-4eac-bcdc-cf8d633ef575","timestamp":"2026-01-22T05:30:00.331Z"}
{"event":"timer.fetch.received","level":"info","message":"Fetch cart timer request received","requestId":"16add94f-e8e4-4290-a3c2-a5b0878bf0b7","timestamp":"2026-01-22T05:33:16.083Z"}
{"event":"timer.fetch.start","level":"info","message":"Fetching cart timer metafield","requestId":"16add94f-e8e4-4290-a3c2-a5b0878bf0b7","shop":"basic-optimaio-cart.myshopify.com","timestamp":"2026-01-22T05:33:16.153Z"}
{"event":"timer.fetch.success","level":"info","message":"Cart timer fetched successfully","requestId":"16add94f-e8e4-4290-a3c2-a5b0878bf0b7","shop":"basic-optimaio-cart.myshopify.com","timestamp":"2026-01-22T05:33:17.114Z"}
{"event":"timer.fetch.received","level":"info","message":"Fetch cart timer request received","requestId":"5c0f4627-59e2-4c8c-8f80-e91f9360c415","timestamp":"2026-01-22T05:33:17.549Z"}
{"event":"timer.fetch.start","level":"info","message":"Fetching cart timer metafield","requestId":"5c0f4627-59e2-4c8c-8f80-e91f9360c415","shop":"basic-optimaio-cart.myshopify.com","timestamp":"2026-01-22T05:33:17.617Z"}
{"event":"timer.fetch.success","level":"info","message":"Cart timer fetched successfully","requestId":"5c0f4627-59e2-4c8c-8f80-e91f9360c415","shop":"basic-optimaio-cart.myshopify.com","timestamp":"2026-01-22T05:33:18.537Z"}
{"event":"campaign.metafield.fetch.received","level":"info","message":"Fetch campaign metafield request received","requestId":"6cdcad5b-8332-4b5b-b3a1-0a5f05126cfd","timestamp":"2026-01-22T05:55:25.519Z"}
{"event":"shop.currency.fetch.received","level":"info","message":"Fetch shop currency request received","requestId":"3088bc08-fe51-4d43-a381-bb51ce34ab40","timestamp":"2026-01-22T05:55:25.543Z"}
{"event":"campaign.metafield.fetch.start","key":"campaigns","level":"info","message":"Fetching campaign metafield","namespace":"optimaio_cart","requestId":"6cdcad5b-8332-4b5b-b3a1-0a5f05126cfd","shop":"basic-optimaio-cart.myshopify.com","timestamp":"2026-01-22T05:55:25.595Z"}
{"event":"shop.currency.fetch.start","level":"info","message":"Fetching shop currency from Shopify","requestId":"3088bc08-fe51-4d43-a381-bb51ce34ab40","shop":"basic-optimaio-cart.myshopify.com","timestamp":"2026-01-22T05:55:25.615Z"}
{"currencyCode":"USD","event":"shop.currency.fetch.success","level":"info","message":"Shop currency fetched successfully","requestId":"3088bc08-fe51-4d43-a381-bb51ce34ab40","shop":"basic-optimaio-cart.myshopify.com","timestamp":"2026-01-22T05:55:26.264Z"}
{"event":"campaign.metafield.fetch.success","key":"campaigns","level":"info","message":"Campaign metafield fetched successfully","namespace":"optimaio_cart","requestId":"6cdcad5b-8332-4b5b-b3a1-0a5f05126cfd","shop":"basic-optimaio-cart.myshopify.com","timestamp":"2026-01-22T05:55:26.271Z"}
{"event":"campaign.metafield.fetch.received","level":"info","message":"Fetch campaign metafield request received","requestId":"45150611-b476-4694-b039-a168e4c36fec","timestamp":"2026-01-22T05:55:26.588Z"}
{"event":"campaign.metafield.fetch.start","key":"campaigns","level":"info","message":"Fetching campaign metafield","namespace":"optimaio_cart","requestId":"45150611-b476-4694-b039-a168e4c36fec","shop":"basic-optimaio-cart.myshopify.com","timestamp":"2026-01-22T05:55:26.679Z"}
{"event":"shop.currency.fetch.received","level":"info","message":"Fetch shop currency request received","requestId":"d4e0427e-241f-4c7d-9d1a-4136a6c26928","timestamp":"2026-01-22T05:55:26.775Z"}
{"event":"shop.currency.fetch.start","level":"info","message":"Fetching shop currency from Shopify","requestId":"d4e0427e-241f-4c7d-9d1a-4136a6c26928","shop":"basic-optimaio-cart.myshopify.com","timestamp":"2026-01-22T05:55:26.848Z"}
{"event":"campaign.metafield.fetch.success","key":"campaigns","level":"info","message":"Campaign metafield fetched successfully","namespace":"optimaio_cart","requestId":"45150611-b476-4694-b039-a168e4c36fec","shop":"basic-optimaio-cart.myshopify.com","timestamp":"2026-01-22T05:55:27.147Z"}
{"currencyCode":"USD","event":"shop.currency.fetch.success","level":"info","message":"Shop currency fetched successfully","requestId":"d4e0427e-241f-4c7d-9d1a-4136a6c26928","shop":"basic-optimaio-cart.myshopify.com","timestamp":"2026-01-22T05:55:27.247Z"}
{"event":"orders.flush.cron.triggered","level":"info","message":"Hourly order flush cron triggered","requestId":"36cc5fb0-365b-43de-afb3-9c50e59c9575","timestamp":"2026-01-22T06:00:00.052Z"}
{"event":"redis.client.init","host":"redis-16663.crce179.ap-south-1-1.ec2.cloud.redislabs.com","level":"info","message":"Initializing Redis client","port":16663,"requestId":"36cc5fb0-365b-43de-afb3-9c50e59c9575","timestamp":"2026-01-22T06:00:00.054Z"}
{"event":"redis.connect.start","level":"info","message":"Connecting to Redis","requestId":"36cc5fb0-365b-43de-afb3-9c50e59c9575","timestamp":"2026-01-22T06:00:00.059Z"}
{"event":"redis.socket.connected","level":"info","message":"Redis socket connected","requestId":"36cc5fb0-365b-43de-afb3-9c50e59c9575","timestamp":"2026-01-22T06:00:00.288Z"}
{"event":"redis.socket.connected","level":"info","message":"Redis socket connected","requestId":"36cc5fb0-365b-43de-afb3-9c50e59c9575","timestamp":"2026-01-22T06:00:00.289Z"}
{"event":"redis.client.ready","level":"info","message":"Redis client ready","requestId":"36cc5fb0-365b-43de-afb3-9c50e59c9575","timestamp":"2026-01-22T06:00:00.309Z"}
{"event":"redis.client.ready","level":"info","message":"Redis client ready","requestId":"36cc5fb0-365b-43de-afb3-9c50e59c9575","timestamp":"2026-01-22T06:00:00.310Z"}
{"event":"redis.connect.success","level":"info","message":"Redis connection established","requestId":"36cc5fb0-365b-43de-afb3-9c50e59c9575","timestamp":"2026-01-22T06:00:00.311Z"}
{"event":"orders.flush.scan.started","level":"info","message":"Order flush scan started","requestId":"36cc5fb0-365b-43de-afb3-9c50e59c9575","timestamp":"2026-01-22T06:00:00.312Z"}
{"event":"orders.flush.queue.empty","level":"info","message":"No order queues found","requestId":"36cc5fb0-365b-43de-afb3-9c50e59c9575","timestamp":"2026-01-22T06:00:00.327Z"}
{"event":"billing.cron.triggered","level":"info","message":"Store expiry cron triggered","requestId":"7c9f6a86-899f-4c5a-b250-059067067435","timestamp":"2026-01-22T06:30:00.071Z"}
{"event":"billing.cron.scan.started","level":"info","maxPerRun":10,"message":"Store expiry scan started","requestId":"7c9f6a86-899f-4c5a-b250-059067067435","timestamp":"2026-01-22T06:30:00.075Z"}
{"event":"billing.orders.cron.triggered","level":"info","message":"Order-based billing cron triggered","requestId":"2b474bcc-2493-489c-8cc2-d8e8d426cc47","timestamp":"2026-01-22T06:30:00.080Z"}
{"event":"billing.orders.scan.started","level":"info","message":"Order-based billing scan started","requestId":"2b474bcc-2493-489c-8cc2-d8e8d426cc47","timestamp":"2026-01-22T06:30:00.082Z"}
{"event":"orders.flush.cron.triggered","level":"info","message":"Hourly order flush cron triggered","requestId":"69e7e735-5ed0-4f30-8b2f-3ab9e83064a5","timestamp":"2026-01-22T06:30:00.088Z"}
{"event":"orders.flush.scan.started","level":"info","message":"Order flush scan started","requestId":"69e7e735-5ed0-4f30-8b2f-3ab9e83064a5","timestamp":"2026-01-22T06:30:00.088Z"}
{"event":"billing.cron.no_expired_store","level":"info","message":"Next billing cycle has not expired yet","nextExpiry":"2026-02-05T06:31:22.283Z","nextShop":"bb-basic-optimaio-cart.myshopify.com","requestId":"7c9f6a86-899f-4c5a-b250-059067067435","timestamp":"2026-01-22T06:30:00.102Z"}
{"event":"billing.cron.scan.completed","level":"info","message":"Store expiry scan completed","processed":0,"requestId":"7c9f6a86-899f-4c5a-b250-059067067435","timestamp":"2026-01-22T06:30:00.103Z"}
{"event":"orders.flush.queue.empty","level":"info","message":"No order queues found","requestId":"69e7e735-5ed0-4f30-8b2f-3ab9e83064a5","timestamp":"2026-01-22T06:30:00.103Z"}
{"event":"billing.orders.zero","level":"info","message":"No orders for store, skipping upgrade","requestId":"2b474bcc-2493-489c-8cc2-d8e8d426cc47","storeId":"basic-optimaio-cart.myshopify.com","timestamp":"2026-01-22T06:30:00.761Z"}
{"event":"billing.orders.scan.completed","level":"info","message":"Order-based billing scan completed","requestId":"2b474bcc-2493-489c-8cc2-d8e8d426cc47","timestamp":"2026-01-22T06:30:00.784Z"}
{"event":"billing.orders.cron.triggered","level":"info","message":"Order-based billing cron triggered","requestId":"cbe39624-8f72-47a7-b277-d9ca2c6a9615","timestamp":"2026-01-22T07:30:00.111Z"}
{"event":"redis.client.init","host":"redis-16663.crce179.ap-south-1-1.ec2.cloud.redislabs.com","level":"info","message":"Initializing Redis client","port":16663,"requestId":"cbe39624-8f72-47a7-b277-d9ca2c6a9615","timestamp":"2026-01-22T07:30:00.124Z"}
{"event":"redis.connect.start","level":"info","message":"Connecting to Redis","requestId":"cbe39624-8f72-47a7-b277-d9ca2c6a9615","timestamp":"2026-01-22T07:30:00.129Z"}
{"event":"orders.flush.cron.triggered","level":"info","message":"Hourly order flush cron triggered","requestId":"4d5d8e8d-331b-43b7-8237-0f95c35f3a54","timestamp":"2026-01-22T07:30:00.137Z"}
{"event":"orders.flush.scan.started","level":"info","message":"Order flush scan started","requestId":"4d5d8e8d-331b-43b7-8237-0f95c35f3a54","timestamp":"2026-01-22T07:30:00.139Z"}
{"event":"billing.cron.triggered","level":"info","message":"Store expiry cron triggered","requestId":"9fbed442-eae0-4b51-af65-324d0573cba4","timestamp":"2026-01-22T07:30:00.143Z"}
{"event":"billing.cron.scan.started","level":"info","maxPerRun":10,"message":"Store expiry scan started","requestId":"9fbed442-eae0-4b51-af65-324d0573cba4","timestamp":"2026-01-22T07:30:00.145Z"}
{"event":"redis.socket.connected","level":"info","message":"Redis socket connected","requestId":"cbe39624-8f72-47a7-b277-d9ca2c6a9615","timestamp":"2026-01-22T07:30:00.218Z"}
{"event":"redis.socket.connected","level":"info","message":"Redis socket connected","requestId":"cbe39624-8f72-47a7-b277-d9ca2c6a9615","timestamp":"2026-01-22T07:30:00.218Z"}
{"event":"orders.flush.queue.empty","level":"info","message":"No order queues found","requestId":"4d5d8e8d-331b-43b7-8237-0f95c35f3a54","timestamp":"2026-01-22T07:30:00.238Z"}
{"event":"billing.cron.no_expired_store","level":"info","message":"Next billing cycle has not expired yet","nextExpiry":"2026-02-05T06:31:22.283Z","nextShop":"bb-basic-optimaio-cart.myshopify.com","requestId":"9fbed442-eae0-4b51-af65-324d0573cba4","timestamp":"2026-01-22T07:30:00.239Z"}
{"event":"billing.cron.scan.completed","level":"info","message":"Store expiry scan completed","processed":0,"requestId":"9fbed442-eae0-4b51-af65-324d0573cba4","timestamp":"2026-01-22T07:30:00.239Z"}
{"event":"redis.client.ready","level":"info","message":"Redis client ready","requestId":"cbe39624-8f72-47a7-b277-d9ca2c6a9615","timestamp":"2026-01-22T07:30:00.240Z"}
{"event":"redis.client.ready","level":"info","message":"Redis client ready","requestId":"cbe39624-8f72-47a7-b277-d9ca2c6a9615","timestamp":"2026-01-22T07:30:00.240Z"}
{"event":"redis.connect.success","level":"info","message":"Redis connection established","requestId":"cbe39624-8f72-47a7-b277-d9ca2c6a9615","timestamp":"2026-01-22T07:30:00.243Z"}
{"event":"billing.orders.scan.started","level":"info","message":"Order-based billing scan started","requestId":"cbe39624-8f72-47a7-b277-d9ca2c6a9615","timestamp":"2026-01-22T07:30:00.244Z"}
{"event":"billing.orders.zero","level":"info","message":"No orders for store, skipping upgrade","requestId":"cbe39624-8f72-47a7-b277-d9ca2c6a9615","storeId":"basic-optimaio-cart.myshopify.com","timestamp":"2026-01-22T07:30:00.974Z"}
{"event":"billing.orders.scan.completed","level":"info","message":"Order-based billing scan completed","requestId":"cbe39624-8f72-47a7-b277-d9ca2c6a9615","timestamp":"2026-01-22T07:30:00.998Z"}
{"event":"orders.flush.cron.triggered","level":"info","message":"Hourly order flush cron triggered","requestId":"deb8c71b-709c-4de2-83df-d70371ec6572","timestamp":"2026-01-22T08:00:00.040Z"}
{"event":"orders.flush.scan.started","level":"info","message":"Order flush scan started","requestId":"deb8c71b-709c-4de2-83df-d70371ec6572","timestamp":"2026-01-22T08:00:00.044Z"}
{"event":"orders.flush.queue.empty","level":"info","message":"No order queues found","requestId":"deb8c71b-709c-4de2-83df-d70371ec6572","timestamp":"2026-01-22T08:00:00.056Z"}
{"event":"billing.cron.triggered","level":"info","message":"Store expiry cron triggered","requestId":"ccdd85d0-adae-498b-8324-7070fd059624","timestamp":"2026-01-22T10:30:00.045Z"}
{"event":"redis.client.init","host":"redis-16663.crce179.ap-south-1-1.ec2.cloud.redislabs.com","level":"info","message":"Initializing Redis client","port":16663,"requestId":"ccdd85d0-adae-498b-8324-7070fd059624","timestamp":"2026-01-22T10:30:00.049Z"}
{"event":"redis.connect.start","level":"info","message":"Connecting to Redis","requestId":"ccdd85d0-adae-498b-8324-7070fd059624","timestamp":"2026-01-22T10:30:00.053Z"}
{"event":"billing.orders.cron.triggered","level":"info","message":"Order-based billing cron triggered","requestId":"a304a25b-1d87-4549-9117-38a042d1727b","timestamp":"2026-01-22T10:30:00.057Z"}
{"event":"billing.orders.scan.started","level":"info","message":"Order-based billing scan started","requestId":"a304a25b-1d87-4549-9117-38a042d1727b","timestamp":"2026-01-22T10:30:00.058Z"}
{"event":"orders.flush.cron.triggered","level":"info","message":"Hourly order flush cron triggered","requestId":"a1080495-702d-4b51-9eea-0fa0f064e850","timestamp":"2026-01-22T10:30:00.064Z"}
{"event":"orders.flush.scan.started","level":"info","message":"Order flush scan started","requestId":"a1080495-702d-4b51-9eea-0fa0f064e850","timestamp":"2026-01-22T10:30:00.065Z"}
{"event":"redis.socket.connected","level":"info","message":"Redis socket connected","requestId":"ccdd85d0-adae-498b-8324-7070fd059624","timestamp":"2026-01-22T10:30:00.119Z"}
{"event":"redis.socket.connected","level":"info","message":"Redis socket connected","requestId":"ccdd85d0-adae-498b-8324-7070fd059624","timestamp":"2026-01-22T10:30:00.119Z"}
{"event":"orders.flush.queue.empty","level":"info","message":"No order queues found","requestId":"a1080495-702d-4b51-9eea-0fa0f064e850","timestamp":"2026-01-22T10:30:00.135Z"}
{"event":"redis.client.ready","level":"info","message":"Redis client ready","requestId":"ccdd85d0-adae-498b-8324-7070fd059624","timestamp":"2026-01-22T10:30:00.136Z"}
{"event":"redis.client.ready","level":"info","message":"Redis client ready","requestId":"ccdd85d0-adae-498b-8324-7070fd059624","timestamp":"2026-01-22T10:30:00.137Z"}
{"event":"redis.connect.success","level":"info","message":"Redis connection established","requestId":"ccdd85d0-adae-498b-8324-7070fd059624","timestamp":"2026-01-22T10:30:00.138Z"}
{"event":"billing.cron.scan.started","level":"info","maxPerRun":10,"message":"Store expiry scan started","requestId":"ccdd85d0-adae-498b-8324-7070fd059624","timestamp":"2026-01-22T10:30:00.139Z"}
{"event":"billing.cron.no_expired_store","level":"info","message":"Next billing cycle has not expired yet","nextExpiry":"2026-02-05T06:31:22.283Z","nextShop":"bb-basic-optimaio-cart.myshopify.com","requestId":"ccdd85d0-adae-498b-8324-7070fd059624","timestamp":"2026-01-22T10:30:00.150Z"}
{"event":"billing.cron.scan.completed","level":"info","message":"Store expiry scan completed","processed":0,"requestId":"ccdd85d0-adae-498b-8324-7070fd059624","timestamp":"2026-01-22T10:30:00.151Z"}
{"error":"\nInvalid `prisma.storeUsage.findMany()` invocation:\n\n\nCan't reach database server at `pg-13870f55-optimaio-4026.e.aivencloud.com:23667`\n\nPlease make sure your database server is running at `pg-13870f55-optimaio-4026.e.aivencloud.com:23667`.","event":"billing.orders.failed","level":"error","message":"Order-based billing failed","requestId":"a304a25b-1d87-4549-9117-38a042d1727b","stack":"PrismaClientKnownRequestError: \nInvalid `prisma.storeUsage.findMany()` invocation:\n\n\nCan't reach database server at `pg-13870f55-optimaio-4026.e.aivencloud.com:23667`\n\nPlease make sure your database server is running at `pg-13870f55-optimaio-4026.e.aivencloud.com:23667`.\n    at zn.handleRequestError (C:\\Users\\win 10\\Downloads\\optimaio-cart\\node_modules\\@prisma\\client\\runtime\\library.js:121:7459)\n    at zn.handleAndLogRequestError (C:\\Users\\win 10\\Downloads\\optimaio-cart\\node_modules\\@prisma\\client\\runtime\\library.js:121:6784)\n    at zn.request (C:\\Users\\win 10\\Downloads\\optimaio-cart\\node_modules\\@prisma\\client\\runtime\\library.js:121:6491)\n    at l (C:\\Users\\win 10\\Downloads\\optimaio-cart\\node_modules\\@prisma\\client\\runtime\\library.js:130:9778)\n    at orderBasedBilling (eval at runInlinedModule (file:///C:/Users/win%2010/Downloads/optimaio-cart/node_modules/vite/dist/node/module-runner.js:1062:11), <anonymous>:45:24)\n    at eval (eval at runInlinedModule (file:///C:/Users/win%2010/Downloads/optimaio-cart/node_modules/vite/dist/node/module-runner.js:1062:11), <anonymous>:233:5)\n    at eval (eval at runInlinedModule (file:///C:/Users/win%2010/Downloads/optimaio-cart/node_modules/vite/dist/node/module-runner.js:1062:11), <anonymous>:229:3)\n    at Timeout._onTimeout (C:\\Users\\win 10\\Downloads\\optimaio-cart\\node_modules\\node-cron\\src\\scheduler\\runner.ts:100:30)","timestamp":"2026-01-22T10:30:05.093Z"}
{"event":"billing.orders.scan.completed","level":"info","message":"Order-based billing scan completed","requestId":"a304a25b-1d87-4549-9117-38a042d1727b","timestamp":"2026-01-22T10:30:05.094Z"}
{"event":"orders.flush.cron.triggered","level":"info","message":"Hourly order flush cron triggered","requestId":"91071282-edf8-41c1-b1eb-dec3530ffbd6","timestamp":"2026-01-22T11:00:00.049Z"}
{"event":"orders.flush.scan.started","level":"info","message":"Order flush scan started","requestId":"91071282-edf8-41c1-b1eb-dec3530ffbd6","timestamp":"2026-01-22T11:00:00.053Z"}
{"event":"orders.flush.queue.empty","level":"info","message":"No order queues found","requestId":"91071282-edf8-41c1-b1eb-dec3530ffbd6","timestamp":"2026-01-22T11:00:00.065Z"}
{"event":"billing.cron.triggered","level":"info","message":"Store expiry cron triggered","requestId":"cd110231-29a0-48a9-9f86-ddac39573494","timestamp":"2026-01-22T11:30:00.085Z"}
{"event":"redis.client.init","host":"redis-16663.crce179.ap-south-1-1.ec2.cloud.redislabs.com","level":"info","message":"Initializing Redis client","port":16663,"requestId":"cd110231-29a0-48a9-9f86-ddac39573494","timestamp":"2026-01-22T11:30:00.097Z"}
{"event":"redis.connect.start","level":"info","message":"Connecting to Redis","requestId":"cd110231-29a0-48a9-9f86-ddac39573494","timestamp":"2026-01-22T11:30:00.101Z"}
{"event":"billing.orders.cron.triggered","level":"info","message":"Order-based billing cron triggered","requestId":"41289c6a-1202-4bb6-a698-ab5c4cfb4da5","timestamp":"2026-01-22T11:30:00.108Z"}
{"event":"billing.orders.scan.started","level":"info","message":"Order-based billing scan started","requestId":"41289c6a-1202-4bb6-a698-ab5c4cfb4da5","timestamp":"2026-01-22T11:30:00.110Z"}
{"event":"orders.flush.cron.triggered","level":"info","message":"Hourly order flush cron triggered","requestId":"a06891be-7211-4232-b837-fa4241ea1da2","timestamp":"2026-01-22T11:30:00.124Z"}
{"event":"orders.flush.scan.started","level":"info","message":"Order flush scan started","requestId":"a06891be-7211-4232-b837-fa4241ea1da2","timestamp":"2026-01-22T11:30:00.126Z"}
{"event":"redis.socket.connected","level":"info","message":"Redis socket connected","requestId":"cd110231-29a0-48a9-9f86-ddac39573494","timestamp":"2026-01-22T11:30:00.149Z"}
{"event":"redis.socket.connected","level":"info","message":"Redis socket connected","requestId":"cd110231-29a0-48a9-9f86-ddac39573494","timestamp":"2026-01-22T11:30:00.149Z"}
{"event":"orders.flush.queue.empty","level":"info","message":"No order queues found","requestId":"a06891be-7211-4232-b837-fa4241ea1da2","timestamp":"2026-01-22T11:30:00.167Z"}
{"event":"redis.client.ready","level":"info","message":"Redis client ready","requestId":"cd110231-29a0-48a9-9f86-ddac39573494","timestamp":"2026-01-22T11:30:00.169Z"}
{"event":"redis.client.ready","level":"info","message":"Redis client ready","requestId":"cd110231-29a0-48a9-9f86-ddac39573494","timestamp":"2026-01-22T11:30:00.169Z"}
{"event":"redis.connect.success","level":"info","message":"Redis connection established","requestId":"cd110231-29a0-48a9-9f86-ddac39573494","timestamp":"2026-01-22T11:30:00.172Z"}
{"event":"billing.cron.scan.started","level":"info","maxPerRun":10,"message":"Store expiry scan started","requestId":"cd110231-29a0-48a9-9f86-ddac39573494","timestamp":"2026-01-22T11:30:00.173Z"}
{"event":"billing.cron.no_expired_store","level":"info","message":"Next billing cycle has not expired yet","nextExpiry":"2026-02-05T06:31:22.283Z","nextShop":"bb-basic-optimaio-cart.myshopify.com","requestId":"cd110231-29a0-48a9-9f86-ddac39573494","timestamp":"2026-01-22T11:30:00.184Z"}
{"event":"billing.cron.scan.completed","level":"info","message":"Store expiry scan completed","processed":0,"requestId":"cd110231-29a0-48a9-9f86-ddac39573494","timestamp":"2026-01-22T11:30:00.185Z"}
{"event":"billing.orders.zero","level":"info","message":"No orders for store, skipping upgrade","requestId":"41289c6a-1202-4bb6-a698-ab5c4cfb4da5","storeId":"basic-optimaio-cart.myshopify.com","timestamp":"2026-01-22T11:30:01.034Z"}
{"event":"billing.orders.scan.completed","level":"info","message":"Order-based billing scan completed","requestId":"41289c6a-1202-4bb6-a698-ab5c4cfb4da5","timestamp":"2026-01-22T11:30:01.058Z"}
{"event":"shop.currency.fetch.received","level":"info","message":"Fetch shop currency request received","requestId":"930aa1f2-c7d3-4f14-992d-8a65f87f38ca","timestamp":"2026-01-22T11:32:24.698Z"}
{"event":"campaign.metafield.fetch.received","level":"info","message":"Fetch campaign metafield request received","requestId":"7730dc4e-bc20-40c0-a5dc-023acdc3bcf1","timestamp":"2026-01-22T11:32:24.735Z"}
{"event":"shop.currency.fetch.start","level":"info","message":"Fetching shop currency from Shopify","requestId":"930aa1f2-c7d3-4f14-992d-8a65f87f38ca","shop":"basic-optimaio-cart.myshopify.com","timestamp":"2026-01-22T11:32:24.837Z"}
{"event":"campaign.metafield.fetch.start","key":"campaigns","level":"info","message":"Fetching campaign metafield","namespace":"optimaio_cart","requestId":"7730dc4e-bc20-40c0-a5dc-023acdc3bcf1","shop":"basic-optimaio-cart.myshopify.com","timestamp":"2026-01-22T11:32:25.352Z"}
{"currencyCode":"USD","event":"shop.currency.fetch.success","level":"info","message":"Shop currency fetched successfully","requestId":"930aa1f2-c7d3-4f14-992d-8a65f87f38ca","shop":"basic-optimaio-cart.myshopify.com","timestamp":"2026-01-22T11:32:25.818Z"}
{"event":"campaign.metafield.fetch.success","key":"campaigns","level":"info","message":"Campaign metafield fetched successfully","namespace":"optimaio_cart","requestId":"7730dc4e-bc20-40c0-a5dc-023acdc3bcf1","shop":"basic-optimaio-cart.myshopify.com","timestamp":"2026-01-22T11:32:25.910Z"}
{"event":"shop.currency.fetch.received","level":"info","message":"Fetch shop currency request received","requestId":"599a9805-09eb-4d76-8d19-4362382b64fb","timestamp":"2026-01-22T11:32:26.138Z"}
{"event":"campaign.metafield.fetch.received","level":"info","message":"Fetch campaign metafield request received","requestId":"bd69dfd3-1d5c-4677-9384-a04f54747452","timestamp":"2026-01-22T11:32:26.198Z"}
{"event":"shop.currency.fetch.start","level":"info","message":"Fetching shop currency from Shopify","requestId":"599a9805-09eb-4d76-8d19-4362382b64fb","shop":"basic-optimaio-cart.myshopify.com","timestamp":"2026-01-22T11:32:26.204Z"}
{"event":"campaign.metafield.fetch.start","key":"campaigns","level":"info","message":"Fetching campaign metafield","namespace":"optimaio_cart","requestId":"bd69dfd3-1d5c-4677-9384-a04f54747452","shop":"basic-optimaio-cart.myshopify.com","timestamp":"2026-01-22T11:32:26.266Z"}
{"currencyCode":"USD","event":"shop.currency.fetch.success","level":"info","message":"Shop currency fetched successfully","requestId":"599a9805-09eb-4d76-8d19-4362382b64fb","shop":"basic-optimaio-cart.myshopify.com","timestamp":"2026-01-22T11:32:26.611Z"}
{"event":"campaign.metafield.fetch.success","key":"campaigns","level":"info","message":"Campaign metafield fetched successfully","namespace":"optimaio_cart","requestId":"bd69dfd3-1d5c-4677-9384-a04f54747452","shop":"basic-optimaio-cart.myshopify.com","timestamp":"2026-01-22T11:32:26.704Z"}
{"event":"campaign.save.received","level":"info","message":"Campaign save request received","requestId":"cc9b125a-c8b4-4420-9168-a32f9c7b884d","timestamp":"2026-01-22T11:33:07.269Z"}
{"campaignId":"cmp_1768555151520_89025","event":"campaign.incoming","level":"debug","message":"Incoming campaign payload","requestId":"cc9b125a-c8b4-4420-9168-a32f9c7b884d","timestamp":"2026-01-22T11:33:08.540Z"}
{"event":"metafield.set.called","key":"campaigns","level":"debug","message":"setMetafield called","ownerId":"gid://shopify/Shop/79578988792","requestId":"cc9b125a-c8b4-4420-9168-a32f9c7b884d","timestamp":"2026-01-22T11:33:08.542Z"}
{"event":"metafield.save.success","key":"campaigns","level":"info","message":"Metafield saved successfully","metafieldId":"gid://shopify/Metafield/36542892015864","ownerId":"gid://shopify/Shop/79578988792","requestId":"cc9b125a-c8b4-4420-9168-a32f9c7b884d","timestamp":"2026-01-22T11:33:09.056Z"}
{"discountNodeId":"gid://shopify/DiscountAutomaticNode/1450902388984","event":"bxgy.discount.node.found","level":"info","message":"BXGY discount node resolved","requestId":"cc9b125a-c8b4-4420-9168-a32f9c7b884d","timestamp":"2026-01-22T11:33:09.563Z"}
{"event":"metafield.set.called","key":"bxgy_top_collection","level":"debug","message":"setMetafield called","ownerId":"gid://shopify/DiscountAutomaticNode/1450902388984","requestId":"cc9b125a-c8b4-4420-9168-a32f9c7b884d","timestamp":"2026-01-22T11:33:09.565Z"}
{"event":"metafield.save.success","key":"bxgy_top_collection","level":"info","message":"Metafield saved successfully","metafieldId":"gid://shopify/Metafield/37199908405496","ownerId":"gid://shopify/DiscountAutomaticNode/1450902388984","requestId":"cc9b125a-c8b4-4420-9168-a32f9c7b884d","timestamp":"2026-01-22T11:33:10.087Z"}
{"campaignId":"cmp_1768555151520_89025","event":"campaign.save.success","level":"info","message":"Campaign saved successfully","requestId":"cc9b125a-c8b4-4420-9168-a32f9c7b884d","timestamp":"2026-01-22T11:33:10.088Z"}
{"event":"campaigns.webhook.received","level":"info","message":"Webhook received","requestId":"00b9402d-641d-5973-b2a0-a42aadf815df","shop":"basic-optimaio-cart.myshopify.com","timestamp":"2026-01-22T11:33:10.974Z","topic":"SHOP_UPDATE"}
{"campaignsCount":0,"event":"campaigns.redis.updated","level":"info","message":"Campaigns updated in Redis","requestId":"00b9402d-641d-5973-b2a0-a42aadf815df","shop":"basic-optimaio-cart.myshopify.com","timestamp":"2026-01-22T11:33:11.644Z"}
{"event":"orders.flush.cron.triggered","level":"info","message":"Hourly order flush cron triggered","requestId":"1dc4d450-3675-483a-90b6-f7d78e009a66","timestamp":"2026-01-22T12:00:00.142Z"}
{"event":"redis.client.init","host":"redis-16663.crce179.ap-south-1-1.ec2.cloud.redislabs.com","level":"info","message":"Initializing Redis client","port":16663,"requestId":"1dc4d450-3675-483a-90b6-f7d78e009a66","timestamp":"2026-01-22T12:00:00.149Z"}
{"event":"redis.connect.start","level":"info","message":"Connecting to Redis","requestId":"1dc4d450-3675-483a-90b6-f7d78e009a66","timestamp":"2026-01-22T12:00:00.152Z"}
{"event":"redis.socket.connected","level":"info","message":"Redis socket connected","requestId":"1dc4d450-3675-483a-90b6-f7d78e009a66","timestamp":"2026-01-22T12:00:07.583Z"}
{"event":"redis.socket.connected","level":"info","message":"Redis socket connected","requestId":"1dc4d450-3675-483a-90b6-f7d78e009a66","timestamp":"2026-01-22T12:00:07.583Z"}
{"event":"redis.client.ready","level":"info","message":"Redis client ready","requestId":"1dc4d450-3675-483a-90b6-f7d78e009a66","timestamp":"2026-01-22T12:00:09.547Z"}
{"event":"redis.client.ready","level":"info","message":"Redis client ready","requestId":"1dc4d450-3675-483a-90b6-f7d78e009a66","timestamp":"2026-01-22T12:00:09.548Z"}
{"event":"redis.connect.success","level":"info","message":"Redis connection established","requestId":"1dc4d450-3675-483a-90b6-f7d78e009a66","timestamp":"2026-01-22T12:00:09.549Z"}
{"event":"orders.flush.scan.started","level":"info","message":"Order flush scan started","requestId":"1dc4d450-3675-483a-90b6-f7d78e009a66","timestamp":"2026-01-22T12:00:09.551Z"}
{"event":"orders.flush.queue.empty","level":"info","message":"No order queues found","requestId":"1dc4d450-3675-483a-90b6-f7d78e009a66","timestamp":"2026-01-22T12:00:11.848Z"}
{"event":"campaign.metafield.fetch.received","level":"info","message":"Fetch campaign metafield request received","requestId":"cd2d7a9e-585f-4731-9ed6-9ec3a2ded0d2","timestamp":"2026-01-22T12:20:06.187Z"}
{"event":"shop.currency.fetch.received","level":"info","message":"Fetch shop currency request received","requestId":"a558da24-4454-42a6-8779-31ac9368073d","timestamp":"2026-01-22T12:20:06.218Z"}
{"event":"campaign.metafield.fetch.start","key":"campaigns","level":"info","message":"Fetching campaign metafield","namespace":"optimaio_cart","requestId":"cd2d7a9e-585f-4731-9ed6-9ec3a2ded0d2","shop":"basic-optimaio-cart.myshopify.com","timestamp":"2026-01-22T12:20:06.269Z"}
{"event":"shop.currency.fetch.start","level":"info","message":"Fetching shop currency from Shopify","requestId":"a558da24-4454-42a6-8779-31ac9368073d","shop":"basic-optimaio-cart.myshopify.com","timestamp":"2026-01-22T12:20:06.477Z"}
{"currencyCode":"USD","event":"shop.currency.fetch.success","level":"info","message":"Shop currency fetched successfully","requestId":"a558da24-4454-42a6-8779-31ac9368073d","shop":"basic-optimaio-cart.myshopify.com","timestamp":"2026-01-22T12:20:07.497Z"}
{"event":"campaign.metafield.fetch.success","key":"campaigns","level":"info","message":"Campaign metafield fetched successfully","namespace":"optimaio_cart","requestId":"cd2d7a9e-585f-4731-9ed6-9ec3a2ded0d2","shop":"basic-optimaio-cart.myshopify.com","timestamp":"2026-01-22T12:20:07.518Z"}
{"event":"shop.currency.fetch.received","level":"info","message":"Fetch shop currency request received","requestId":"60260238-d870-4eb0-a997-0e3faa69e7d6","timestamp":"2026-01-22T12:20:07.872Z"}
{"event":"campaign.metafield.fetch.received","level":"info","message":"Fetch campaign metafield request received","requestId":"a3c6c72f-d442-42eb-9363-ca864d6e5c70","timestamp":"2026-01-22T12:20:07.909Z"}
{"event":"shop.currency.fetch.start","level":"info","message":"Fetching shop currency from Shopify","requestId":"60260238-d870-4eb0-a997-0e3faa69e7d6","shop":"basic-optimaio-cart.myshopify.com","timestamp":"2026-01-22T12:20:07.937Z"}
{"event":"campaign.metafield.fetch.start","key":"campaigns","level":"info","message":"Fetching campaign metafield","namespace":"optimaio_cart","requestId":"a3c6c72f-d442-42eb-9363-ca864d6e5c70","shop":"basic-optimaio-cart.myshopify.com","timestamp":"2026-01-22T12:20:07.975Z"}
{"event":"campaign.metafield.fetch.success","key":"campaigns","level":"info","message":"Campaign metafield fetched successfully","namespace":"optimaio_cart","requestId":"a3c6c72f-d442-42eb-9363-ca864d6e5c70","shop":"basic-optimaio-cart.myshopify.com","timestamp":"2026-01-22T12:20:08.383Z"}
{"currencyCode":"USD","event":"shop.currency.fetch.success","level":"info","message":"Shop currency fetched successfully","requestId":"60260238-d870-4eb0-a997-0e3faa69e7d6","shop":"basic-optimaio-cart.myshopify.com","timestamp":"2026-01-22T12:20:08.395Z"}
{"event":"campaign.metafield.fetch.received","level":"info","message":"Fetch campaign metafield request received","requestId":"14b5235b-3464-4146-b529-f1820b648bf2","timestamp":"2026-01-22T12:29:19.912Z"}
{"event":"shop.currency.fetch.received","level":"info","message":"Fetch shop currency request received","requestId":"4cf8d5bb-dec3-4cfb-91e6-106bbb980c0e","timestamp":"2026-01-22T12:29:19.934Z"}
{"event":"campaign.metafield.fetch.start","key":"campaigns","level":"info","message":"Fetching campaign metafield","namespace":"optimaio_cart","requestId":"14b5235b-3464-4146-b529-f1820b648bf2","shop":"basic-optimaio-cart.myshopify.com","timestamp":"2026-01-22T12:29:19.984Z"}
{"event":"shop.currency.fetch.start","level":"info","message":"Fetching shop currency from Shopify","requestId":"4cf8d5bb-dec3-4cfb-91e6-106bbb980c0e","shop":"basic-optimaio-cart.myshopify.com","timestamp":"2026-01-22T12:29:20.002Z"}
{"event":"campaign.metafield.fetch.success","key":"campaigns","level":"info","message":"Campaign metafield fetched successfully","namespace":"optimaio_cart","requestId":"14b5235b-3464-4146-b529-f1820b648bf2","shop":"basic-optimaio-cart.myshopify.com","timestamp":"2026-01-22T12:29:20.417Z"}
{"currencyCode":"USD","event":"shop.currency.fetch.success","level":"info","message":"Shop currency fetched successfully","requestId":"4cf8d5bb-dec3-4cfb-91e6-106bbb980c0e","shop":"basic-optimaio-cart.myshopify.com","timestamp":"2026-01-22T12:29:20.532Z"}
{"event":"campaign.metafield.fetch.received","level":"info","message":"Fetch campaign metafield request received","requestId":"abee1547-f55c-40e6-85ad-c07f8686f401","timestamp":"2026-01-22T12:29:20.825Z"}
{"event":"shop.currency.fetch.received","level":"info","message":"Fetch shop currency request received","requestId":"11794898-b358-4f36-8c05-32d7a654b828","timestamp":"2026-01-22T12:29:20.857Z"}
{"event":"campaign.metafield.fetch.start","key":"campaigns","level":"info","message":"Fetching campaign metafield","namespace":"optimaio_cart","requestId":"abee1547-f55c-40e6-85ad-c07f8686f401","shop":"basic-optimaio-cart.myshopify.com","timestamp":"2026-01-22T12:29:20.898Z"}
{"event":"shop.currency.fetch.start","level":"info","message":"Fetching shop currency from Shopify","requestId":"11794898-b358-4f36-8c05-32d7a654b828","shop":"basic-optimaio-cart.myshopify.com","timestamp":"2026-01-22T12:29:20.930Z"}
{"currencyCode":"USD","event":"shop.currency.fetch.success","level":"info","message":"Shop currency fetched successfully","requestId":"11794898-b358-4f36-8c05-32d7a654b828","shop":"basic-optimaio-cart.myshopify.com","timestamp":"2026-01-22T12:29:21.326Z"}
{"event":"campaign.metafield.fetch.success","key":"campaigns","level":"info","message":"Campaign metafield fetched successfully","namespace":"optimaio_cart","requestId":"abee1547-f55c-40e6-85ad-c07f8686f401","shop":"basic-optimaio-cart.myshopify.com","timestamp":"2026-01-22T12:29:21.364Z"}
{"event":"billing.cron.triggered","level":"info","message":"Store expiry cron triggered","requestId":"454c5846-1e6b-4b1e-a52a-1aa8503fe285","timestamp":"2026-01-22T12:30:00.061Z"}
{"event":"redis.client.init","host":"redis-16663.crce179.ap-south-1-1.ec2.cloud.redislabs.com","level":"info","message":"Initializing Redis client","port":16663,"requestId":"454c5846-1e6b-4b1e-a52a-1aa8503fe285","timestamp":"2026-01-22T12:30:00.062Z"}
{"event":"redis.connect.start","level":"info","message":"Connecting to Redis","requestId":"454c5846-1e6b-4b1e-a52a-1aa8503fe285","timestamp":"2026-01-22T12:30:00.064Z"}
{"event":"billing.orders.cron.triggered","level":"info","message":"Order-based billing cron triggered","requestId":"095bc554-1714-42a1-9a2c-8d1e9ec343f5","timestamp":"2026-01-22T12:30:00.068Z"}
{"event":"billing.orders.scan.started","level":"info","message":"Order-based billing scan started","requestId":"095bc554-1714-42a1-9a2c-8d1e9ec343f5","timestamp":"2026-01-22T12:30:00.069Z"}
{"event":"orders.flush.cron.triggered","level":"info","message":"Hourly order flush cron triggered","requestId":"0df875a0-a774-4924-8ef8-547262ba33b3","timestamp":"2026-01-22T12:30:00.074Z"}
{"event":"orders.flush.scan.started","level":"info","message":"Order flush scan started","requestId":"0df875a0-a774-4924-8ef8-547262ba33b3","timestamp":"2026-01-22T12:30:00.075Z"}
{"event":"redis.socket.connected","level":"info","message":"Redis socket connected","requestId":"454c5846-1e6b-4b1e-a52a-1aa8503fe285","timestamp":"2026-01-22T12:30:00.094Z"}
{"event":"redis.socket.connected","level":"info","message":"Redis socket connected","requestId":"454c5846-1e6b-4b1e-a52a-1aa8503fe285","timestamp":"2026-01-22T12:30:00.095Z"}
{"event":"orders.flush.queue.empty","level":"info","message":"No order queues found","requestId":"0df875a0-a774-4924-8ef8-547262ba33b3","timestamp":"2026-01-22T12:30:00.113Z"}
{"event":"redis.client.ready","level":"info","message":"Redis client ready","requestId":"454c5846-1e6b-4b1e-a52a-1aa8503fe285","timestamp":"2026-01-22T12:30:00.114Z"}
{"event":"redis.client.ready","level":"info","message":"Redis client ready","requestId":"454c5846-1e6b-4b1e-a52a-1aa8503fe285","timestamp":"2026-01-22T12:30:00.114Z"}
{"event":"redis.connect.success","level":"info","message":"Redis connection established","requestId":"454c5846-1e6b-4b1e-a52a-1aa8503fe285","timestamp":"2026-01-22T12:30:00.116Z"}
{"event":"billing.cron.scan.started","level":"info","maxPerRun":10,"message":"Store expiry scan started","requestId":"454c5846-1e6b-4b1e-a52a-1aa8503fe285","timestamp":"2026-01-22T12:30:00.117Z"}
{"event":"billing.cron.no_expired_store","level":"info","message":"Next billing cycle has not expired yet","nextExpiry":"2026-02-05T06:31:22.283Z","nextShop":"bb-basic-optimaio-cart.myshopify.com","requestId":"454c5846-1e6b-4b1e-a52a-1aa8503fe285","timestamp":"2026-01-22T12:30:00.129Z"}
{"event":"billing.cron.scan.completed","level":"info","message":"Store expiry scan completed","processed":0,"requestId":"454c5846-1e6b-4b1e-a52a-1aa8503fe285","timestamp":"2026-01-22T12:30:00.129Z"}
{"event":"billing.orders.zero","level":"info","message":"No orders for store, skipping upgrade","requestId":"095bc554-1714-42a1-9a2c-8d1e9ec343f5","storeId":"basic-optimaio-cart.myshopify.com","timestamp":"2026-01-22T12:30:00.279Z"}
{"event":"billing.orders.scan.completed","level":"info","message":"Order-based billing scan completed","requestId":"095bc554-1714-42a1-9a2c-8d1e9ec343f5","timestamp":"2026-01-22T12:30:00.300Z"}
{"event":"campaign.metafield.fetch.received","level":"info","message":"Fetch campaign metafield request received","requestId":"53a10078-9512-42cf-93a8-6c0ef3ca3ff1","timestamp":"2026-01-22T12:36:56.415Z"}
{"event":"shop.currency.fetch.received","level":"info","message":"Fetch shop currency request received","requestId":"557e3e20-8006-4606-8079-17a2cb5d8258","timestamp":"2026-01-22T12:36:56.435Z"}
{"event":"campaign.metafield.fetch.start","key":"campaigns","level":"info","message":"Fetching campaign metafield","namespace":"optimaio_cart","requestId":"53a10078-9512-42cf-93a8-6c0ef3ca3ff1","shop":"basic-optimaio-cart.myshopify.com","timestamp":"2026-01-22T12:36:56.481Z"}
{"event":"campaign.metafield.fetch.success","key":"campaigns","level":"info","message":"Campaign metafield fetched successfully","namespace":"optimaio_cart","requestId":"53a10078-9512-42cf-93a8-6c0ef3ca3ff1","shop":"basic-optimaio-cart.myshopify.com","timestamp":"2026-01-22T12:36:57.028Z"}
{"event":"shop.currency.fetch.start","level":"info","message":"Fetching shop currency from Shopify","requestId":"557e3e20-8006-4606-8079-17a2cb5d8258","shop":"basic-optimaio-cart.myshopify.com","timestamp":"2026-01-22T12:36:57.044Z"}
{"currencyCode":"USD","event":"shop.currency.fetch.success","level":"info","message":"Shop currency fetched successfully","requestId":"557e3e20-8006-4606-8079-17a2cb5d8258","shop":"basic-optimaio-cart.myshopify.com","timestamp":"2026-01-22T12:36:57.486Z"}
{"event":"shop.currency.fetch.received","level":"info","message":"Fetch shop currency request received","requestId":"b7c378cd-a8d6-4e6a-af27-b43ee17ffa12","timestamp":"2026-01-22T12:52:26.846Z"}
{"event":"campaign.metafield.fetch.received","level":"info","message":"Fetch campaign metafield request received","requestId":"434b735e-18fc-4af0-a40b-6c115caf1bb7","timestamp":"2026-01-22T12:52:26.853Z"}
{"event":"shop.currency.fetch.start","level":"info","message":"Fetching shop currency from Shopify","requestId":"b7c378cd-a8d6-4e6a-af27-b43ee17ffa12","shop":"basic-optimaio-cart.myshopify.com","timestamp":"2026-01-22T12:52:26.908Z"}
{"currencyCode":"USD","event":"shop.currency.fetch.success","level":"info","message":"Shop currency fetched successfully","requestId":"b7c378cd-a8d6-4e6a-af27-b43ee17ffa12","shop":"basic-optimaio-cart.myshopify.com","timestamp":"2026-01-22T12:52:27.497Z"}
{"event":"campaign.metafield.fetch.start","key":"campaigns","level":"info","message":"Fetching campaign metafield","namespace":"optimaio_cart","requestId":"434b735e-18fc-4af0-a40b-6c115caf1bb7","shop":"basic-optimaio-cart.myshopify.com","timestamp":"2026-01-22T12:52:27.514Z"}
{"event":"shop.currency.fetch.received","level":"info","message":"Fetch shop currency request received","requestId":"00a9f3d4-e675-45ce-9921-b9f97e51be25","timestamp":"2026-01-22T12:52:27.828Z"}
{"event":"shop.currency.fetch.start","level":"info","message":"Fetching shop currency from Shopify","requestId":"00a9f3d4-e675-45ce-9921-b9f97e51be25","shop":"basic-optimaio-cart.myshopify.com","timestamp":"2026-01-22T12:52:27.897Z"}
{"event":"campaign.metafield.fetch.success","key":"campaigns","level":"info","message":"Campaign metafield fetched successfully","namespace":"optimaio_cart","requestId":"434b735e-18fc-4af0-a40b-6c115caf1bb7","shop":"basic-optimaio-cart.myshopify.com","timestamp":"2026-01-22T12:52:27.990Z"}
{"event":"campaign.metafield.fetch.received","level":"info","message":"Fetch campaign metafield request received","requestId":"9b007cf1-8605-493b-b919-99636e11eaa1","timestamp":"2026-01-22T12:52:28.399Z"}
{"event":"campaign.metafield.fetch.start","key":"campaigns","level":"info","message":"Fetching campaign metafield","namespace":"optimaio_cart","requestId":"9b007cf1-8605-493b-b919-99636e11eaa1","shop":"basic-optimaio-cart.myshopify.com","timestamp":"2026-01-22T12:52:28.478Z"}
{"currencyCode":"USD","event":"shop.currency.fetch.success","level":"info","message":"Shop currency fetched successfully","requestId":"00a9f3d4-e675-45ce-9921-b9f97e51be25","shop":"basic-optimaio-cart.myshopify.com","timestamp":"2026-01-22T12:52:28.499Z"}
{"event":"campaign.metafield.fetch.success","key":"campaigns","level":"info","message":"Campaign metafield fetched successfully","namespace":"optimaio_cart","requestId":"9b007cf1-8605-493b-b919-99636e11eaa1","shop":"basic-optimaio-cart.myshopify.com","timestamp":"2026-01-22T12:52:28.946Z"}
{"event":"campaign.save.received","level":"info","message":"Campaign save request received","requestId":"5f1ddbf7-ba11-434e-8abe-fb16cb9368bf","timestamp":"2026-01-22T12:58:13.820Z"}
{"campaignId":"cmp_1768555151520_89025","event":"campaign.incoming","level":"debug","message":"Incoming campaign payload","requestId":"5f1ddbf7-ba11-434e-8abe-fb16cb9368bf","timestamp":"2026-01-22T12:58:15.107Z"}
{"event":"metafield.set.called","key":"campaigns","level":"debug","message":"setMetafield called","ownerId":"gid://shopify/Shop/79578988792","requestId":"5f1ddbf7-ba11-434e-8abe-fb16cb9368bf","timestamp":"2026-01-22T12:58:15.109Z"}
{"event":"metafield.save.success","key":"campaigns","level":"info","message":"Metafield saved successfully","metafieldId":"gid://shopify/Metafield/36542892015864","ownerId":"gid://shopify/Shop/79578988792","requestId":"5f1ddbf7-ba11-434e-8abe-fb16cb9368bf","timestamp":"2026-01-22T12:58:15.616Z"}
{"discountNodeId":"gid://shopify/DiscountAutomaticNode/1450902388984","event":"bxgy.discount.node.found","level":"info","message":"BXGY discount node resolved","requestId":"5f1ddbf7-ba11-434e-8abe-fb16cb9368bf","timestamp":"2026-01-22T12:58:16.393Z"}
{"event":"metafield.set.called","key":"bxgy_top_collection","level":"debug","message":"setMetafield called","ownerId":"gid://shopify/DiscountAutomaticNode/1450902388984","requestId":"5f1ddbf7-ba11-434e-8abe-fb16cb9368bf","timestamp":"2026-01-22T12:58:16.394Z"}
{"event":"metafield.save.success","key":"bxgy_top_collection","level":"info","message":"Metafield saved successfully","metafieldId":"gid://shopify/Metafield/37199908405496","ownerId":"gid://shopify/DiscountAutomaticNode/1450902388984","requestId":"5f1ddbf7-ba11-434e-8abe-fb16cb9368bf","timestamp":"2026-01-22T12:58:16.901Z"}
{"campaignId":"cmp_1768555151520_89025","event":"campaign.save.success","level":"info","message":"Campaign saved successfully","requestId":"5f1ddbf7-ba11-434e-8abe-fb16cb9368bf","timestamp":"2026-01-22T12:58:16.901Z"}
{"event":"campaigns.webhook.received","level":"info","message":"Webhook received","requestId":"27132e1d-3639-5c4e-87b8-9a9d44d9a8bd","shop":"basic-optimaio-cart.myshopify.com","timestamp":"2026-01-22T12:58:17.419Z","topic":"SHOP_UPDATE"}
{"campaignsCount":0,"event":"campaigns.redis.updated","level":"info","message":"Campaigns updated in Redis","requestId":"27132e1d-3639-5c4e-87b8-9a9d44d9a8bd","shop":"basic-optimaio-cart.myshopify.com","timestamp":"2026-01-22T12:58:18.080Z"}
