{"event":"timer.fetch.received","level":"info","message":"Fetch cart timer request received","requestId":"aafd5b0d-b2b4-4ab3-8454-a40cb02cc52a","timestamp":"2026-01-19T04:24:02.951Z"}
{"event":"timer.fetch.start","level":"info","message":"Fetching cart timer metafield","requestId":"aafd5b0d-b2b4-4ab3-8454-a40cb02cc52a","shop":"basic-optimaio-cart.myshopify.com","timestamp":"2026-01-19T04:24:03.034Z"}
{"event":"timer.fetch.empty","level":"info","message":"Cart timer metafield not set","requestId":"aafd5b0d-b2b4-4ab3-8454-a40cb02cc52a","shop":"basic-optimaio-cart.myshopify.com","timestamp":"2026-01-19T04:24:03.980Z"}
{"event":"timer.fetch.received","level":"info","message":"Fetch cart timer request received","requestId":"8b24983e-a28c-4e44-a80e-b14e56039082","timestamp":"2026-01-19T04:24:04.379Z"}
{"event":"timer.fetch.start","level":"info","message":"Fetching cart timer metafield","requestId":"8b24983e-a28c-4e44-a80e-b14e56039082","shop":"basic-optimaio-cart.myshopify.com","timestamp":"2026-01-19T04:24:04.441Z"}
{"event":"timer.fetch.empty","level":"info","message":"Cart timer metafield not set","requestId":"8b24983e-a28c-4e44-a80e-b14e56039082","shop":"basic-optimaio-cart.myshopify.com","timestamp":"2026-01-19T04:24:05.405Z"}
{"event":"timer.fetch.received","level":"info","message":"Fetch cart timer request received","requestId":"2e52e35a-b131-42d3-80e6-eb32371310f8","timestamp":"2026-01-19T04:25:21.248Z"}
{"event":"timer.fetch.start","level":"info","message":"Fetching cart timer metafield","requestId":"2e52e35a-b131-42d3-80e6-eb32371310f8","shop":"basic-optimaio-cart.myshopify.com","timestamp":"2026-01-19T04:25:21.322Z"}
{"event":"timer.fetch.empty","level":"info","message":"Cart timer metafield not set","requestId":"2e52e35a-b131-42d3-80e6-eb32371310f8","shop":"basic-optimaio-cart.myshopify.com","timestamp":"2026-01-19T04:25:22.179Z"}
{"event":"timer.fetch.received","level":"info","message":"Fetch cart timer request received","requestId":"08321013-ac65-4760-ac7f-378d0eee6165","timestamp":"2026-01-19T04:25:23.221Z"}
{"event":"timer.fetch.start","level":"info","message":"Fetching cart timer metafield","requestId":"08321013-ac65-4760-ac7f-378d0eee6165","shop":"basic-optimaio-cart.myshopify.com","timestamp":"2026-01-19T04:25:23.289Z"}
{"event":"timer.fetch.empty","level":"info","message":"Cart timer metafield not set","requestId":"08321013-ac65-4760-ac7f-378d0eee6165","shop":"basic-optimaio-cart.myshopify.com","timestamp":"2026-01-19T04:25:24.259Z"}
{"event":"campaign.metafield.fetch.received","level":"info","message":"Fetch campaign metafield request received","requestId":"84f271a1-d8ea-485d-878c-dcc57f51d5ae","timestamp":"2026-01-19T04:25:47.850Z"}
{"event":"shop.currency.fetch.received","level":"info","message":"Fetch shop currency request received","requestId":"d5968cb1-9fe3-4080-a967-d0929af35ad5","timestamp":"2026-01-19T04:25:47.863Z"}
{"event":"campaign.metafield.fetch.start","key":"campaigns","level":"info","message":"Fetching campaign metafield","namespace":"optimaio_cart","requestId":"84f271a1-d8ea-485d-878c-dcc57f51d5ae","shop":"basic-optimaio-cart.myshopify.com","timestamp":"2026-01-19T04:25:47.915Z"}
{"event":"campaign.metafield.fetch.success","key":"campaigns","level":"info","message":"Campaign metafield fetched successfully","namespace":"optimaio_cart","requestId":"84f271a1-d8ea-485d-878c-dcc57f51d5ae","shop":"basic-optimaio-cart.myshopify.com","timestamp":"2026-01-19T04:25:48.421Z"}
{"event":"shop.currency.fetch.start","level":"info","message":"Fetching shop currency from Shopify","requestId":"d5968cb1-9fe3-4080-a967-d0929af35ad5","shop":"basic-optimaio-cart.myshopify.com","timestamp":"2026-01-19T04:25:48.488Z"}
{"event":"campaign.metafield.fetch.received","level":"info","message":"Fetch campaign metafield request received","requestId":"642785ef-a8b6-40f7-8fd6-76b4ca2fb134","timestamp":"2026-01-19T04:25:48.855Z"}
{"currencyCode":"USD","event":"shop.currency.fetch.success","level":"info","message":"Shop currency fetched successfully","requestId":"d5968cb1-9fe3-4080-a967-d0929af35ad5","shop":"basic-optimaio-cart.myshopify.com","timestamp":"2026-01-19T04:25:48.912Z"}
{"event":"campaign.metafield.fetch.start","key":"campaigns","level":"info","message":"Fetching campaign metafield","namespace":"optimaio_cart","requestId":"642785ef-a8b6-40f7-8fd6-76b4ca2fb134","shop":"basic-optimaio-cart.myshopify.com","timestamp":"2026-01-19T04:25:48.922Z"}
{"event":"shop.currency.fetch.received","level":"info","message":"Fetch shop currency request received","requestId":"ade54bab-c8a0-4886-b81f-fc333263d678","timestamp":"2026-01-19T04:25:49.189Z"}
{"event":"shop.currency.fetch.start","level":"info","message":"Fetching shop currency from Shopify","requestId":"ade54bab-c8a0-4886-b81f-fc333263d678","shop":"basic-optimaio-cart.myshopify.com","timestamp":"2026-01-19T04:25:49.254Z"}
{"event":"campaign.metafield.fetch.success","key":"campaigns","level":"info","message":"Campaign metafield fetched successfully","namespace":"optimaio_cart","requestId":"642785ef-a8b6-40f7-8fd6-76b4ca2fb134","shop":"basic-optimaio-cart.myshopify.com","timestamp":"2026-01-19T04:25:49.347Z"}
{"currencyCode":"USD","event":"shop.currency.fetch.success","level":"info","message":"Shop currency fetched successfully","requestId":"ade54bab-c8a0-4886-b81f-fc333263d678","shop":"basic-optimaio-cart.myshopify.com","timestamp":"2026-01-19T04:25:49.772Z"}
{"event":"timer.fetch.received","level":"info","message":"Fetch cart timer request received","requestId":"50834a3d-8307-40ef-bc1f-e5c9c7b414e3","timestamp":"2026-01-19T04:26:33.660Z"}
{"event":"timer.fetch.start","level":"info","message":"Fetching cart timer metafield","requestId":"50834a3d-8307-40ef-bc1f-e5c9c7b414e3","shop":"basic-optimaio-cart.myshopify.com","timestamp":"2026-01-19T04:26:33.739Z"}
{"event":"timer.fetch.empty","level":"info","message":"Cart timer metafield not set","requestId":"50834a3d-8307-40ef-bc1f-e5c9c7b414e3","shop":"basic-optimaio-cart.myshopify.com","timestamp":"2026-01-19T04:26:34.814Z"}
{"event":"timer.fetch.received","level":"info","message":"Fetch cart timer request received","requestId":"eb8b0de4-0c6f-41ad-bb38-d4f568bbf24f","timestamp":"2026-01-19T04:26:35.320Z"}
{"event":"timer.fetch.start","level":"info","message":"Fetching cart timer metafield","requestId":"eb8b0de4-0c6f-41ad-bb38-d4f568bbf24f","shop":"basic-optimaio-cart.myshopify.com","timestamp":"2026-01-19T04:26:35.399Z"}
{"event":"timer.fetch.empty","level":"info","message":"Cart timer metafield not set","requestId":"eb8b0de4-0c6f-41ad-bb38-d4f568bbf24f","shop":"basic-optimaio-cart.myshopify.com","timestamp":"2026-01-19T04:26:36.321Z"}
{"event":"timer.fetch.received","level":"info","message":"Fetch cart timer request received","requestId":"d5f0cf3f-5424-4302-9ee0-672ffb69142f","timestamp":"2026-01-19T04:27:45.353Z"}
{"event":"timer.fetch.start","level":"info","message":"Fetching cart timer metafield","requestId":"d5f0cf3f-5424-4302-9ee0-672ffb69142f","shop":"basic-optimaio-cart.myshopify.com","timestamp":"2026-01-19T04:27:45.415Z"}
{"event":"timer.fetch.empty","level":"info","message":"Cart timer metafield not set","requestId":"d5f0cf3f-5424-4302-9ee0-672ffb69142f","shop":"basic-optimaio-cart.myshopify.com","timestamp":"2026-01-19T04:27:46.314Z"}
{"event":"timer.fetch.received","level":"info","message":"Fetch cart timer request received","requestId":"bea30984-e05a-4b2d-b297-9a4a47775706","timestamp":"2026-01-19T04:27:46.767Z"}
{"event":"timer.fetch.start","level":"info","message":"Fetching cart timer metafield","requestId":"bea30984-e05a-4b2d-b297-9a4a47775706","shop":"basic-optimaio-cart.myshopify.com","timestamp":"2026-01-19T04:27:46.833Z"}
{"event":"timer.fetch.empty","level":"info","message":"Cart timer metafield not set","requestId":"bea30984-e05a-4b2d-b297-9a4a47775706","shop":"basic-optimaio-cart.myshopify.com","timestamp":"2026-01-19T04:27:47.709Z"}
{"event":"billing.cron.triggered","level":"info","message":"Store expiry cron triggered","requestId":"a8de953a-cf6e-4d26-93a6-c584805cbaf4","timestamp":"2026-01-19T04:30:00.038Z"}
{"event":"redis.client.init","host":"redis-16663.crce179.ap-south-1-1.ec2.cloud.redislabs.com","level":"info","message":"Initializing Redis client","port":16663,"requestId":"a8de953a-cf6e-4d26-93a6-c584805cbaf4","timestamp":"2026-01-19T04:30:00.039Z"}
{"event":"redis.connect.start","level":"info","message":"Connecting to Redis","requestId":"a8de953a-cf6e-4d26-93a6-c584805cbaf4","timestamp":"2026-01-19T04:30:00.041Z"}
{"event":"orders.flush.cron.triggered","level":"info","message":"Hourly order flush cron triggered","requestId":"43540c74-5195-4a2d-8cd6-b9efdcbb5c37","timestamp":"2026-01-19T04:30:00.043Z"}
{"event":"orders.flush.scan.started","level":"info","message":"Order flush scan started","requestId":"43540c74-5195-4a2d-8cd6-b9efdcbb5c37","timestamp":"2026-01-19T04:30:00.043Z"}
{"event":"billing.orders.cron.triggered","level":"info","message":"Order-based billing cron triggered","requestId":"c513cf5e-2e9b-42c4-925a-540e4c435607","timestamp":"2026-01-19T04:30:00.044Z"}
{"event":"billing.orders.scan.started","level":"info","message":"Order-based billing scan started","requestId":"c513cf5e-2e9b-42c4-925a-540e4c435607","timestamp":"2026-01-19T04:30:00.045Z"}
{"event":"redis.socket.connected","level":"info","message":"Redis socket connected","requestId":"a8de953a-cf6e-4d26-93a6-c584805cbaf4","timestamp":"2026-01-19T04:30:00.404Z"}
{"event":"redis.socket.connected","level":"info","message":"Redis socket connected","requestId":"a8de953a-cf6e-4d26-93a6-c584805cbaf4","timestamp":"2026-01-19T04:30:00.405Z"}
{"event":"redis.client.ready","level":"info","message":"Redis client ready","requestId":"a8de953a-cf6e-4d26-93a6-c584805cbaf4","timestamp":"2026-01-19T04:30:00.432Z"}
{"event":"redis.client.ready","level":"info","message":"Redis client ready","requestId":"a8de953a-cf6e-4d26-93a6-c584805cbaf4","timestamp":"2026-01-19T04:30:00.433Z"}
{"event":"redis.connect.success","level":"info","message":"Redis connection established","requestId":"a8de953a-cf6e-4d26-93a6-c584805cbaf4","timestamp":"2026-01-19T04:30:00.434Z"}
{"event":"billing.cron.scan.started","level":"info","maxPerRun":10,"message":"Store expiry scan started","requestId":"a8de953a-cf6e-4d26-93a6-c584805cbaf4","timestamp":"2026-01-19T04:30:00.435Z"}
{"event":"orders.flush.queue.empty","level":"info","message":"No order queues found","requestId":"43540c74-5195-4a2d-8cd6-b9efdcbb5c37","timestamp":"2026-01-19T04:30:00.439Z"}
{"event":"billing.cron.no_expired_store","level":"info","message":"Next billing cycle has not expired yet","nextExpiry":"2026-02-05T06:31:22.283Z","nextShop":"bb-basic-optimaio-cart.myshopify.com","requestId":"a8de953a-cf6e-4d26-93a6-c584805cbaf4","timestamp":"2026-01-19T04:30:00.453Z"}
{"event":"billing.cron.scan.completed","level":"info","message":"Store expiry scan completed","processed":0,"requestId":"a8de953a-cf6e-4d26-93a6-c584805cbaf4","timestamp":"2026-01-19T04:30:00.454Z"}
{"currentTier":"GROW","eligibleTier":"GROW","event":"billing.orders.no_upgrade.higher","level":"info","message":"Store already on equal or higher tier","requestId":"c513cf5e-2e9b-42c4-925a-540e4c435607","storeId":"basic-optimaio-cart.myshopify.com","timestamp":"2026-01-19T04:30:00.455Z"}
{"event":"billing.orders.scan.completed","level":"info","message":"Order-based billing scan completed","requestId":"c513cf5e-2e9b-42c4-925a-540e4c435607","timestamp":"2026-01-19T04:30:00.481Z"}
{"event":"bxgy.discount.create.start","level":"info","message":"Creating BXGY automatic discount","shop":"basic-optimaio-cart.myshopify.com","timestamp":"2026-01-19T04:44:42.603Z"}
{"event":"bxgy.discount.create.success","level":"info","message":"BXGY discount created successfully","shop":"basic-optimaio-cart.myshopify.com","timestamp":"2026-01-19T04:44:43.188Z"}
{"discountNodeId":"gid://shopify/DiscountAutomaticNode/1450228580600","event":"bxgy.discount.exists","level":"info","message":"BXGY discount already exists","shop":"basic-optimaio-cart.myshopify.com","timestamp":"2026-01-19T04:54:09.460Z"}
{"event":"bxgy.discount.create.start","level":"info","message":"Creating BXGY automatic discount","shop":"basic-optimaio-cart.myshopify.com","timestamp":"2026-01-19T04:58:20.621Z"}
{"event":"bxgy.discount.create.success","level":"info","message":"BXGY discount created successfully","shop":"basic-optimaio-cart.myshopify.com","timestamp":"2026-01-19T04:58:21.167Z"}
{"event":"tiered.discount.create.start","level":"info","message":"Creating tiered automatic discount","shop":"basic-optimaio-cart.myshopify.com","timestamp":"2026-01-19T04:58:21.655Z"}
{"discount":{"appDiscountType":{"functionId":"019b459d-72be-74d3-80a5-e79d4dbe0361"},"discountId":"gid://shopify/DiscountAutomaticNode/1450229825784","status":"ACTIVE","title":"Optimaio Automatic Tier Discount"},"event":"tiered.discount.create.success","level":"info","message":"Tiered automatic discount created successfully","shop":"basic-optimaio-cart.myshopify.com","timestamp":"2026-01-19T04:58:22.205Z"}
{"event":"orders.flush.cron.triggered","level":"info","message":"Hourly order flush cron triggered","requestId":"48925853-e2ac-4825-8940-ef257273fe42","timestamp":"2026-01-19T05:00:00.053Z"}
{"event":"redis.client.init","host":"redis-16663.crce179.ap-south-1-1.ec2.cloud.redislabs.com","level":"info","message":"Initializing Redis client","port":16663,"requestId":"48925853-e2ac-4825-8940-ef257273fe42","timestamp":"2026-01-19T05:00:00.055Z"}
{"event":"redis.connect.start","level":"info","message":"Connecting to Redis","requestId":"48925853-e2ac-4825-8940-ef257273fe42","timestamp":"2026-01-19T05:00:00.058Z"}
{"event":"redis.socket.connected","level":"info","message":"Redis socket connected","requestId":"48925853-e2ac-4825-8940-ef257273fe42","timestamp":"2026-01-19T05:00:00.298Z"}
{"event":"redis.socket.connected","level":"info","message":"Redis socket connected","requestId":"48925853-e2ac-4825-8940-ef257273fe42","timestamp":"2026-01-19T05:00:00.299Z"}
{"event":"redis.client.ready","level":"info","message":"Redis client ready","requestId":"48925853-e2ac-4825-8940-ef257273fe42","timestamp":"2026-01-19T05:00:00.318Z"}
{"event":"redis.client.ready","level":"info","message":"Redis client ready","requestId":"48925853-e2ac-4825-8940-ef257273fe42","timestamp":"2026-01-19T05:00:00.319Z"}
{"event":"redis.connect.success","level":"info","message":"Redis connection established","requestId":"48925853-e2ac-4825-8940-ef257273fe42","timestamp":"2026-01-19T05:00:00.320Z"}
{"event":"orders.flush.scan.started","level":"info","message":"Order flush scan started","requestId":"48925853-e2ac-4825-8940-ef257273fe42","timestamp":"2026-01-19T05:00:00.320Z"}
{"event":"orders.flush.queue.empty","level":"info","message":"No order queues found","requestId":"48925853-e2ac-4825-8940-ef257273fe42","timestamp":"2026-01-19T05:00:00.334Z"}
{"event":"bxgy.discount.create.start","level":"info","message":"Creating BXGY automatic discount","shop":"basic-optimaio-cart.myshopify.com","timestamp":"2026-01-19T05:10:32.551Z"}
{"discountId":"gid://shopify/DiscountAutomaticNode/1450230579448","event":"bxgy.discount.create.success","level":"info","message":"BXGY discount created successfully","shop":"basic-optimaio-cart.myshopify.com","timestamp":"2026-01-19T05:10:33.195Z"}
{"event":"tiered.discount.create.start","level":"info","message":"Creating tiered automatic discount","shop":"basic-optimaio-cart.myshopify.com","timestamp":"2026-01-19T05:10:33.662Z"}
{"discountId":"gid://shopify/DiscountAutomaticNode/1450230612216","event":"tiered.discount.create.success","level":"info","message":"Tiered automatic discount created successfully","shop":"basic-optimaio-cart.myshopify.com","timestamp":"2026-01-19T05:10:34.420Z"}
{"event":"bxgy.discount.create.start","level":"info","message":"Creating BXGY automatic discount","shop":"basic-optimaio-cart.myshopify.com","timestamp":"2026-01-19T05:44:01.898Z"}
{"discountId":"gid://shopify/DiscountAutomaticNode/1450234609912","event":"bxgy.discount.create.success","level":"info","message":"BXGY discount created successfully","shop":"basic-optimaio-cart.myshopify.com","timestamp":"2026-01-19T05:44:02.492Z"}
{"event":"tiered.discount.create.start","level":"info","message":"Creating tiered automatic discount","shop":"basic-optimaio-cart.myshopify.com","timestamp":"2026-01-19T05:44:02.987Z"}
{"discountId":"gid://shopify/DiscountAutomaticNode/1450234642680","event":"tiered.discount.create.success","level":"info","message":"Tiered automatic discount created successfully","shop":"basic-optimaio-cart.myshopify.com","timestamp":"2026-01-19T05:44:03.595Z"}
{"event":"timer.fetch.received","level":"info","message":"Fetch cart timer request received","requestId":"1f33094d-910a-475e-b5f6-ef784963a641","timestamp":"2026-01-19T05:44:14.683Z"}
{"event":"timer.fetch.start","level":"info","message":"Fetching cart timer metafield","requestId":"1f33094d-910a-475e-b5f6-ef784963a641","shop":"basic-optimaio-cart.myshopify.com","timestamp":"2026-01-19T05:44:14.757Z"}
{"event":"timer.fetch.empty","level":"info","message":"Cart timer metafield not set","requestId":"1f33094d-910a-475e-b5f6-ef784963a641","shop":"basic-optimaio-cart.myshopify.com","timestamp":"2026-01-19T05:44:16.199Z"}
{"event":"timer.fetch.received","level":"info","message":"Fetch cart timer request received","requestId":"8ff2fd80-477d-4be7-8be3-7c3807d6e4bf","timestamp":"2026-01-19T05:44:17.105Z"}
{"event":"timer.fetch.start","level":"info","message":"Fetching cart timer metafield","requestId":"8ff2fd80-477d-4be7-8be3-7c3807d6e4bf","shop":"basic-optimaio-cart.myshopify.com","timestamp":"2026-01-19T05:44:17.181Z"}
{"event":"timer.fetch.empty","level":"info","message":"Cart timer metafield not set","requestId":"8ff2fd80-477d-4be7-8be3-7c3807d6e4bf","shop":"basic-optimaio-cart.myshopify.com","timestamp":"2026-01-19T05:44:18.057Z"}
{"event":"orders.flush.cron.triggered","level":"info","message":"Hourly order flush cron triggered","requestId":"8cb86717-c41f-451b-b1ef-0723cdfa7441","timestamp":"2026-01-19T06:00:00.054Z"}
{"event":"redis.client.init","host":"redis-16663.crce179.ap-south-1-1.ec2.cloud.redislabs.com","level":"info","message":"Initializing Redis client","port":16663,"requestId":"8cb86717-c41f-451b-b1ef-0723cdfa7441","timestamp":"2026-01-19T06:00:00.060Z"}
{"event":"redis.connect.start","level":"info","message":"Connecting to Redis","requestId":"8cb86717-c41f-451b-b1ef-0723cdfa7441","timestamp":"2026-01-19T06:00:00.064Z"}
{"event":"redis.socket.connected","level":"info","message":"Redis socket connected","requestId":"8cb86717-c41f-451b-b1ef-0723cdfa7441","timestamp":"2026-01-19T06:00:00.303Z"}
{"event":"redis.socket.connected","level":"info","message":"Redis socket connected","requestId":"8cb86717-c41f-451b-b1ef-0723cdfa7441","timestamp":"2026-01-19T06:00:00.304Z"}
{"event":"redis.client.ready","level":"info","message":"Redis client ready","requestId":"8cb86717-c41f-451b-b1ef-0723cdfa7441","timestamp":"2026-01-19T06:00:00.323Z"}
{"event":"redis.client.ready","level":"info","message":"Redis client ready","requestId":"8cb86717-c41f-451b-b1ef-0723cdfa7441","timestamp":"2026-01-19T06:00:00.324Z"}
{"event":"redis.connect.success","level":"info","message":"Redis connection established","requestId":"8cb86717-c41f-451b-b1ef-0723cdfa7441","timestamp":"2026-01-19T06:00:00.325Z"}
{"event":"orders.flush.scan.started","level":"info","message":"Order flush scan started","requestId":"8cb86717-c41f-451b-b1ef-0723cdfa7441","timestamp":"2026-01-19T06:00:00.325Z"}
{"event":"orders.flush.queue.empty","level":"info","message":"No order queues found","requestId":"8cb86717-c41f-451b-b1ef-0723cdfa7441","timestamp":"2026-01-19T06:00:00.346Z"}
{"event":"cart.settings.save.received","level":"info","message":"Save cart settings request received","requestId":"52230ab6-b293-4bd4-be93-340b4078db5c","timestamp":"2026-01-19T06:02:31.436Z"}
{"event":"cart.settings.save.start","level":"info","message":"Saving merged cart settings","requestId":"52230ab6-b293-4bd4-be93-340b4078db5c","shop":"basic-optimaio-cart.myshopify.com","theme":"theme1","themeChanged":false,"timestamp":"2026-01-19T06:02:33.721Z"}
{"event":"cart.settings.save.success","level":"info","message":"Cart settings metafield saved","metafieldId":"gid://shopify/Metafield/37109577744632","requestId":"52230ab6-b293-4bd4-be93-340b4078db5c","shopId":"gid://shopify/Shop/79578988792","timestamp":"2026-01-19T06:02:34.294Z"}
{"event":"cart.settings.save.completed","level":"info","message":"Cart settings saved successfully","requestId":"52230ab6-b293-4bd4-be93-340b4078db5c","shop":"basic-optimaio-cart.myshopify.com","timestamp":"2026-01-19T06:02:34.296Z"}
{"event":"timer.fetch.received","level":"info","message":"Fetch cart timer request received","requestId":"3f86bd7b-3c0f-48c3-a678-9e9e9f5eb4a2","timestamp":"2026-01-19T06:02:38.944Z"}
{"event":"timer.fetch.start","level":"info","message":"Fetching cart timer metafield","requestId":"3f86bd7b-3c0f-48c3-a678-9e9e9f5eb4a2","shop":"basic-optimaio-cart.myshopify.com","timestamp":"2026-01-19T06:02:39.142Z"}
{"event":"timer.fetch.empty","level":"info","message":"Cart timer metafield not set","requestId":"3f86bd7b-3c0f-48c3-a678-9e9e9f5eb4a2","shop":"basic-optimaio-cart.myshopify.com","timestamp":"2026-01-19T06:02:40.271Z"}
{"event":"timer.fetch.received","level":"info","message":"Fetch cart timer request received","requestId":"300bce0f-b150-4644-b430-45ed32115323","timestamp":"2026-01-19T06:02:40.734Z"}
{"event":"timer.fetch.start","level":"info","message":"Fetching cart timer metafield","requestId":"300bce0f-b150-4644-b430-45ed32115323","shop":"basic-optimaio-cart.myshopify.com","timestamp":"2026-01-19T06:02:40.909Z"}
{"event":"timer.fetch.empty","level":"info","message":"Cart timer metafield not set","requestId":"300bce0f-b150-4644-b430-45ed32115323","shop":"basic-optimaio-cart.myshopify.com","timestamp":"2026-01-19T06:02:41.714Z"}
{"event":"cart.settings.save.received","level":"info","message":"Save cart settings request received","requestId":"654f7fb1-d31e-40d3-8809-1becb014db76","timestamp":"2026-01-19T06:02:49.920Z"}
{"event":"cart.settings.save.start","level":"info","message":"Saving merged cart settings","requestId":"654f7fb1-d31e-40d3-8809-1becb014db76","shop":"basic-optimaio-cart.myshopify.com","theme":"theme1","themeChanged":false,"timestamp":"2026-01-19T06:02:51.353Z"}
{"event":"cart.settings.save.success","level":"info","message":"Cart settings metafield saved","metafieldId":"gid://shopify/Metafield/37109577744632","requestId":"654f7fb1-d31e-40d3-8809-1becb014db76","shopId":"gid://shopify/Shop/79578988792","timestamp":"2026-01-19T06:02:51.754Z"}
{"event":"cart.settings.save.completed","level":"info","message":"Cart settings saved successfully","requestId":"654f7fb1-d31e-40d3-8809-1becb014db76","shop":"basic-optimaio-cart.myshopify.com","timestamp":"2026-01-19T06:02:51.755Z"}
{"event":"cart.settings.save.received","level":"info","message":"Save cart settings request received","requestId":"86453c7b-a891-48a4-a03f-f6a54895417d","timestamp":"2026-01-19T06:05:26.242Z"}
{"event":"cart.settings.save.start","level":"info","message":"Saving merged cart settings","requestId":"86453c7b-a891-48a4-a03f-f6a54895417d","shop":"basic-optimaio-cart.myshopify.com","theme":"theme1","themeChanged":false,"timestamp":"2026-01-19T06:05:27.339Z"}
{"event":"cart.settings.save.success","level":"info","message":"Cart settings metafield saved","metafieldId":"gid://shopify/Metafield/37109577744632","requestId":"86453c7b-a891-48a4-a03f-f6a54895417d","shopId":"gid://shopify/Shop/79578988792","timestamp":"2026-01-19T06:05:27.810Z"}
{"event":"cart.settings.save.completed","level":"info","message":"Cart settings saved successfully","requestId":"86453c7b-a891-48a4-a03f-f6a54895417d","shop":"basic-optimaio-cart.myshopify.com","timestamp":"2026-01-19T06:05:27.812Z"}
{"event":"cart.settings.save.received","level":"info","message":"Save cart settings request received","requestId":"788cd06b-f405-44e8-bb6b-24615ea0f66c","timestamp":"2026-01-19T06:20:18.702Z"}
{"event":"cart.settings.save.start","level":"info","message":"Saving merged cart settings","requestId":"788cd06b-f405-44e8-bb6b-24615ea0f66c","shop":"basic-optimaio-cart.myshopify.com","theme":"theme1","themeChanged":false,"timestamp":"2026-01-19T06:20:19.930Z"}
{"event":"cart.settings.save.success","level":"info","message":"Cart settings metafield saved","metafieldId":"gid://shopify/Metafield/37109577744632","requestId":"788cd06b-f405-44e8-bb6b-24615ea0f66c","shopId":"gid://shopify/Shop/79578988792","timestamp":"2026-01-19T06:20:20.526Z"}
{"event":"cart.settings.save.completed","level":"info","message":"Cart settings saved successfully","requestId":"788cd06b-f405-44e8-bb6b-24615ea0f66c","shop":"basic-optimaio-cart.myshopify.com","timestamp":"2026-01-19T06:20:20.527Z"}
{"event":"campaigns.webhook.received","level":"info","message":"Webhook received","requestId":"f9b887e6-9d02-5b65-bc63-168533fcc947","shop":"basic-optimaio-cart.myshopify.com","timestamp":"2026-01-19T06:20:22.582Z","topic":"SHOP_UPDATE"}
{"event":"campaigns.no_change","level":"info","message":"No campaign changes detected","requestId":"f9b887e6-9d02-5b65-bc63-168533fcc947","shop":"basic-optimaio-cart.myshopify.com","timestamp":"2026-01-19T06:20:23.805Z"}
{"event":"cart.settings.save.received","level":"info","message":"Save cart settings request received","requestId":"fd17d75e-6393-414d-98c9-59b8d706c9de","timestamp":"2026-01-19T06:22:04.015Z"}
{"event":"cart.settings.save.start","level":"info","message":"Saving merged cart settings","requestId":"fd17d75e-6393-414d-98c9-59b8d706c9de","shop":"basic-optimaio-cart.myshopify.com","theme":"theme1","themeChanged":false,"timestamp":"2026-01-19T06:22:05.288Z"}
{"event":"cart.settings.save.success","level":"info","message":"Cart settings metafield saved","metafieldId":"gid://shopify/Metafield/37109577744632","requestId":"fd17d75e-6393-414d-98c9-59b8d706c9de","shopId":"gid://shopify/Shop/79578988792","timestamp":"2026-01-19T06:22:05.893Z"}
{"event":"cart.settings.save.completed","level":"info","message":"Cart settings saved successfully","requestId":"fd17d75e-6393-414d-98c9-59b8d706c9de","shop":"basic-optimaio-cart.myshopify.com","timestamp":"2026-01-19T06:22:05.893Z"}
{"event":"campaigns.webhook.received","level":"info","message":"Webhook received","requestId":"a2db89c8-2316-5def-a8fa-c8b9de988bdc","shop":"basic-optimaio-cart.myshopify.com","timestamp":"2026-01-19T06:22:07.505Z","topic":"SHOP_UPDATE"}
{"event":"campaigns.no_change","level":"info","message":"No campaign changes detected","requestId":"a2db89c8-2316-5def-a8fa-c8b9de988bdc","shop":"basic-optimaio-cart.myshopify.com","timestamp":"2026-01-19T06:22:08.018Z"}
{"event":"orders.flush.cron.triggered","level":"info","message":"Hourly order flush cron triggered","requestId":"dcd12799-58fe-427d-976f-5f3b085dcd1d","timestamp":"2026-01-19T06:30:00.081Z"}
{"event":"orders.flush.scan.started","level":"info","message":"Order flush scan started","requestId":"dcd12799-58fe-427d-976f-5f3b085dcd1d","timestamp":"2026-01-19T06:30:00.082Z"}
{"event":"billing.cron.triggered","level":"info","message":"Store expiry cron triggered","requestId":"ff0620bc-d41f-4a88-844d-2633e07b3118","timestamp":"2026-01-19T06:30:00.084Z"}
{"event":"billing.cron.scan.started","level":"info","maxPerRun":10,"message":"Store expiry scan started","requestId":"ff0620bc-d41f-4a88-844d-2633e07b3118","timestamp":"2026-01-19T06:30:00.085Z"}
{"event":"billing.orders.cron.triggered","level":"info","message":"Order-based billing cron triggered","requestId":"02172041-a9be-4a79-9460-4cbf6bf607b5","timestamp":"2026-01-19T06:30:00.088Z"}
{"event":"billing.orders.scan.started","level":"info","message":"Order-based billing scan started","requestId":"02172041-a9be-4a79-9460-4cbf6bf607b5","timestamp":"2026-01-19T06:30:00.090Z"}
{"event":"orders.flush.queue.empty","level":"info","message":"No order queues found","requestId":"dcd12799-58fe-427d-976f-5f3b085dcd1d","timestamp":"2026-01-19T06:30:00.152Z"}
{"event":"billing.cron.no_expired_store","level":"info","message":"Next billing cycle has not expired yet","nextExpiry":"2026-02-05T06:31:22.283Z","nextShop":"bb-basic-optimaio-cart.myshopify.com","requestId":"ff0620bc-d41f-4a88-844d-2633e07b3118","timestamp":"2026-01-19T06:30:00.152Z"}
{"event":"billing.cron.scan.completed","level":"info","message":"Store expiry scan completed","processed":0,"requestId":"ff0620bc-d41f-4a88-844d-2633e07b3118","timestamp":"2026-01-19T06:30:00.153Z"}
{"event":"billing.orders.zero","level":"info","message":"No orders for store, skipping upgrade","requestId":"02172041-a9be-4a79-9460-4cbf6bf607b5","storeId":"basic-optimaio-cart.myshopify.com","timestamp":"2026-01-19T06:30:00.574Z"}
{"event":"billing.orders.scan.completed","level":"info","message":"Order-based billing scan completed","requestId":"02172041-a9be-4a79-9460-4cbf6bf607b5","timestamp":"2026-01-19T06:30:00.671Z"}
{"event":"orders.flush.cron.triggered","level":"info","message":"Hourly order flush cron triggered","requestId":"98bc2084-e451-4726-816d-ff4969232f78","timestamp":"2026-01-19T07:00:00.045Z"}
{"event":"orders.flush.scan.started","level":"info","message":"Order flush scan started","requestId":"98bc2084-e451-4726-816d-ff4969232f78","timestamp":"2026-01-19T07:00:00.046Z"}
{"event":"orders.flush.queue.empty","level":"info","message":"No order queues found","requestId":"98bc2084-e451-4726-816d-ff4969232f78","timestamp":"2026-01-19T07:00:00.055Z"}
{"event":"cart.settings.save.received","level":"info","message":"Save cart settings request received","requestId":"87daa5d0-e2fb-456a-908f-027c0a052ddc","timestamp":"2026-01-19T07:05:43.053Z"}
{"event":"cart.settings.save.start","level":"info","message":"Saving merged cart settings","requestId":"87daa5d0-e2fb-456a-908f-027c0a052ddc","shop":"basic-optimaio-cart.myshopify.com","theme":"theme1","themeChanged":false,"timestamp":"2026-01-19T07:05:44.392Z"}
{"event":"cart.settings.save.success","level":"info","message":"Cart settings metafield saved","metafieldId":"gid://shopify/Metafield/37109577744632","requestId":"87daa5d0-e2fb-456a-908f-027c0a052ddc","shopId":"gid://shopify/Shop/79578988792","timestamp":"2026-01-19T07:05:44.894Z"}
{"event":"cart.settings.save.completed","level":"info","message":"Cart settings saved successfully","requestId":"87daa5d0-e2fb-456a-908f-027c0a052ddc","shop":"basic-optimaio-cart.myshopify.com","timestamp":"2026-01-19T07:05:44.895Z"}
{"event":"campaigns.webhook.received","level":"info","message":"Webhook received","requestId":"49554d06-d6b6-583c-b40d-89cbb498e80e","shop":"basic-optimaio-cart.myshopify.com","timestamp":"2026-01-19T07:05:46.768Z","topic":"SHOP_UPDATE"}
{"event":"campaigns.no_change","level":"info","message":"No campaign changes detected","requestId":"49554d06-d6b6-583c-b40d-89cbb498e80e","shop":"basic-optimaio-cart.myshopify.com","timestamp":"2026-01-19T07:05:47.251Z"}
{"event":"cart.settings.save.received","level":"info","message":"Save cart settings request received","requestId":"846a2d5c-9e28-4058-91ec-6c6217e1782e","timestamp":"2026-01-19T07:06:25.571Z"}
{"event":"cart.settings.save.start","level":"info","message":"Saving merged cart settings","requestId":"846a2d5c-9e28-4058-91ec-6c6217e1782e","shop":"basic-optimaio-cart.myshopify.com","theme":"theme1","themeChanged":false,"timestamp":"2026-01-19T07:06:26.694Z"}
{"event":"cart.settings.save.success","level":"info","message":"Cart settings metafield saved","metafieldId":"gid://shopify/Metafield/37109577744632","requestId":"846a2d5c-9e28-4058-91ec-6c6217e1782e","shopId":"gid://shopify/Shop/79578988792","timestamp":"2026-01-19T07:06:27.131Z"}
{"event":"cart.settings.save.completed","level":"info","message":"Cart settings saved successfully","requestId":"846a2d5c-9e28-4058-91ec-6c6217e1782e","shop":"basic-optimaio-cart.myshopify.com","timestamp":"2026-01-19T07:06:27.131Z"}
{"event":"campaigns.webhook.received","level":"info","message":"Webhook received","requestId":"9a2b4a57-eb8a-5b9f-9c9b-8c7583afa5d6","shop":"basic-optimaio-cart.myshopify.com","timestamp":"2026-01-19T07:06:28.644Z","topic":"SHOP_UPDATE"}
{"event":"campaigns.no_change","level":"info","message":"No campaign changes detected","requestId":"9a2b4a57-eb8a-5b9f-9c9b-8c7583afa5d6","shop":"basic-optimaio-cart.myshopify.com","timestamp":"2026-01-19T07:06:29.175Z"}
{"event":"cart.settings.save.received","level":"info","message":"Save cart settings request received","requestId":"b68a6770-ee57-4382-ac73-108bd7031198","timestamp":"2026-01-19T07:06:34.045Z"}
{"event":"cart.settings.save.start","level":"info","message":"Saving merged cart settings","requestId":"b68a6770-ee57-4382-ac73-108bd7031198","shop":"basic-optimaio-cart.myshopify.com","theme":"theme1","themeChanged":false,"timestamp":"2026-01-19T07:06:35.385Z"}
{"event":"cart.settings.save.success","level":"info","message":"Cart settings metafield saved","metafieldId":"gid://shopify/Metafield/37109577744632","requestId":"b68a6770-ee57-4382-ac73-108bd7031198","shopId":"gid://shopify/Shop/79578988792","timestamp":"2026-01-19T07:06:35.920Z"}
{"event":"cart.settings.save.completed","level":"info","message":"Cart settings saved successfully","requestId":"b68a6770-ee57-4382-ac73-108bd7031198","shop":"basic-optimaio-cart.myshopify.com","timestamp":"2026-01-19T07:06:35.920Z"}
{"event":"campaigns.webhook.received","level":"info","message":"Webhook received","requestId":"fa471fc5-cc67-5332-a8b3-be6ece537190","shop":"basic-optimaio-cart.myshopify.com","timestamp":"2026-01-19T07:06:37.595Z","topic":"SHOP_UPDATE"}
{"event":"campaigns.no_change","level":"info","message":"No campaign changes detected","requestId":"fa471fc5-cc67-5332-a8b3-be6ece537190","shop":"basic-optimaio-cart.myshopify.com","timestamp":"2026-01-19T07:06:38.067Z"}
{"event":"cart.settings.save.received","level":"info","message":"Save cart settings request received","requestId":"b78fec68-dcf5-4f77-b818-6bdcf33bd609","timestamp":"2026-01-19T07:08:49.255Z"}
{"event":"cart.settings.save.start","level":"info","message":"Saving merged cart settings","requestId":"b78fec68-dcf5-4f77-b818-6bdcf33bd609","shop":"basic-optimaio-cart.myshopify.com","theme":"theme1","themeChanged":false,"timestamp":"2026-01-19T07:08:50.258Z"}
{"event":"cart.settings.save.success","level":"info","message":"Cart settings metafield saved","metafieldId":"gid://shopify/Metafield/37109577744632","requestId":"b78fec68-dcf5-4f77-b818-6bdcf33bd609","shopId":"gid://shopify/Shop/79578988792","timestamp":"2026-01-19T07:08:50.698Z"}
{"event":"cart.settings.save.completed","level":"info","message":"Cart settings saved successfully","requestId":"b78fec68-dcf5-4f77-b818-6bdcf33bd609","shop":"basic-optimaio-cart.myshopify.com","timestamp":"2026-01-19T07:08:50.698Z"}
{"event":"cart.settings.save.received","level":"info","message":"Save cart settings request received","requestId":"d3033bc3-e9aa-4c7b-9768-aa36dafb9874","timestamp":"2026-01-19T07:10:06.200Z"}
{"event":"cart.settings.save.start","level":"info","message":"Saving merged cart settings","requestId":"d3033bc3-e9aa-4c7b-9768-aa36dafb9874","shop":"basic-optimaio-cart.myshopify.com","theme":"theme1","themeChanged":false,"timestamp":"2026-01-19T07:10:07.215Z"}
{"event":"cart.settings.save.success","level":"info","message":"Cart settings metafield saved","metafieldId":"gid://shopify/Metafield/37109577744632","requestId":"d3033bc3-e9aa-4c7b-9768-aa36dafb9874","shopId":"gid://shopify/Shop/79578988792","timestamp":"2026-01-19T07:10:07.703Z"}
{"event":"cart.settings.save.completed","level":"info","message":"Cart settings saved successfully","requestId":"d3033bc3-e9aa-4c7b-9768-aa36dafb9874","shop":"basic-optimaio-cart.myshopify.com","timestamp":"2026-01-19T07:10:07.703Z"}
{"event":"campaigns.webhook.received","level":"info","message":"Webhook received","requestId":"292ba3a9-53b5-5965-88a6-2d22f703a31d","shop":"basic-optimaio-cart.myshopify.com","timestamp":"2026-01-19T07:10:09.601Z","topic":"SHOP_UPDATE"}
{"event":"campaigns.no_change","level":"info","message":"No campaign changes detected","requestId":"292ba3a9-53b5-5965-88a6-2d22f703a31d","shop":"basic-optimaio-cart.myshopify.com","timestamp":"2026-01-19T07:10:10.150Z"}
{"event":"cart.settings.save.received","level":"info","message":"Save cart settings request received","requestId":"efff84ec-4c0b-419f-a02e-c4eda8aa1163","timestamp":"2026-01-19T07:10:10.289Z"}
{"event":"cart.settings.save.start","level":"info","message":"Saving merged cart settings","requestId":"efff84ec-4c0b-419f-a02e-c4eda8aa1163","shop":"basic-optimaio-cart.myshopify.com","theme":"theme1","themeChanged":false,"timestamp":"2026-01-19T07:10:11.515Z"}
{"event":"cart.settings.save.success","level":"info","message":"Cart settings metafield saved","metafieldId":"gid://shopify/Metafield/37109577744632","requestId":"efff84ec-4c0b-419f-a02e-c4eda8aa1163","shopId":"gid://shopify/Shop/79578988792","timestamp":"2026-01-19T07:10:11.983Z"}
{"event":"cart.settings.save.completed","level":"info","message":"Cart settings saved successfully","requestId":"efff84ec-4c0b-419f-a02e-c4eda8aa1163","shop":"basic-optimaio-cart.myshopify.com","timestamp":"2026-01-19T07:10:11.983Z"}
{"event":"cart.settings.save.received","level":"info","message":"Save cart settings request received","requestId":"79b08de4-164a-49f6-8396-160011c58b07","timestamp":"2026-01-19T07:10:35.704Z"}
{"event":"cart.settings.save.start","level":"info","message":"Saving merged cart settings","requestId":"79b08de4-164a-49f6-8396-160011c58b07","shop":"basic-optimaio-cart.myshopify.com","theme":"theme1","themeChanged":false,"timestamp":"2026-01-19T07:10:38.226Z"}
{"event":"cart.settings.save.success","level":"info","message":"Cart settings metafield saved","metafieldId":"gid://shopify/Metafield/37109577744632","requestId":"79b08de4-164a-49f6-8396-160011c58b07","shopId":"gid://shopify/Shop/79578988792","timestamp":"2026-01-19T07:10:38.624Z"}
{"event":"cart.settings.save.completed","level":"info","message":"Cart settings saved successfully","requestId":"79b08de4-164a-49f6-8396-160011c58b07","shop":"basic-optimaio-cart.myshopify.com","timestamp":"2026-01-19T07:10:38.625Z"}
{"event":"cart.settings.save.received","level":"info","message":"Save cart settings request received","requestId":"ec7f7519-41aa-48f6-b111-bf4e405101f3","timestamp":"2026-01-19T07:13:06.296Z"}
{"event":"cart.settings.save.start","level":"info","message":"Saving merged cart settings","requestId":"ec7f7519-41aa-48f6-b111-bf4e405101f3","shop":"basic-optimaio-cart.myshopify.com","theme":"theme1","themeChanged":false,"timestamp":"2026-01-19T07:13:07.355Z"}
{"event":"cart.settings.save.success","level":"info","message":"Cart settings metafield saved","metafieldId":"gid://shopify/Metafield/37109577744632","requestId":"ec7f7519-41aa-48f6-b111-bf4e405101f3","shopId":"gid://shopify/Shop/79578988792","timestamp":"2026-01-19T07:13:08.024Z"}
{"event":"cart.settings.save.completed","level":"info","message":"Cart settings saved successfully","requestId":"ec7f7519-41aa-48f6-b111-bf4e405101f3","shop":"basic-optimaio-cart.myshopify.com","timestamp":"2026-01-19T07:13:08.025Z"}
{"event":"cart.settings.save.received","level":"info","message":"Save cart settings request received","requestId":"77315742-b411-432b-8dee-7604eb9caacd","timestamp":"2026-01-19T07:13:16.344Z"}
{"event":"cart.settings.save.start","level":"info","message":"Saving merged cart settings","requestId":"77315742-b411-432b-8dee-7604eb9caacd","shop":"basic-optimaio-cart.myshopify.com","theme":"theme1","themeChanged":false,"timestamp":"2026-01-19T07:13:17.540Z"}
{"event":"cart.settings.save.success","level":"info","message":"Cart settings metafield saved","metafieldId":"gid://shopify/Metafield/37109577744632","requestId":"77315742-b411-432b-8dee-7604eb9caacd","shopId":"gid://shopify/Shop/79578988792","timestamp":"2026-01-19T07:13:17.967Z"}
{"event":"cart.settings.save.completed","level":"info","message":"Cart settings saved successfully","requestId":"77315742-b411-432b-8dee-7604eb9caacd","shop":"basic-optimaio-cart.myshopify.com","timestamp":"2026-01-19T07:13:17.968Z"}
{"event":"campaigns.webhook.received","level":"info","message":"Webhook received","requestId":"172f5d6b-1314-57b5-b865-49f52ef491a6","shop":"basic-optimaio-cart.myshopify.com","timestamp":"2026-01-19T07:13:19.935Z","topic":"SHOP_UPDATE"}
{"event":"campaigns.no_change","level":"info","message":"No campaign changes detected","requestId":"172f5d6b-1314-57b5-b865-49f52ef491a6","shop":"basic-optimaio-cart.myshopify.com","timestamp":"2026-01-19T07:13:20.387Z"}
{"event":"cart.settings.save.received","level":"info","message":"Save cart settings request received","requestId":"379bf204-096e-4d1e-85e9-070f16a7808f","timestamp":"2026-01-19T07:13:39.077Z"}
{"event":"cart.settings.save.start","level":"info","message":"Saving merged cart settings","requestId":"379bf204-096e-4d1e-85e9-070f16a7808f","shop":"basic-optimaio-cart.myshopify.com","theme":"theme1","themeChanged":false,"timestamp":"2026-01-19T07:13:40.713Z"}
{"event":"cart.settings.save.success","level":"info","message":"Cart settings metafield saved","metafieldId":"gid://shopify/Metafield/37109577744632","requestId":"379bf204-096e-4d1e-85e9-070f16a7808f","shopId":"gid://shopify/Shop/79578988792","timestamp":"2026-01-19T07:13:41.174Z"}
{"event":"cart.settings.save.completed","level":"info","message":"Cart settings saved successfully","requestId":"379bf204-096e-4d1e-85e9-070f16a7808f","shop":"basic-optimaio-cart.myshopify.com","timestamp":"2026-01-19T07:13:41.175Z"}
{"event":"cart.settings.save.received","level":"info","message":"Save cart settings request received","requestId":"0d219bdd-2edb-4779-aaeb-81f104a67c31","timestamp":"2026-01-19T07:14:00.062Z"}
{"event":"cart.settings.save.start","level":"info","message":"Saving merged cart settings","requestId":"0d219bdd-2edb-4779-aaeb-81f104a67c31","shop":"basic-optimaio-cart.myshopify.com","theme":"theme1","themeChanged":false,"timestamp":"2026-01-19T07:14:01.231Z"}
{"event":"cart.settings.save.success","level":"info","message":"Cart settings metafield saved","metafieldId":"gid://shopify/Metafield/37109577744632","requestId":"0d219bdd-2edb-4779-aaeb-81f104a67c31","shopId":"gid://shopify/Shop/79578988792","timestamp":"2026-01-19T07:14:01.675Z"}
{"event":"cart.settings.save.completed","level":"info","message":"Cart settings saved successfully","requestId":"0d219bdd-2edb-4779-aaeb-81f104a67c31","shop":"basic-optimaio-cart.myshopify.com","timestamp":"2026-01-19T07:14:01.675Z"}
{"event":"campaigns.webhook.received","level":"info","message":"Webhook received","requestId":"bb1e6ede-d868-5785-81c6-c6404c459540","shop":"basic-optimaio-cart.myshopify.com","timestamp":"2026-01-19T07:14:03.578Z","topic":"SHOP_UPDATE"}
{"event":"campaigns.no_change","level":"info","message":"No campaign changes detected","requestId":"bb1e6ede-d868-5785-81c6-c6404c459540","shop":"basic-optimaio-cart.myshopify.com","timestamp":"2026-01-19T07:14:04.073Z"}
{"event":"cart.settings.save.received","level":"info","message":"Save cart settings request received","requestId":"82c8cb80-55e7-45ed-b4b9-cc1c21a93331","timestamp":"2026-01-19T07:14:25.362Z"}
{"event":"cart.settings.save.start","level":"info","message":"Saving merged cart settings","requestId":"82c8cb80-55e7-45ed-b4b9-cc1c21a93331","shop":"basic-optimaio-cart.myshopify.com","theme":"theme1","themeChanged":false,"timestamp":"2026-01-19T07:14:26.481Z"}
{"event":"cart.settings.save.success","level":"info","message":"Cart settings metafield saved","metafieldId":"gid://shopify/Metafield/37109577744632","requestId":"82c8cb80-55e7-45ed-b4b9-cc1c21a93331","shopId":"gid://shopify/Shop/79578988792","timestamp":"2026-01-19T07:14:26.942Z"}
{"event":"cart.settings.save.completed","level":"info","message":"Cart settings saved successfully","requestId":"82c8cb80-55e7-45ed-b4b9-cc1c21a93331","shop":"basic-optimaio-cart.myshopify.com","timestamp":"2026-01-19T07:14:26.943Z"}
{"event":"cart.settings.save.received","level":"info","message":"Save cart settings request received","requestId":"610b37b3-e86c-4f0e-adc5-22cf7d0231bf","timestamp":"2026-01-19T07:15:01.305Z"}
{"event":"cart.settings.save.start","level":"info","message":"Saving merged cart settings","requestId":"610b37b3-e86c-4f0e-adc5-22cf7d0231bf","shop":"basic-optimaio-cart.myshopify.com","theme":"theme1","themeChanged":false,"timestamp":"2026-01-19T07:15:03.214Z"}
{"event":"cart.settings.save.success","level":"info","message":"Cart settings metafield saved","metafieldId":"gid://shopify/Metafield/37109577744632","requestId":"610b37b3-e86c-4f0e-adc5-22cf7d0231bf","shopId":"gid://shopify/Shop/79578988792","timestamp":"2026-01-19T07:15:03.607Z"}
{"event":"cart.settings.save.completed","level":"info","message":"Cart settings saved successfully","requestId":"610b37b3-e86c-4f0e-adc5-22cf7d0231bf","shop":"basic-optimaio-cart.myshopify.com","timestamp":"2026-01-19T07:15:03.608Z"}
{"event":"cart.settings.save.received","level":"info","message":"Save cart settings request received","requestId":"4b029e36-8a3c-4dc8-8753-fc73d2d47e61","timestamp":"2026-01-19T07:15:14.126Z"}
{"event":"cart.settings.save.start","level":"info","message":"Saving merged cart settings","requestId":"4b029e36-8a3c-4dc8-8753-fc73d2d47e61","shop":"basic-optimaio-cart.myshopify.com","theme":"theme1","themeChanged":false,"timestamp":"2026-01-19T07:15:15.373Z"}
{"event":"cart.settings.save.success","level":"info","message":"Cart settings metafield saved","metafieldId":"gid://shopify/Metafield/37109577744632","requestId":"4b029e36-8a3c-4dc8-8753-fc73d2d47e61","shopId":"gid://shopify/Shop/79578988792","timestamp":"2026-01-19T07:15:15.781Z"}
{"event":"cart.settings.save.completed","level":"info","message":"Cart settings saved successfully","requestId":"4b029e36-8a3c-4dc8-8753-fc73d2d47e61","shop":"basic-optimaio-cart.myshopify.com","timestamp":"2026-01-19T07:15:15.781Z"}
{"event":"cart.settings.save.received","level":"info","message":"Save cart settings request received","requestId":"e4edfd19-d651-46da-b243-5b4e23c7f46e","timestamp":"2026-01-19T07:19:04.209Z"}
{"event":"cart.settings.save.start","level":"info","message":"Saving merged cart settings","requestId":"e4edfd19-d651-46da-b243-5b4e23c7f46e","shop":"basic-optimaio-cart.myshopify.com","theme":"theme1","themeChanged":false,"timestamp":"2026-01-19T07:19:05.535Z"}
{"event":"cart.settings.save.success","level":"info","message":"Cart settings metafield saved","metafieldId":"gid://shopify/Metafield/37109577744632","requestId":"e4edfd19-d651-46da-b243-5b4e23c7f46e","shopId":"gid://shopify/Shop/79578988792","timestamp":"2026-01-19T07:19:05.925Z"}
{"event":"cart.settings.save.completed","level":"info","message":"Cart settings saved successfully","requestId":"e4edfd19-d651-46da-b243-5b4e23c7f46e","shop":"basic-optimaio-cart.myshopify.com","timestamp":"2026-01-19T07:19:05.925Z"}
{"event":"cart.settings.save.received","level":"info","message":"Save cart settings request received","requestId":"73eebac3-bd6d-4707-adc0-3a43b270dcdc","timestamp":"2026-01-19T07:19:27.831Z"}
{"event":"cart.settings.save.start","level":"info","message":"Saving merged cart settings","requestId":"73eebac3-bd6d-4707-adc0-3a43b270dcdc","shop":"basic-optimaio-cart.myshopify.com","theme":"theme1","themeChanged":false,"timestamp":"2026-01-19T07:19:29.032Z"}
{"event":"cart.settings.save.success","level":"info","message":"Cart settings metafield saved","metafieldId":"gid://shopify/Metafield/37109577744632","requestId":"73eebac3-bd6d-4707-adc0-3a43b270dcdc","shopId":"gid://shopify/Shop/79578988792","timestamp":"2026-01-19T07:19:29.511Z"}
{"event":"cart.settings.save.completed","level":"info","message":"Cart settings saved successfully","requestId":"73eebac3-bd6d-4707-adc0-3a43b270dcdc","shop":"basic-optimaio-cart.myshopify.com","timestamp":"2026-01-19T07:19:29.513Z"}
{"event":"campaigns.webhook.received","level":"info","message":"Webhook received","requestId":"8ae3e1b6-4693-5ea6-a2f1-5f4d86293a46","shop":"basic-optimaio-cart.myshopify.com","timestamp":"2026-01-19T07:19:31.459Z","topic":"SHOP_UPDATE"}
{"event":"campaigns.no_change","level":"info","message":"No campaign changes detected","requestId":"8ae3e1b6-4693-5ea6-a2f1-5f4d86293a46","shop":"basic-optimaio-cart.myshopify.com","timestamp":"2026-01-19T07:19:31.930Z"}
{"event":"cart.settings.save.received","level":"info","message":"Save cart settings request received","requestId":"cab37c22-1baa-45c7-b9b3-b3bce7e4fed8","timestamp":"2026-01-19T07:19:43.065Z"}
{"event":"cart.settings.save.start","level":"info","message":"Saving merged cart settings","requestId":"cab37c22-1baa-45c7-b9b3-b3bce7e4fed8","shop":"basic-optimaio-cart.myshopify.com","theme":"theme1","themeChanged":false,"timestamp":"2026-01-19T07:19:44.271Z"}
{"event":"cart.settings.save.success","level":"info","message":"Cart settings metafield saved","metafieldId":"gid://shopify/Metafield/37109577744632","requestId":"cab37c22-1baa-45c7-b9b3-b3bce7e4fed8","shopId":"gid://shopify/Shop/79578988792","timestamp":"2026-01-19T07:19:44.707Z"}
{"event":"cart.settings.save.completed","level":"info","message":"Cart settings saved successfully","requestId":"cab37c22-1baa-45c7-b9b3-b3bce7e4fed8","shop":"basic-optimaio-cart.myshopify.com","timestamp":"2026-01-19T07:19:44.709Z"}
{"event":"campaigns.webhook.received","level":"info","message":"Webhook received","requestId":"a4bfddbf-ece6-567a-8122-96f7e2987b84","shop":"basic-optimaio-cart.myshopify.com","timestamp":"2026-01-19T07:19:46.474Z","topic":"SHOP_UPDATE"}
{"event":"campaigns.no_change","level":"info","message":"No campaign changes detected","requestId":"a4bfddbf-ece6-567a-8122-96f7e2987b84","shop":"basic-optimaio-cart.myshopify.com","timestamp":"2026-01-19T07:19:46.924Z"}
{"event":"cart.settings.save.received","level":"info","message":"Save cart settings request received","requestId":"93cff4be-7024-4563-9661-44e86d726aa6","timestamp":"2026-01-19T07:24:42.561Z"}
{"event":"cart.settings.save.start","level":"info","message":"Saving merged cart settings","requestId":"93cff4be-7024-4563-9661-44e86d726aa6","shop":"basic-optimaio-cart.myshopify.com","theme":"theme1","themeChanged":false,"timestamp":"2026-01-19T07:24:43.552Z"}
{"event":"cart.settings.save.success","level":"info","message":"Cart settings metafield saved","metafieldId":"gid://shopify/Metafield/37109577744632","requestId":"93cff4be-7024-4563-9661-44e86d726aa6","shopId":"gid://shopify/Shop/79578988792","timestamp":"2026-01-19T07:24:44.325Z"}
{"event":"cart.settings.save.completed","level":"info","message":"Cart settings saved successfully","requestId":"93cff4be-7024-4563-9661-44e86d726aa6","shop":"basic-optimaio-cart.myshopify.com","timestamp":"2026-01-19T07:24:44.326Z"}
{"event":"campaigns.webhook.received","level":"info","message":"Webhook received","requestId":"ce14ee05-8089-593f-a7fe-926fcf197623","shop":"basic-optimaio-cart.myshopify.com","timestamp":"2026-01-19T07:24:45.833Z","topic":"SHOP_UPDATE"}
{"event":"campaigns.no_change","level":"info","message":"No campaign changes detected","requestId":"ce14ee05-8089-593f-a7fe-926fcf197623","shop":"basic-optimaio-cart.myshopify.com","timestamp":"2026-01-19T07:24:46.337Z"}
{"event":"cart.settings.save.received","level":"info","message":"Save cart settings request received","requestId":"345ebc57-4940-489c-af54-c60cfeaa2397","timestamp":"2026-01-19T07:24:55.592Z"}
{"event":"cart.settings.save.start","level":"info","message":"Saving merged cart settings","requestId":"345ebc57-4940-489c-af54-c60cfeaa2397","shop":"basic-optimaio-cart.myshopify.com","theme":"theme1","themeChanged":false,"timestamp":"2026-01-19T07:24:56.750Z"}
{"event":"cart.settings.save.success","level":"info","message":"Cart settings metafield saved","metafieldId":"gid://shopify/Metafield/37109577744632","requestId":"345ebc57-4940-489c-af54-c60cfeaa2397","shopId":"gid://shopify/Shop/79578988792","timestamp":"2026-01-19T07:24:57.220Z"}
{"event":"cart.settings.save.completed","level":"info","message":"Cart settings saved successfully","requestId":"345ebc57-4940-489c-af54-c60cfeaa2397","shop":"basic-optimaio-cart.myshopify.com","timestamp":"2026-01-19T07:24:57.221Z"}
{"event":"cart.settings.save.received","level":"info","message":"Save cart settings request received","requestId":"dc09419b-d872-4b7d-965d-dd026e155b7d","timestamp":"2026-01-19T07:25:55.112Z"}
{"event":"cart.settings.save.start","level":"info","message":"Saving merged cart settings","requestId":"dc09419b-d872-4b7d-965d-dd026e155b7d","shop":"basic-optimaio-cart.myshopify.com","theme":"theme1","themeChanged":false,"timestamp":"2026-01-19T07:25:56.803Z"}
{"event":"cart.settings.save.success","level":"info","message":"Cart settings metafield saved","metafieldId":"gid://shopify/Metafield/37109577744632","requestId":"dc09419b-d872-4b7d-965d-dd026e155b7d","shopId":"gid://shopify/Shop/79578988792","timestamp":"2026-01-19T07:25:57.287Z"}
{"event":"cart.settings.save.completed","level":"info","message":"Cart settings saved successfully","requestId":"dc09419b-d872-4b7d-965d-dd026e155b7d","shop":"basic-optimaio-cart.myshopify.com","timestamp":"2026-01-19T07:25:57.288Z"}
{"event":"cart.settings.save.received","level":"info","message":"Save cart settings request received","requestId":"d5b482a6-f4cf-4f4f-84b8-aaeaa13753a6","timestamp":"2026-01-19T07:27:03.258Z"}
{"event":"cart.settings.save.start","level":"info","message":"Saving merged cart settings","requestId":"d5b482a6-f4cf-4f4f-84b8-aaeaa13753a6","shop":"basic-optimaio-cart.myshopify.com","theme":"theme1","themeChanged":false,"timestamp":"2026-01-19T07:27:04.391Z"}
{"event":"cart.settings.save.success","level":"info","message":"Cart settings metafield saved","metafieldId":"gid://shopify/Metafield/37109577744632","requestId":"d5b482a6-f4cf-4f4f-84b8-aaeaa13753a6","shopId":"gid://shopify/Shop/79578988792","timestamp":"2026-01-19T07:27:04.840Z"}
{"event":"cart.settings.save.completed","level":"info","message":"Cart settings saved successfully","requestId":"d5b482a6-f4cf-4f4f-84b8-aaeaa13753a6","shop":"basic-optimaio-cart.myshopify.com","timestamp":"2026-01-19T07:27:04.840Z"}
{"event":"cart.settings.save.received","level":"info","message":"Save cart settings request received","requestId":"5ea8cd5d-2ded-4ac0-9850-9e810a9c3641","timestamp":"2026-01-19T07:27:26.808Z"}
{"event":"cart.settings.save.start","level":"info","message":"Saving merged cart settings","requestId":"5ea8cd5d-2ded-4ac0-9850-9e810a9c3641","shop":"basic-optimaio-cart.myshopify.com","theme":"theme1","themeChanged":false,"timestamp":"2026-01-19T07:27:27.865Z"}
{"event":"cart.settings.save.success","level":"info","message":"Cart settings metafield saved","metafieldId":"gid://shopify/Metafield/37109577744632","requestId":"5ea8cd5d-2ded-4ac0-9850-9e810a9c3641","shopId":"gid://shopify/Shop/79578988792","timestamp":"2026-01-19T07:27:28.256Z"}
{"event":"cart.settings.save.completed","level":"info","message":"Cart settings saved successfully","requestId":"5ea8cd5d-2ded-4ac0-9850-9e810a9c3641","shop":"basic-optimaio-cart.myshopify.com","timestamp":"2026-01-19T07:27:28.257Z"}
{"event":"billing.cron.triggered","level":"info","message":"Store expiry cron triggered","requestId":"70451eda-f56e-40e8-9831-1dbac9c947b0","timestamp":"2026-01-19T07:30:00.057Z"}
{"event":"billing.cron.scan.started","level":"info","maxPerRun":10,"message":"Store expiry scan started","requestId":"70451eda-f56e-40e8-9831-1dbac9c947b0","timestamp":"2026-01-19T07:30:00.057Z"}
{"event":"billing.orders.cron.triggered","level":"info","message":"Order-based billing cron triggered","requestId":"2aa048a2-5002-45c6-a2f8-8d0f695ff121","timestamp":"2026-01-19T07:30:00.059Z"}
{"event":"billing.orders.scan.started","level":"info","message":"Order-based billing scan started","requestId":"2aa048a2-5002-45c6-a2f8-8d0f695ff121","timestamp":"2026-01-19T07:30:00.059Z"}
{"event":"orders.flush.cron.triggered","level":"info","message":"Hourly order flush cron triggered","requestId":"6890233f-6fab-49a5-a7c7-66d594535ea5","timestamp":"2026-01-19T07:30:00.060Z"}
{"event":"orders.flush.scan.started","level":"info","message":"Order flush scan started","requestId":"6890233f-6fab-49a5-a7c7-66d594535ea5","timestamp":"2026-01-19T07:30:00.060Z"}
{"event":"billing.cron.no_expired_store","level":"info","message":"Next billing cycle has not expired yet","nextExpiry":"2026-02-05T06:31:22.283Z","nextShop":"bb-basic-optimaio-cart.myshopify.com","requestId":"70451eda-f56e-40e8-9831-1dbac9c947b0","timestamp":"2026-01-19T07:30:00.072Z"}
{"event":"billing.cron.scan.completed","level":"info","message":"Store expiry scan completed","processed":0,"requestId":"70451eda-f56e-40e8-9831-1dbac9c947b0","timestamp":"2026-01-19T07:30:00.072Z"}
{"event":"orders.flush.queue.empty","level":"info","message":"No order queues found","requestId":"6890233f-6fab-49a5-a7c7-66d594535ea5","timestamp":"2026-01-19T07:30:00.072Z"}
{"event":"billing.orders.zero","level":"info","message":"No orders for store, skipping upgrade","requestId":"2aa048a2-5002-45c6-a2f8-8d0f695ff121","storeId":"basic-optimaio-cart.myshopify.com","timestamp":"2026-01-19T07:30:00.294Z"}
{"event":"billing.orders.scan.completed","level":"info","message":"Order-based billing scan completed","requestId":"2aa048a2-5002-45c6-a2f8-8d0f695ff121","timestamp":"2026-01-19T07:30:00.311Z"}
{"event":"billing.cron.triggered","level":"info","message":"Store expiry cron triggered","requestId":"41ff8ecc-e59d-4293-b791-e0f72a0f03fa","timestamp":"2026-01-19T09:30:00.035Z"}
{"event":"redis.client.init","host":"redis-16663.crce179.ap-south-1-1.ec2.cloud.redislabs.com","level":"info","message":"Initializing Redis client","port":16663,"requestId":"41ff8ecc-e59d-4293-b791-e0f72a0f03fa","timestamp":"2026-01-19T09:30:00.040Z"}
{"event":"redis.connect.start","level":"info","message":"Connecting to Redis","requestId":"41ff8ecc-e59d-4293-b791-e0f72a0f03fa","timestamp":"2026-01-19T09:30:00.042Z"}
{"event":"orders.flush.cron.triggered","level":"info","message":"Hourly order flush cron triggered","requestId":"1e3d72cc-171b-45ce-a38a-22addfddeb9b","timestamp":"2026-01-19T09:30:00.045Z"}
{"event":"orders.flush.scan.started","level":"info","message":"Order flush scan started","requestId":"1e3d72cc-171b-45ce-a38a-22addfddeb9b","timestamp":"2026-01-19T09:30:00.046Z"}
{"event":"billing.orders.cron.triggered","level":"info","message":"Order-based billing cron triggered","requestId":"722d3f57-144e-4644-884e-6aa5b61334a9","timestamp":"2026-01-19T09:30:00.048Z"}
{"event":"billing.orders.scan.started","level":"info","message":"Order-based billing scan started","requestId":"722d3f57-144e-4644-884e-6aa5b61334a9","timestamp":"2026-01-19T09:30:00.049Z"}
{"event":"redis.socket.connected","level":"info","message":"Redis socket connected","requestId":"41ff8ecc-e59d-4293-b791-e0f72a0f03fa","timestamp":"2026-01-19T09:30:00.108Z"}
{"event":"redis.socket.connected","level":"info","message":"Redis socket connected","requestId":"41ff8ecc-e59d-4293-b791-e0f72a0f03fa","timestamp":"2026-01-19T09:30:00.108Z"}
{"event":"redis.client.ready","level":"info","message":"Redis client ready","requestId":"41ff8ecc-e59d-4293-b791-e0f72a0f03fa","timestamp":"2026-01-19T09:30:00.124Z"}
{"event":"redis.client.ready","level":"info","message":"Redis client ready","requestId":"41ff8ecc-e59d-4293-b791-e0f72a0f03fa","timestamp":"2026-01-19T09:30:00.124Z"}
{"event":"redis.connect.success","level":"info","message":"Redis connection established","requestId":"41ff8ecc-e59d-4293-b791-e0f72a0f03fa","timestamp":"2026-01-19T09:30:00.124Z"}
{"event":"billing.cron.scan.started","level":"info","maxPerRun":10,"message":"Store expiry scan started","requestId":"41ff8ecc-e59d-4293-b791-e0f72a0f03fa","timestamp":"2026-01-19T09:30:00.125Z"}
{"event":"orders.flush.queue.empty","level":"info","message":"No order queues found","requestId":"1e3d72cc-171b-45ce-a38a-22addfddeb9b","timestamp":"2026-01-19T09:30:00.126Z"}
{"event":"billing.cron.no_expired_store","level":"info","message":"Next billing cycle has not expired yet","nextExpiry":"2026-02-05T06:31:22.283Z","nextShop":"bb-basic-optimaio-cart.myshopify.com","requestId":"41ff8ecc-e59d-4293-b791-e0f72a0f03fa","timestamp":"2026-01-19T09:30:00.136Z"}
{"event":"billing.cron.scan.completed","level":"info","message":"Store expiry scan completed","processed":0,"requestId":"41ff8ecc-e59d-4293-b791-e0f72a0f03fa","timestamp":"2026-01-19T09:30:00.136Z"}
{"event":"billing.orders.zero","level":"info","message":"No orders for store, skipping upgrade","requestId":"722d3f57-144e-4644-884e-6aa5b61334a9","storeId":"basic-optimaio-cart.myshopify.com","timestamp":"2026-01-19T09:30:00.283Z"}
{"event":"billing.orders.scan.completed","level":"info","message":"Order-based billing scan completed","requestId":"722d3f57-144e-4644-884e-6aa5b61334a9","timestamp":"2026-01-19T09:30:00.308Z"}
{"event":"orders.flush.cron.triggered","level":"info","message":"Hourly order flush cron triggered","requestId":"7e353e90-59f9-4c5f-b492-3e76004d287a","timestamp":"2026-01-19T10:00:00.017Z"}
{"event":"orders.flush.scan.started","level":"info","message":"Order flush scan started","requestId":"7e353e90-59f9-4c5f-b492-3e76004d287a","timestamp":"2026-01-19T10:00:00.020Z"}
{"event":"orders.flush.queue.empty","level":"info","message":"No order queues found","requestId":"7e353e90-59f9-4c5f-b492-3e76004d287a","timestamp":"2026-01-19T10:00:00.029Z"}
{"event":"billing.cron.triggered","level":"info","message":"Store expiry cron triggered","requestId":"c7b0395a-8681-44d1-b9f2-c09507d713c2","timestamp":"2026-01-19T10:30:00.032Z"}
{"event":"billing.cron.scan.started","level":"info","maxPerRun":10,"message":"Store expiry scan started","requestId":"c7b0395a-8681-44d1-b9f2-c09507d713c2","timestamp":"2026-01-19T10:30:00.035Z"}
{"event":"billing.orders.cron.triggered","level":"info","message":"Order-based billing cron triggered","requestId":"001ef908-8a55-4ee6-b241-5176fb04a880","timestamp":"2026-01-19T10:30:00.036Z"}
{"event":"billing.orders.scan.started","level":"info","message":"Order-based billing scan started","requestId":"001ef908-8a55-4ee6-b241-5176fb04a880","timestamp":"2026-01-19T10:30:00.036Z"}
{"event":"orders.flush.cron.triggered","level":"info","message":"Hourly order flush cron triggered","requestId":"486c6d97-8899-427b-ab9f-04dd6ca47b65","timestamp":"2026-01-19T10:30:00.038Z"}
{"event":"orders.flush.scan.started","level":"info","message":"Order flush scan started","requestId":"486c6d97-8899-427b-ab9f-04dd6ca47b65","timestamp":"2026-01-19T10:30:00.038Z"}
{"event":"billing.cron.no_expired_store","level":"info","message":"Next billing cycle has not expired yet","nextExpiry":"2026-02-05T06:31:22.283Z","nextShop":"bb-basic-optimaio-cart.myshopify.com","requestId":"c7b0395a-8681-44d1-b9f2-c09507d713c2","timestamp":"2026-01-19T10:30:00.048Z"}
{"event":"billing.cron.scan.completed","level":"info","message":"Store expiry scan completed","processed":0,"requestId":"c7b0395a-8681-44d1-b9f2-c09507d713c2","timestamp":"2026-01-19T10:30:00.049Z"}
{"event":"orders.flush.queue.empty","level":"info","message":"No order queues found","requestId":"486c6d97-8899-427b-ab9f-04dd6ca47b65","timestamp":"2026-01-19T10:30:00.049Z"}
{"event":"billing.orders.zero","level":"info","message":"No orders for store, skipping upgrade","requestId":"001ef908-8a55-4ee6-b241-5176fb04a880","storeId":"basic-optimaio-cart.myshopify.com","timestamp":"2026-01-19T10:30:00.701Z"}
{"event":"billing.orders.scan.completed","level":"info","message":"Order-based billing scan completed","requestId":"001ef908-8a55-4ee6-b241-5176fb04a880","timestamp":"2026-01-19T10:30:00.728Z"}
{"event":"orders.flush.cron.triggered","level":"info","message":"Hourly order flush cron triggered","requestId":"856a3760-7a6a-4312-ade2-959ba6388993","timestamp":"2026-01-19T11:00:00.048Z"}
{"event":"orders.flush.scan.started","level":"info","message":"Order flush scan started","requestId":"856a3760-7a6a-4312-ade2-959ba6388993","timestamp":"2026-01-19T11:00:00.050Z"}
{"event":"orders.flush.queue.empty","level":"info","message":"No order queues found","requestId":"856a3760-7a6a-4312-ade2-959ba6388993","timestamp":"2026-01-19T11:00:00.061Z"}
{"event":"orders.flush.cron.triggered","level":"info","message":"Hourly order flush cron triggered","requestId":"78acc5be-8927-4105-8dee-e891b334a3c8","timestamp":"2026-01-19T11:30:00.059Z"}
{"event":"redis.client.init","host":"redis-16663.crce179.ap-south-1-1.ec2.cloud.redislabs.com","level":"info","message":"Initializing Redis client","port":16663,"requestId":"78acc5be-8927-4105-8dee-e891b334a3c8","timestamp":"2026-01-19T11:30:00.064Z"}
{"event":"redis.connect.start","level":"info","message":"Connecting to Redis","requestId":"78acc5be-8927-4105-8dee-e891b334a3c8","timestamp":"2026-01-19T11:30:00.067Z"}
{"event":"billing.cron.triggered","level":"info","message":"Store expiry cron triggered","requestId":"70649260-173f-4e21-9154-39921678f3f0","timestamp":"2026-01-19T11:30:00.070Z"}
{"event":"billing.cron.scan.started","level":"info","maxPerRun":10,"message":"Store expiry scan started","requestId":"70649260-173f-4e21-9154-39921678f3f0","timestamp":"2026-01-19T11:30:00.071Z"}
{"event":"billing.orders.cron.triggered","level":"info","message":"Order-based billing cron triggered","requestId":"aae71d07-fd4d-453f-8f85-6a92531c1be9","timestamp":"2026-01-19T11:30:00.072Z"}
{"event":"billing.orders.scan.started","level":"info","message":"Order-based billing scan started","requestId":"aae71d07-fd4d-453f-8f85-6a92531c1be9","timestamp":"2026-01-19T11:30:00.073Z"}
{"event":"redis.socket.connected","level":"info","message":"Redis socket connected","requestId":"78acc5be-8927-4105-8dee-e891b334a3c8","timestamp":"2026-01-19T11:30:00.211Z"}
{"event":"redis.socket.connected","level":"info","message":"Redis socket connected","requestId":"78acc5be-8927-4105-8dee-e891b334a3c8","timestamp":"2026-01-19T11:30:00.212Z"}
{"event":"billing.cron.no_expired_store","level":"info","message":"Next billing cycle has not expired yet","nextExpiry":"2026-02-05T06:31:22.283Z","nextShop":"bb-basic-optimaio-cart.myshopify.com","requestId":"70649260-173f-4e21-9154-39921678f3f0","timestamp":"2026-01-19T11:30:00.274Z"}
{"event":"billing.cron.scan.completed","level":"info","message":"Store expiry scan completed","processed":0,"requestId":"70649260-173f-4e21-9154-39921678f3f0","timestamp":"2026-01-19T11:30:00.275Z"}
{"event":"redis.client.ready","level":"info","message":"Redis client ready","requestId":"78acc5be-8927-4105-8dee-e891b334a3c8","timestamp":"2026-01-19T11:30:00.277Z"}
{"event":"redis.client.ready","level":"info","message":"Redis client ready","requestId":"78acc5be-8927-4105-8dee-e891b334a3c8","timestamp":"2026-01-19T11:30:00.277Z"}
{"event":"redis.connect.success","level":"info","message":"Redis connection established","requestId":"78acc5be-8927-4105-8dee-e891b334a3c8","timestamp":"2026-01-19T11:30:00.279Z"}
{"event":"orders.flush.scan.started","level":"info","message":"Order flush scan started","requestId":"78acc5be-8927-4105-8dee-e891b334a3c8","timestamp":"2026-01-19T11:30:00.279Z"}
{"event":"orders.flush.queue.empty","level":"info","message":"No order queues found","requestId":"78acc5be-8927-4105-8dee-e891b334a3c8","timestamp":"2026-01-19T11:30:00.301Z"}
{"event":"billing.orders.zero","level":"info","message":"No orders for store, skipping upgrade","requestId":"aae71d07-fd4d-453f-8f85-6a92531c1be9","storeId":"basic-optimaio-cart.myshopify.com","timestamp":"2026-01-19T11:30:00.322Z"}
{"event":"billing.orders.scan.completed","level":"info","message":"Order-based billing scan completed","requestId":"aae71d07-fd4d-453f-8f85-6a92531c1be9","timestamp":"2026-01-19T11:30:00.342Z"}
{"event":"orders.flush.cron.triggered","level":"info","message":"Hourly order flush cron triggered","requestId":"4401c234-c464-489d-9fbb-bfc39088ad94","timestamp":"2026-01-19T12:00:00.049Z"}
{"event":"redis.client.init","host":"redis-16663.crce179.ap-south-1-1.ec2.cloud.redislabs.com","level":"info","message":"Initializing Redis client","port":16663,"requestId":"4401c234-c464-489d-9fbb-bfc39088ad94","timestamp":"2026-01-19T12:00:00.055Z"}
{"event":"redis.connect.start","level":"info","message":"Connecting to Redis","requestId":"4401c234-c464-489d-9fbb-bfc39088ad94","timestamp":"2026-01-19T12:00:00.057Z"}
{"event":"redis.socket.connected","level":"info","message":"Redis socket connected","requestId":"4401c234-c464-489d-9fbb-bfc39088ad94","timestamp":"2026-01-19T12:00:00.080Z"}
{"event":"redis.socket.connected","level":"info","message":"Redis socket connected","requestId":"4401c234-c464-489d-9fbb-bfc39088ad94","timestamp":"2026-01-19T12:00:00.081Z"}
{"event":"redis.client.ready","level":"info","message":"Redis client ready","requestId":"4401c234-c464-489d-9fbb-bfc39088ad94","timestamp":"2026-01-19T12:00:00.097Z"}
{"event":"redis.client.ready","level":"info","message":"Redis client ready","requestId":"4401c234-c464-489d-9fbb-bfc39088ad94","timestamp":"2026-01-19T12:00:00.098Z"}
{"event":"redis.connect.success","level":"info","message":"Redis connection established","requestId":"4401c234-c464-489d-9fbb-bfc39088ad94","timestamp":"2026-01-19T12:00:00.099Z"}
{"event":"orders.flush.scan.started","level":"info","message":"Order flush scan started","requestId":"4401c234-c464-489d-9fbb-bfc39088ad94","timestamp":"2026-01-19T12:00:00.099Z"}
{"event":"orders.flush.queue.empty","level":"info","message":"No order queues found","requestId":"4401c234-c464-489d-9fbb-bfc39088ad94","timestamp":"2026-01-19T12:00:00.113Z"}
{"event":"billing.orders.cron.triggered","level":"info","message":"Order-based billing cron triggered","requestId":"6933e56c-bdd2-46b9-a7da-92ef61b8f7e3","timestamp":"2026-01-19T12:30:00.037Z"}
{"event":"billing.orders.scan.started","level":"info","message":"Order-based billing scan started","requestId":"6933e56c-bdd2-46b9-a7da-92ef61b8f7e3","timestamp":"2026-01-19T12:30:00.040Z"}
{"event":"orders.flush.cron.triggered","level":"info","message":"Hourly order flush cron triggered","requestId":"6aa80998-4f8d-4fe1-8602-ab6d63731c4b","timestamp":"2026-01-19T12:30:00.042Z"}
{"event":"orders.flush.scan.started","level":"info","message":"Order flush scan started","requestId":"6aa80998-4f8d-4fe1-8602-ab6d63731c4b","timestamp":"2026-01-19T12:30:00.042Z"}
{"event":"billing.cron.triggered","level":"info","message":"Store expiry cron triggered","requestId":"2b890298-1f75-4d5e-be14-0174ef03fac4","timestamp":"2026-01-19T12:30:00.043Z"}
{"event":"billing.cron.scan.started","level":"info","maxPerRun":10,"message":"Store expiry scan started","requestId":"2b890298-1f75-4d5e-be14-0174ef03fac4","timestamp":"2026-01-19T12:30:00.043Z"}
{"event":"orders.flush.queue.empty","level":"info","message":"No order queues found","requestId":"6aa80998-4f8d-4fe1-8602-ab6d63731c4b","timestamp":"2026-01-19T12:30:00.092Z"}
{"event":"billing.cron.no_expired_store","level":"info","message":"Next billing cycle has not expired yet","nextExpiry":"2026-02-05T06:31:22.283Z","nextShop":"bb-basic-optimaio-cart.myshopify.com","requestId":"2b890298-1f75-4d5e-be14-0174ef03fac4","timestamp":"2026-01-19T12:30:00.093Z"}
{"event":"billing.cron.scan.completed","level":"info","message":"Store expiry scan completed","processed":0,"requestId":"2b890298-1f75-4d5e-be14-0174ef03fac4","timestamp":"2026-01-19T12:30:00.093Z"}
{"event":"billing.orders.zero","level":"info","message":"No orders for store, skipping upgrade","requestId":"6933e56c-bdd2-46b9-a7da-92ef61b8f7e3","storeId":"basic-optimaio-cart.myshopify.com","timestamp":"2026-01-19T12:30:00.240Z"}
{"event":"billing.orders.scan.completed","level":"info","message":"Order-based billing scan completed","requestId":"6933e56c-bdd2-46b9-a7da-92ef61b8f7e3","timestamp":"2026-01-19T12:30:00.298Z"}
{"event":"orders.flush.cron.triggered","level":"info","message":"Hourly order flush cron triggered","requestId":"ffe0f156-c78d-4b92-97f2-40df68ecb7fd","timestamp":"2026-01-19T13:00:00.057Z"}
{"event":"orders.flush.scan.started","level":"info","message":"Order flush scan started","requestId":"ffe0f156-c78d-4b92-97f2-40df68ecb7fd","timestamp":"2026-01-19T13:00:00.061Z"}
{"event":"orders.flush.queue.empty","level":"info","message":"No order queues found","requestId":"ffe0f156-c78d-4b92-97f2-40df68ecb7fd","timestamp":"2026-01-19T13:00:00.100Z"}
