{"event":"campaign.save.received","level":"info","message":"Campaign save request received","requestId":"045295ce-05f5-4cd9-ab32-1abe5f24a938","timestamp":"2026-01-16T09:42:17.362Z"}
{"campaignId":"cmp_1768555151520_89025","event":"campaign.incoming","level":"debug","message":"Incoming campaign payload","requestId":"045295ce-05f5-4cd9-ab32-1abe5f24a938","timestamp":"2026-01-16T09:42:18.466Z"}
{"event":"metafield.set.called","key":"campaigns","level":"debug","message":"setMetafield called","ownerId":"gid://shopify/Shop/79578988792","requestId":"045295ce-05f5-4cd9-ab32-1abe5f24a938","timestamp":"2026-01-16T09:42:18.467Z"}
{"event":"metafield.save.success","key":"campaigns","level":"info","message":"Metafield saved successfully","metafieldId":"gid://shopify/Metafield/36542892015864","ownerId":"gid://shopify/Shop/79578988792","requestId":"045295ce-05f5-4cd9-ab32-1abe5f24a938","timestamp":"2026-01-16T09:42:18.942Z"}
{"event":"bxgy.discount.node.missing","level":"warn","message":"BXGY discount node not found","requestId":"045295ce-05f5-4cd9-ab32-1abe5f24a938","timestamp":"2026-01-16T09:42:19.420Z"}
{"event":"campaigns.webhook.received","level":"info","message":"Webhook received","requestId":"b32ebf2e-8788-5a6f-a669-c95f42088aa8","shop":"basic-optimaio-cart.myshopify.com","timestamp":"2026-01-16T09:42:20.988Z","topic":"SHOP_UPDATE"}
{"campaignsCount":0,"event":"campaigns.redis.updated","level":"info","message":"Campaigns updated in Redis","requestId":"b32ebf2e-8788-5a6f-a669-c95f42088aa8","shop":"basic-optimaio-cart.myshopify.com","timestamp":"2026-01-16T09:42:21.558Z"}
{"event":"campaign.save.received","level":"info","message":"Campaign save request received","requestId":"d6085645-d701-4ac5-97c4-4841424c04f0","timestamp":"2026-01-16T09:42:26.028Z"}
{"campaignId":"cmp_1768556049190_52852","event":"campaign.incoming","level":"debug","message":"Incoming campaign payload","requestId":"d6085645-d701-4ac5-97c4-4841424c04f0","timestamp":"2026-01-16T09:42:27.069Z"}
{"event":"metafield.set.called","key":"campaigns","level":"debug","message":"setMetafield called","ownerId":"gid://shopify/Shop/79578988792","requestId":"d6085645-d701-4ac5-97c4-4841424c04f0","timestamp":"2026-01-16T09:42:27.070Z"}
{"event":"metafield.save.success","key":"campaigns","level":"info","message":"Metafield saved successfully","metafieldId":"gid://shopify/Metafield/36542892015864","ownerId":"gid://shopify/Shop/79578988792","requestId":"d6085645-d701-4ac5-97c4-4841424c04f0","timestamp":"2026-01-16T09:42:27.511Z"}
{"event":"bxgy.discount.node.missing","level":"warn","message":"BXGY discount node not found","requestId":"d6085645-d701-4ac5-97c4-4841424c04f0","timestamp":"2026-01-16T09:42:27.949Z"}
{"event":"campaigns.webhook.received","level":"info","message":"Webhook received","requestId":"e045405d-b02b-5d0a-b57b-b9ebcb6e956d","shop":"basic-optimaio-cart.myshopify.com","timestamp":"2026-01-16T09:42:29.213Z","topic":"SHOP_UPDATE"}
{"campaignsCount":0,"event":"campaigns.redis.updated","level":"info","message":"Campaigns updated in Redis","requestId":"e045405d-b02b-5d0a-b57b-b9ebcb6e956d","shop":"basic-optimaio-cart.myshopify.com","timestamp":"2026-01-16T09:42:29.773Z"}
{"event":"timer.fetch.received","level":"info","message":"Fetch cart timer request received","requestId":"6339825e-1ec7-4aa6-a7d1-4457687ae4e7","timestamp":"2026-01-16T09:43:35.463Z"}
{"event":"timer.fetch.start","level":"info","message":"Fetching cart timer metafield","requestId":"6339825e-1ec7-4aa6-a7d1-4457687ae4e7","shop":"basic-optimaio-cart.myshopify.com","timestamp":"2026-01-16T09:43:36.056Z"}
{"event":"timer.fetch.empty","level":"info","message":"Cart timer metafield not set","requestId":"6339825e-1ec7-4aa6-a7d1-4457687ae4e7","shop":"basic-optimaio-cart.myshopify.com","timestamp":"2026-01-16T09:43:37.028Z"}
{"event":"timer.fetch.received","level":"info","message":"Fetch cart timer request received","requestId":"83ed6e5b-926c-4d4d-8f79-1ff748a6a402","timestamp":"2026-01-16T09:43:37.491Z"}
{"event":"timer.fetch.start","level":"info","message":"Fetching cart timer metafield","requestId":"83ed6e5b-926c-4d4d-8f79-1ff748a6a402","shop":"basic-optimaio-cart.myshopify.com","timestamp":"2026-01-16T09:43:37.569Z"}
{"event":"timer.fetch.empty","level":"info","message":"Cart timer metafield not set","requestId":"83ed6e5b-926c-4d4d-8f79-1ff748a6a402","shop":"basic-optimaio-cart.myshopify.com","timestamp":"2026-01-16T09:43:38.455Z"}
{"event":"orders.flush.cron.triggered","level":"info","message":"Hourly order flush cron triggered","requestId":"a48b3626-30eb-4071-9177-d0a6a0db950e","timestamp":"2026-01-16T10:00:00.047Z"}
{"event":"redis.client.init","host":"redis-16663.crce179.ap-south-1-1.ec2.cloud.redislabs.com","level":"info","message":"Initializing Redis client","port":16663,"requestId":"a48b3626-30eb-4071-9177-d0a6a0db950e","timestamp":"2026-01-16T10:00:00.051Z"}
{"event":"redis.connect.start","level":"info","message":"Connecting to Redis","requestId":"a48b3626-30eb-4071-9177-d0a6a0db950e","timestamp":"2026-01-16T10:00:00.053Z"}
{"event":"redis.socket.connected","level":"info","message":"Redis socket connected","requestId":"a48b3626-30eb-4071-9177-d0a6a0db950e","timestamp":"2026-01-16T10:00:00.268Z"}
{"event":"redis.socket.connected","level":"info","message":"Redis socket connected","requestId":"a48b3626-30eb-4071-9177-d0a6a0db950e","timestamp":"2026-01-16T10:00:00.269Z"}
{"event":"redis.client.ready","level":"info","message":"Redis client ready","requestId":"a48b3626-30eb-4071-9177-d0a6a0db950e","timestamp":"2026-01-16T10:00:00.285Z"}
{"event":"redis.client.ready","level":"info","message":"Redis client ready","requestId":"a48b3626-30eb-4071-9177-d0a6a0db950e","timestamp":"2026-01-16T10:00:00.286Z"}
{"event":"redis.connect.success","level":"info","message":"Redis connection established","requestId":"a48b3626-30eb-4071-9177-d0a6a0db950e","timestamp":"2026-01-16T10:00:00.287Z"}
{"event":"orders.flush.scan.started","level":"info","message":"Order flush scan started","requestId":"a48b3626-30eb-4071-9177-d0a6a0db950e","timestamp":"2026-01-16T10:00:00.287Z"}
{"event":"orders.flush.queue.empty","level":"info","message":"No order queues found","requestId":"a48b3626-30eb-4071-9177-d0a6a0db950e","timestamp":"2026-01-16T10:00:00.296Z"}
{"event":"billing.orders.cron.triggered","level":"info","message":"Order-based billing cron triggered","requestId":"20a161f5-2c2e-4ed2-a214-944a5015ee1a","timestamp":"2026-01-16T10:30:00.058Z"}
{"event":"billing.orders.scan.started","level":"info","message":"Order-based billing scan started","requestId":"20a161f5-2c2e-4ed2-a214-944a5015ee1a","timestamp":"2026-01-16T10:30:00.063Z"}
{"event":"orders.flush.cron.triggered","level":"info","message":"Hourly order flush cron triggered","requestId":"ca1c6a83-1702-4f06-a83c-01e3fa9b905b","timestamp":"2026-01-16T10:30:00.066Z"}
{"event":"orders.flush.scan.started","level":"info","message":"Order flush scan started","requestId":"ca1c6a83-1702-4f06-a83c-01e3fa9b905b","timestamp":"2026-01-16T10:30:00.066Z"}
{"event":"billing.cron.triggered","level":"info","message":"Store expiry cron triggered","requestId":"a8398dc2-262b-42d6-ab5e-648c51197211","timestamp":"2026-01-16T10:30:00.068Z"}
{"event":"billing.cron.scan.started","level":"info","maxPerRun":10,"message":"Store expiry scan started","requestId":"a8398dc2-262b-42d6-ab5e-648c51197211","timestamp":"2026-01-16T10:30:00.069Z"}
{"event":"orders.flush.queue.empty","level":"info","message":"No order queues found","requestId":"ca1c6a83-1702-4f06-a83c-01e3fa9b905b","timestamp":"2026-01-16T10:30:00.996Z"}
{"event":"billing.cron.no_expired_store","level":"info","message":"Next billing cycle has not expired yet","nextExpiry":"2026-02-05T06:31:22.283Z","nextShop":"bb-basic-optimaio-cart.myshopify.com","requestId":"a8398dc2-262b-42d6-ab5e-648c51197211","timestamp":"2026-01-16T10:30:00.996Z"}
{"event":"billing.cron.scan.completed","level":"info","message":"Store expiry scan completed","processed":0,"requestId":"a8398dc2-262b-42d6-ab5e-648c51197211","timestamp":"2026-01-16T10:30:00.996Z"}
{"currentTier":"GROW","eligibleTier":"GROW","event":"billing.orders.no_upgrade.higher","level":"info","message":"Store already on equal or higher tier","requestId":"20a161f5-2c2e-4ed2-a214-944a5015ee1a","storeId":"basic-optimaio-cart.myshopify.com","timestamp":"2026-01-16T10:30:01.166Z"}
{"event":"billing.orders.scan.completed","level":"info","message":"Order-based billing scan completed","requestId":"20a161f5-2c2e-4ed2-a214-944a5015ee1a","timestamp":"2026-01-16T10:30:01.194Z"}
{"event":"campaign.metafield.fetch.received","level":"info","message":"Fetch campaign metafield request received","requestId":"ce29c205-949d-4c10-8786-e9e87a573b7e","timestamp":"2026-01-16T10:33:46.774Z"}
{"event":"shop.currency.fetch.received","level":"info","message":"Fetch shop currency request received","requestId":"9dfc5368-9fd8-49f5-baec-9ef776b26c1a","timestamp":"2026-01-16T10:33:46.785Z"}
{"event":"campaign.metafield.fetch.start","key":"campaigns","level":"info","message":"Fetching campaign metafield","namespace":"optimaio_cart","requestId":"ce29c205-949d-4c10-8786-e9e87a573b7e","shop":"basic-optimaio-cart.myshopify.com","timestamp":"2026-01-16T10:33:46.838Z"}
{"event":"campaign.metafield.fetch.success","key":"campaigns","level":"info","message":"Campaign metafield fetched successfully","namespace":"optimaio_cart","requestId":"ce29c205-949d-4c10-8786-e9e87a573b7e","shop":"basic-optimaio-cart.myshopify.com","timestamp":"2026-01-16T10:33:47.428Z"}
{"event":"shop.currency.fetch.start","level":"info","message":"Fetching shop currency from Shopify","requestId":"9dfc5368-9fd8-49f5-baec-9ef776b26c1a","shop":"basic-optimaio-cart.myshopify.com","timestamp":"2026-01-16T10:33:47.438Z"}
{"event":"campaign.metafield.fetch.received","level":"info","message":"Fetch campaign metafield request received","requestId":"cc2ee22e-6e9a-4b7b-b9a3-8f066dc30c33","timestamp":"2026-01-16T10:33:47.776Z"}
{"event":"campaign.metafield.fetch.start","key":"campaigns","level":"info","message":"Fetching campaign metafield","namespace":"optimaio_cart","requestId":"cc2ee22e-6e9a-4b7b-b9a3-8f066dc30c33","shop":"basic-optimaio-cart.myshopify.com","timestamp":"2026-01-16T10:33:47.838Z"}
{"currencyCode":"USD","event":"shop.currency.fetch.success","level":"info","message":"Shop currency fetched successfully","requestId":"9dfc5368-9fd8-49f5-baec-9ef776b26c1a","shop":"basic-optimaio-cart.myshopify.com","timestamp":"2026-01-16T10:33:47.870Z"}
{"event":"campaign.metafield.fetch.success","key":"campaigns","level":"info","message":"Campaign metafield fetched successfully","namespace":"optimaio_cart","requestId":"cc2ee22e-6e9a-4b7b-b9a3-8f066dc30c33","shop":"basic-optimaio-cart.myshopify.com","timestamp":"2026-01-16T10:33:48.351Z"}
{"event":"shop.currency.fetch.received","level":"info","message":"Fetch shop currency request received","requestId":"5ef3411e-6105-4851-b924-d7d445c51173","timestamp":"2026-01-16T10:33:48.785Z"}
{"event":"shop.currency.fetch.start","level":"info","message":"Fetching shop currency from Shopify","requestId":"5ef3411e-6105-4851-b924-d7d445c51173","shop":"basic-optimaio-cart.myshopify.com","timestamp":"2026-01-16T10:33:48.853Z"}
{"currencyCode":"USD","event":"shop.currency.fetch.success","level":"info","message":"Shop currency fetched successfully","requestId":"5ef3411e-6105-4851-b924-d7d445c51173","shop":"basic-optimaio-cart.myshopify.com","timestamp":"2026-01-16T10:33:49.293Z"}
{"event":"orders.flush.cron.triggered","level":"info","message":"Hourly order flush cron triggered","requestId":"ca910db5-403d-494d-8b06-8990c272d2e9","timestamp":"2026-01-16T11:00:00.051Z"}
{"event":"orders.flush.scan.started","level":"info","message":"Order flush scan started","requestId":"ca910db5-403d-494d-8b06-8990c272d2e9","timestamp":"2026-01-16T11:00:00.052Z"}
{"event":"orders.flush.queue.empty","level":"info","message":"No order queues found","requestId":"ca910db5-403d-494d-8b06-8990c272d2e9","timestamp":"2026-01-16T11:00:00.061Z"}
{"event":"timer.fetch.received","level":"info","message":"Fetch cart timer request received","requestId":"a930223a-76a2-408c-9721-8ce78253603c","timestamp":"2026-01-16T11:22:08.314Z"}
{"event":"timer.fetch.start","level":"info","message":"Fetching cart timer metafield","requestId":"a930223a-76a2-408c-9721-8ce78253603c","shop":"basic-optimaio-cart.myshopify.com","timestamp":"2026-01-16T11:22:08.378Z"}
{"event":"timer.fetch.empty","level":"info","message":"Cart timer metafield not set","requestId":"a930223a-76a2-408c-9721-8ce78253603c","shop":"basic-optimaio-cart.myshopify.com","timestamp":"2026-01-16T11:22:09.210Z"}
{"event":"timer.fetch.received","level":"info","message":"Fetch cart timer request received","requestId":"32d373b2-f60b-4ea8-8219-1fafa6e495ea","timestamp":"2026-01-16T11:22:09.618Z"}
{"event":"timer.fetch.start","level":"info","message":"Fetching cart timer metafield","requestId":"32d373b2-f60b-4ea8-8219-1fafa6e495ea","shop":"basic-optimaio-cart.myshopify.com","timestamp":"2026-01-16T11:22:09.683Z"}
{"event":"timer.fetch.empty","level":"info","message":"Cart timer metafield not set","requestId":"32d373b2-f60b-4ea8-8219-1fafa6e495ea","shop":"basic-optimaio-cart.myshopify.com","timestamp":"2026-01-16T11:22:10.553Z"}
{"event":"cart.settings.save.received","level":"info","message":"Save cart settings request received","requestId":"391a16c3-ed93-4a6e-8701-7f8bc823a31e","timestamp":"2026-01-16T11:22:56.904Z"}
{"event":"cart.settings.save.start","level":"info","message":"Saving merged cart settings","requestId":"391a16c3-ed93-4a6e-8701-7f8bc823a31e","shop":"basic-optimaio-cart.myshopify.com","theme":"theme1","themeChanged":false,"timestamp":"2026-01-16T11:22:57.968Z"}
{"event":"cart.settings.save.success","level":"info","message":"Cart settings metafield saved","metafieldId":"gid://shopify/Metafield/37109577744632","requestId":"391a16c3-ed93-4a6e-8701-7f8bc823a31e","shopId":"gid://shopify/Shop/79578988792","timestamp":"2026-01-16T11:22:58.451Z"}
{"event":"cart.settings.save.completed","level":"info","message":"Cart settings saved successfully","requestId":"391a16c3-ed93-4a6e-8701-7f8bc823a31e","shop":"basic-optimaio-cart.myshopify.com","timestamp":"2026-01-16T11:22:58.451Z"}
{"event":"campaigns.webhook.received","level":"info","message":"Webhook received","requestId":"5c56f614-430a-5a52-9fb5-ea820c71ce49","shop":"basic-optimaio-cart.myshopify.com","timestamp":"2026-01-16T11:23:00.555Z","topic":"SHOP_UPDATE"}
{"event":"campaigns.no_change","level":"info","message":"No campaign changes detected","requestId":"5c56f614-430a-5a52-9fb5-ea820c71ce49","shop":"basic-optimaio-cart.myshopify.com","timestamp":"2026-01-16T11:23:01.081Z"}
{"event":"billing.orders.cron.triggered","level":"info","message":"Order-based billing cron triggered","requestId":"7fec48ef-8c4d-476d-bab0-4471d0b8f447","timestamp":"2026-01-16T11:30:00.036Z"}
{"event":"billing.orders.scan.started","level":"info","message":"Order-based billing scan started","requestId":"7fec48ef-8c4d-476d-bab0-4471d0b8f447","timestamp":"2026-01-16T11:30:00.037Z"}
{"event":"billing.cron.triggered","level":"info","message":"Store expiry cron triggered","requestId":"6bd3a398-e92a-480d-8e80-82a0b9c416bb","timestamp":"2026-01-16T11:30:00.038Z"}
{"event":"billing.cron.scan.started","level":"info","maxPerRun":10,"message":"Store expiry scan started","requestId":"6bd3a398-e92a-480d-8e80-82a0b9c416bb","timestamp":"2026-01-16T11:30:00.039Z"}
{"event":"orders.flush.cron.triggered","level":"info","message":"Hourly order flush cron triggered","requestId":"6312ec4d-64fd-4428-b5d3-d5352c0f70ab","timestamp":"2026-01-16T11:30:00.040Z"}
{"event":"orders.flush.scan.started","level":"info","message":"Order flush scan started","requestId":"6312ec4d-64fd-4428-b5d3-d5352c0f70ab","timestamp":"2026-01-16T11:30:00.041Z"}
{"event":"billing.cron.no_expired_store","level":"info","message":"Next billing cycle has not expired yet","nextExpiry":"2026-02-05T06:31:22.283Z","nextShop":"bb-basic-optimaio-cart.myshopify.com","requestId":"6bd3a398-e92a-480d-8e80-82a0b9c416bb","timestamp":"2026-01-16T11:30:00.050Z"}
{"event":"billing.cron.scan.completed","level":"info","message":"Store expiry scan completed","processed":0,"requestId":"6bd3a398-e92a-480d-8e80-82a0b9c416bb","timestamp":"2026-01-16T11:30:00.051Z"}
{"event":"orders.flush.queue.empty","level":"info","message":"No order queues found","requestId":"6312ec4d-64fd-4428-b5d3-d5352c0f70ab","timestamp":"2026-01-16T11:30:00.051Z"}
{"currentTier":"GROW","eligibleTier":"GROW","event":"billing.orders.no_upgrade.higher","level":"info","message":"Store already on equal or higher tier","requestId":"7fec48ef-8c4d-476d-bab0-4471d0b8f447","storeId":"basic-optimaio-cart.myshopify.com","timestamp":"2026-01-16T11:30:00.257Z"}
{"event":"billing.orders.scan.completed","level":"info","message":"Order-based billing scan completed","requestId":"7fec48ef-8c4d-476d-bab0-4471d0b8f447","timestamp":"2026-01-16T11:30:00.271Z"}
{"event":"campaign.metafield.fetch.received","level":"info","message":"Fetch campaign metafield request received","requestId":"de8009e6-e2d7-40e2-a786-bb8c43b575ce","timestamp":"2026-01-16T11:43:07.997Z"}
{"event":"campaign.metafield.fetch.start","key":"campaigns","level":"info","message":"Fetching campaign metafield","namespace":"optimaio_cart","requestId":"de8009e6-e2d7-40e2-a786-bb8c43b575ce","shop":"basic-optimaio-cart.myshopify.com","timestamp":"2026-01-16T11:43:08.123Z"}
{"event":"shop.currency.fetch.received","level":"info","message":"Fetch shop currency request received","requestId":"ee60944a-eb3a-48a4-a7cf-08e7f90932cb","timestamp":"2026-01-16T11:43:08.326Z"}
{"event":"shop.currency.fetch.start","level":"info","message":"Fetching shop currency from Shopify","requestId":"ee60944a-eb3a-48a4-a7cf-08e7f90932cb","shop":"basic-optimaio-cart.myshopify.com","timestamp":"2026-01-16T11:43:08.386Z"}
{"event":"campaign.metafield.fetch.success","key":"campaigns","level":"info","message":"Campaign metafield fetched successfully","namespace":"optimaio_cart","requestId":"de8009e6-e2d7-40e2-a786-bb8c43b575ce","shop":"basic-optimaio-cart.myshopify.com","timestamp":"2026-01-16T11:43:08.639Z"}
{"currencyCode":"USD","event":"shop.currency.fetch.success","level":"info","message":"Shop currency fetched successfully","requestId":"ee60944a-eb3a-48a4-a7cf-08e7f90932cb","shop":"basic-optimaio-cart.myshopify.com","timestamp":"2026-01-16T11:43:08.910Z"}
{"event":"campaign.metafield.fetch.received","level":"info","message":"Fetch campaign metafield request received","requestId":"267bb63d-a1e2-4ebc-a79d-aeff3ebf4994","timestamp":"2026-01-16T11:43:08.977Z"}
{"event":"campaign.metafield.fetch.start","key":"campaigns","level":"info","message":"Fetching campaign metafield","namespace":"optimaio_cart","requestId":"267bb63d-a1e2-4ebc-a79d-aeff3ebf4994","shop":"basic-optimaio-cart.myshopify.com","timestamp":"2026-01-16T11:43:09.034Z"}
{"event":"shop.currency.fetch.received","level":"info","message":"Fetch shop currency request received","requestId":"0f487819-5013-4cd1-81a9-20057a3718ce","timestamp":"2026-01-16T11:43:09.288Z"}
{"event":"shop.currency.fetch.start","level":"info","message":"Fetching shop currency from Shopify","requestId":"0f487819-5013-4cd1-81a9-20057a3718ce","shop":"basic-optimaio-cart.myshopify.com","timestamp":"2026-01-16T11:43:09.348Z"}
{"event":"campaign.metafield.fetch.success","key":"campaigns","level":"info","message":"Campaign metafield fetched successfully","namespace":"optimaio_cart","requestId":"267bb63d-a1e2-4ebc-a79d-aeff3ebf4994","shop":"basic-optimaio-cart.myshopify.com","timestamp":"2026-01-16T11:43:09.463Z"}
{"currencyCode":"USD","event":"shop.currency.fetch.success","level":"info","message":"Shop currency fetched successfully","requestId":"0f487819-5013-4cd1-81a9-20057a3718ce","shop":"basic-optimaio-cart.myshopify.com","timestamp":"2026-01-16T11:43:09.784Z"}
{"event":"shop.currency.fetch.received","level":"info","message":"Fetch shop currency request received","requestId":"e09bc976-4691-482d-961a-3315f689aa6d","timestamp":"2026-01-16T11:53:31.545Z"}
{"event":"shop.currency.fetch.start","level":"info","message":"Fetching shop currency from Shopify","requestId":"e09bc976-4691-482d-961a-3315f689aa6d","shop":"basic-optimaio-cart.myshopify.com","timestamp":"2026-01-16T11:53:31.609Z"}
{"event":"campaign.metafield.fetch.received","level":"info","message":"Fetch campaign metafield request received","requestId":"f3a3ebe0-0ad8-4441-b33a-2d720b3a0db2","timestamp":"2026-01-16T11:53:31.807Z"}
{"event":"campaign.metafield.fetch.start","key":"campaigns","level":"info","message":"Fetching campaign metafield","namespace":"optimaio_cart","requestId":"f3a3ebe0-0ad8-4441-b33a-2d720b3a0db2","shop":"basic-optimaio-cart.myshopify.com","timestamp":"2026-01-16T11:53:31.872Z"}
{"currencyCode":"USD","event":"shop.currency.fetch.success","level":"info","message":"Shop currency fetched successfully","requestId":"e09bc976-4691-482d-961a-3315f689aa6d","shop":"basic-optimaio-cart.myshopify.com","timestamp":"2026-01-16T11:53:32.156Z"}
{"event":"campaign.metafield.fetch.success","key":"campaigns","level":"info","message":"Campaign metafield fetched successfully","namespace":"optimaio_cart","requestId":"f3a3ebe0-0ad8-4441-b33a-2d720b3a0db2","shop":"basic-optimaio-cart.myshopify.com","timestamp":"2026-01-16T11:53:32.396Z"}
{"event":"shop.currency.fetch.received","level":"info","message":"Fetch shop currency request received","requestId":"8d9e6069-d663-4861-a3b4-dc81024b7d58","timestamp":"2026-01-16T11:53:32.642Z"}
{"event":"shop.currency.fetch.start","level":"info","message":"Fetching shop currency from Shopify","requestId":"8d9e6069-d663-4861-a3b4-dc81024b7d58","shop":"basic-optimaio-cart.myshopify.com","timestamp":"2026-01-16T11:53:32.707Z"}
{"event":"campaign.metafield.fetch.received","level":"info","message":"Fetch campaign metafield request received","requestId":"a68c9d43-fb36-4954-b055-56704e533ef7","timestamp":"2026-01-16T11:53:32.939Z"}
{"event":"campaign.metafield.fetch.start","key":"campaigns","level":"info","message":"Fetching campaign metafield","namespace":"optimaio_cart","requestId":"a68c9d43-fb36-4954-b055-56704e533ef7","shop":"basic-optimaio-cart.myshopify.com","timestamp":"2026-01-16T11:53:33.008Z"}
{"currencyCode":"USD","event":"shop.currency.fetch.success","level":"info","message":"Shop currency fetched successfully","requestId":"8d9e6069-d663-4861-a3b4-dc81024b7d58","shop":"basic-optimaio-cart.myshopify.com","timestamp":"2026-01-16T11:53:33.133Z"}
{"event":"campaign.metafield.fetch.success","key":"campaigns","level":"info","message":"Campaign metafield fetched successfully","namespace":"optimaio_cart","requestId":"a68c9d43-fb36-4954-b055-56704e533ef7","shop":"basic-optimaio-cart.myshopify.com","timestamp":"2026-01-16T11:53:33.458Z"}
{"event":"timer.fetch.received","level":"info","message":"Fetch cart timer request received","requestId":"0b67d052-7c28-4ce5-8d87-a56c193ab54b","timestamp":"2026-01-16T11:53:35.481Z"}
{"event":"timer.fetch.start","level":"info","message":"Fetching cart timer metafield","requestId":"0b67d052-7c28-4ce5-8d87-a56c193ab54b","shop":"basic-optimaio-cart.myshopify.com","timestamp":"2026-01-16T11:53:35.547Z"}
{"event":"timer.fetch.empty","level":"info","message":"Cart timer metafield not set","requestId":"0b67d052-7c28-4ce5-8d87-a56c193ab54b","shop":"basic-optimaio-cart.myshopify.com","timestamp":"2026-01-16T11:53:36.327Z"}
{"event":"timer.fetch.received","level":"info","message":"Fetch cart timer request received","requestId":"3cdfe880-7879-4010-ac0b-6c402f548e6c","timestamp":"2026-01-16T11:53:36.852Z"}
{"event":"timer.fetch.start","level":"info","message":"Fetching cart timer metafield","requestId":"3cdfe880-7879-4010-ac0b-6c402f548e6c","shop":"basic-optimaio-cart.myshopify.com","timestamp":"2026-01-16T11:53:36.917Z"}
{"event":"timer.fetch.empty","level":"info","message":"Cart timer metafield not set","requestId":"3cdfe880-7879-4010-ac0b-6c402f548e6c","shop":"basic-optimaio-cart.myshopify.com","timestamp":"2026-01-16T11:53:37.801Z"}
{"event":"orders.flush.cron.triggered","level":"info","message":"Hourly order flush cron triggered","requestId":"21d904a7-eae6-4ef4-971c-56e73dfa3468","timestamp":"2026-01-16T12:00:00.044Z"}
{"event":"orders.flush.scan.started","level":"info","message":"Order flush scan started","requestId":"21d904a7-eae6-4ef4-971c-56e73dfa3468","timestamp":"2026-01-16T12:00:00.045Z"}
{"event":"orders.flush.queue.empty","level":"info","message":"No order queues found","requestId":"21d904a7-eae6-4ef4-971c-56e73dfa3468","timestamp":"2026-01-16T12:00:00.054Z"}
{"event":"webhook.received","level":"info","message":"Webhook received","requestId":"80471d44-78b2-5ab1-a4ce-223ae3b7f94e","shop":"basic-optimaio-cart.myshopify.com","timestamp":"2026-01-16T12:00:08.084Z","topic":"APP_SUBSCRIPTIONS_UPDATE"}
{"event":"webhook.received","level":"info","message":"Webhook received","requestId":"27738698-c38f-5d94-89b4-a9fcc7441cf5","shop":"basic-optimaio-cart.myshopify.com","timestamp":"2026-01-16T12:00:08.113Z","topic":"APP_SUBSCRIPTIONS_UPDATE"}
{"event":"billing.lock.skipped","level":"info","message":"Billing skipped due to active lock","requestId":"27738698-c38f-5d94-89b4-a9fcc7441cf5","shop":"basic-optimaio-cart.myshopify.com","timestamp":"2026-01-16T12:00:08.121Z"}
{"event":"webhook.received","level":"info","message":"Webhook received","requestId":"9dac8ec1-3c8c-5c68-8d49-661f62fb3c10","shop":"basic-optimaio-cart.myshopify.com","timestamp":"2026-01-16T12:00:08.371Z","topic":"APP_SUBSCRIPTIONS_UPDATE"}
{"event":"webhook.received","level":"info","message":"Webhook received","requestId":"1b216bef-ec00-5a37-82ee-1d3be8d3e873","shop":"basic-optimaio-cart.myshopify.com","timestamp":"2026-01-16T12:00:08.372Z","topic":"APP_SUBSCRIPTIONS_UPDATE"}
{"event":"billing.lock.skipped","level":"info","message":"Billing skipped due to active lock","requestId":"9dac8ec1-3c8c-5c68-8d49-661f62fb3c10","shop":"basic-optimaio-cart.myshopify.com","timestamp":"2026-01-16T12:00:08.381Z"}
{"event":"billing.lock.skipped","level":"info","message":"Billing skipped due to active lock","requestId":"1b216bef-ec00-5a37-82ee-1d3be8d3e873","shop":"basic-optimaio-cart.myshopify.com","timestamp":"2026-01-16T12:00:08.381Z"}
{"event":"webhook.received","level":"info","message":"Webhook received","requestId":"2fb6c87d-08d1-5c02-b590-f8c1416f5995","shop":"basic-optimaio-cart.myshopify.com","timestamp":"2026-01-16T12:00:08.485Z","topic":"APP_SUBSCRIPTIONS_UPDATE"}
{"event":"billing.lock.skipped","level":"info","message":"Billing skipped due to active lock","requestId":"2fb6c87d-08d1-5c02-b590-f8c1416f5995","shop":"basic-optimaio-cart.myshopify.com","timestamp":"2026-01-16T12:00:08.498Z"}
{"event":"billing.subscription.inactive","level":"info","message":"Subscription not active","requestId":"80471d44-78b2-5ab1-a4ce-223ae3b7f94e","shop":"basic-optimaio-cart.myshopify.com","subscriptionId":"gid://shopify/AppSubscription/31078252792","timestamp":"2026-01-16T12:00:08.753Z"}
{"event":"billing.orders.cron.triggered","level":"info","message":"Order-based billing cron triggered","requestId":"1dc5faf4-5b85-4f4e-ac7d-396b4b8a6d93","timestamp":"2026-01-16T12:30:00.055Z"}
{"event":"billing.orders.scan.started","level":"info","message":"Order-based billing scan started","requestId":"1dc5faf4-5b85-4f4e-ac7d-396b4b8a6d93","timestamp":"2026-01-16T12:30:00.055Z"}
{"event":"billing.cron.triggered","level":"info","message":"Store expiry cron triggered","requestId":"4d85080d-e475-47a7-9bfc-eb87e1ec3a8a","timestamp":"2026-01-16T12:30:00.057Z"}
{"event":"billing.cron.scan.started","level":"info","maxPerRun":10,"message":"Store expiry scan started","requestId":"4d85080d-e475-47a7-9bfc-eb87e1ec3a8a","timestamp":"2026-01-16T12:30:00.058Z"}
{"event":"orders.flush.cron.triggered","level":"info","message":"Hourly order flush cron triggered","requestId":"1fdbe3f8-ffbb-458c-93ea-78298a2ae3ac","timestamp":"2026-01-16T12:30:00.059Z"}
{"event":"orders.flush.scan.started","level":"info","message":"Order flush scan started","requestId":"1fdbe3f8-ffbb-458c-93ea-78298a2ae3ac","timestamp":"2026-01-16T12:30:00.059Z"}
{"event":"billing.cron.no_expired_store","level":"info","message":"Next billing cycle has not expired yet","nextExpiry":"2026-02-05T06:31:22.283Z","nextShop":"bb-basic-optimaio-cart.myshopify.com","requestId":"4d85080d-e475-47a7-9bfc-eb87e1ec3a8a","timestamp":"2026-01-16T12:30:00.073Z"}
{"event":"billing.cron.scan.completed","level":"info","message":"Store expiry scan completed","processed":0,"requestId":"4d85080d-e475-47a7-9bfc-eb87e1ec3a8a","timestamp":"2026-01-16T12:30:00.074Z"}
{"event":"orders.flush.queue.empty","level":"info","message":"No order queues found","requestId":"1fdbe3f8-ffbb-458c-93ea-78298a2ae3ac","timestamp":"2026-01-16T12:30:00.075Z"}
{"currentTier":"GROW","eligibleTier":"GROW","event":"billing.orders.no_upgrade.higher","level":"info","message":"Store already on equal or higher tier","requestId":"1dc5faf4-5b85-4f4e-ac7d-396b4b8a6d93","storeId":"basic-optimaio-cart.myshopify.com","timestamp":"2026-01-16T12:30:00.671Z"}
{"event":"billing.orders.scan.completed","level":"info","message":"Order-based billing scan completed","requestId":"1dc5faf4-5b85-4f4e-ac7d-396b4b8a6d93","timestamp":"2026-01-16T12:30:00.693Z"}
{"event":"shop.currency.fetch.received","level":"info","message":"Fetch shop currency request received","requestId":"9cbb2113-c4ff-44fd-8d81-0d2dab01a704","timestamp":"2026-01-16T12:55:46.565Z"}
{"event":"campaign.metafield.fetch.received","level":"info","message":"Fetch campaign metafield request received","requestId":"00d13cf6-4ea0-4823-93f5-55217cd7ed71","timestamp":"2026-01-16T12:55:46.570Z"}
{"event":"shop.currency.fetch.start","level":"info","message":"Fetching shop currency from Shopify","requestId":"9cbb2113-c4ff-44fd-8d81-0d2dab01a704","shop":"basic-optimaio-cart.myshopify.com","timestamp":"2026-01-16T12:55:46.628Z"}
{"event":"campaign.metafield.fetch.start","key":"campaigns","level":"info","message":"Fetching campaign metafield","namespace":"optimaio_cart","requestId":"00d13cf6-4ea0-4823-93f5-55217cd7ed71","shop":"basic-optimaio-cart.myshopify.com","timestamp":"2026-01-16T12:55:46.632Z"}
{"event":"campaign.metafield.fetch.success","key":"campaigns","level":"info","message":"Campaign metafield fetched successfully","namespace":"optimaio_cart","requestId":"00d13cf6-4ea0-4823-93f5-55217cd7ed71","shop":"basic-optimaio-cart.myshopify.com","timestamp":"2026-01-16T12:55:47.182Z"}
{"currencyCode":"USD","event":"shop.currency.fetch.success","level":"info","message":"Shop currency fetched successfully","requestId":"9cbb2113-c4ff-44fd-8d81-0d2dab01a704","shop":"basic-optimaio-cart.myshopify.com","timestamp":"2026-01-16T12:55:47.248Z"}
{"event":"campaign.metafield.fetch.received","level":"info","message":"Fetch campaign metafield request received","requestId":"51c71c01-a3d2-44f3-a15d-37842fffafac","timestamp":"2026-01-16T12:55:47.680Z"}
{"event":"campaign.metafield.fetch.start","key":"campaigns","level":"info","message":"Fetching campaign metafield","namespace":"optimaio_cart","requestId":"51c71c01-a3d2-44f3-a15d-37842fffafac","shop":"basic-optimaio-cart.myshopify.com","timestamp":"2026-01-16T12:55:47.755Z"}
{"event":"campaign.metafield.fetch.success","key":"campaigns","level":"info","message":"Campaign metafield fetched successfully","namespace":"optimaio_cart","requestId":"51c71c01-a3d2-44f3-a15d-37842fffafac","shop":"basic-optimaio-cart.myshopify.com","timestamp":"2026-01-16T12:55:48.199Z"}
{"event":"shop.currency.fetch.received","level":"info","message":"Fetch shop currency request received","requestId":"1ce40111-16fd-4299-a01c-070a95bb69b6","timestamp":"2026-01-16T12:55:48.567Z"}
{"event":"shop.currency.fetch.start","level":"info","message":"Fetching shop currency from Shopify","requestId":"1ce40111-16fd-4299-a01c-070a95bb69b6","shop":"basic-optimaio-cart.myshopify.com","timestamp":"2026-01-16T12:55:48.695Z"}
{"currencyCode":"USD","event":"shop.currency.fetch.success","level":"info","message":"Shop currency fetched successfully","requestId":"1ce40111-16fd-4299-a01c-070a95bb69b6","shop":"basic-optimaio-cart.myshopify.com","timestamp":"2026-01-16T12:55:49.139Z"}
{"event":"timer.fetch.received","level":"info","message":"Fetch cart timer request received","requestId":"f37821eb-0e72-42b3-afc2-978ac0e5a59b","timestamp":"2026-01-16T12:55:49.778Z"}
{"event":"timer.fetch.start","level":"info","message":"Fetching cart timer metafield","requestId":"f37821eb-0e72-42b3-afc2-978ac0e5a59b","shop":"basic-optimaio-cart.myshopify.com","timestamp":"2026-01-16T12:55:49.838Z"}
{"event":"timer.fetch.empty","level":"info","message":"Cart timer metafield not set","requestId":"f37821eb-0e72-42b3-afc2-978ac0e5a59b","shop":"basic-optimaio-cart.myshopify.com","timestamp":"2026-01-16T12:55:50.966Z"}
{"event":"timer.fetch.received","level":"info","message":"Fetch cart timer request received","requestId":"8553989b-cf8c-4318-81f5-8583d0d3c96a","timestamp":"2026-01-16T12:55:51.512Z"}
{"event":"timer.fetch.start","level":"info","message":"Fetching cart timer metafield","requestId":"8553989b-cf8c-4318-81f5-8583d0d3c96a","shop":"basic-optimaio-cart.myshopify.com","timestamp":"2026-01-16T12:55:51.578Z"}
{"event":"timer.fetch.empty","level":"info","message":"Cart timer metafield not set","requestId":"8553989b-cf8c-4318-81f5-8583d0d3c96a","shop":"basic-optimaio-cart.myshopify.com","timestamp":"2026-01-16T12:55:52.694Z"}
{"event":"orders.flush.cron.triggered","level":"info","message":"Hourly order flush cron triggered","requestId":"1675412b-096e-421b-bb77-80ebb64b05df","timestamp":"2026-01-16T13:00:00.047Z"}
{"event":"orders.flush.scan.started","level":"info","message":"Order flush scan started","requestId":"1675412b-096e-421b-bb77-80ebb64b05df","timestamp":"2026-01-16T13:00:00.048Z"}
{"event":"orders.flush.queue.empty","level":"info","message":"No order queues found","requestId":"1675412b-096e-421b-bb77-80ebb64b05df","timestamp":"2026-01-16T13:00:00.136Z"}
