{"event":"shop.currency.fetch.received","level":"info","message":"Fetch shop currency request received","requestId":"87fef91e-ebcf-4b8f-aa95-6447ea1aec79","timestamp":"2026-02-02T04:27:15.468Z"}
{"event":"campaign.metafield.fetch.received","level":"info","message":"Fetch campaign metafield request received","requestId":"43086fee-d088-4f3e-abff-e763dd6f1f5a","timestamp":"2026-02-02T04:27:15.502Z"}
{"event":"shop.currency.fetch.start","level":"info","message":"Fetching shop currency from Shopify","requestId":"87fef91e-ebcf-4b8f-aa95-6447ea1aec79","shop":"basic-optimaio-cart.myshopify.com","timestamp":"2026-02-02T04:27:15.622Z"}
{"event":"campaign.metafield.fetch.start","key":"campaigns","level":"info","message":"Fetching campaign metafield","namespace":"optimaio_cart","requestId":"43086fee-d088-4f3e-abff-e763dd6f1f5a","shop":"basic-optimaio-cart.myshopify.com","timestamp":"2026-02-02T04:27:16.313Z"}
{"currencyCode":"USD","event":"shop.currency.fetch.success","level":"info","message":"Shop currency fetched successfully","requestId":"87fef91e-ebcf-4b8f-aa95-6447ea1aec79","shop":"basic-optimaio-cart.myshopify.com","timestamp":"2026-02-02T04:27:16.410Z"}
{"event":"shop.currency.fetch.received","level":"info","message":"Fetch shop currency request received","requestId":"adb0d1da-c2de-478d-88a3-65f8140e338d","timestamp":"2026-02-02T04:27:16.709Z"}
{"event":"shop.currency.fetch.start","level":"info","message":"Fetching shop currency from Shopify","requestId":"adb0d1da-c2de-478d-88a3-65f8140e338d","shop":"basic-optimaio-cart.myshopify.com","timestamp":"2026-02-02T04:27:16.780Z"}
{"event":"campaign.metafield.fetch.success","key":"campaigns","level":"info","message":"Campaign metafield fetched successfully","namespace":"optimaio_cart","requestId":"43086fee-d088-4f3e-abff-e763dd6f1f5a","shop":"basic-optimaio-cart.myshopify.com","timestamp":"2026-02-02T04:27:16.887Z"}
{"event":"campaign.metafield.fetch.received","level":"info","message":"Fetch campaign metafield request received","requestId":"4aad1e0b-014e-4d3d-ad68-334225483129","timestamp":"2026-02-02T04:27:17.159Z"}
{"event":"campaign.metafield.fetch.start","key":"campaigns","level":"info","message":"Fetching campaign metafield","namespace":"optimaio_cart","requestId":"4aad1e0b-014e-4d3d-ad68-334225483129","shop":"basic-optimaio-cart.myshopify.com","timestamp":"2026-02-02T04:27:17.233Z"}
{"event":"campaign.metafield.fetch.success","key":"campaigns","level":"info","message":"Campaign metafield fetched successfully","namespace":"optimaio_cart","requestId":"4aad1e0b-014e-4d3d-ad68-334225483129","shop":"basic-optimaio-cart.myshopify.com","timestamp":"2026-02-02T04:27:17.649Z"}
{"currencyCode":"USD","event":"shop.currency.fetch.success","level":"info","message":"Shop currency fetched successfully","requestId":"adb0d1da-c2de-478d-88a3-65f8140e338d","shop":"basic-optimaio-cart.myshopify.com","timestamp":"2026-02-02T04:27:17.928Z"}
{"event":"shop.currency.fetch.received","level":"info","message":"Fetch shop currency request received","requestId":"fd36fe67-db67-4de6-9e41-6560cc1ef243","timestamp":"2026-02-02T04:27:30.343Z"}
{"event":"campaign.metafield.fetch.received","level":"info","message":"Fetch campaign metafield request received","requestId":"99596068-2b77-430e-ba4b-411e04fc9cda","timestamp":"2026-02-02T04:27:30.357Z"}
{"event":"shop.currency.fetch.start","level":"info","message":"Fetching shop currency from Shopify","requestId":"fd36fe67-db67-4de6-9e41-6560cc1ef243","shop":"basic-optimaio-cart.myshopify.com","timestamp":"2026-02-02T04:27:30.414Z"}
{"event":"campaign.metafield.fetch.start","key":"campaigns","level":"info","message":"Fetching campaign metafield","namespace":"optimaio_cart","requestId":"99596068-2b77-430e-ba4b-411e04fc9cda","shop":"basic-optimaio-cart.myshopify.com","timestamp":"2026-02-02T04:27:30.501Z"}
{"currencyCode":"USD","event":"shop.currency.fetch.success","level":"info","message":"Shop currency fetched successfully","requestId":"fd36fe67-db67-4de6-9e41-6560cc1ef243","shop":"basic-optimaio-cart.myshopify.com","timestamp":"2026-02-02T04:27:30.981Z"}
{"event":"campaign.metafield.fetch.success","key":"campaigns","level":"info","message":"Campaign metafield fetched successfully","namespace":"optimaio_cart","requestId":"99596068-2b77-430e-ba4b-411e04fc9cda","shop":"basic-optimaio-cart.myshopify.com","timestamp":"2026-02-02T04:27:31.006Z"}
{"event":"shop.currency.fetch.received","level":"info","message":"Fetch shop currency request received","requestId":"a2768d8f-c7a6-409e-8da7-15698d13a62a","timestamp":"2026-02-02T04:27:31.071Z"}
{"event":"campaign.metafield.fetch.received","level":"info","message":"Fetch campaign metafield request received","requestId":"e4b75a40-41e4-4793-847a-962726662d28","timestamp":"2026-02-02T04:27:31.098Z"}
{"event":"shop.currency.fetch.start","level":"info","message":"Fetching shop currency from Shopify","requestId":"a2768d8f-c7a6-409e-8da7-15698d13a62a","shop":"basic-optimaio-cart.myshopify.com","timestamp":"2026-02-02T04:27:31.150Z"}
{"event":"campaign.metafield.fetch.start","key":"campaigns","level":"info","message":"Fetching campaign metafield","namespace":"optimaio_cart","requestId":"e4b75a40-41e4-4793-847a-962726662d28","shop":"basic-optimaio-cart.myshopify.com","timestamp":"2026-02-02T04:27:31.169Z"}
{"currencyCode":"USD","event":"shop.currency.fetch.success","level":"info","message":"Shop currency fetched successfully","requestId":"a2768d8f-c7a6-409e-8da7-15698d13a62a","shop":"basic-optimaio-cart.myshopify.com","timestamp":"2026-02-02T04:27:31.630Z"}
{"event":"campaign.metafield.fetch.success","key":"campaigns","level":"info","message":"Campaign metafield fetched successfully","namespace":"optimaio_cart","requestId":"e4b75a40-41e4-4793-847a-962726662d28","shop":"basic-optimaio-cart.myshopify.com","timestamp":"2026-02-02T04:27:31.637Z"}
{"event":"billing.orders.cron.triggered","level":"info","message":"Order-based billing cron triggered","requestId":"b7d425aa-8635-46a1-9be4-60911d03e996","timestamp":"2026-02-02T04:30:00.046Z"}
{"event":"redis.client.init","host":"redis-16663.crce179.ap-south-1-1.ec2.cloud.redislabs.com","level":"info","message":"Initializing Redis client","port":16663,"requestId":"b7d425aa-8635-46a1-9be4-60911d03e996","timestamp":"2026-02-02T04:30:00.047Z"}
{"event":"redis.connect.start","level":"info","message":"Connecting to Redis","requestId":"b7d425aa-8635-46a1-9be4-60911d03e996","timestamp":"2026-02-02T04:30:00.049Z"}
{"event":"billing.cron.triggered","level":"info","message":"Store expiry cron triggered","requestId":"97ea7e49-0c35-4f7a-8cb7-bd8299e8fa7a","timestamp":"2026-02-02T04:30:00.050Z"}
{"event":"billing.cron.scan.started","level":"info","maxPerRun":10,"message":"Store expiry scan started","requestId":"97ea7e49-0c35-4f7a-8cb7-bd8299e8fa7a","timestamp":"2026-02-02T04:30:00.051Z"}
{"event":"orders.flush.cron.triggered","level":"info","message":"Hourly order flush cron triggered","requestId":"d84982c6-34bd-4821-a646-2ae27fb86f76","timestamp":"2026-02-02T04:30:00.053Z"}
{"event":"orders.flush.scan.started","level":"info","message":"Order flush scan started","requestId":"d84982c6-34bd-4821-a646-2ae27fb86f76","timestamp":"2026-02-02T04:30:00.053Z"}
{"event":"redis.socket.connected","level":"info","message":"Redis socket connected","requestId":"b7d425aa-8635-46a1-9be4-60911d03e996","timestamp":"2026-02-02T04:30:00.293Z"}
{"event":"redis.socket.connected","level":"info","message":"Redis socket connected","requestId":"b7d425aa-8635-46a1-9be4-60911d03e996","timestamp":"2026-02-02T04:30:00.293Z"}
{"event":"redis.client.ready","level":"info","message":"Redis client ready","requestId":"b7d425aa-8635-46a1-9be4-60911d03e996","timestamp":"2026-02-02T04:30:00.319Z"}
{"event":"redis.client.ready","level":"info","message":"Redis client ready","requestId":"b7d425aa-8635-46a1-9be4-60911d03e996","timestamp":"2026-02-02T04:30:00.320Z"}
{"event":"redis.connect.success","level":"info","message":"Redis connection established","requestId":"b7d425aa-8635-46a1-9be4-60911d03e996","timestamp":"2026-02-02T04:30:00.321Z"}
{"event":"billing.orders.scan.started","level":"info","message":"Order-based billing scan started","requestId":"b7d425aa-8635-46a1-9be4-60911d03e996","timestamp":"2026-02-02T04:30:00.321Z"}
{"event":"billing.cron.no_expired_store","level":"info","message":"Next billing cycle has not expired yet","nextExpiry":"2026-02-05T06:31:22.283Z","nextShop":"bb-basic-optimaio-cart.myshopify.com","requestId":"97ea7e49-0c35-4f7a-8cb7-bd8299e8fa7a","timestamp":"2026-02-02T04:30:00.329Z"}
{"event":"billing.cron.scan.completed","level":"info","message":"Store expiry scan completed","processed":0,"requestId":"97ea7e49-0c35-4f7a-8cb7-bd8299e8fa7a","timestamp":"2026-02-02T04:30:00.330Z"}
{"event":"orders.flush.queue.empty","level":"info","message":"No order queues found","requestId":"d84982c6-34bd-4821-a646-2ae27fb86f76","timestamp":"2026-02-02T04:30:00.333Z"}
{"event":"billing.orders.zero","level":"info","message":"No orders for store, skipping upgrade","requestId":"b7d425aa-8635-46a1-9be4-60911d03e996","storeId":"basic-optimaio-cart.myshopify.com","timestamp":"2026-02-02T04:30:00.591Z"}
{"event":"billing.orders.scan.completed","level":"info","message":"Order-based billing scan completed","requestId":"b7d425aa-8635-46a1-9be4-60911d03e996","timestamp":"2026-02-02T04:30:00.623Z"}
{"event":"shop.currency.fetch.received","level":"info","message":"Fetch shop currency request received","requestId":"890193ec-9ecf-4888-be5b-72832ff38944","timestamp":"2026-02-02T04:30:28.615Z"}
{"event":"campaign.metafield.fetch.received","level":"info","message":"Fetch campaign metafield request received","requestId":"9664e5c7-d1db-4a8c-8431-4d7db6421a2a","timestamp":"2026-02-02T04:30:28.682Z"}
{"event":"shop.currency.fetch.start","level":"info","message":"Fetching shop currency from Shopify","requestId":"890193ec-9ecf-4888-be5b-72832ff38944","shop":"basic-optimaio-cart.myshopify.com","timestamp":"2026-02-02T04:30:28.704Z"}
{"currencyCode":"USD","event":"shop.currency.fetch.success","level":"info","message":"Shop currency fetched successfully","requestId":"890193ec-9ecf-4888-be5b-72832ff38944","shop":"basic-optimaio-cart.myshopify.com","timestamp":"2026-02-02T04:30:29.455Z"}
{"event":"campaign.metafield.fetch.start","key":"campaigns","level":"info","message":"Fetching campaign metafield","namespace":"optimaio_cart","requestId":"9664e5c7-d1db-4a8c-8431-4d7db6421a2a","shop":"basic-optimaio-cart.myshopify.com","timestamp":"2026-02-02T04:30:29.642Z"}
{"event":"campaign.metafield.fetch.success","key":"campaigns","level":"info","message":"Campaign metafield fetched successfully","namespace":"optimaio_cart","requestId":"9664e5c7-d1db-4a8c-8431-4d7db6421a2a","shop":"basic-optimaio-cart.myshopify.com","timestamp":"2026-02-02T04:30:30.083Z"}
{"event":"shop.currency.fetch.received","level":"info","message":"Fetch shop currency request received","requestId":"928cdc70-cb52-498a-8474-7810f91a0cb7","timestamp":"2026-02-02T04:30:34.635Z"}
{"event":"campaign.metafield.fetch.received","level":"info","message":"Fetch campaign metafield request received","requestId":"163558ca-6cec-4847-abb4-b66473959e48","timestamp":"2026-02-02T04:30:34.643Z"}
{"event":"shop.currency.fetch.start","level":"info","message":"Fetching shop currency from Shopify","requestId":"928cdc70-cb52-498a-8474-7810f91a0cb7","shop":"basic-optimaio-cart.myshopify.com","timestamp":"2026-02-02T04:30:34.704Z"}
{"event":"campaign.metafield.fetch.start","key":"campaigns","level":"info","message":"Fetching campaign metafield","namespace":"optimaio_cart","requestId":"163558ca-6cec-4847-abb4-b66473959e48","shop":"basic-optimaio-cart.myshopify.com","timestamp":"2026-02-02T04:30:34.714Z"}
{"currencyCode":"USD","event":"shop.currency.fetch.success","level":"info","message":"Shop currency fetched successfully","requestId":"928cdc70-cb52-498a-8474-7810f91a0cb7","shop":"basic-optimaio-cart.myshopify.com","timestamp":"2026-02-02T04:30:35.261Z"}
{"event":"shop.currency.fetch.received","level":"info","message":"Fetch shop currency request received","requestId":"4e58dd6a-8c0e-4f70-8e68-ed06ec61e08e","timestamp":"2026-02-02T04:30:35.567Z"}
{"event":"shop.currency.fetch.start","level":"info","message":"Fetching shop currency from Shopify","requestId":"4e58dd6a-8c0e-4f70-8e68-ed06ec61e08e","shop":"basic-optimaio-cart.myshopify.com","timestamp":"2026-02-02T04:30:35.640Z"}
{"event":"campaign.metafield.fetch.success","key":"campaigns","level":"info","message":"Campaign metafield fetched successfully","namespace":"optimaio_cart","requestId":"163558ca-6cec-4847-abb4-b66473959e48","shop":"basic-optimaio-cart.myshopify.com","timestamp":"2026-02-02T04:30:35.849Z"}
{"currencyCode":"USD","event":"shop.currency.fetch.success","level":"info","message":"Shop currency fetched successfully","requestId":"4e58dd6a-8c0e-4f70-8e68-ed06ec61e08e","shop":"basic-optimaio-cart.myshopify.com","timestamp":"2026-02-02T04:30:36.053Z"}
{"event":"campaign.metafield.fetch.received","level":"info","message":"Fetch campaign metafield request received","requestId":"c28b945a-1202-4862-833c-e4fd45c25d63","timestamp":"2026-02-02T04:30:36.118Z"}
{"event":"campaign.metafield.fetch.start","key":"campaigns","level":"info","message":"Fetching campaign metafield","namespace":"optimaio_cart","requestId":"c28b945a-1202-4862-833c-e4fd45c25d63","shop":"basic-optimaio-cart.myshopify.com","timestamp":"2026-02-02T04:30:36.190Z"}
{"event":"campaign.metafield.fetch.success","key":"campaigns","level":"info","message":"Campaign metafield fetched successfully","namespace":"optimaio_cart","requestId":"c28b945a-1202-4862-833c-e4fd45c25d63","shop":"basic-optimaio-cart.myshopify.com","timestamp":"2026-02-02T04:30:36.688Z"}
{"event":"shop.currency.fetch.received","level":"info","message":"Fetch shop currency request received","requestId":"9b5dd2c0-287c-41b0-884e-1fd78dd5e563","timestamp":"2026-02-02T04:30:47.532Z"}
{"event":"campaign.metafield.fetch.received","level":"info","message":"Fetch campaign metafield request received","requestId":"90791d8a-391c-4e47-bfa6-a60a43b39fcd","timestamp":"2026-02-02T04:30:47.544Z"}
{"event":"shop.currency.fetch.start","level":"info","message":"Fetching shop currency from Shopify","requestId":"9b5dd2c0-287c-41b0-884e-1fd78dd5e563","shop":"basic-optimaio-cart.myshopify.com","timestamp":"2026-02-02T04:30:47.643Z"}
{"event":"campaign.metafield.fetch.start","key":"campaigns","level":"info","message":"Fetching campaign metafield","namespace":"optimaio_cart","requestId":"90791d8a-391c-4e47-bfa6-a60a43b39fcd","shop":"basic-optimaio-cart.myshopify.com","timestamp":"2026-02-02T04:30:47.764Z"}
{"currencyCode":"USD","event":"shop.currency.fetch.success","level":"info","message":"Shop currency fetched successfully","requestId":"9b5dd2c0-287c-41b0-884e-1fd78dd5e563","shop":"basic-optimaio-cart.myshopify.com","timestamp":"2026-02-02T04:30:48.565Z"}
{"event":"shop.currency.fetch.received","level":"info","message":"Fetch shop currency request received","requestId":"e3b7d76e-4073-4a86-8ba2-b68d1924e614","timestamp":"2026-02-02T04:30:48.676Z"}
{"event":"shop.currency.fetch.start","level":"info","message":"Fetching shop currency from Shopify","requestId":"e3b7d76e-4073-4a86-8ba2-b68d1924e614","shop":"basic-optimaio-cart.myshopify.com","timestamp":"2026-02-02T04:30:48.765Z"}
{"event":"campaign.metafield.fetch.success","key":"campaigns","level":"info","message":"Campaign metafield fetched successfully","namespace":"optimaio_cart","requestId":"90791d8a-391c-4e47-bfa6-a60a43b39fcd","shop":"basic-optimaio-cart.myshopify.com","timestamp":"2026-02-02T04:30:48.774Z"}
{"event":"campaign.metafield.fetch.received","level":"info","message":"Fetch campaign metafield request received","requestId":"80fb9b12-bcd7-4ce6-947b-8d0f34997542","timestamp":"2026-02-02T04:30:48.939Z"}
{"event":"campaign.metafield.fetch.start","key":"campaigns","level":"info","message":"Fetching campaign metafield","namespace":"optimaio_cart","requestId":"80fb9b12-bcd7-4ce6-947b-8d0f34997542","shop":"basic-optimaio-cart.myshopify.com","timestamp":"2026-02-02T04:30:49.036Z"}
{"currencyCode":"USD","event":"shop.currency.fetch.success","level":"info","message":"Shop currency fetched successfully","requestId":"e3b7d76e-4073-4a86-8ba2-b68d1924e614","shop":"basic-optimaio-cart.myshopify.com","timestamp":"2026-02-02T04:30:49.203Z"}
{"event":"campaign.metafield.fetch.success","key":"campaigns","level":"info","message":"Campaign metafield fetched successfully","namespace":"optimaio_cart","requestId":"80fb9b12-bcd7-4ce6-947b-8d0f34997542","shop":"basic-optimaio-cart.myshopify.com","timestamp":"2026-02-02T04:30:49.487Z"}
{"event":"campaign.metafield.fetch.received","level":"info","message":"Fetch campaign metafield request received","requestId":"c34d77b3-f9c8-4250-bf13-ea8782038bdd","timestamp":"2026-02-02T04:35:45.644Z"}
{"event":"shop.currency.fetch.received","level":"info","message":"Fetch shop currency request received","requestId":"322af888-36f4-434b-91cb-b021955537df","timestamp":"2026-02-02T04:35:45.656Z"}
{"event":"campaign.metafield.fetch.start","key":"campaigns","level":"info","message":"Fetching campaign metafield","namespace":"optimaio_cart","requestId":"c34d77b3-f9c8-4250-bf13-ea8782038bdd","shop":"basic-optimaio-cart.myshopify.com","timestamp":"2026-02-02T04:35:45.720Z"}
{"event":"shop.currency.fetch.start","level":"info","message":"Fetching shop currency from Shopify","requestId":"322af888-36f4-434b-91cb-b021955537df","shop":"basic-optimaio-cart.myshopify.com","timestamp":"2026-02-02T04:35:45.727Z"}
{"event":"campaign.metafield.fetch.success","key":"campaigns","level":"info","message":"Campaign metafield fetched successfully","namespace":"optimaio_cart","requestId":"c34d77b3-f9c8-4250-bf13-ea8782038bdd","shop":"basic-optimaio-cart.myshopify.com","timestamp":"2026-02-02T04:35:46.350Z"}
{"currencyCode":"USD","event":"shop.currency.fetch.success","level":"info","message":"Shop currency fetched successfully","requestId":"322af888-36f4-434b-91cb-b021955537df","shop":"basic-optimaio-cart.myshopify.com","timestamp":"2026-02-02T04:35:46.359Z"}
{"event":"shop.currency.fetch.received","level":"info","message":"Fetch shop currency request received","requestId":"693cc63f-a9b7-430a-939c-265284f7ea4a","timestamp":"2026-02-02T04:35:52.434Z"}
{"event":"campaign.metafield.fetch.received","level":"info","message":"Fetch campaign metafield request received","requestId":"e6e7e5a4-c31c-4006-95b7-8097fd4c510a","timestamp":"2026-02-02T04:35:52.445Z"}
{"event":"shop.currency.fetch.start","level":"info","message":"Fetching shop currency from Shopify","requestId":"693cc63f-a9b7-430a-939c-265284f7ea4a","shop":"basic-optimaio-cart.myshopify.com","timestamp":"2026-02-02T04:35:52.503Z"}
{"event":"campaign.metafield.fetch.start","key":"campaigns","level":"info","message":"Fetching campaign metafield","namespace":"optimaio_cart","requestId":"e6e7e5a4-c31c-4006-95b7-8097fd4c510a","shop":"basic-optimaio-cart.myshopify.com","timestamp":"2026-02-02T04:35:52.519Z"}
{"currencyCode":"USD","event":"shop.currency.fetch.success","level":"info","message":"Shop currency fetched successfully","requestId":"693cc63f-a9b7-430a-939c-265284f7ea4a","shop":"basic-optimaio-cart.myshopify.com","timestamp":"2026-02-02T04:35:53.015Z"}
{"event":"shop.currency.fetch.received","level":"info","message":"Fetch shop currency request received","requestId":"00aebd0e-89bf-43f0-aaed-89e838ce0268","timestamp":"2026-02-02T04:35:53.099Z"}
{"event":"campaign.metafield.fetch.success","key":"campaigns","level":"info","message":"Campaign metafield fetched successfully","namespace":"optimaio_cart","requestId":"e6e7e5a4-c31c-4006-95b7-8097fd4c510a","shop":"basic-optimaio-cart.myshopify.com","timestamp":"2026-02-02T04:35:53.113Z"}
{"event":"shop.currency.fetch.start","level":"info","message":"Fetching shop currency from Shopify","requestId":"00aebd0e-89bf-43f0-aaed-89e838ce0268","shop":"basic-optimaio-cart.myshopify.com","timestamp":"2026-02-02T04:35:53.177Z"}
{"event":"campaign.metafield.fetch.received","level":"info","message":"Fetch campaign metafield request received","requestId":"aed9c8c5-0629-4240-aa30-b1e7f1b1e143","timestamp":"2026-02-02T04:35:53.221Z"}
{"event":"campaign.metafield.fetch.start","key":"campaigns","level":"info","message":"Fetching campaign metafield","namespace":"optimaio_cart","requestId":"aed9c8c5-0629-4240-aa30-b1e7f1b1e143","shop":"basic-optimaio-cart.myshopify.com","timestamp":"2026-02-02T04:35:53.307Z"}
{"currencyCode":"USD","event":"shop.currency.fetch.success","level":"info","message":"Shop currency fetched successfully","requestId":"00aebd0e-89bf-43f0-aaed-89e838ce0268","shop":"basic-optimaio-cart.myshopify.com","timestamp":"2026-02-02T04:35:53.581Z"}
{"event":"campaign.metafield.fetch.success","key":"campaigns","level":"info","message":"Campaign metafield fetched successfully","namespace":"optimaio_cart","requestId":"aed9c8c5-0629-4240-aa30-b1e7f1b1e143","shop":"basic-optimaio-cart.myshopify.com","timestamp":"2026-02-02T04:35:53.818Z"}
{"event":"shop.currency.fetch.received","level":"info","message":"Fetch shop currency request received","requestId":"602e36e6-54ce-42ec-a421-df83e78a7733","timestamp":"2026-02-02T04:36:07.821Z"}
{"event":"campaign.metafield.fetch.received","level":"info","message":"Fetch campaign metafield request received","requestId":"5d8f6c6e-b674-4572-b9ca-fea6716f23f7","timestamp":"2026-02-02T04:36:07.839Z"}
{"event":"shop.currency.fetch.start","level":"info","message":"Fetching shop currency from Shopify","requestId":"602e36e6-54ce-42ec-a421-df83e78a7733","shop":"basic-optimaio-cart.myshopify.com","timestamp":"2026-02-02T04:36:07.920Z"}
{"event":"campaign.metafield.fetch.start","key":"campaigns","level":"info","message":"Fetching campaign metafield","namespace":"optimaio_cart","requestId":"5d8f6c6e-b674-4572-b9ca-fea6716f23f7","shop":"basic-optimaio-cart.myshopify.com","timestamp":"2026-02-02T04:36:07.989Z"}
{"currencyCode":"USD","event":"shop.currency.fetch.success","level":"info","message":"Shop currency fetched successfully","requestId":"602e36e6-54ce-42ec-a421-df83e78a7733","shop":"basic-optimaio-cart.myshopify.com","timestamp":"2026-02-02T04:36:08.485Z"}
{"event":"shop.currency.fetch.received","level":"info","message":"Fetch shop currency request received","requestId":"50b22294-0ecc-4f8d-8ac2-3ac7cdf6ddee","timestamp":"2026-02-02T04:36:08.583Z"}
{"event":"campaign.metafield.fetch.success","key":"campaigns","level":"info","message":"Campaign metafield fetched successfully","namespace":"optimaio_cart","requestId":"5d8f6c6e-b674-4572-b9ca-fea6716f23f7","shop":"basic-optimaio-cart.myshopify.com","timestamp":"2026-02-02T04:36:08.634Z"}
{"event":"shop.currency.fetch.start","level":"info","message":"Fetching shop currency from Shopify","requestId":"50b22294-0ecc-4f8d-8ac2-3ac7cdf6ddee","shop":"basic-optimaio-cart.myshopify.com","timestamp":"2026-02-02T04:36:08.655Z"}
{"event":"campaign.metafield.fetch.received","level":"info","message":"Fetch campaign metafield request received","requestId":"a1f0cfab-dc05-476c-a2c3-f9426bee26fc","timestamp":"2026-02-02T04:36:08.705Z"}
{"event":"campaign.metafield.fetch.start","key":"campaigns","level":"info","message":"Fetching campaign metafield","namespace":"optimaio_cart","requestId":"a1f0cfab-dc05-476c-a2c3-f9426bee26fc","shop":"basic-optimaio-cart.myshopify.com","timestamp":"2026-02-02T04:36:08.777Z"}
{"currencyCode":"USD","event":"shop.currency.fetch.success","level":"info","message":"Shop currency fetched successfully","requestId":"50b22294-0ecc-4f8d-8ac2-3ac7cdf6ddee","shop":"basic-optimaio-cart.myshopify.com","timestamp":"2026-02-02T04:36:09.079Z"}
{"event":"campaign.metafield.fetch.success","key":"campaigns","level":"info","message":"Campaign metafield fetched successfully","namespace":"optimaio_cart","requestId":"a1f0cfab-dc05-476c-a2c3-f9426bee26fc","shop":"basic-optimaio-cart.myshopify.com","timestamp":"2026-02-02T04:36:09.179Z"}
{"event":"timer.fetch.received","level":"info","message":"Fetch cart timer request received","requestId":"f0ce024c-eaf7-47d1-8b84-1da3c60e628d","timestamp":"2026-02-02T04:40:14.935Z"}
{"event":"timer.fetch.start","level":"info","message":"Fetching cart timer metafield","requestId":"f0ce024c-eaf7-47d1-8b84-1da3c60e628d","shop":"basic-optimaio-cart.myshopify.com","timestamp":"2026-02-02T04:40:15.005Z"}
{"event":"timer.fetch.success","level":"info","message":"Cart timer fetched successfully","requestId":"f0ce024c-eaf7-47d1-8b84-1da3c60e628d","shop":"basic-optimaio-cart.myshopify.com","timestamp":"2026-02-02T04:40:15.933Z"}
{"event":"timer.fetch.received","level":"info","message":"Fetch cart timer request received","requestId":"bda2b3ad-ac3f-49b8-a5c5-c49e20b6a4fe","timestamp":"2026-02-02T04:40:16.314Z"}
{"event":"timer.fetch.start","level":"info","message":"Fetching cart timer metafield","requestId":"bda2b3ad-ac3f-49b8-a5c5-c49e20b6a4fe","shop":"basic-optimaio-cart.myshopify.com","timestamp":"2026-02-02T04:40:16.384Z"}
{"event":"timer.fetch.success","level":"info","message":"Cart timer fetched successfully","requestId":"bda2b3ad-ac3f-49b8-a5c5-c49e20b6a4fe","shop":"basic-optimaio-cart.myshopify.com","timestamp":"2026-02-02T04:40:17.353Z"}
{"event":"shop.currency.fetch.received","level":"info","message":"Fetch shop currency request received","requestId":"db9de994-6ee1-4ec2-b3ea-9b5eae78c157","timestamp":"2026-02-02T04:41:03.070Z"}
{"event":"campaign.metafield.fetch.received","level":"info","message":"Fetch campaign metafield request received","requestId":"8b4759a6-9105-4bc7-afd8-940a7d394aa1","timestamp":"2026-02-02T04:41:03.074Z"}
{"event":"shop.currency.fetch.start","level":"info","message":"Fetching shop currency from Shopify","requestId":"db9de994-6ee1-4ec2-b3ea-9b5eae78c157","shop":"basic-optimaio-cart.myshopify.com","timestamp":"2026-02-02T04:41:03.138Z"}
{"event":"campaign.metafield.fetch.start","key":"campaigns","level":"info","message":"Fetching campaign metafield","namespace":"optimaio_cart","requestId":"8b4759a6-9105-4bc7-afd8-940a7d394aa1","shop":"basic-optimaio-cart.myshopify.com","timestamp":"2026-02-02T04:41:03.142Z"}
{"currencyCode":"USD","event":"shop.currency.fetch.success","level":"info","message":"Shop currency fetched successfully","requestId":"db9de994-6ee1-4ec2-b3ea-9b5eae78c157","shop":"basic-optimaio-cart.myshopify.com","timestamp":"2026-02-02T04:41:03.684Z"}
{"event":"campaign.metafield.fetch.success","key":"campaigns","level":"info","message":"Campaign metafield fetched successfully","namespace":"optimaio_cart","requestId":"8b4759a6-9105-4bc7-afd8-940a7d394aa1","shop":"basic-optimaio-cart.myshopify.com","timestamp":"2026-02-02T04:41:03.700Z"}
{"event":"shop.currency.fetch.received","level":"info","message":"Fetch shop currency request received","requestId":"d8706520-9492-45da-97d7-849282d40aee","timestamp":"2026-02-02T04:41:03.964Z"}
{"event":"campaign.metafield.fetch.received","level":"info","message":"Fetch campaign metafield request received","requestId":"5288fb61-6750-421b-9df2-484f18a98efb","timestamp":"2026-02-02T04:41:03.982Z"}
{"event":"shop.currency.fetch.start","level":"info","message":"Fetching shop currency from Shopify","requestId":"d8706520-9492-45da-97d7-849282d40aee","shop":"basic-optimaio-cart.myshopify.com","timestamp":"2026-02-02T04:41:04.035Z"}
{"event":"campaign.metafield.fetch.start","key":"campaigns","level":"info","message":"Fetching campaign metafield","namespace":"optimaio_cart","requestId":"5288fb61-6750-421b-9df2-484f18a98efb","shop":"basic-optimaio-cart.myshopify.com","timestamp":"2026-02-02T04:41:04.064Z"}
{"currencyCode":"USD","event":"shop.currency.fetch.success","level":"info","message":"Shop currency fetched successfully","requestId":"d8706520-9492-45da-97d7-849282d40aee","shop":"basic-optimaio-cart.myshopify.com","timestamp":"2026-02-02T04:41:04.503Z"}
{"event":"campaign.metafield.fetch.success","key":"campaigns","level":"info","message":"Campaign metafield fetched successfully","namespace":"optimaio_cart","requestId":"5288fb61-6750-421b-9df2-484f18a98efb","shop":"basic-optimaio-cart.myshopify.com","timestamp":"2026-02-02T04:41:04.508Z"}
{"event":"campaign.delete.received","level":"info","message":"Delete campaign request received","requestId":"0c7b1006-5360-44a5-ab22-34887da3387d","timestamp":"2026-02-02T04:41:05.516Z"}
{"campaignId":"cmp_1768555151520_89025","event":"campaign.delete.update_start","level":"info","message":"Campaign removed locally, updating metafield","remaining":2,"requestId":"0c7b1006-5360-44a5-ab22-34887da3387d","shop":"basic-optimaio-cart.myshopify.com","timestamp":"2026-02-02T04:41:06.053Z"}
{"campaignId":"cmp_1768555151520_89025","event":"campaign.delete.success","level":"info","message":"Campaign deleted successfully","remaining":2,"requestId":"0c7b1006-5360-44a5-ab22-34887da3387d","shop":"basic-optimaio-cart.myshopify.com","timestamp":"2026-02-02T04:41:06.520Z"}
{"event":"campaigns.webhook.received","level":"info","message":"Webhook received","requestId":"0f2cd2f1-6d15-5647-a401-17a3c0bc083a","shop":"basic-optimaio-cart.myshopify.com","timestamp":"2026-02-02T04:41:08.282Z","topic":"SHOP_UPDATE"}
{"campaignsCount":0,"event":"campaigns.redis.updated","level":"info","message":"Campaigns updated in Redis","requestId":"0f2cd2f1-6d15-5647-a401-17a3c0bc083a","shop":"basic-optimaio-cart.myshopify.com","timestamp":"2026-02-02T04:41:08.892Z"}
{"event":"campaign.metafield.fetch.received","level":"info","message":"Fetch campaign metafield request received","requestId":"2e0dfc4a-44c1-49f6-997f-a5f9dd9b29d0","timestamp":"2026-02-02T04:41:57.883Z"}
{"event":"shop.currency.fetch.received","level":"info","message":"Fetch shop currency request received","requestId":"62f17a79-c85e-47ca-adc4-9ac4d171a1be","timestamp":"2026-02-02T04:41:57.913Z"}
{"event":"campaign.metafield.fetch.start","key":"campaigns","level":"info","message":"Fetching campaign metafield","namespace":"optimaio_cart","requestId":"2e0dfc4a-44c1-49f6-997f-a5f9dd9b29d0","shop":"basic-optimaio-cart.myshopify.com","timestamp":"2026-02-02T04:41:57.954Z"}
{"event":"shop.currency.fetch.start","level":"info","message":"Fetching shop currency from Shopify","requestId":"62f17a79-c85e-47ca-adc4-9ac4d171a1be","shop":"basic-optimaio-cart.myshopify.com","timestamp":"2026-02-02T04:41:58.045Z"}
{"event":"campaign.metafield.fetch.success","key":"campaigns","level":"info","message":"Campaign metafield fetched successfully","namespace":"optimaio_cart","requestId":"2e0dfc4a-44c1-49f6-997f-a5f9dd9b29d0","shop":"basic-optimaio-cart.myshopify.com","timestamp":"2026-02-02T04:41:58.457Z"}
{"currencyCode":"USD","event":"shop.currency.fetch.success","level":"info","message":"Shop currency fetched successfully","requestId":"62f17a79-c85e-47ca-adc4-9ac4d171a1be","shop":"basic-optimaio-cart.myshopify.com","timestamp":"2026-02-02T04:41:58.557Z"}
{"event":"shop.currency.fetch.received","level":"info","message":"Fetch shop currency request received","requestId":"a4ec63d3-ef28-488d-b965-d056f266f1cd","timestamp":"2026-02-02T04:42:02.938Z"}
{"event":"campaign.metafield.fetch.received","level":"info","message":"Fetch campaign metafield request received","requestId":"1d621261-fd8c-4c65-8963-84ecf5fe2ca8","timestamp":"2026-02-02T04:42:02.948Z"}
{"event":"shop.currency.fetch.start","level":"info","message":"Fetching shop currency from Shopify","requestId":"a4ec63d3-ef28-488d-b965-d056f266f1cd","shop":"basic-optimaio-cart.myshopify.com","timestamp":"2026-02-02T04:42:03.008Z"}
{"event":"campaign.metafield.fetch.start","key":"campaigns","level":"info","message":"Fetching campaign metafield","namespace":"optimaio_cart","requestId":"1d621261-fd8c-4c65-8963-84ecf5fe2ca8","shop":"basic-optimaio-cart.myshopify.com","timestamp":"2026-02-02T04:42:03.023Z"}
{"event":"campaign.metafield.fetch.success","key":"campaigns","level":"info","message":"Campaign metafield fetched successfully","namespace":"optimaio_cart","requestId":"1d621261-fd8c-4c65-8963-84ecf5fe2ca8","shop":"basic-optimaio-cart.myshopify.com","timestamp":"2026-02-02T04:42:03.527Z"}
{"currencyCode":"USD","event":"shop.currency.fetch.success","level":"info","message":"Shop currency fetched successfully","requestId":"a4ec63d3-ef28-488d-b965-d056f266f1cd","shop":"basic-optimaio-cart.myshopify.com","timestamp":"2026-02-02T04:42:03.532Z"}
{"event":"shop.currency.fetch.received","level":"info","message":"Fetch shop currency request received","requestId":"1cf20134-3ba4-410f-85f1-d007ffbb8498","timestamp":"2026-02-02T04:42:03.591Z"}
{"event":"campaign.metafield.fetch.received","level":"info","message":"Fetch campaign metafield request received","requestId":"d4954632-4156-4537-aa72-67d68ab83c33","timestamp":"2026-02-02T04:42:03.600Z"}
{"event":"shop.currency.fetch.start","level":"info","message":"Fetching shop currency from Shopify","requestId":"1cf20134-3ba4-410f-85f1-d007ffbb8498","shop":"basic-optimaio-cart.myshopify.com","timestamp":"2026-02-02T04:42:03.661Z"}
{"event":"campaign.metafield.fetch.start","key":"campaigns","level":"info","message":"Fetching campaign metafield","namespace":"optimaio_cart","requestId":"d4954632-4156-4537-aa72-67d68ab83c33","shop":"basic-optimaio-cart.myshopify.com","timestamp":"2026-02-02T04:42:03.673Z"}
{"currencyCode":"USD","event":"shop.currency.fetch.success","level":"info","message":"Shop currency fetched successfully","requestId":"1cf20134-3ba4-410f-85f1-d007ffbb8498","shop":"basic-optimaio-cart.myshopify.com","timestamp":"2026-02-02T04:42:04.097Z"}
{"event":"campaign.metafield.fetch.success","key":"campaigns","level":"info","message":"Campaign metafield fetched successfully","namespace":"optimaio_cart","requestId":"d4954632-4156-4537-aa72-67d68ab83c33","shop":"basic-optimaio-cart.myshopify.com","timestamp":"2026-02-02T04:42:04.103Z"}
{"event":"shop.currency.fetch.received","level":"info","message":"Fetch shop currency request received","requestId":"7dc10612-0494-4dde-8153-a8b5d9a4eb0b","timestamp":"2026-02-02T04:42:19.745Z"}
{"event":"campaign.metafield.fetch.received","level":"info","message":"Fetch campaign metafield request received","requestId":"398b70a2-4bab-4272-80f4-38aaf348f67a","timestamp":"2026-02-02T04:42:19.752Z"}
{"event":"shop.currency.fetch.start","level":"info","message":"Fetching shop currency from Shopify","requestId":"7dc10612-0494-4dde-8153-a8b5d9a4eb0b","shop":"basic-optimaio-cart.myshopify.com","timestamp":"2026-02-02T04:42:19.898Z"}
{"event":"campaign.metafield.fetch.start","key":"campaigns","level":"info","message":"Fetching campaign metafield","namespace":"optimaio_cart","requestId":"398b70a2-4bab-4272-80f4-38aaf348f67a","shop":"basic-optimaio-cart.myshopify.com","timestamp":"2026-02-02T04:42:20.037Z"}
{"currencyCode":"USD","event":"shop.currency.fetch.success","level":"info","message":"Shop currency fetched successfully","requestId":"7dc10612-0494-4dde-8153-a8b5d9a4eb0b","shop":"basic-optimaio-cart.myshopify.com","timestamp":"2026-02-02T04:42:20.682Z"}
{"event":"campaign.metafield.fetch.success","key":"campaigns","level":"info","message":"Campaign metafield fetched successfully","namespace":"optimaio_cart","requestId":"398b70a2-4bab-4272-80f4-38aaf348f67a","shop":"basic-optimaio-cart.myshopify.com","timestamp":"2026-02-02T04:42:20.840Z"}
{"event":"timer.fetch.received","level":"info","message":"Fetch cart timer request received","requestId":"c6824c99-7db8-4bee-9f5f-496e46938608","timestamp":"2026-02-02T04:42:33.798Z"}
{"event":"timer.fetch.start","level":"info","message":"Fetching cart timer metafield","requestId":"c6824c99-7db8-4bee-9f5f-496e46938608","shop":"basic-optimaio-cart.myshopify.com","timestamp":"2026-02-02T04:42:33.869Z"}
{"event":"timer.fetch.success","level":"info","message":"Cart timer fetched successfully","requestId":"c6824c99-7db8-4bee-9f5f-496e46938608","shop":"basic-optimaio-cart.myshopify.com","timestamp":"2026-02-02T04:42:34.841Z"}
{"event":"timer.fetch.received","level":"info","message":"Fetch cart timer request received","requestId":"d5c88a8e-1563-4839-a9de-b816cc440b9a","timestamp":"2026-02-02T04:42:35.248Z"}
{"event":"timer.fetch.start","level":"info","message":"Fetching cart timer metafield","requestId":"d5c88a8e-1563-4839-a9de-b816cc440b9a","shop":"basic-optimaio-cart.myshopify.com","timestamp":"2026-02-02T04:42:35.387Z"}
{"event":"timer.fetch.success","level":"info","message":"Cart timer fetched successfully","requestId":"d5c88a8e-1563-4839-a9de-b816cc440b9a","shop":"basic-optimaio-cart.myshopify.com","timestamp":"2026-02-02T04:42:36.224Z"}
{"event":"shop.currency.fetch.received","level":"info","message":"Fetch shop currency request received","requestId":"4cb3d1d8-4d61-4471-8bc7-7f1defedcda3","timestamp":"2026-02-02T04:42:41.786Z"}
{"event":"campaign.metafield.fetch.received","level":"info","message":"Fetch campaign metafield request received","requestId":"4f71f3eb-9488-47cc-8c38-7c2eb6c58c72","timestamp":"2026-02-02T04:42:41.796Z"}
{"event":"shop.currency.fetch.start","level":"info","message":"Fetching shop currency from Shopify","requestId":"4cb3d1d8-4d61-4471-8bc7-7f1defedcda3","shop":"basic-optimaio-cart.myshopify.com","timestamp":"2026-02-02T04:42:41.857Z"}
{"event":"campaign.metafield.fetch.start","key":"campaigns","level":"info","message":"Fetching campaign metafield","namespace":"optimaio_cart","requestId":"4f71f3eb-9488-47cc-8c38-7c2eb6c58c72","shop":"basic-optimaio-cart.myshopify.com","timestamp":"2026-02-02T04:42:41.926Z"}
{"currencyCode":"USD","event":"shop.currency.fetch.success","level":"info","message":"Shop currency fetched successfully","requestId":"4cb3d1d8-4d61-4471-8bc7-7f1defedcda3","shop":"basic-optimaio-cart.myshopify.com","timestamp":"2026-02-02T04:42:42.433Z"}
{"event":"shop.currency.fetch.received","level":"info","message":"Fetch shop currency request received","requestId":"28885af1-d2a8-410b-bdfb-b581707c6db1","timestamp":"2026-02-02T04:42:42.510Z"}
{"event":"campaign.metafield.fetch.success","key":"campaigns","level":"info","message":"Campaign metafield fetched successfully","namespace":"optimaio_cart","requestId":"4f71f3eb-9488-47cc-8c38-7c2eb6c58c72","shop":"basic-optimaio-cart.myshopify.com","timestamp":"2026-02-02T04:42:42.523Z"}
{"event":"shop.currency.fetch.start","level":"info","message":"Fetching shop currency from Shopify","requestId":"28885af1-d2a8-410b-bdfb-b581707c6db1","shop":"basic-optimaio-cart.myshopify.com","timestamp":"2026-02-02T04:42:42.582Z"}
{"event":"campaign.metafield.fetch.received","level":"info","message":"Fetch campaign metafield request received","requestId":"06f130dd-b738-4f5e-8bac-b2e4be4243db","timestamp":"2026-02-02T04:42:42.643Z"}
{"event":"campaign.metafield.fetch.start","key":"campaigns","level":"info","message":"Fetching campaign metafield","namespace":"optimaio_cart","requestId":"06f130dd-b738-4f5e-8bac-b2e4be4243db","shop":"basic-optimaio-cart.myshopify.com","timestamp":"2026-02-02T04:42:42.718Z"}
{"currencyCode":"USD","event":"shop.currency.fetch.success","level":"info","message":"Shop currency fetched successfully","requestId":"28885af1-d2a8-410b-bdfb-b581707c6db1","shop":"basic-optimaio-cart.myshopify.com","timestamp":"2026-02-02T04:42:43.035Z"}
{"event":"campaign.metafield.fetch.success","key":"campaigns","level":"info","message":"Campaign metafield fetched successfully","namespace":"optimaio_cart","requestId":"06f130dd-b738-4f5e-8bac-b2e4be4243db","shop":"basic-optimaio-cart.myshopify.com","timestamp":"2026-02-02T04:42:43.134Z"}
{"event":"shop.currency.fetch.received","level":"info","message":"Fetch shop currency request received","requestId":"ffee576b-fd48-4e15-8449-ca88e8a6cd8c","timestamp":"2026-02-02T04:42:49.310Z"}
{"event":"campaign.metafield.fetch.received","level":"info","message":"Fetch campaign metafield request received","requestId":"89d1dbeb-3a46-48a9-85dd-72aadb18bda9","timestamp":"2026-02-02T04:42:49.316Z"}
{"event":"shop.currency.fetch.start","level":"info","message":"Fetching shop currency from Shopify","requestId":"ffee576b-fd48-4e15-8449-ca88e8a6cd8c","shop":"basic-optimaio-cart.myshopify.com","timestamp":"2026-02-02T04:42:49.375Z"}
{"event":"campaign.metafield.fetch.start","key":"campaigns","level":"info","message":"Fetching campaign metafield","namespace":"optimaio_cart","requestId":"89d1dbeb-3a46-48a9-85dd-72aadb18bda9","shop":"basic-optimaio-cart.myshopify.com","timestamp":"2026-02-02T04:42:49.388Z"}
{"currencyCode":"USD","event":"shop.currency.fetch.success","level":"info","message":"Shop currency fetched successfully","requestId":"ffee576b-fd48-4e15-8449-ca88e8a6cd8c","shop":"basic-optimaio-cart.myshopify.com","timestamp":"2026-02-02T04:42:49.871Z"}
{"event":"campaign.metafield.fetch.success","key":"campaigns","level":"info","message":"Campaign metafield fetched successfully","namespace":"optimaio_cart","requestId":"89d1dbeb-3a46-48a9-85dd-72aadb18bda9","shop":"basic-optimaio-cart.myshopify.com","timestamp":"2026-02-02T04:42:49.931Z"}
{"event":"shop.currency.fetch.received","level":"info","message":"Fetch shop currency request received","requestId":"2d6df70f-5e88-412f-bb92-d357ed994772","timestamp":"2026-02-02T04:42:49.953Z"}
{"event":"campaign.metafield.fetch.received","level":"info","message":"Fetch campaign metafield request received","requestId":"562561ce-70a0-4606-a5f8-f62fc56782ab","timestamp":"2026-02-02T04:42:50.021Z"}
{"event":"shop.currency.fetch.start","level":"info","message":"Fetching shop currency from Shopify","requestId":"2d6df70f-5e88-412f-bb92-d357ed994772","shop":"basic-optimaio-cart.myshopify.com","timestamp":"2026-02-02T04:42:50.037Z"}
{"event":"campaign.metafield.fetch.start","key":"campaigns","level":"info","message":"Fetching campaign metafield","namespace":"optimaio_cart","requestId":"562561ce-70a0-4606-a5f8-f62fc56782ab","shop":"basic-optimaio-cart.myshopify.com","timestamp":"2026-02-02T04:42:50.089Z"}
{"currencyCode":"USD","event":"shop.currency.fetch.success","level":"info","message":"Shop currency fetched successfully","requestId":"2d6df70f-5e88-412f-bb92-d357ed994772","shop":"basic-optimaio-cart.myshopify.com","timestamp":"2026-02-02T04:42:50.469Z"}
{"event":"campaign.metafield.fetch.success","key":"campaigns","level":"info","message":"Campaign metafield fetched successfully","namespace":"optimaio_cart","requestId":"562561ce-70a0-4606-a5f8-f62fc56782ab","shop":"basic-optimaio-cart.myshopify.com","timestamp":"2026-02-02T04:42:50.544Z"}
{"event":"campaign.metafield.fetch.received","level":"info","message":"Fetch campaign metafield request received","requestId":"3f0b6ccb-26a6-4f32-912b-8075827a1d7b","timestamp":"2026-02-02T04:43:26.337Z"}
{"event":"shop.currency.fetch.received","level":"info","message":"Fetch shop currency request received","requestId":"438cdca3-abc8-4132-812f-f0aba7d5bb9f","timestamp":"2026-02-02T04:43:26.355Z"}
{"event":"campaign.metafield.fetch.start","key":"campaigns","level":"info","message":"Fetching campaign metafield","namespace":"optimaio_cart","requestId":"3f0b6ccb-26a6-4f32-912b-8075827a1d7b","shop":"basic-optimaio-cart.myshopify.com","timestamp":"2026-02-02T04:43:26.431Z"}
{"event":"shop.currency.fetch.start","level":"info","message":"Fetching shop currency from Shopify","requestId":"438cdca3-abc8-4132-812f-f0aba7d5bb9f","shop":"basic-optimaio-cart.myshopify.com","timestamp":"2026-02-02T04:43:26.501Z"}
{"event":"campaign.metafield.fetch.success","key":"campaigns","level":"info","message":"Campaign metafield fetched successfully","namespace":"optimaio_cart","requestId":"3f0b6ccb-26a6-4f32-912b-8075827a1d7b","shop":"basic-optimaio-cart.myshopify.com","timestamp":"2026-02-02T04:43:26.995Z"}
{"currencyCode":"USD","event":"shop.currency.fetch.success","level":"info","message":"Shop currency fetched successfully","requestId":"438cdca3-abc8-4132-812f-f0aba7d5bb9f","shop":"basic-optimaio-cart.myshopify.com","timestamp":"2026-02-02T04:43:27.070Z"}
{"event":"campaign.metafield.fetch.received","level":"info","message":"Fetch campaign metafield request received","requestId":"c073767f-07ef-409f-bb84-d606241b8011","timestamp":"2026-02-02T04:43:27.266Z"}
{"event":"shop.currency.fetch.received","level":"info","message":"Fetch shop currency request received","requestId":"41893eea-72a0-488e-a74b-198dcad6ffa2","timestamp":"2026-02-02T04:43:27.319Z"}
{"event":"campaign.metafield.fetch.start","key":"campaigns","level":"info","message":"Fetching campaign metafield","namespace":"optimaio_cart","requestId":"c073767f-07ef-409f-bb84-d606241b8011","shop":"basic-optimaio-cart.myshopify.com","timestamp":"2026-02-02T04:43:27.341Z"}
{"event":"shop.currency.fetch.start","level":"info","message":"Fetching shop currency from Shopify","requestId":"41893eea-72a0-488e-a74b-198dcad6ffa2","shop":"basic-optimaio-cart.myshopify.com","timestamp":"2026-02-02T04:43:27.390Z"}
{"event":"campaign.metafield.fetch.success","key":"campaigns","level":"info","message":"Campaign metafield fetched successfully","namespace":"optimaio_cart","requestId":"c073767f-07ef-409f-bb84-d606241b8011","shop":"basic-optimaio-cart.myshopify.com","timestamp":"2026-02-02T04:43:27.748Z"}
{"currencyCode":"USD","event":"shop.currency.fetch.success","level":"info","message":"Shop currency fetched successfully","requestId":"41893eea-72a0-488e-a74b-198dcad6ffa2","shop":"basic-optimaio-cart.myshopify.com","timestamp":"2026-02-02T04:43:27.815Z"}
{"event":"shop.currency.fetch.received","level":"info","message":"Fetch shop currency request received","requestId":"d24e2a21-7d7c-4127-aefe-e00b3ac46f96","timestamp":"2026-02-02T04:43:32.219Z"}
{"event":"campaign.metafield.fetch.received","level":"info","message":"Fetch campaign metafield request received","requestId":"d5fd245a-0131-4fbc-92d3-cd3c8949fb9e","timestamp":"2026-02-02T04:43:32.222Z"}
{"event":"campaign.metafield.fetch.start","key":"campaigns","level":"info","message":"Fetching campaign metafield","namespace":"optimaio_cart","requestId":"d5fd245a-0131-4fbc-92d3-cd3c8949fb9e","shop":"basic-optimaio-cart.myshopify.com","timestamp":"2026-02-02T04:43:32.292Z"}
{"event":"shop.currency.fetch.start","level":"info","message":"Fetching shop currency from Shopify","requestId":"d24e2a21-7d7c-4127-aefe-e00b3ac46f96","shop":"basic-optimaio-cart.myshopify.com","timestamp":"2026-02-02T04:43:32.299Z"}
{"currencyCode":"USD","event":"shop.currency.fetch.success","level":"info","message":"Shop currency fetched successfully","requestId":"d24e2a21-7d7c-4127-aefe-e00b3ac46f96","shop":"basic-optimaio-cart.myshopify.com","timestamp":"2026-02-02T04:43:32.824Z"}
{"event":"campaign.metafield.fetch.success","key":"campaigns","level":"info","message":"Campaign metafield fetched successfully","namespace":"optimaio_cart","requestId":"d5fd245a-0131-4fbc-92d3-cd3c8949fb9e","shop":"basic-optimaio-cart.myshopify.com","timestamp":"2026-02-02T04:43:32.830Z"}
{"event":"shop.currency.fetch.received","level":"info","message":"Fetch shop currency request received","requestId":"698f2584-e70e-4941-86b4-c2fe0f51fdf8","timestamp":"2026-02-02T04:43:32.897Z"}
{"event":"campaign.metafield.fetch.received","level":"info","message":"Fetch campaign metafield request received","requestId":"2ba32986-f971-48b6-b392-94feb9c44f38","timestamp":"2026-02-02T04:43:32.919Z"}
{"event":"shop.currency.fetch.start","level":"info","message":"Fetching shop currency from Shopify","requestId":"698f2584-e70e-4941-86b4-c2fe0f51fdf8","shop":"basic-optimaio-cart.myshopify.com","timestamp":"2026-02-02T04:43:32.972Z"}
{"event":"campaign.metafield.fetch.start","key":"campaigns","level":"info","message":"Fetching campaign metafield","namespace":"optimaio_cart","requestId":"2ba32986-f971-48b6-b392-94feb9c44f38","shop":"basic-optimaio-cart.myshopify.com","timestamp":"2026-02-02T04:43:32.991Z"}
{"currencyCode":"USD","event":"shop.currency.fetch.success","level":"info","message":"Shop currency fetched successfully","requestId":"698f2584-e70e-4941-86b4-c2fe0f51fdf8","shop":"basic-optimaio-cart.myshopify.com","timestamp":"2026-02-02T04:43:33.393Z"}
{"event":"campaign.metafield.fetch.success","key":"campaigns","level":"info","message":"Campaign metafield fetched successfully","namespace":"optimaio_cart","requestId":"2ba32986-f971-48b6-b392-94feb9c44f38","shop":"basic-optimaio-cart.myshopify.com","timestamp":"2026-02-02T04:43:33.410Z"}
{"event":"shop.currency.fetch.received","level":"info","message":"Fetch shop currency request received","requestId":"122ea9c5-4975-4a02-978a-09962e03a81c","timestamp":"2026-02-02T04:45:22.396Z"}
{"event":"campaign.metafield.fetch.received","level":"info","message":"Fetch campaign metafield request received","requestId":"44c32ae5-82a5-4024-88ba-1282dc96a4dc","timestamp":"2026-02-02T04:45:22.408Z"}
{"event":"shop.currency.fetch.start","level":"info","message":"Fetching shop currency from Shopify","requestId":"122ea9c5-4975-4a02-978a-09962e03a81c","shop":"basic-optimaio-cart.myshopify.com","timestamp":"2026-02-02T04:45:22.540Z"}
{"event":"campaign.metafield.fetch.start","key":"campaigns","level":"info","message":"Fetching campaign metafield","namespace":"optimaio_cart","requestId":"44c32ae5-82a5-4024-88ba-1282dc96a4dc","shop":"basic-optimaio-cart.myshopify.com","timestamp":"2026-02-02T04:45:22.704Z"}
{"currencyCode":"USD","event":"shop.currency.fetch.success","level":"info","message":"Shop currency fetched successfully","requestId":"122ea9c5-4975-4a02-978a-09962e03a81c","shop":"basic-optimaio-cart.myshopify.com","timestamp":"2026-02-02T04:45:23.267Z"}
{"event":"campaign.metafield.fetch.success","key":"campaigns","level":"info","message":"Campaign metafield fetched successfully","namespace":"optimaio_cart","requestId":"44c32ae5-82a5-4024-88ba-1282dc96a4dc","shop":"basic-optimaio-cart.myshopify.com","timestamp":"2026-02-02T04:45:23.370Z"}
{"event":"shop.currency.fetch.received","level":"info","message":"Fetch shop currency request received","requestId":"34185cb7-3553-4033-b4ab-662fe94a4de4","timestamp":"2026-02-02T04:51:34.733Z"}
{"event":"campaign.metafield.fetch.received","level":"info","message":"Fetch campaign metafield request received","requestId":"24f27692-7f4d-4b24-9a1e-edb15910a31f","timestamp":"2026-02-02T04:51:34.746Z"}
{"event":"shop.currency.fetch.start","level":"info","message":"Fetching shop currency from Shopify","requestId":"34185cb7-3553-4033-b4ab-662fe94a4de4","shop":"basic-optimaio-cart.myshopify.com","timestamp":"2026-02-02T04:51:34.867Z"}
{"event":"campaign.metafield.fetch.start","key":"campaigns","level":"info","message":"Fetching campaign metafield","namespace":"optimaio_cart","requestId":"24f27692-7f4d-4b24-9a1e-edb15910a31f","shop":"basic-optimaio-cart.myshopify.com","timestamp":"2026-02-02T04:51:35.380Z"}
{"currencyCode":"USD","event":"shop.currency.fetch.success","level":"info","message":"Shop currency fetched successfully","requestId":"34185cb7-3553-4033-b4ab-662fe94a4de4","shop":"basic-optimaio-cart.myshopify.com","timestamp":"2026-02-02T04:51:35.401Z"}
{"event":"shop.currency.fetch.received","level":"info","message":"Fetch shop currency request received","requestId":"9b265208-6e20-4954-a0db-4970421bf070","timestamp":"2026-02-02T04:51:35.787Z"}
{"event":"shop.currency.fetch.start","level":"info","message":"Fetching shop currency from Shopify","requestId":"9b265208-6e20-4954-a0db-4970421bf070","shop":"basic-optimaio-cart.myshopify.com","timestamp":"2026-02-02T04:51:35.858Z"}
{"event":"campaign.metafield.fetch.success","key":"campaigns","level":"info","message":"Campaign metafield fetched successfully","namespace":"optimaio_cart","requestId":"24f27692-7f4d-4b24-9a1e-edb15910a31f","shop":"basic-optimaio-cart.myshopify.com","timestamp":"2026-02-02T04:51:35.917Z"}
{"event":"campaign.metafield.fetch.received","level":"info","message":"Fetch campaign metafield request received","requestId":"6efb162b-d326-4e0d-904d-aba1f2aecdec","timestamp":"2026-02-02T04:51:36.196Z"}
{"event":"campaign.metafield.fetch.start","key":"campaigns","level":"info","message":"Fetching campaign metafield","namespace":"optimaio_cart","requestId":"6efb162b-d326-4e0d-904d-aba1f2aecdec","shop":"basic-optimaio-cart.myshopify.com","timestamp":"2026-02-02T04:51:36.267Z"}
{"currencyCode":"USD","event":"shop.currency.fetch.success","level":"info","message":"Shop currency fetched successfully","requestId":"9b265208-6e20-4954-a0db-4970421bf070","shop":"basic-optimaio-cart.myshopify.com","timestamp":"2026-02-02T04:51:36.314Z"}
{"event":"campaign.metafield.fetch.success","key":"campaigns","level":"info","message":"Campaign metafield fetched successfully","namespace":"optimaio_cart","requestId":"6efb162b-d326-4e0d-904d-aba1f2aecdec","shop":"basic-optimaio-cart.myshopify.com","timestamp":"2026-02-02T04:51:36.713Z"}
{"event":"shop.currency.fetch.received","level":"info","message":"Fetch shop currency request received","requestId":"8f64fcfb-51cf-47eb-822e-c25e0dc2a160","timestamp":"2026-02-02T04:58:17.885Z"}
{"event":"campaign.metafield.fetch.received","level":"info","message":"Fetch campaign metafield request received","requestId":"1bcbb19f-93c3-489b-a264-540b71226129","timestamp":"2026-02-02T04:58:17.899Z"}
{"event":"shop.currency.fetch.start","level":"info","message":"Fetching shop currency from Shopify","requestId":"8f64fcfb-51cf-47eb-822e-c25e0dc2a160","shop":"basic-optimaio-cart.myshopify.com","timestamp":"2026-02-02T04:58:18.021Z"}
{"currencyCode":"USD","event":"shop.currency.fetch.success","level":"info","message":"Shop currency fetched successfully","requestId":"8f64fcfb-51cf-47eb-822e-c25e0dc2a160","shop":"basic-optimaio-cart.myshopify.com","timestamp":"2026-02-02T04:58:18.582Z"}
{"event":"campaign.metafield.fetch.start","key":"campaigns","level":"info","message":"Fetching campaign metafield","namespace":"optimaio_cart","requestId":"1bcbb19f-93c3-489b-a264-540b71226129","shop":"basic-optimaio-cart.myshopify.com","timestamp":"2026-02-02T04:58:18.588Z"}
{"event":"shop.currency.fetch.received","level":"info","message":"Fetch shop currency request received","requestId":"57b83796-be68-4ca7-a038-b5ff27ae257c","timestamp":"2026-02-02T04:58:18.813Z"}
{"event":"shop.currency.fetch.start","level":"info","message":"Fetching shop currency from Shopify","requestId":"57b83796-be68-4ca7-a038-b5ff27ae257c","shop":"basic-optimaio-cart.myshopify.com","timestamp":"2026-02-02T04:58:18.883Z"}
{"event":"campaign.metafield.fetch.success","key":"campaigns","level":"info","message":"Campaign metafield fetched successfully","namespace":"optimaio_cart","requestId":"1bcbb19f-93c3-489b-a264-540b71226129","shop":"basic-optimaio-cart.myshopify.com","timestamp":"2026-02-02T04:58:19.020Z"}
{"event":"campaign.metafield.fetch.received","level":"info","message":"Fetch campaign metafield request received","requestId":"9c938235-2344-436d-8d09-dcc28c49db1e","timestamp":"2026-02-02T04:58:19.255Z"}
{"event":"campaign.metafield.fetch.start","key":"campaigns","level":"info","message":"Fetching campaign metafield","namespace":"optimaio_cart","requestId":"9c938235-2344-436d-8d09-dcc28c49db1e","shop":"basic-optimaio-cart.myshopify.com","timestamp":"2026-02-02T04:58:19.329Z"}
{"currencyCode":"USD","event":"shop.currency.fetch.success","level":"info","message":"Shop currency fetched successfully","requestId":"57b83796-be68-4ca7-a038-b5ff27ae257c","shop":"basic-optimaio-cart.myshopify.com","timestamp":"2026-02-02T04:58:19.391Z"}
{"event":"campaign.metafield.fetch.success","key":"campaigns","level":"info","message":"Campaign metafield fetched successfully","namespace":"optimaio_cart","requestId":"9c938235-2344-436d-8d09-dcc28c49db1e","shop":"basic-optimaio-cart.myshopify.com","timestamp":"2026-02-02T04:58:19.737Z"}
{"event":"shop.currency.fetch.received","level":"info","message":"Fetch shop currency request received","requestId":"f823bf17-ce63-49ad-91b2-6727da01e4cb","timestamp":"2026-02-02T04:59:38.843Z"}
{"event":"campaign.metafield.fetch.received","level":"info","message":"Fetch campaign metafield request received","requestId":"714e463f-1f04-43db-a10c-45d839261deb","timestamp":"2026-02-02T04:59:38.855Z"}
{"event":"shop.currency.fetch.start","level":"info","message":"Fetching shop currency from Shopify","requestId":"f823bf17-ce63-49ad-91b2-6727da01e4cb","shop":"basic-optimaio-cart.myshopify.com","timestamp":"2026-02-02T04:59:38.912Z"}
{"event":"campaign.metafield.fetch.start","key":"campaigns","level":"info","message":"Fetching campaign metafield","namespace":"optimaio_cart","requestId":"714e463f-1f04-43db-a10c-45d839261deb","shop":"basic-optimaio-cart.myshopify.com","timestamp":"2026-02-02T04:59:38.922Z"}
{"event":"campaign.metafield.fetch.success","key":"campaigns","level":"info","message":"Campaign metafield fetched successfully","namespace":"optimaio_cart","requestId":"714e463f-1f04-43db-a10c-45d839261deb","shop":"basic-optimaio-cart.myshopify.com","timestamp":"2026-02-02T04:59:39.422Z"}
{"currencyCode":"USD","event":"shop.currency.fetch.success","level":"info","message":"Shop currency fetched successfully","requestId":"f823bf17-ce63-49ad-91b2-6727da01e4cb","shop":"basic-optimaio-cart.myshopify.com","timestamp":"2026-02-02T04:59:39.453Z"}
{"event":"campaign.metafield.fetch.received","level":"info","message":"Fetch campaign metafield request received","requestId":"b8833b7c-38de-4d91-ac52-142912a8254b","timestamp":"2026-02-02T04:59:39.661Z"}
{"event":"campaign.metafield.fetch.start","key":"campaigns","level":"info","message":"Fetching campaign metafield","namespace":"optimaio_cart","requestId":"b8833b7c-38de-4d91-ac52-142912a8254b","shop":"basic-optimaio-cart.myshopify.com","timestamp":"2026-02-02T04:59:39.742Z"}
{"event":"shop.currency.fetch.received","level":"info","message":"Fetch shop currency request received","requestId":"b330f302-94f2-4738-b9ba-e1cae98fd792","timestamp":"2026-02-02T04:59:39.751Z"}
{"event":"shop.currency.fetch.start","level":"info","message":"Fetching shop currency from Shopify","requestId":"b330f302-94f2-4738-b9ba-e1cae98fd792","shop":"basic-optimaio-cart.myshopify.com","timestamp":"2026-02-02T04:59:39.827Z"}
{"event":"campaign.metafield.fetch.success","key":"campaigns","level":"info","message":"Campaign metafield fetched successfully","namespace":"optimaio_cart","requestId":"b8833b7c-38de-4d91-ac52-142912a8254b","shop":"basic-optimaio-cart.myshopify.com","timestamp":"2026-02-02T04:59:40.185Z"}
{"currencyCode":"USD","event":"shop.currency.fetch.success","level":"info","message":"Shop currency fetched successfully","requestId":"b330f302-94f2-4738-b9ba-e1cae98fd792","shop":"basic-optimaio-cart.myshopify.com","timestamp":"2026-02-02T04:59:40.247Z"}
{"event":"orders.flush.cron.triggered","level":"info","message":"Hourly order flush cron triggered","requestId":"89ca4e90-a97f-424b-be4f-60874a80d363","timestamp":"2026-02-02T05:00:00.055Z"}
{"event":"orders.flush.scan.started","level":"info","message":"Order flush scan started","requestId":"89ca4e90-a97f-424b-be4f-60874a80d363","timestamp":"2026-02-02T05:00:00.056Z"}
{"event":"orders.flush.queue.empty","level":"info","message":"No order queues found","requestId":"89ca4e90-a97f-424b-be4f-60874a80d363","timestamp":"2026-02-02T05:00:00.068Z"}
{"event":"campaign.metafield.fetch.received","level":"info","message":"Fetch campaign metafield request received","requestId":"0327a02a-5371-41ca-b07f-a027fbee0a76","timestamp":"2026-02-02T05:00:54.562Z"}
{"event":"shop.currency.fetch.received","level":"info","message":"Fetch shop currency request received","requestId":"fd2b810b-f952-4d02-a104-047981049df4","timestamp":"2026-02-02T05:00:54.574Z"}
{"event":"campaign.metafield.fetch.start","key":"campaigns","level":"info","message":"Fetching campaign metafield","namespace":"optimaio_cart","requestId":"0327a02a-5371-41ca-b07f-a027fbee0a76","shop":"basic-optimaio-cart.myshopify.com","timestamp":"2026-02-02T05:00:54.628Z"}
{"event":"shop.currency.fetch.start","level":"info","message":"Fetching shop currency from Shopify","requestId":"fd2b810b-f952-4d02-a104-047981049df4","shop":"basic-optimaio-cart.myshopify.com","timestamp":"2026-02-02T05:00:54.707Z"}
{"event":"campaign.metafield.fetch.success","key":"campaigns","level":"info","message":"Campaign metafield fetched successfully","namespace":"optimaio_cart","requestId":"0327a02a-5371-41ca-b07f-a027fbee0a76","shop":"basic-optimaio-cart.myshopify.com","timestamp":"2026-02-02T05:00:55.251Z"}
{"currencyCode":"USD","event":"shop.currency.fetch.success","level":"info","message":"Shop currency fetched successfully","requestId":"fd2b810b-f952-4d02-a104-047981049df4","shop":"basic-optimaio-cart.myshopify.com","timestamp":"2026-02-02T05:00:55.261Z"}
{"event":"campaign.metafield.fetch.received","level":"info","message":"Fetch campaign metafield request received","requestId":"e05ae275-9eed-46d0-8595-1a514358bc1c","timestamp":"2026-02-02T05:00:55.480Z"}
{"event":"campaign.metafield.fetch.start","key":"campaigns","level":"info","message":"Fetching campaign metafield","namespace":"optimaio_cart","requestId":"e05ae275-9eed-46d0-8595-1a514358bc1c","shop":"basic-optimaio-cart.myshopify.com","timestamp":"2026-02-02T05:00:55.555Z"}
{"event":"shop.currency.fetch.received","level":"info","message":"Fetch shop currency request received","requestId":"63eed789-ad35-42cb-baba-30c2f90dba5b","timestamp":"2026-02-02T05:00:55.577Z"}
{"event":"shop.currency.fetch.start","level":"info","message":"Fetching shop currency from Shopify","requestId":"63eed789-ad35-42cb-baba-30c2f90dba5b","shop":"basic-optimaio-cart.myshopify.com","timestamp":"2026-02-02T05:00:55.645Z"}
{"event":"campaign.metafield.fetch.success","key":"campaigns","level":"info","message":"Campaign metafield fetched successfully","namespace":"optimaio_cart","requestId":"e05ae275-9eed-46d0-8595-1a514358bc1c","shop":"basic-optimaio-cart.myshopify.com","timestamp":"2026-02-02T05:00:56.015Z"}
{"currencyCode":"USD","event":"shop.currency.fetch.success","level":"info","message":"Shop currency fetched successfully","requestId":"63eed789-ad35-42cb-baba-30c2f90dba5b","shop":"basic-optimaio-cart.myshopify.com","timestamp":"2026-02-02T05:00:56.064Z"}
{"event":"shop.currency.fetch.received","level":"info","message":"Fetch shop currency request received","requestId":"8d90c005-64e3-4952-be3c-5905eef4d72a","timestamp":"2026-02-02T05:13:36.517Z"}
{"event":"campaign.metafield.fetch.received","level":"info","message":"Fetch campaign metafield request received","requestId":"d1d0ff46-1c2a-460c-a7a7-8c345417ce42","timestamp":"2026-02-02T05:13:36.546Z"}
{"event":"shop.currency.fetch.start","level":"info","message":"Fetching shop currency from Shopify","requestId":"8d90c005-64e3-4952-be3c-5905eef4d72a","shop":"basic-optimaio-cart.myshopify.com","timestamp":"2026-02-02T05:13:36.660Z"}
{"event":"campaign.metafield.fetch.start","key":"campaigns","level":"info","message":"Fetching campaign metafield","namespace":"optimaio_cart","requestId":"d1d0ff46-1c2a-460c-a7a7-8c345417ce42","shop":"basic-optimaio-cart.myshopify.com","timestamp":"2026-02-02T05:13:37.302Z"}
{"currencyCode":"USD","event":"shop.currency.fetch.success","level":"info","message":"Shop currency fetched successfully","requestId":"8d90c005-64e3-4952-be3c-5905eef4d72a","shop":"basic-optimaio-cart.myshopify.com","timestamp":"2026-02-02T05:13:37.481Z"}
{"event":"shop.currency.fetch.received","level":"info","message":"Fetch shop currency request received","requestId":"6e7a4a7a-8254-46af-8883-406d7c036b71","timestamp":"2026-02-02T05:13:37.897Z"}
{"event":"campaign.metafield.fetch.success","key":"campaigns","level":"info","message":"Campaign metafield fetched successfully","namespace":"optimaio_cart","requestId":"d1d0ff46-1c2a-460c-a7a7-8c345417ce42","shop":"basic-optimaio-cart.myshopify.com","timestamp":"2026-02-02T05:13:37.904Z"}
{"event":"shop.currency.fetch.start","level":"info","message":"Fetching shop currency from Shopify","requestId":"6e7a4a7a-8254-46af-8883-406d7c036b71","shop":"basic-optimaio-cart.myshopify.com","timestamp":"2026-02-02T05:13:37.986Z"}
{"event":"campaign.metafield.fetch.received","level":"info","message":"Fetch campaign metafield request received","requestId":"000fafab-6fca-4c43-a8ea-43c126f5d9b2","timestamp":"2026-02-02T05:13:38.327Z"}
{"event":"campaign.metafield.fetch.start","key":"campaigns","level":"info","message":"Fetching campaign metafield","namespace":"optimaio_cart","requestId":"000fafab-6fca-4c43-a8ea-43c126f5d9b2","shop":"basic-optimaio-cart.myshopify.com","timestamp":"2026-02-02T05:13:38.405Z"}
{"currencyCode":"USD","event":"shop.currency.fetch.success","level":"info","message":"Shop currency fetched successfully","requestId":"6e7a4a7a-8254-46af-8883-406d7c036b71","shop":"basic-optimaio-cart.myshopify.com","timestamp":"2026-02-02T05:13:38.424Z"}
{"event":"campaign.metafield.fetch.success","key":"campaigns","level":"info","message":"Campaign metafield fetched successfully","namespace":"optimaio_cart","requestId":"000fafab-6fca-4c43-a8ea-43c126f5d9b2","shop":"basic-optimaio-cart.myshopify.com","timestamp":"2026-02-02T05:13:38.840Z"}
{"event":"products.fetch.received","level":"info","message":"Fetch products request received","requestId":"99621990-4f01-4034-8a26-cd0b7312f8d0","timestamp":"2026-02-02T05:13:46.144Z"}
{"event":"products.fetch.start","level":"info","message":"Fetching products from Shopify","requestId":"99621990-4f01-4034-8a26-cd0b7312f8d0","shop":"basic-optimaio-cart.myshopify.com","timestamp":"2026-02-02T05:13:46.225Z"}
{"count":17,"event":"products.fetch.success","level":"info","message":"Products fetched successfully","requestId":"99621990-4f01-4034-8a26-cd0b7312f8d0","shop":"basic-optimaio-cart.myshopify.com","timestamp":"2026-02-02T05:13:46.994Z"}
{"event":"timer.fetch.received","level":"info","message":"Fetch cart timer request received","requestId":"9d0a0170-8a0b-45cc-acf1-8a6ce02787be","timestamp":"2026-02-02T05:15:54.132Z"}
{"event":"timer.fetch.start","level":"info","message":"Fetching cart timer metafield","requestId":"9d0a0170-8a0b-45cc-acf1-8a6ce02787be","shop":"basic-optimaio-cart.myshopify.com","timestamp":"2026-02-02T05:15:54.319Z"}
{"event":"timer.fetch.success","level":"info","message":"Cart timer fetched successfully","requestId":"9d0a0170-8a0b-45cc-acf1-8a6ce02787be","shop":"basic-optimaio-cart.myshopify.com","timestamp":"2026-02-02T05:15:55.596Z"}
{"event":"timer.fetch.received","level":"info","message":"Fetch cart timer request received","requestId":"8d33b490-3508-48eb-9462-fd0eb6f89eb9","timestamp":"2026-02-02T05:15:56.055Z"}
{"event":"timer.fetch.start","level":"info","message":"Fetching cart timer metafield","requestId":"8d33b490-3508-48eb-9462-fd0eb6f89eb9","shop":"basic-optimaio-cart.myshopify.com","timestamp":"2026-02-02T05:15:56.139Z"}
{"event":"timer.fetch.success","level":"info","message":"Cart timer fetched successfully","requestId":"8d33b490-3508-48eb-9462-fd0eb6f89eb9","shop":"basic-optimaio-cart.myshopify.com","timestamp":"2026-02-02T05:15:57.028Z"}
{"event":"timer.fetch.received","level":"info","message":"Fetch cart timer request received","requestId":"9322e24d-5e47-4f40-8992-11cdc3b7559c","timestamp":"2026-02-02T05:16:30.085Z"}
{"event":"timer.fetch.start","level":"info","message":"Fetching cart timer metafield","requestId":"9322e24d-5e47-4f40-8992-11cdc3b7559c","shop":"basic-optimaio-cart.myshopify.com","timestamp":"2026-02-02T05:16:30.164Z"}
{"event":"timer.fetch.success","level":"info","message":"Cart timer fetched successfully","requestId":"9322e24d-5e47-4f40-8992-11cdc3b7559c","shop":"basic-optimaio-cart.myshopify.com","timestamp":"2026-02-02T05:16:31.028Z"}
{"event":"timer.fetch.received","level":"info","message":"Fetch cart timer request received","requestId":"5faa2be5-1447-43fe-845e-75c59a8ef6fa","timestamp":"2026-02-02T05:16:31.094Z"}
{"event":"timer.fetch.start","level":"info","message":"Fetching cart timer metafield","requestId":"5faa2be5-1447-43fe-845e-75c59a8ef6fa","shop":"basic-optimaio-cart.myshopify.com","timestamp":"2026-02-02T05:16:31.172Z"}
{"event":"shop.currency.fetch.received","level":"info","message":"Fetch shop currency request received","requestId":"54f9bb06-ac68-43bd-9940-9ff664ffdd8a","timestamp":"2026-02-02T05:16:31.190Z"}
{"event":"campaign.metafield.fetch.received","level":"info","message":"Fetch campaign metafield request received","requestId":"fcdcd110-603e-4e03-b47b-ec367a9191e0","timestamp":"2026-02-02T05:16:31.202Z"}
{"event":"shop.currency.fetch.start","level":"info","message":"Fetching shop currency from Shopify","requestId":"54f9bb06-ac68-43bd-9940-9ff664ffdd8a","shop":"basic-optimaio-cart.myshopify.com","timestamp":"2026-02-02T05:16:31.266Z"}
{"currencyCode":"USD","event":"shop.currency.fetch.success","level":"info","message":"Shop currency fetched successfully","requestId":"54f9bb06-ac68-43bd-9940-9ff664ffdd8a","shop":"basic-optimaio-cart.myshopify.com","timestamp":"2026-02-02T05:16:31.786Z"}
{"event":"campaign.metafield.fetch.start","key":"campaigns","level":"info","message":"Fetching campaign metafield","namespace":"optimaio_cart","requestId":"fcdcd110-603e-4e03-b47b-ec367a9191e0","shop":"basic-optimaio-cart.myshopify.com","timestamp":"2026-02-02T05:16:31.921Z"}
{"event":"timer.fetch.success","level":"info","message":"Cart timer fetched successfully","requestId":"5faa2be5-1447-43fe-845e-75c59a8ef6fa","shop":"basic-optimaio-cart.myshopify.com","timestamp":"2026-02-02T05:16:32.007Z"}
{"event":"shop.currency.fetch.received","level":"info","message":"Fetch shop currency request received","requestId":"317b1ce1-40ad-4bbc-b0e3-dd68086bdc4d","timestamp":"2026-02-02T05:16:32.186Z"}
{"event":"shop.currency.fetch.start","level":"info","message":"Fetching shop currency from Shopify","requestId":"317b1ce1-40ad-4bbc-b0e3-dd68086bdc4d","shop":"basic-optimaio-cart.myshopify.com","timestamp":"2026-02-02T05:16:32.269Z"}
{"event":"campaign.metafield.fetch.success","key":"campaigns","level":"info","message":"Campaign metafield fetched successfully","namespace":"optimaio_cart","requestId":"fcdcd110-603e-4e03-b47b-ec367a9191e0","shop":"basic-optimaio-cart.myshopify.com","timestamp":"2026-02-02T05:16:32.380Z"}
{"currencyCode":"USD","event":"shop.currency.fetch.success","level":"info","message":"Shop currency fetched successfully","requestId":"317b1ce1-40ad-4bbc-b0e3-dd68086bdc4d","shop":"basic-optimaio-cart.myshopify.com","timestamp":"2026-02-02T05:16:32.768Z"}
{"event":"campaign.metafield.fetch.received","level":"info","message":"Fetch campaign metafield request received","requestId":"4bc20f57-ba79-4254-8102-9af45e03b572","timestamp":"2026-02-02T05:16:32.844Z"}
{"event":"campaign.metafield.fetch.start","key":"campaigns","level":"info","message":"Fetching campaign metafield","namespace":"optimaio_cart","requestId":"4bc20f57-ba79-4254-8102-9af45e03b572","shop":"basic-optimaio-cart.myshopify.com","timestamp":"2026-02-02T05:16:32.924Z"}
{"event":"campaign.metafield.fetch.success","key":"campaigns","level":"info","message":"Campaign metafield fetched successfully","namespace":"optimaio_cart","requestId":"4bc20f57-ba79-4254-8102-9af45e03b572","shop":"basic-optimaio-cart.myshopify.com","timestamp":"2026-02-02T05:16:33.332Z"}
{"event":"shop.currency.fetch.received","level":"info","message":"Fetch shop currency request received","requestId":"8908a744-8223-497b-870d-0fbca7880227","timestamp":"2026-02-02T05:16:45.642Z"}
{"event":"campaign.metafield.fetch.received","level":"info","message":"Fetch campaign metafield request received","requestId":"c8069ad9-e9c4-4160-848d-624022240721","timestamp":"2026-02-02T05:16:45.653Z"}
{"event":"shop.currency.fetch.start","level":"info","message":"Fetching shop currency from Shopify","requestId":"8908a744-8223-497b-870d-0fbca7880227","shop":"basic-optimaio-cart.myshopify.com","timestamp":"2026-02-02T05:16:45.725Z"}
{"event":"campaign.metafield.fetch.start","key":"campaigns","level":"info","message":"Fetching campaign metafield","namespace":"optimaio_cart","requestId":"c8069ad9-e9c4-4160-848d-624022240721","shop":"basic-optimaio-cart.myshopify.com","timestamp":"2026-02-02T05:16:45.811Z"}
{"event":"campaign.metafield.fetch.success","key":"campaigns","level":"info","message":"Campaign metafield fetched successfully","namespace":"optimaio_cart","requestId":"c8069ad9-e9c4-4160-848d-624022240721","shop":"basic-optimaio-cart.myshopify.com","timestamp":"2026-02-02T05:16:46.348Z"}
{"event":"campaign.metafield.fetch.received","level":"info","message":"Fetch campaign metafield request received","requestId":"1616ede5-909c-4dbd-930f-26bfa35bb639","timestamp":"2026-02-02T05:16:46.438Z"}
{"currencyCode":"USD","event":"shop.currency.fetch.success","level":"info","message":"Shop currency fetched successfully","requestId":"8908a744-8223-497b-870d-0fbca7880227","shop":"basic-optimaio-cart.myshopify.com","timestamp":"2026-02-02T05:16:46.450Z"}
{"event":"campaign.metafield.fetch.start","key":"campaigns","level":"info","message":"Fetching campaign metafield","namespace":"optimaio_cart","requestId":"1616ede5-909c-4dbd-930f-26bfa35bb639","shop":"basic-optimaio-cart.myshopify.com","timestamp":"2026-02-02T05:16:46.519Z"}
{"event":"shop.currency.fetch.received","level":"info","message":"Fetch shop currency request received","requestId":"13b287b9-3035-42d2-8fb4-47a65acff459","timestamp":"2026-02-02T05:16:46.548Z"}
{"event":"shop.currency.fetch.start","level":"info","message":"Fetching shop currency from Shopify","requestId":"13b287b9-3035-42d2-8fb4-47a65acff459","shop":"basic-optimaio-cart.myshopify.com","timestamp":"2026-02-02T05:16:46.623Z"}
{"event":"campaign.metafield.fetch.success","key":"campaigns","level":"info","message":"Campaign metafield fetched successfully","namespace":"optimaio_cart","requestId":"1616ede5-909c-4dbd-930f-26bfa35bb639","shop":"basic-optimaio-cart.myshopify.com","timestamp":"2026-02-02T05:16:46.997Z"}
{"currencyCode":"USD","event":"shop.currency.fetch.success","level":"info","message":"Shop currency fetched successfully","requestId":"13b287b9-3035-42d2-8fb4-47a65acff459","shop":"basic-optimaio-cart.myshopify.com","timestamp":"2026-02-02T05:16:47.081Z"}
{"event":"campaign.metafield.fetch.received","level":"info","message":"Fetch campaign metafield request received","requestId":"0414a112-b708-4a02-b70c-7655f8fd47ba","timestamp":"2026-02-02T05:17:46.625Z"}
{"event":"shop.currency.fetch.received","level":"info","message":"Fetch shop currency request received","requestId":"02c8c494-a5fb-4798-9dfa-e100dd76179a","timestamp":"2026-02-02T05:17:46.640Z"}
{"event":"campaign.metafield.fetch.start","key":"campaigns","level":"info","message":"Fetching campaign metafield","namespace":"optimaio_cart","requestId":"0414a112-b708-4a02-b70c-7655f8fd47ba","shop":"basic-optimaio-cart.myshopify.com","timestamp":"2026-02-02T05:17:46.703Z"}
{"event":"shop.currency.fetch.start","level":"info","message":"Fetching shop currency from Shopify","requestId":"02c8c494-a5fb-4798-9dfa-e100dd76179a","shop":"basic-optimaio-cart.myshopify.com","timestamp":"2026-02-02T05:17:46.785Z"}
{"event":"campaign.metafield.fetch.success","key":"campaigns","level":"info","message":"Campaign metafield fetched successfully","namespace":"optimaio_cart","requestId":"0414a112-b708-4a02-b70c-7655f8fd47ba","shop":"basic-optimaio-cart.myshopify.com","timestamp":"2026-02-02T05:17:47.320Z"}
{"currencyCode":"USD","event":"shop.currency.fetch.success","level":"info","message":"Shop currency fetched successfully","requestId":"02c8c494-a5fb-4798-9dfa-e100dd76179a","shop":"basic-optimaio-cart.myshopify.com","timestamp":"2026-02-02T05:17:47.330Z"}
{"event":"campaign.metafield.fetch.received","level":"info","message":"Fetch campaign metafield request received","requestId":"2e838d36-0917-41b4-af2e-88d9baaa2015","timestamp":"2026-02-02T05:17:47.747Z"}
{"event":"shop.currency.fetch.received","level":"info","message":"Fetch shop currency request received","requestId":"3655bff6-1ce5-4597-ae7a-43b053e57855","timestamp":"2026-02-02T05:17:47.755Z"}
{"event":"campaign.metafield.fetch.start","key":"campaigns","level":"info","message":"Fetching campaign metafield","namespace":"optimaio_cart","requestId":"2e838d36-0917-41b4-af2e-88d9baaa2015","shop":"basic-optimaio-cart.myshopify.com","timestamp":"2026-02-02T05:17:47.824Z"}
{"event":"shop.currency.fetch.start","level":"info","message":"Fetching shop currency from Shopify","requestId":"3655bff6-1ce5-4597-ae7a-43b053e57855","shop":"basic-optimaio-cart.myshopify.com","timestamp":"2026-02-02T05:17:47.877Z"}
{"event":"campaign.metafield.fetch.success","key":"campaigns","level":"info","message":"Campaign metafield fetched successfully","namespace":"optimaio_cart","requestId":"2e838d36-0917-41b4-af2e-88d9baaa2015","shop":"basic-optimaio-cart.myshopify.com","timestamp":"2026-02-02T05:17:48.256Z"}
{"currencyCode":"USD","event":"shop.currency.fetch.success","level":"info","message":"Shop currency fetched successfully","requestId":"3655bff6-1ce5-4597-ae7a-43b053e57855","shop":"basic-optimaio-cart.myshopify.com","timestamp":"2026-02-02T05:17:48.310Z"}
{"event":"campaign.metafield.fetch.received","level":"info","message":"Fetch campaign metafield request received","requestId":"19f0d3d6-1b66-45a8-90ad-387d48971026","timestamp":"2026-02-02T05:18:08.637Z"}
{"event":"shop.currency.fetch.received","level":"info","message":"Fetch shop currency request received","requestId":"dd7cb0bf-ba5e-4dc6-8cd4-5c258868b619","timestamp":"2026-02-02T05:18:08.645Z"}
{"event":"campaign.metafield.fetch.start","key":"campaigns","level":"info","message":"Fetching campaign metafield","namespace":"optimaio_cart","requestId":"19f0d3d6-1b66-45a8-90ad-387d48971026","shop":"basic-optimaio-cart.myshopify.com","timestamp":"2026-02-02T05:18:08.715Z"}
{"event":"shop.currency.fetch.start","level":"info","message":"Fetching shop currency from Shopify","requestId":"dd7cb0bf-ba5e-4dc6-8cd4-5c258868b619","shop":"basic-optimaio-cart.myshopify.com","timestamp":"2026-02-02T05:18:08.786Z"}
{"event":"campaign.metafield.fetch.success","key":"campaigns","level":"info","message":"Campaign metafield fetched successfully","namespace":"optimaio_cart","requestId":"19f0d3d6-1b66-45a8-90ad-387d48971026","shop":"basic-optimaio-cart.myshopify.com","timestamp":"2026-02-02T05:18:09.232Z"}
{"event":"campaign.metafield.fetch.received","level":"info","message":"Fetch campaign metafield request received","requestId":"e0a3d13e-2459-4811-870f-dfb03723e494","timestamp":"2026-02-02T05:18:09.300Z"}
{"currencyCode":"USD","event":"shop.currency.fetch.success","level":"info","message":"Shop currency fetched successfully","requestId":"dd7cb0bf-ba5e-4dc6-8cd4-5c258868b619","shop":"basic-optimaio-cart.myshopify.com","timestamp":"2026-02-02T05:18:09.331Z"}
{"event":"campaign.metafield.fetch.start","key":"campaigns","level":"info","message":"Fetching campaign metafield","namespace":"optimaio_cart","requestId":"e0a3d13e-2459-4811-870f-dfb03723e494","shop":"basic-optimaio-cart.myshopify.com","timestamp":"2026-02-02T05:18:09.371Z"}
{"event":"shop.currency.fetch.received","level":"info","message":"Fetch shop currency request received","requestId":"5f9d70d3-adec-4fb0-9724-10a86c22084a","timestamp":"2026-02-02T05:18:09.385Z"}
{"event":"shop.currency.fetch.start","level":"info","message":"Fetching shop currency from Shopify","requestId":"5f9d70d3-adec-4fb0-9724-10a86c22084a","shop":"basic-optimaio-cart.myshopify.com","timestamp":"2026-02-02T05:18:09.458Z"}
{"event":"campaign.metafield.fetch.success","key":"campaigns","level":"info","message":"Campaign metafield fetched successfully","namespace":"optimaio_cart","requestId":"e0a3d13e-2459-4811-870f-dfb03723e494","shop":"basic-optimaio-cart.myshopify.com","timestamp":"2026-02-02T05:18:09.742Z"}
{"currencyCode":"USD","event":"shop.currency.fetch.success","level":"info","message":"Shop currency fetched successfully","requestId":"5f9d70d3-adec-4fb0-9724-10a86c22084a","shop":"basic-optimaio-cart.myshopify.com","timestamp":"2026-02-02T05:18:09.860Z"}
{"event":"shop.currency.fetch.received","level":"info","message":"Fetch shop currency request received","requestId":"47b48818-f8bb-4c21-af71-42c4e9e655f3","timestamp":"2026-02-02T05:19:09.013Z"}
{"event":"campaign.metafield.fetch.received","level":"info","message":"Fetch campaign metafield request received","requestId":"aa6bab70-8022-4d74-9e7b-37ff3522d4cc","timestamp":"2026-02-02T05:19:09.027Z"}
{"event":"shop.currency.fetch.start","level":"info","message":"Fetching shop currency from Shopify","requestId":"47b48818-f8bb-4c21-af71-42c4e9e655f3","shop":"basic-optimaio-cart.myshopify.com","timestamp":"2026-02-02T05:19:09.087Z"}
{"currencyCode":"USD","event":"shop.currency.fetch.success","level":"info","message":"Shop currency fetched successfully","requestId":"47b48818-f8bb-4c21-af71-42c4e9e655f3","shop":"basic-optimaio-cart.myshopify.com","timestamp":"2026-02-02T05:19:09.676Z"}
{"event":"campaign.metafield.fetch.start","key":"campaigns","level":"info","message":"Fetching campaign metafield","namespace":"optimaio_cart","requestId":"aa6bab70-8022-4d74-9e7b-37ff3522d4cc","shop":"basic-optimaio-cart.myshopify.com","timestamp":"2026-02-02T05:19:09.744Z"}
{"event":"shop.currency.fetch.received","level":"info","message":"Fetch shop currency request received","requestId":"38a5c238-9aa5-444b-81c5-572c41ba41a5","timestamp":"2026-02-02T05:19:10.067Z"}
{"event":"shop.currency.fetch.start","level":"info","message":"Fetching shop currency from Shopify","requestId":"38a5c238-9aa5-444b-81c5-572c41ba41a5","shop":"basic-optimaio-cart.myshopify.com","timestamp":"2026-02-02T05:19:10.149Z"}
{"event":"campaign.metafield.fetch.success","key":"campaigns","level":"info","message":"Campaign metafield fetched successfully","namespace":"optimaio_cart","requestId":"aa6bab70-8022-4d74-9e7b-37ff3522d4cc","shop":"basic-optimaio-cart.myshopify.com","timestamp":"2026-02-02T05:19:10.180Z"}
{"event":"campaign.metafield.fetch.received","level":"info","message":"Fetch campaign metafield request received","requestId":"aa05b7fb-3d14-4f2d-a35d-d69fa33acaa5","timestamp":"2026-02-02T05:19:10.589Z"}
{"event":"campaign.metafield.fetch.start","key":"campaigns","level":"info","message":"Fetching campaign metafield","namespace":"optimaio_cart","requestId":"aa05b7fb-3d14-4f2d-a35d-d69fa33acaa5","shop":"basic-optimaio-cart.myshopify.com","timestamp":"2026-02-02T05:19:10.664Z"}
{"currencyCode":"USD","event":"shop.currency.fetch.success","level":"info","message":"Shop currency fetched successfully","requestId":"38a5c238-9aa5-444b-81c5-572c41ba41a5","shop":"basic-optimaio-cart.myshopify.com","timestamp":"2026-02-02T05:19:10.707Z"}
{"event":"campaign.metafield.fetch.success","key":"campaigns","level":"info","message":"Campaign metafield fetched successfully","namespace":"optimaio_cart","requestId":"aa05b7fb-3d14-4f2d-a35d-d69fa33acaa5","shop":"basic-optimaio-cart.myshopify.com","timestamp":"2026-02-02T05:19:11.098Z"}
{"event":"shop.currency.fetch.received","level":"info","message":"Fetch shop currency request received","requestId":"fe9820aa-33f6-4fb9-87b9-130fc9d96c45","timestamp":"2026-02-02T05:22:03.663Z"}
{"event":"campaign.metafield.fetch.received","level":"info","message":"Fetch campaign metafield request received","requestId":"52f1f20c-d1be-4376-bd0b-da295c93d02d","timestamp":"2026-02-02T05:22:03.673Z"}
{"event":"shop.currency.fetch.start","level":"info","message":"Fetching shop currency from Shopify","requestId":"fe9820aa-33f6-4fb9-87b9-130fc9d96c45","shop":"basic-optimaio-cart.myshopify.com","timestamp":"2026-02-02T05:22:03.741Z"}
{"currencyCode":"USD","event":"shop.currency.fetch.success","level":"info","message":"Shop currency fetched successfully","requestId":"fe9820aa-33f6-4fb9-87b9-130fc9d96c45","shop":"basic-optimaio-cart.myshopify.com","timestamp":"2026-02-02T05:22:04.289Z"}
{"event":"campaign.metafield.fetch.start","key":"campaigns","level":"info","message":"Fetching campaign metafield","namespace":"optimaio_cart","requestId":"52f1f20c-d1be-4376-bd0b-da295c93d02d","shop":"basic-optimaio-cart.myshopify.com","timestamp":"2026-02-02T05:22:04.400Z"}
{"event":"shop.currency.fetch.received","level":"info","message":"Fetch shop currency request received","requestId":"f5a24dfb-7e1f-45e1-92ce-e3d1fd64b728","timestamp":"2026-02-02T05:22:04.662Z"}
{"event":"shop.currency.fetch.start","level":"info","message":"Fetching shop currency from Shopify","requestId":"f5a24dfb-7e1f-45e1-92ce-e3d1fd64b728","shop":"basic-optimaio-cart.myshopify.com","timestamp":"2026-02-02T05:22:04.733Z"}
{"event":"campaign.metafield.fetch.success","key":"campaigns","level":"info","message":"Campaign metafield fetched successfully","namespace":"optimaio_cart","requestId":"52f1f20c-d1be-4376-bd0b-da295c93d02d","shop":"basic-optimaio-cart.myshopify.com","timestamp":"2026-02-02T05:22:04.845Z"}
{"event":"campaign.metafield.fetch.received","level":"info","message":"Fetch campaign metafield request received","requestId":"e93790d6-f200-4411-9b32-12119ab0eecc","timestamp":"2026-02-02T05:22:05.239Z"}
{"currencyCode":"USD","event":"shop.currency.fetch.success","level":"info","message":"Shop currency fetched successfully","requestId":"f5a24dfb-7e1f-45e1-92ce-e3d1fd64b728","shop":"basic-optimaio-cart.myshopify.com","timestamp":"2026-02-02T05:22:05.302Z"}
{"event":"campaign.metafield.fetch.start","key":"campaigns","level":"info","message":"Fetching campaign metafield","namespace":"optimaio_cart","requestId":"e93790d6-f200-4411-9b32-12119ab0eecc","shop":"basic-optimaio-cart.myshopify.com","timestamp":"2026-02-02T05:22:05.312Z"}
{"event":"campaign.metafield.fetch.success","key":"campaigns","level":"info","message":"Campaign metafield fetched successfully","namespace":"optimaio_cart","requestId":"e93790d6-f200-4411-9b32-12119ab0eecc","shop":"basic-optimaio-cart.myshopify.com","timestamp":"2026-02-02T05:22:05.867Z"}
{"event":"campaign.metafield.fetch.received","level":"info","message":"Fetch campaign metafield request received","requestId":"4cf17fac-61f8-48f6-870a-5cbf68afd7e0","timestamp":"2026-02-02T05:22:28.314Z"}
{"event":"shop.currency.fetch.received","level":"info","message":"Fetch shop currency request received","requestId":"37478294-ee8d-43f1-8a93-80d3a5abf5dc","timestamp":"2026-02-02T05:22:28.323Z"}
{"event":"campaign.metafield.fetch.start","key":"campaigns","level":"info","message":"Fetching campaign metafield","namespace":"optimaio_cart","requestId":"4cf17fac-61f8-48f6-870a-5cbf68afd7e0","shop":"basic-optimaio-cart.myshopify.com","timestamp":"2026-02-02T05:22:28.384Z"}
{"event":"shop.currency.fetch.start","level":"info","message":"Fetching shop currency from Shopify","requestId":"37478294-ee8d-43f1-8a93-80d3a5abf5dc","shop":"basic-optimaio-cart.myshopify.com","timestamp":"2026-02-02T05:22:28.396Z"}
{"currencyCode":"USD","event":"shop.currency.fetch.success","level":"info","message":"Shop currency fetched successfully","requestId":"37478294-ee8d-43f1-8a93-80d3a5abf5dc","shop":"basic-optimaio-cart.myshopify.com","timestamp":"2026-02-02T05:22:28.923Z"}
{"event":"campaign.metafield.fetch.success","key":"campaigns","level":"info","message":"Campaign metafield fetched successfully","namespace":"optimaio_cart","requestId":"4cf17fac-61f8-48f6-870a-5cbf68afd7e0","shop":"basic-optimaio-cart.myshopify.com","timestamp":"2026-02-02T05:22:28.952Z"}
{"event":"shop.currency.fetch.received","level":"info","message":"Fetch shop currency request received","requestId":"12a3b76a-d877-424b-8366-6edb0ee9727d","timestamp":"2026-02-02T05:22:29.002Z"}
{"event":"campaign.metafield.fetch.received","level":"info","message":"Fetch campaign metafield request received","requestId":"b9dfd672-781e-4f57-840c-72fb9387a7b1","timestamp":"2026-02-02T05:22:29.045Z"}
{"event":"shop.currency.fetch.start","level":"info","message":"Fetching shop currency from Shopify","requestId":"12a3b76a-d877-424b-8366-6edb0ee9727d","shop":"basic-optimaio-cart.myshopify.com","timestamp":"2026-02-02T05:22:29.076Z"}
{"event":"campaign.metafield.fetch.start","key":"campaigns","level":"info","message":"Fetching campaign metafield","namespace":"optimaio_cart","requestId":"b9dfd672-781e-4f57-840c-72fb9387a7b1","shop":"basic-optimaio-cart.myshopify.com","timestamp":"2026-02-02T05:22:29.117Z"}
{"currencyCode":"USD","event":"shop.currency.fetch.success","level":"info","message":"Shop currency fetched successfully","requestId":"12a3b76a-d877-424b-8366-6edb0ee9727d","shop":"basic-optimaio-cart.myshopify.com","timestamp":"2026-02-02T05:22:29.476Z"}
{"event":"campaign.metafield.fetch.success","key":"campaigns","level":"info","message":"Campaign metafield fetched successfully","namespace":"optimaio_cart","requestId":"b9dfd672-781e-4f57-840c-72fb9387a7b1","shop":"basic-optimaio-cart.myshopify.com","timestamp":"2026-02-02T05:22:29.526Z"}
{"event":"shop.currency.fetch.received","level":"info","message":"Fetch shop currency request received","requestId":"c32a9be5-2b2e-4efb-b104-f53c019c4526","timestamp":"2026-02-02T05:23:19.378Z"}
{"event":"campaign.metafield.fetch.received","level":"info","message":"Fetch campaign metafield request received","requestId":"84a46294-5d48-4fe0-967d-2812335f58f6","timestamp":"2026-02-02T05:23:19.385Z"}
{"event":"shop.currency.fetch.start","level":"info","message":"Fetching shop currency from Shopify","requestId":"c32a9be5-2b2e-4efb-b104-f53c019c4526","shop":"basic-optimaio-cart.myshopify.com","timestamp":"2026-02-02T05:23:19.450Z"}
{"event":"campaign.metafield.fetch.start","key":"campaigns","level":"info","message":"Fetching campaign metafield","namespace":"optimaio_cart","requestId":"84a46294-5d48-4fe0-967d-2812335f58f6","shop":"basic-optimaio-cart.myshopify.com","timestamp":"2026-02-02T05:23:19.456Z"}
{"currencyCode":"USD","event":"shop.currency.fetch.success","level":"info","message":"Shop currency fetched successfully","requestId":"c32a9be5-2b2e-4efb-b104-f53c019c4526","shop":"basic-optimaio-cart.myshopify.com","timestamp":"2026-02-02T05:23:20.013Z"}
{"event":"campaign.metafield.fetch.success","key":"campaigns","level":"info","message":"Campaign metafield fetched successfully","namespace":"optimaio_cart","requestId":"84a46294-5d48-4fe0-967d-2812335f58f6","shop":"basic-optimaio-cart.myshopify.com","timestamp":"2026-02-02T05:23:20.018Z"}
{"event":"campaign.metafield.fetch.received","level":"info","message":"Fetch campaign metafield request received","requestId":"063eba4f-7c4e-450c-a42c-31f7f6de4cd9","timestamp":"2026-02-02T05:23:20.388Z"}
{"event":"shop.currency.fetch.received","level":"info","message":"Fetch shop currency request received","requestId":"d95aff01-0f64-4425-ab61-8244a064ee38","timestamp":"2026-02-02T05:23:20.398Z"}
{"event":"campaign.metafield.fetch.start","key":"campaigns","level":"info","message":"Fetching campaign metafield","namespace":"optimaio_cart","requestId":"063eba4f-7c4e-450c-a42c-31f7f6de4cd9","shop":"basic-optimaio-cart.myshopify.com","timestamp":"2026-02-02T05:23:20.458Z"}
{"event":"shop.currency.fetch.start","level":"info","message":"Fetching shop currency from Shopify","requestId":"d95aff01-0f64-4425-ab61-8244a064ee38","shop":"basic-optimaio-cart.myshopify.com","timestamp":"2026-02-02T05:23:20.469Z"}
{"event":"campaign.metafield.fetch.success","key":"campaigns","level":"info","message":"Campaign metafield fetched successfully","namespace":"optimaio_cart","requestId":"063eba4f-7c4e-450c-a42c-31f7f6de4cd9","shop":"basic-optimaio-cart.myshopify.com","timestamp":"2026-02-02T05:23:20.844Z"}
{"currencyCode":"USD","event":"shop.currency.fetch.success","level":"info","message":"Shop currency fetched successfully","requestId":"d95aff01-0f64-4425-ab61-8244a064ee38","shop":"basic-optimaio-cart.myshopify.com","timestamp":"2026-02-02T05:23:20.895Z"}
{"event":"campaign.metafield.fetch.received","level":"info","message":"Fetch campaign metafield request received","requestId":"a1f6e50b-38fb-4fe9-9016-97840861f2ed","timestamp":"2026-02-02T05:28:04.738Z"}
{"event":"shop.currency.fetch.received","level":"info","message":"Fetch shop currency request received","requestId":"90ee2678-6c2c-4864-bb6c-cb614c7f03f3","timestamp":"2026-02-02T05:28:04.749Z"}
{"event":"campaign.metafield.fetch.start","key":"campaigns","level":"info","message":"Fetching campaign metafield","namespace":"optimaio_cart","requestId":"a1f6e50b-38fb-4fe9-9016-97840861f2ed","shop":"basic-optimaio-cart.myshopify.com","timestamp":"2026-02-02T05:28:04.868Z"}
{"event":"campaign.metafield.fetch.success","key":"campaigns","level":"info","message":"Campaign metafield fetched successfully","namespace":"optimaio_cart","requestId":"a1f6e50b-38fb-4fe9-9016-97840861f2ed","shop":"basic-optimaio-cart.myshopify.com","timestamp":"2026-02-02T05:28:05.402Z"}
{"event":"shop.currency.fetch.start","level":"info","message":"Fetching shop currency from Shopify","requestId":"90ee2678-6c2c-4864-bb6c-cb614c7f03f3","shop":"basic-optimaio-cart.myshopify.com","timestamp":"2026-02-02T05:28:05.466Z"}
{"event":"campaign.metafield.fetch.received","level":"info","message":"Fetch campaign metafield request received","requestId":"3a7ce020-5560-4f68-86d5-707bf19e4642","timestamp":"2026-02-02T05:28:05.878Z"}
{"currencyCode":"USD","event":"shop.currency.fetch.success","level":"info","message":"Shop currency fetched successfully","requestId":"90ee2678-6c2c-4864-bb6c-cb614c7f03f3","shop":"basic-optimaio-cart.myshopify.com","timestamp":"2026-02-02T05:28:05.886Z"}
{"event":"campaign.metafield.fetch.start","key":"campaigns","level":"info","message":"Fetching campaign metafield","namespace":"optimaio_cart","requestId":"3a7ce020-5560-4f68-86d5-707bf19e4642","shop":"basic-optimaio-cart.myshopify.com","timestamp":"2026-02-02T05:28:05.951Z"}
{"event":"shop.currency.fetch.received","level":"info","message":"Fetch shop currency request received","requestId":"df32f83c-d2e9-4fab-a0c5-24f619c3ed09","timestamp":"2026-02-02T05:28:06.374Z"}
{"event":"campaign.metafield.fetch.success","key":"campaigns","level":"info","message":"Campaign metafield fetched successfully","namespace":"optimaio_cart","requestId":"3a7ce020-5560-4f68-86d5-707bf19e4642","shop":"basic-optimaio-cart.myshopify.com","timestamp":"2026-02-02T05:28:06.382Z"}
{"event":"shop.currency.fetch.start","level":"info","message":"Fetching shop currency from Shopify","requestId":"df32f83c-d2e9-4fab-a0c5-24f619c3ed09","shop":"basic-optimaio-cart.myshopify.com","timestamp":"2026-02-02T05:28:06.449Z"}
{"currencyCode":"USD","event":"shop.currency.fetch.success","level":"info","message":"Shop currency fetched successfully","requestId":"df32f83c-d2e9-4fab-a0c5-24f619c3ed09","shop":"basic-optimaio-cart.myshopify.com","timestamp":"2026-02-02T05:28:06.864Z"}
{"event":"billing.cron.triggered","level":"info","message":"Store expiry cron triggered","requestId":"30749cea-0c98-4421-a79a-d45ae6c993ef","timestamp":"2026-02-02T05:30:00.063Z"}
{"event":"redis.client.init","host":"redis-16663.crce179.ap-south-1-1.ec2.cloud.redislabs.com","level":"info","message":"Initializing Redis client","port":16663,"requestId":"30749cea-0c98-4421-a79a-d45ae6c993ef","timestamp":"2026-02-02T05:30:00.064Z"}
{"event":"redis.connect.start","level":"info","message":"Connecting to Redis","requestId":"30749cea-0c98-4421-a79a-d45ae6c993ef","timestamp":"2026-02-02T05:30:00.070Z"}
{"event":"billing.orders.cron.triggered","level":"info","message":"Order-based billing cron triggered","requestId":"4e229797-a3f3-460b-a829-87ad4b3d3fda","timestamp":"2026-02-02T05:30:00.075Z"}
{"event":"billing.orders.scan.started","level":"info","message":"Order-based billing scan started","requestId":"4e229797-a3f3-460b-a829-87ad4b3d3fda","timestamp":"2026-02-02T05:30:00.077Z"}
{"event":"orders.flush.cron.triggered","level":"info","message":"Hourly order flush cron triggered","requestId":"696e88b1-811d-4b33-80e7-908f58f95905","timestamp":"2026-02-02T05:30:00.083Z"}
{"event":"orders.flush.scan.started","level":"info","message":"Order flush scan started","requestId":"696e88b1-811d-4b33-80e7-908f58f95905","timestamp":"2026-02-02T05:30:00.084Z"}
{"event":"redis.socket.connected","level":"info","message":"Redis socket connected","requestId":"30749cea-0c98-4421-a79a-d45ae6c993ef","timestamp":"2026-02-02T05:30:00.127Z"}
{"event":"redis.socket.connected","level":"info","message":"Redis socket connected","requestId":"30749cea-0c98-4421-a79a-d45ae6c993ef","timestamp":"2026-02-02T05:30:00.128Z"}
{"event":"orders.flush.queue.empty","level":"info","message":"No order queues found","requestId":"696e88b1-811d-4b33-80e7-908f58f95905","timestamp":"2026-02-02T05:30:00.147Z"}
{"event":"redis.client.ready","level":"info","message":"Redis client ready","requestId":"30749cea-0c98-4421-a79a-d45ae6c993ef","timestamp":"2026-02-02T05:30:00.148Z"}
{"event":"redis.client.ready","level":"info","message":"Redis client ready","requestId":"30749cea-0c98-4421-a79a-d45ae6c993ef","timestamp":"2026-02-02T05:30:00.149Z"}
{"event":"redis.connect.success","level":"info","message":"Redis connection established","requestId":"30749cea-0c98-4421-a79a-d45ae6c993ef","timestamp":"2026-02-02T05:30:00.151Z"}
{"event":"billing.cron.scan.started","level":"info","maxPerRun":10,"message":"Store expiry scan started","requestId":"30749cea-0c98-4421-a79a-d45ae6c993ef","timestamp":"2026-02-02T05:30:00.152Z"}
{"event":"billing.cron.no_expired_store","level":"info","message":"Next billing cycle has not expired yet","nextExpiry":"2026-02-05T06:31:22.283Z","nextShop":"bb-basic-optimaio-cart.myshopify.com","requestId":"30749cea-0c98-4421-a79a-d45ae6c993ef","timestamp":"2026-02-02T05:30:00.166Z"}
{"event":"billing.cron.scan.completed","level":"info","message":"Store expiry scan completed","processed":0,"requestId":"30749cea-0c98-4421-a79a-d45ae6c993ef","timestamp":"2026-02-02T05:30:00.167Z"}
{"event":"billing.orders.zero","level":"info","message":"No orders for store, skipping upgrade","requestId":"4e229797-a3f3-460b-a829-87ad4b3d3fda","storeId":"basic-optimaio-cart.myshopify.com","timestamp":"2026-02-02T05:30:00.316Z"}
{"event":"billing.orders.scan.completed","level":"info","message":"Order-based billing scan completed","requestId":"4e229797-a3f3-460b-a829-87ad4b3d3fda","timestamp":"2026-02-02T05:30:00.336Z"}
