{"event":"timer.fetch.received","level":"info","message":"Fetch cart timer request received","requestId":"6a0dc95e-9b20-4c0d-93d8-27d527a114ef","timestamp":"2026-01-20T04:26:23.033Z"}
{"event":"timer.fetch.start","level":"info","message":"Fetching cart timer metafield","requestId":"6a0dc95e-9b20-4c0d-93d8-27d527a114ef","shop":"basic-optimaio-cart.myshopify.com","timestamp":"2026-01-20T04:26:23.108Z"}
{"event":"timer.fetch.empty","level":"info","message":"Cart timer metafield not set","requestId":"6a0dc95e-9b20-4c0d-93d8-27d527a114ef","shop":"basic-optimaio-cart.myshopify.com","timestamp":"2026-01-20T04:26:24.096Z"}
{"event":"timer.fetch.received","level":"info","message":"Fetch cart timer request received","requestId":"1d4e704a-f664-46dd-840c-6a46dd33f4cb","timestamp":"2026-01-20T04:26:24.636Z"}
{"event":"timer.fetch.start","level":"info","message":"Fetching cart timer metafield","requestId":"1d4e704a-f664-46dd-840c-6a46dd33f4cb","shop":"basic-optimaio-cart.myshopify.com","timestamp":"2026-01-20T04:26:24.702Z"}
{"event":"timer.fetch.empty","level":"info","message":"Cart timer metafield not set","requestId":"1d4e704a-f664-46dd-840c-6a46dd33f4cb","shop":"basic-optimaio-cart.myshopify.com","timestamp":"2026-01-20T04:26:25.611Z"}
{"event":"timer.fetch.received","level":"info","message":"Fetch cart timer request received","requestId":"76ce0ce6-12ae-4bd8-93ac-5be2d626d09f","timestamp":"2026-01-20T04:27:44.525Z"}
{"event":"timer.fetch.start","level":"info","message":"Fetching cart timer metafield","requestId":"76ce0ce6-12ae-4bd8-93ac-5be2d626d09f","shop":"basic-optimaio-cart.myshopify.com","timestamp":"2026-01-20T04:27:44.658Z"}
{"event":"timer.fetch.empty","level":"info","message":"Cart timer metafield not set","requestId":"76ce0ce6-12ae-4bd8-93ac-5be2d626d09f","shop":"basic-optimaio-cart.myshopify.com","timestamp":"2026-01-20T04:27:45.626Z"}
{"event":"timer.fetch.received","level":"info","message":"Fetch cart timer request received","requestId":"2b37d916-3fb0-448b-bdf8-acb8484a44c7","timestamp":"2026-01-20T04:27:46.661Z"}
{"event":"timer.fetch.start","level":"info","message":"Fetching cart timer metafield","requestId":"2b37d916-3fb0-448b-bdf8-acb8484a44c7","shop":"basic-optimaio-cart.myshopify.com","timestamp":"2026-01-20T04:27:46.739Z"}
{"event":"timer.fetch.empty","level":"info","message":"Cart timer metafield not set","requestId":"2b37d916-3fb0-448b-bdf8-acb8484a44c7","shop":"basic-optimaio-cart.myshopify.com","timestamp":"2026-01-20T04:27:47.694Z"}
{"event":"timer.fetch.received","level":"info","message":"Fetch cart timer request received","requestId":"20b31c17-1c10-4b7b-9a0f-7c6c017ae563","timestamp":"2026-01-20T04:29:54.037Z"}
{"event":"timer.fetch.start","level":"info","message":"Fetching cart timer metafield","requestId":"20b31c17-1c10-4b7b-9a0f-7c6c017ae563","shop":"basic-optimaio-cart.myshopify.com","timestamp":"2026-01-20T04:29:54.163Z"}
{"event":"timer.fetch.empty","level":"info","message":"Cart timer metafield not set","requestId":"20b31c17-1c10-4b7b-9a0f-7c6c017ae563","shop":"basic-optimaio-cart.myshopify.com","timestamp":"2026-01-20T04:29:55.334Z"}
{"event":"timer.fetch.received","level":"info","message":"Fetch cart timer request received","requestId":"cccbf9ea-fb0d-41e9-b7b1-bf4587bf27c0","timestamp":"2026-01-20T04:29:56.269Z"}
{"event":"timer.fetch.start","level":"info","message":"Fetching cart timer metafield","requestId":"cccbf9ea-fb0d-41e9-b7b1-bf4587bf27c0","shop":"basic-optimaio-cart.myshopify.com","timestamp":"2026-01-20T04:29:56.332Z"}
{"event":"timer.fetch.empty","level":"info","message":"Cart timer metafield not set","requestId":"cccbf9ea-fb0d-41e9-b7b1-bf4587bf27c0","shop":"basic-optimaio-cart.myshopify.com","timestamp":"2026-01-20T04:29:57.281Z"}
{"event":"billing.cron.triggered","level":"info","message":"Store expiry cron triggered","requestId":"999d23c9-1595-4d71-be3b-a1cb8adaf10c","timestamp":"2026-01-20T04:30:00.082Z"}
{"event":"redis.client.init","host":"redis-16663.crce179.ap-south-1-1.ec2.cloud.redislabs.com","level":"info","message":"Initializing Redis client","port":16663,"requestId":"999d23c9-1595-4d71-be3b-a1cb8adaf10c","timestamp":"2026-01-20T04:30:00.084Z"}
{"event":"redis.connect.start","level":"info","message":"Connecting to Redis","requestId":"999d23c9-1595-4d71-be3b-a1cb8adaf10c","timestamp":"2026-01-20T04:30:00.090Z"}
{"event":"billing.orders.cron.triggered","level":"info","message":"Order-based billing cron triggered","requestId":"f4deab01-a99c-416d-891d-b302868773f2","timestamp":"2026-01-20T04:30:00.094Z"}
{"event":"billing.orders.scan.started","level":"info","message":"Order-based billing scan started","requestId":"f4deab01-a99c-416d-891d-b302868773f2","timestamp":"2026-01-20T04:30:00.096Z"}
{"event":"orders.flush.cron.triggered","level":"info","message":"Hourly order flush cron triggered","requestId":"1b016659-9052-4a5f-adb9-3aa9f44b80d5","timestamp":"2026-01-20T04:30:00.100Z"}
{"event":"orders.flush.scan.started","level":"info","message":"Order flush scan started","requestId":"1b016659-9052-4a5f-adb9-3aa9f44b80d5","timestamp":"2026-01-20T04:30:00.102Z"}
{"event":"redis.socket.connected","level":"info","message":"Redis socket connected","requestId":"999d23c9-1595-4d71-be3b-a1cb8adaf10c","timestamp":"2026-01-20T04:30:00.326Z"}
{"event":"redis.socket.connected","level":"info","message":"Redis socket connected","requestId":"999d23c9-1595-4d71-be3b-a1cb8adaf10c","timestamp":"2026-01-20T04:30:00.326Z"}
{"event":"orders.flush.queue.empty","level":"info","message":"No order queues found","requestId":"1b016659-9052-4a5f-adb9-3aa9f44b80d5","timestamp":"2026-01-20T04:30:00.344Z"}
{"event":"redis.client.ready","level":"info","message":"Redis client ready","requestId":"999d23c9-1595-4d71-be3b-a1cb8adaf10c","timestamp":"2026-01-20T04:30:00.345Z"}
{"event":"redis.client.ready","level":"info","message":"Redis client ready","requestId":"999d23c9-1595-4d71-be3b-a1cb8adaf10c","timestamp":"2026-01-20T04:30:00.345Z"}
{"event":"redis.connect.success","level":"info","message":"Redis connection established","requestId":"999d23c9-1595-4d71-be3b-a1cb8adaf10c","timestamp":"2026-01-20T04:30:00.347Z"}
{"event":"billing.cron.scan.started","level":"info","maxPerRun":10,"message":"Store expiry scan started","requestId":"999d23c9-1595-4d71-be3b-a1cb8adaf10c","timestamp":"2026-01-20T04:30:00.348Z"}
{"event":"billing.orders.zero","level":"info","message":"No orders for store, skipping upgrade","requestId":"f4deab01-a99c-416d-891d-b302868773f2","storeId":"basic-optimaio-cart.myshopify.com","timestamp":"2026-01-20T04:30:00.358Z"}
{"event":"billing.cron.no_expired_store","level":"info","message":"Next billing cycle has not expired yet","nextExpiry":"2026-02-05T06:31:22.283Z","nextShop":"bb-basic-optimaio-cart.myshopify.com","requestId":"999d23c9-1595-4d71-be3b-a1cb8adaf10c","timestamp":"2026-01-20T04:30:00.359Z"}
{"event":"billing.cron.scan.completed","level":"info","message":"Store expiry scan completed","processed":0,"requestId":"999d23c9-1595-4d71-be3b-a1cb8adaf10c","timestamp":"2026-01-20T04:30:00.359Z"}
{"event":"billing.orders.scan.completed","level":"info","message":"Order-based billing scan completed","requestId":"f4deab01-a99c-416d-891d-b302868773f2","timestamp":"2026-01-20T04:30:00.377Z"}
{"event":"billing.cron.triggered","level":"info","message":"Store expiry cron triggered","requestId":"f4c2d062-fc82-4430-8d47-84218e3c984b","timestamp":"2026-01-20T05:30:00.116Z"}
{"event":"redis.client.init","host":"redis-16663.crce179.ap-south-1-1.ec2.cloud.redislabs.com","level":"info","message":"Initializing Redis client","port":16663,"requestId":"f4c2d062-fc82-4430-8d47-84218e3c984b","timestamp":"2026-01-20T05:30:00.122Z"}
{"event":"redis.connect.start","level":"info","message":"Connecting to Redis","requestId":"f4c2d062-fc82-4430-8d47-84218e3c984b","timestamp":"2026-01-20T05:30:00.124Z"}
{"event":"billing.orders.cron.triggered","level":"info","message":"Order-based billing cron triggered","requestId":"f23a0177-fbe6-44fb-acae-6372b6237c1e","timestamp":"2026-01-20T05:30:00.129Z"}
{"event":"billing.orders.scan.started","level":"info","message":"Order-based billing scan started","requestId":"f23a0177-fbe6-44fb-acae-6372b6237c1e","timestamp":"2026-01-20T05:30:00.130Z"}
{"event":"orders.flush.cron.triggered","level":"info","message":"Hourly order flush cron triggered","requestId":"273bbe2d-f8cb-49e3-a4c3-9a19b3ca754a","timestamp":"2026-01-20T05:30:00.134Z"}
{"event":"orders.flush.scan.started","level":"info","message":"Order flush scan started","requestId":"273bbe2d-f8cb-49e3-a4c3-9a19b3ca754a","timestamp":"2026-01-20T05:30:00.135Z"}
{"event":"redis.socket.connected","level":"info","message":"Redis socket connected","requestId":"f4c2d062-fc82-4430-8d47-84218e3c984b","timestamp":"2026-01-20T05:30:00.158Z"}
{"event":"redis.socket.connected","level":"info","message":"Redis socket connected","requestId":"f4c2d062-fc82-4430-8d47-84218e3c984b","timestamp":"2026-01-20T05:30:00.159Z"}
{"event":"redis.client.ready","level":"info","message":"Redis client ready","requestId":"f4c2d062-fc82-4430-8d47-84218e3c984b","timestamp":"2026-01-20T05:30:00.180Z"}
{"event":"redis.client.ready","level":"info","message":"Redis client ready","requestId":"f4c2d062-fc82-4430-8d47-84218e3c984b","timestamp":"2026-01-20T05:30:00.181Z"}
{"event":"redis.connect.success","level":"info","message":"Redis connection established","requestId":"f4c2d062-fc82-4430-8d47-84218e3c984b","timestamp":"2026-01-20T05:30:00.183Z"}
{"event":"billing.cron.scan.started","level":"info","maxPerRun":10,"message":"Store expiry scan started","requestId":"f4c2d062-fc82-4430-8d47-84218e3c984b","timestamp":"2026-01-20T05:30:00.184Z"}
{"event":"orders.flush.queue.empty","level":"info","message":"No order queues found","requestId":"273bbe2d-f8cb-49e3-a4c3-9a19b3ca754a","timestamp":"2026-01-20T05:30:00.186Z"}
{"event":"billing.cron.no_expired_store","level":"info","message":"Next billing cycle has not expired yet","nextExpiry":"2026-02-05T06:31:22.283Z","nextShop":"bb-basic-optimaio-cart.myshopify.com","requestId":"f4c2d062-fc82-4430-8d47-84218e3c984b","timestamp":"2026-01-20T05:30:00.200Z"}
{"event":"billing.cron.scan.completed","level":"info","message":"Store expiry scan completed","processed":0,"requestId":"f4c2d062-fc82-4430-8d47-84218e3c984b","timestamp":"2026-01-20T05:30:00.201Z"}
{"event":"billing.orders.zero","level":"info","message":"No orders for store, skipping upgrade","requestId":"f23a0177-fbe6-44fb-acae-6372b6237c1e","storeId":"basic-optimaio-cart.myshopify.com","timestamp":"2026-01-20T05:30:00.336Z"}
{"event":"billing.orders.scan.completed","level":"info","message":"Order-based billing scan completed","requestId":"f23a0177-fbe6-44fb-acae-6372b6237c1e","timestamp":"2026-01-20T05:30:00.356Z"}
{"event":"shop.currency.fetch.received","level":"info","message":"Fetch shop currency request received","requestId":"02191e52-88ce-4f2b-8da6-4ea5662c13b6","timestamp":"2026-01-20T05:46:26.084Z"}
{"event":"campaign.metafield.fetch.received","level":"info","message":"Fetch campaign metafield request received","requestId":"291a210e-084d-42d5-a5a9-072e2bc212c1","timestamp":"2026-01-20T05:46:26.106Z"}
{"event":"shop.currency.fetch.start","level":"info","message":"Fetching shop currency from Shopify","requestId":"02191e52-88ce-4f2b-8da6-4ea5662c13b6","shop":"basic-optimaio-cart.myshopify.com","timestamp":"2026-01-20T05:46:26.155Z"}
{"event":"campaign.metafield.fetch.start","key":"campaigns","level":"info","message":"Fetching campaign metafield","namespace":"optimaio_cart","requestId":"291a210e-084d-42d5-a5a9-072e2bc212c1","shop":"basic-optimaio-cart.myshopify.com","timestamp":"2026-01-20T05:46:26.212Z"}
{"currencyCode":"USD","event":"shop.currency.fetch.success","level":"info","message":"Shop currency fetched successfully","requestId":"02191e52-88ce-4f2b-8da6-4ea5662c13b6","shop":"basic-optimaio-cart.myshopify.com","timestamp":"2026-01-20T05:46:26.855Z"}
{"event":"campaign.metafield.fetch.success","key":"campaigns","level":"info","message":"Campaign metafield fetched successfully","namespace":"optimaio_cart","requestId":"291a210e-084d-42d5-a5a9-072e2bc212c1","shop":"basic-optimaio-cart.myshopify.com","timestamp":"2026-01-20T05:46:26.867Z"}
{"event":"shop.currency.fetch.received","level":"info","message":"Fetch shop currency request received","requestId":"3048ab4d-a8a7-447e-b23e-d8694a7eb3eb","timestamp":"2026-01-20T05:46:27.424Z"}
{"event":"campaign.metafield.fetch.received","level":"info","message":"Fetch campaign metafield request received","requestId":"fa15ce3f-353d-4724-bc46-e66ecc9be35d","timestamp":"2026-01-20T05:46:27.464Z"}
{"event":"shop.currency.fetch.start","level":"info","message":"Fetching shop currency from Shopify","requestId":"3048ab4d-a8a7-447e-b23e-d8694a7eb3eb","shop":"basic-optimaio-cart.myshopify.com","timestamp":"2026-01-20T05:46:27.532Z"}
{"event":"campaign.metafield.fetch.start","key":"campaigns","level":"info","message":"Fetching campaign metafield","namespace":"optimaio_cart","requestId":"fa15ce3f-353d-4724-bc46-e66ecc9be35d","shop":"basic-optimaio-cart.myshopify.com","timestamp":"2026-01-20T05:46:27.547Z"}
{"currencyCode":"USD","event":"shop.currency.fetch.success","level":"info","message":"Shop currency fetched successfully","requestId":"3048ab4d-a8a7-447e-b23e-d8694a7eb3eb","shop":"basic-optimaio-cart.myshopify.com","timestamp":"2026-01-20T05:46:27.959Z"}
{"event":"campaign.metafield.fetch.success","key":"campaigns","level":"info","message":"Campaign metafield fetched successfully","namespace":"optimaio_cart","requestId":"fa15ce3f-353d-4724-bc46-e66ecc9be35d","shop":"basic-optimaio-cart.myshopify.com","timestamp":"2026-01-20T05:46:28.018Z"}
{"event":"products.fetch.received","level":"info","message":"Fetch products request received","requestId":"c057330f-b342-4d1a-8a0f-991b22397de1","timestamp":"2026-01-20T05:46:34.075Z"}
{"event":"products.fetch.start","level":"info","message":"Fetching products from Shopify","requestId":"c057330f-b342-4d1a-8a0f-991b22397de1","shop":"basic-optimaio-cart.myshopify.com","timestamp":"2026-01-20T05:46:34.146Z"}
{"count":17,"event":"products.fetch.success","level":"info","message":"Products fetched successfully","requestId":"c057330f-b342-4d1a-8a0f-991b22397de1","shop":"basic-optimaio-cart.myshopify.com","timestamp":"2026-01-20T05:46:34.875Z"}
{"event":"products.fetch.received","level":"info","message":"Fetch products request received","requestId":"a3af4bd0-fbed-44c1-ae73-707dc74683aa","timestamp":"2026-01-20T05:55:02.818Z"}
{"event":"products.fetch.start","level":"info","message":"Fetching products from Shopify","requestId":"a3af4bd0-fbed-44c1-ae73-707dc74683aa","shop":"basic-optimaio-cart.myshopify.com","timestamp":"2026-01-20T05:55:02.882Z"}
{"count":17,"event":"products.fetch.success","level":"info","message":"Products fetched successfully","requestId":"a3af4bd0-fbed-44c1-ae73-707dc74683aa","shop":"basic-optimaio-cart.myshopify.com","timestamp":"2026-01-20T05:55:03.572Z"}
{"event":"products.fetch.received","level":"info","message":"Fetch products request received","requestId":"1b482b7f-5ef2-43e1-86f8-be8e1aff9dcc","timestamp":"2026-01-20T05:55:18.018Z"}
{"event":"products.fetch.start","level":"info","message":"Fetching products from Shopify","requestId":"1b482b7f-5ef2-43e1-86f8-be8e1aff9dcc","shop":"basic-optimaio-cart.myshopify.com","timestamp":"2026-01-20T05:55:18.281Z"}
{"count":17,"event":"products.fetch.success","level":"info","message":"Products fetched successfully","requestId":"1b482b7f-5ef2-43e1-86f8-be8e1aff9dcc","shop":"basic-optimaio-cart.myshopify.com","timestamp":"2026-01-20T05:55:19.088Z"}
{"event":"products.fetch.received","level":"info","message":"Fetch products request received","requestId":"7d29cfbf-3242-4fa6-9e06-0c59cde8ace2","timestamp":"2026-01-20T05:55:46.748Z"}
{"event":"products.fetch.start","level":"info","message":"Fetching products from Shopify","requestId":"7d29cfbf-3242-4fa6-9e06-0c59cde8ace2","shop":"basic-optimaio-cart.myshopify.com","timestamp":"2026-01-20T05:55:46.944Z"}
{"count":17,"event":"products.fetch.success","level":"info","message":"Products fetched successfully","requestId":"7d29cfbf-3242-4fa6-9e06-0c59cde8ace2","shop":"basic-optimaio-cart.myshopify.com","timestamp":"2026-01-20T05:55:47.726Z"}
{"event":"products.fetch.received","level":"info","message":"Fetch products request received","requestId":"b0039f2a-9b62-4818-ab5b-ef758f1b83c5","timestamp":"2026-01-20T05:56:03.179Z"}
{"event":"products.fetch.start","level":"info","message":"Fetching products from Shopify","requestId":"b0039f2a-9b62-4818-ab5b-ef758f1b83c5","shop":"basic-optimaio-cart.myshopify.com","timestamp":"2026-01-20T05:56:03.811Z"}
{"count":17,"event":"products.fetch.success","level":"info","message":"Products fetched successfully","requestId":"b0039f2a-9b62-4818-ab5b-ef758f1b83c5","shop":"basic-optimaio-cart.myshopify.com","timestamp":"2026-01-20T05:56:04.529Z"}
{"event":"products.fetch.received","level":"info","message":"Fetch products request received","requestId":"0b5e02da-adf3-4ea5-b5ef-5d39dc9cd3df","timestamp":"2026-01-20T05:56:07.799Z"}
{"event":"products.fetch.start","level":"info","message":"Fetching products from Shopify","requestId":"0b5e02da-adf3-4ea5-b5ef-5d39dc9cd3df","shop":"basic-optimaio-cart.myshopify.com","timestamp":"2026-01-20T05:56:07.865Z"}
{"count":17,"event":"products.fetch.success","level":"info","message":"Products fetched successfully","requestId":"0b5e02da-adf3-4ea5-b5ef-5d39dc9cd3df","shop":"basic-optimaio-cart.myshopify.com","timestamp":"2026-01-20T05:56:08.467Z"}
{"event":"products.fetch.received","level":"info","message":"Fetch products request received","requestId":"2c53ceff-ba2d-4446-8cc4-623c1954c31b","timestamp":"2026-01-20T05:58:59.846Z"}
{"event":"products.fetch.start","level":"info","message":"Fetching products from Shopify","requestId":"2c53ceff-ba2d-4446-8cc4-623c1954c31b","shop":"basic-optimaio-cart.myshopify.com","timestamp":"2026-01-20T05:58:59.985Z"}
{"count":17,"event":"products.fetch.success","level":"info","message":"Products fetched successfully","requestId":"2c53ceff-ba2d-4446-8cc4-623c1954c31b","shop":"basic-optimaio-cart.myshopify.com","timestamp":"2026-01-20T05:59:00.710Z"}
{"event":"products.fetch.received","level":"info","message":"Fetch products request received","requestId":"28295d25-2b14-40d2-89f4-0c1bad3deef8","timestamp":"2026-01-20T05:59:05.290Z"}
{"event":"products.fetch.start","level":"info","message":"Fetching products from Shopify","requestId":"28295d25-2b14-40d2-89f4-0c1bad3deef8","shop":"basic-optimaio-cart.myshopify.com","timestamp":"2026-01-20T05:59:05.359Z"}
{"count":17,"event":"products.fetch.success","level":"info","message":"Products fetched successfully","requestId":"28295d25-2b14-40d2-89f4-0c1bad3deef8","shop":"basic-optimaio-cart.myshopify.com","timestamp":"2026-01-20T05:59:06.116Z"}
{"event":"orders.flush.cron.triggered","level":"info","message":"Hourly order flush cron triggered","requestId":"0eb7121a-614c-4e07-8d84-9def5aa971cd","timestamp":"2026-01-20T06:00:00.070Z"}
{"event":"orders.flush.scan.started","level":"info","message":"Order flush scan started","requestId":"0eb7121a-614c-4e07-8d84-9def5aa971cd","timestamp":"2026-01-20T06:00:00.076Z"}
{"event":"orders.flush.queue.empty","level":"info","message":"No order queues found","requestId":"0eb7121a-614c-4e07-8d84-9def5aa971cd","timestamp":"2026-01-20T06:00:00.091Z"}
{"event":"shop.currency.fetch.received","level":"info","message":"Fetch shop currency request received","requestId":"9345e6db-afab-441b-9c14-afd199d2c1f3","timestamp":"2026-01-20T06:00:00.672Z"}
{"event":"campaign.metafield.fetch.received","level":"info","message":"Fetch campaign metafield request received","requestId":"6b1dcf69-a2ba-4bbb-bf78-538cd7390395","timestamp":"2026-01-20T06:00:00.690Z"}
{"event":"shop.currency.fetch.start","level":"info","message":"Fetching shop currency from Shopify","requestId":"9345e6db-afab-441b-9c14-afd199d2c1f3","shop":"basic-optimaio-cart.myshopify.com","timestamp":"2026-01-20T06:00:00.744Z"}
{"event":"campaign.metafield.fetch.start","key":"campaigns","level":"info","message":"Fetching campaign metafield","namespace":"optimaio_cart","requestId":"6b1dcf69-a2ba-4bbb-bf78-538cd7390395","shop":"basic-optimaio-cart.myshopify.com","timestamp":"2026-01-20T06:00:00.763Z"}
{"currencyCode":"USD","event":"shop.currency.fetch.success","level":"info","message":"Shop currency fetched successfully","requestId":"9345e6db-afab-441b-9c14-afd199d2c1f3","shop":"basic-optimaio-cart.myshopify.com","timestamp":"2026-01-20T06:00:01.398Z"}
{"event":"campaign.metafield.fetch.success","key":"campaigns","level":"info","message":"Campaign metafield fetched successfully","namespace":"optimaio_cart","requestId":"6b1dcf69-a2ba-4bbb-bf78-538cd7390395","shop":"basic-optimaio-cart.myshopify.com","timestamp":"2026-01-20T06:00:01.407Z"}
{"event":"shop.currency.fetch.received","level":"info","message":"Fetch shop currency request received","requestId":"caf7ee8d-ff59-47f1-8613-3fbab5a55cd9","timestamp":"2026-01-20T06:00:01.867Z"}
{"event":"shop.currency.fetch.start","level":"info","message":"Fetching shop currency from Shopify","requestId":"caf7ee8d-ff59-47f1-8613-3fbab5a55cd9","shop":"basic-optimaio-cart.myshopify.com","timestamp":"2026-01-20T06:00:01.933Z"}
{"event":"campaign.metafield.fetch.received","level":"info","message":"Fetch campaign metafield request received","requestId":"e7373603-c077-4bba-b1a8-711cd114409d","timestamp":"2026-01-20T06:00:02.136Z"}
{"event":"campaign.metafield.fetch.start","key":"campaigns","level":"info","message":"Fetching campaign metafield","namespace":"optimaio_cart","requestId":"e7373603-c077-4bba-b1a8-711cd114409d","shop":"basic-optimaio-cart.myshopify.com","timestamp":"2026-01-20T06:00:02.205Z"}
{"currencyCode":"USD","event":"shop.currency.fetch.success","level":"info","message":"Shop currency fetched successfully","requestId":"caf7ee8d-ff59-47f1-8613-3fbab5a55cd9","shop":"basic-optimaio-cart.myshopify.com","timestamp":"2026-01-20T06:00:02.352Z"}
{"event":"campaign.metafield.fetch.success","key":"campaigns","level":"info","message":"Campaign metafield fetched successfully","namespace":"optimaio_cart","requestId":"e7373603-c077-4bba-b1a8-711cd114409d","shop":"basic-optimaio-cart.myshopify.com","timestamp":"2026-01-20T06:00:02.658Z"}
{"event":"products.fetch.received","level":"info","message":"Fetch products request received","requestId":"2512b4e5-fd88-45f9-8947-563a286c0d6d","timestamp":"2026-01-20T06:10:20.962Z"}
{"event":"products.fetch.start","level":"info","message":"Fetching products from Shopify","requestId":"2512b4e5-fd88-45f9-8947-563a286c0d6d","shop":"basic-optimaio-cart.myshopify.com","timestamp":"2026-01-20T06:10:21.075Z"}
{"count":17,"event":"products.fetch.success","level":"info","message":"Products fetched successfully","requestId":"2512b4e5-fd88-45f9-8947-563a286c0d6d","shop":"basic-optimaio-cart.myshopify.com","timestamp":"2026-01-20T06:10:21.960Z"}
{"event":"products.fetch.received","level":"info","message":"Fetch products request received","requestId":"1684d27e-70a1-4deb-9269-713784ca3e3d","timestamp":"2026-01-20T06:10:50.775Z"}
{"event":"products.fetch.start","level":"info","message":"Fetching products from Shopify","requestId":"1684d27e-70a1-4deb-9269-713784ca3e3d","shop":"basic-optimaio-cart.myshopify.com","timestamp":"2026-01-20T06:10:50.840Z"}
{"count":17,"event":"products.fetch.success","level":"info","message":"Products fetched successfully","requestId":"1684d27e-70a1-4deb-9269-713784ca3e3d","shop":"basic-optimaio-cart.myshopify.com","timestamp":"2026-01-20T06:10:51.694Z"}
{"event":"products.fetch.received","level":"info","message":"Fetch products request received","requestId":"67da8a36-b0e2-445e-8792-ce86a63ae6c3","timestamp":"2026-01-20T06:11:12.014Z"}
{"event":"products.fetch.start","level":"info","message":"Fetching products from Shopify","requestId":"67da8a36-b0e2-445e-8792-ce86a63ae6c3","shop":"basic-optimaio-cart.myshopify.com","timestamp":"2026-01-20T06:11:12.088Z"}
{"count":17,"event":"products.fetch.success","level":"info","message":"Products fetched successfully","requestId":"67da8a36-b0e2-445e-8792-ce86a63ae6c3","shop":"basic-optimaio-cart.myshopify.com","timestamp":"2026-01-20T06:11:12.881Z"}
{"event":"products.fetch.received","level":"info","message":"Fetch products request received","requestId":"8e6389c3-cb6d-4429-a3bf-0fa37520d5ea","timestamp":"2026-01-20T06:11:31.585Z"}
{"event":"products.fetch.start","level":"info","message":"Fetching products from Shopify","requestId":"8e6389c3-cb6d-4429-a3bf-0fa37520d5ea","shop":"basic-optimaio-cart.myshopify.com","timestamp":"2026-01-20T06:11:31.685Z"}
{"count":17,"event":"products.fetch.success","level":"info","message":"Products fetched successfully","requestId":"8e6389c3-cb6d-4429-a3bf-0fa37520d5ea","shop":"basic-optimaio-cart.myshopify.com","timestamp":"2026-01-20T06:11:32.389Z"}
{"event":"products.fetch.received","level":"info","message":"Fetch products request received","requestId":"78881d78-fa18-43f0-8a60-f1ba1fcf8d65","timestamp":"2026-01-20T06:11:32.925Z"}
{"event":"products.fetch.start","level":"info","message":"Fetching products from Shopify","requestId":"78881d78-fa18-43f0-8a60-f1ba1fcf8d65","shop":"basic-optimaio-cart.myshopify.com","timestamp":"2026-01-20T06:11:32.996Z"}
{"count":17,"event":"products.fetch.success","level":"info","message":"Products fetched successfully","requestId":"78881d78-fa18-43f0-8a60-f1ba1fcf8d65","shop":"basic-optimaio-cart.myshopify.com","timestamp":"2026-01-20T06:11:33.584Z"}
{"event":"products.fetch.received","level":"info","message":"Fetch products request received","requestId":"0bfe8112-4dc1-4174-b2d6-f04d29fc3dd4","timestamp":"2026-01-20T06:11:43.714Z"}
{"event":"products.fetch.start","level":"info","message":"Fetching products from Shopify","requestId":"0bfe8112-4dc1-4174-b2d6-f04d29fc3dd4","shop":"basic-optimaio-cart.myshopify.com","timestamp":"2026-01-20T06:11:43.780Z"}
{"count":17,"event":"products.fetch.success","level":"info","message":"Products fetched successfully","requestId":"0bfe8112-4dc1-4174-b2d6-f04d29fc3dd4","shop":"basic-optimaio-cart.myshopify.com","timestamp":"2026-01-20T06:11:44.494Z"}
{"event":"products.fetch.received","level":"info","message":"Fetch products request received","requestId":"d11e78fe-81e0-4c43-a42f-8e67b1ddb525","timestamp":"2026-01-20T06:12:20.304Z"}
{"event":"products.fetch.start","level":"info","message":"Fetching products from Shopify","requestId":"d11e78fe-81e0-4c43-a42f-8e67b1ddb525","shop":"basic-optimaio-cart.myshopify.com","timestamp":"2026-01-20T06:12:20.368Z"}
{"count":17,"event":"products.fetch.success","level":"info","message":"Products fetched successfully","requestId":"d11e78fe-81e0-4c43-a42f-8e67b1ddb525","shop":"basic-optimaio-cart.myshopify.com","timestamp":"2026-01-20T06:12:21.073Z"}
{"event":"products.fetch.received","level":"info","message":"Fetch products request received","requestId":"93261426-4e12-437b-8ee8-80b7ccb0738f","timestamp":"2026-01-20T06:12:32.971Z"}
{"event":"products.fetch.start","level":"info","message":"Fetching products from Shopify","requestId":"93261426-4e12-437b-8ee8-80b7ccb0738f","shop":"basic-optimaio-cart.myshopify.com","timestamp":"2026-01-20T06:12:33.109Z"}
{"count":17,"event":"products.fetch.success","level":"info","message":"Products fetched successfully","requestId":"93261426-4e12-437b-8ee8-80b7ccb0738f","shop":"basic-optimaio-cart.myshopify.com","timestamp":"2026-01-20T06:12:33.833Z"}
{"event":"products.fetch.received","level":"info","message":"Fetch products request received","requestId":"4ff18677-f3e6-4ed5-83e0-90b019f85dd3","timestamp":"2026-01-20T06:17:51.234Z"}
{"event":"products.fetch.start","level":"info","message":"Fetching products from Shopify","requestId":"4ff18677-f3e6-4ed5-83e0-90b019f85dd3","shop":"basic-optimaio-cart.myshopify.com","timestamp":"2026-01-20T06:17:51.298Z"}
{"count":17,"event":"products.fetch.success","level":"info","message":"Products fetched successfully","requestId":"4ff18677-f3e6-4ed5-83e0-90b019f85dd3","shop":"basic-optimaio-cart.myshopify.com","timestamp":"2026-01-20T06:17:52.125Z"}
{"event":"products.fetch.received","level":"info","message":"Fetch products request received","requestId":"3db5bcf5-b677-4936-99a0-c0825c779bea","timestamp":"2026-01-20T06:18:10.787Z"}
{"event":"products.fetch.start","level":"info","message":"Fetching products from Shopify","requestId":"3db5bcf5-b677-4936-99a0-c0825c779bea","shop":"basic-optimaio-cart.myshopify.com","timestamp":"2026-01-20T06:18:10.918Z"}
{"count":17,"event":"products.fetch.success","level":"info","message":"Products fetched successfully","requestId":"3db5bcf5-b677-4936-99a0-c0825c779bea","shop":"basic-optimaio-cart.myshopify.com","timestamp":"2026-01-20T06:18:11.586Z"}
{"event":"products.fetch.received","level":"info","message":"Fetch products request received","requestId":"bf12b3d6-6519-41e9-819e-aea08ad8add8","timestamp":"2026-01-20T06:19:16.250Z"}
{"event":"products.fetch.start","level":"info","message":"Fetching products from Shopify","requestId":"bf12b3d6-6519-41e9-819e-aea08ad8add8","shop":"basic-optimaio-cart.myshopify.com","timestamp":"2026-01-20T06:19:16.373Z"}
{"count":17,"event":"products.fetch.success","level":"info","message":"Products fetched successfully","requestId":"bf12b3d6-6519-41e9-819e-aea08ad8add8","shop":"basic-optimaio-cart.myshopify.com","timestamp":"2026-01-20T06:19:17.116Z"}
{"event":"products.fetch.received","level":"info","message":"Fetch products request received","requestId":"132d5ea2-c77b-4912-b1a8-d0ee0d84de4b","timestamp":"2026-01-20T06:38:37.018Z"}
{"event":"products.fetch.start","level":"info","message":"Fetching products from Shopify","requestId":"132d5ea2-c77b-4912-b1a8-d0ee0d84de4b","shop":"basic-optimaio-cart.myshopify.com","timestamp":"2026-01-20T06:38:37.248Z"}
{"count":17,"event":"products.fetch.success","level":"info","message":"Products fetched successfully","requestId":"132d5ea2-c77b-4912-b1a8-d0ee0d84de4b","shop":"basic-optimaio-cart.myshopify.com","timestamp":"2026-01-20T06:38:38.218Z"}
{"event":"products.fetch.received","level":"info","message":"Fetch products request received","requestId":"338697ca-68d4-4420-bfe2-7d16de873065","timestamp":"2026-01-20T06:39:09.145Z"}
{"event":"products.fetch.start","level":"info","message":"Fetching products from Shopify","requestId":"338697ca-68d4-4420-bfe2-7d16de873065","shop":"basic-optimaio-cart.myshopify.com","timestamp":"2026-01-20T06:39:09.284Z"}
{"count":17,"event":"products.fetch.success","level":"info","message":"Products fetched successfully","requestId":"338697ca-68d4-4420-bfe2-7d16de873065","shop":"basic-optimaio-cart.myshopify.com","timestamp":"2026-01-20T06:39:10.077Z"}
{"event":"products.fetch.received","level":"info","message":"Fetch products request received","requestId":"1af56921-c9d2-4233-80a1-ee76e0d06e73","timestamp":"2026-01-20T06:39:36.782Z"}
{"event":"products.fetch.start","level":"info","message":"Fetching products from Shopify","requestId":"1af56921-c9d2-4233-80a1-ee76e0d06e73","shop":"basic-optimaio-cart.myshopify.com","timestamp":"2026-01-20T06:39:36.917Z"}
{"count":17,"event":"products.fetch.success","level":"info","message":"Products fetched successfully","requestId":"1af56921-c9d2-4233-80a1-ee76e0d06e73","shop":"basic-optimaio-cart.myshopify.com","timestamp":"2026-01-20T06:39:37.636Z"}
{"event":"orders.flush.cron.triggered","level":"info","message":"Hourly order flush cron triggered","requestId":"d4f02142-9ba8-4313-805b-a5be3e78075f","timestamp":"2026-01-20T07:00:00.032Z"}
{"event":"redis.client.init","host":"redis-16663.crce179.ap-south-1-1.ec2.cloud.redislabs.com","level":"info","message":"Initializing Redis client","port":16663,"requestId":"d4f02142-9ba8-4313-805b-a5be3e78075f","timestamp":"2026-01-20T07:00:00.036Z"}
{"event":"redis.connect.start","level":"info","message":"Connecting to Redis","requestId":"d4f02142-9ba8-4313-805b-a5be3e78075f","timestamp":"2026-01-20T07:00:00.039Z"}
{"event":"redis.socket.connected","level":"info","message":"Redis socket connected","requestId":"d4f02142-9ba8-4313-805b-a5be3e78075f","timestamp":"2026-01-20T07:00:00.332Z"}
{"event":"redis.socket.connected","level":"info","message":"Redis socket connected","requestId":"d4f02142-9ba8-4313-805b-a5be3e78075f","timestamp":"2026-01-20T07:00:00.333Z"}
{"event":"redis.client.ready","level":"info","message":"Redis client ready","requestId":"d4f02142-9ba8-4313-805b-a5be3e78075f","timestamp":"2026-01-20T07:00:00.357Z"}
{"event":"redis.client.ready","level":"info","message":"Redis client ready","requestId":"d4f02142-9ba8-4313-805b-a5be3e78075f","timestamp":"2026-01-20T07:00:00.357Z"}
{"event":"redis.connect.success","level":"info","message":"Redis connection established","requestId":"d4f02142-9ba8-4313-805b-a5be3e78075f","timestamp":"2026-01-20T07:00:00.358Z"}
{"event":"orders.flush.scan.started","level":"info","message":"Order flush scan started","requestId":"d4f02142-9ba8-4313-805b-a5be3e78075f","timestamp":"2026-01-20T07:00:00.358Z"}
{"event":"orders.flush.queue.empty","level":"info","message":"No order queues found","requestId":"d4f02142-9ba8-4313-805b-a5be3e78075f","timestamp":"2026-01-20T07:00:00.371Z"}
{"event":"products.fetch.received","level":"info","message":"Fetch products request received","requestId":"2f30dfc7-a649-4442-9ac5-96d81066e77b","timestamp":"2026-01-20T07:06:03.841Z"}
{"event":"products.fetch.start","level":"info","message":"Fetching products from Shopify","requestId":"2f30dfc7-a649-4442-9ac5-96d81066e77b","shop":"basic-optimaio-cart.myshopify.com","timestamp":"2026-01-20T07:06:04.119Z"}
{"count":17,"event":"products.fetch.success","level":"info","message":"Products fetched successfully","requestId":"2f30dfc7-a649-4442-9ac5-96d81066e77b","shop":"basic-optimaio-cart.myshopify.com","timestamp":"2026-01-20T07:06:04.833Z"}
{"event":"products.fetch.received","level":"info","message":"Fetch products request received","requestId":"d2a8f4df-dcc8-4634-ad50-db8563c42aab","timestamp":"2026-01-20T07:12:40.854Z"}
{"event":"products.fetch.start","level":"info","message":"Fetching products from Shopify","requestId":"d2a8f4df-dcc8-4634-ad50-db8563c42aab","shop":"basic-optimaio-cart.myshopify.com","timestamp":"2026-01-20T07:12:40.984Z"}
{"count":17,"event":"products.fetch.success","level":"info","message":"Products fetched successfully","requestId":"d2a8f4df-dcc8-4634-ad50-db8563c42aab","shop":"basic-optimaio-cart.myshopify.com","timestamp":"2026-01-20T07:12:41.719Z"}
{"event":"products.fetch.received","level":"info","message":"Fetch products request received","requestId":"40503cae-d10e-4139-8e1a-4344a9c208a5","timestamp":"2026-01-20T07:21:29.795Z"}
{"event":"products.fetch.start","level":"info","message":"Fetching products from Shopify","requestId":"40503cae-d10e-4139-8e1a-4344a9c208a5","shop":"basic-optimaio-cart.myshopify.com","timestamp":"2026-01-20T07:21:29.859Z"}
{"count":17,"event":"products.fetch.success","level":"info","message":"Products fetched successfully","requestId":"40503cae-d10e-4139-8e1a-4344a9c208a5","shop":"basic-optimaio-cart.myshopify.com","timestamp":"2026-01-20T07:21:30.532Z"}
{"event":"billing.orders.cron.triggered","level":"info","message":"Order-based billing cron triggered","requestId":"5ffbc679-280d-4255-8856-134a2ee28422","timestamp":"2026-01-20T07:30:00.096Z"}
{"event":"billing.orders.scan.started","level":"info","message":"Order-based billing scan started","requestId":"5ffbc679-280d-4255-8856-134a2ee28422","timestamp":"2026-01-20T07:30:00.098Z"}
{"event":"orders.flush.cron.triggered","level":"info","message":"Hourly order flush cron triggered","requestId":"44b4c8a7-7dbe-4139-a370-41d351836b7f","timestamp":"2026-01-20T07:30:00.104Z"}
{"event":"orders.flush.scan.started","level":"info","message":"Order flush scan started","requestId":"44b4c8a7-7dbe-4139-a370-41d351836b7f","timestamp":"2026-01-20T07:30:00.104Z"}
{"event":"billing.cron.triggered","level":"info","message":"Store expiry cron triggered","requestId":"90c64f12-02f3-419c-8237-476ae1c1e607","timestamp":"2026-01-20T07:30:00.106Z"}
{"event":"billing.cron.scan.started","level":"info","maxPerRun":10,"message":"Store expiry scan started","requestId":"90c64f12-02f3-419c-8237-476ae1c1e607","timestamp":"2026-01-20T07:30:00.107Z"}
{"event":"orders.flush.queue.empty","level":"info","message":"No order queues found","requestId":"44b4c8a7-7dbe-4139-a370-41d351836b7f","timestamp":"2026-01-20T07:30:00.152Z"}
{"event":"billing.cron.no_expired_store","level":"info","message":"Next billing cycle has not expired yet","nextExpiry":"2026-02-05T06:31:22.283Z","nextShop":"bb-basic-optimaio-cart.myshopify.com","requestId":"90c64f12-02f3-419c-8237-476ae1c1e607","timestamp":"2026-01-20T07:30:00.153Z"}
{"event":"billing.cron.scan.completed","level":"info","message":"Store expiry scan completed","processed":0,"requestId":"90c64f12-02f3-419c-8237-476ae1c1e607","timestamp":"2026-01-20T07:30:00.153Z"}
{"event":"billing.orders.zero","level":"info","message":"No orders for store, skipping upgrade","requestId":"5ffbc679-280d-4255-8856-134a2ee28422","storeId":"basic-optimaio-cart.myshopify.com","timestamp":"2026-01-20T07:30:01.415Z"}
{"event":"billing.orders.scan.completed","level":"info","message":"Order-based billing scan completed","requestId":"5ffbc679-280d-4255-8856-134a2ee28422","timestamp":"2026-01-20T07:30:01.528Z"}
{"event":"products.fetch.received","level":"info","message":"Fetch products request received","requestId":"47aa81bc-3de6-4275-bd89-140925a406c8","timestamp":"2026-01-20T07:38:55.373Z"}
{"event":"products.fetch.start","level":"info","message":"Fetching products from Shopify","requestId":"47aa81bc-3de6-4275-bd89-140925a406c8","shop":"basic-optimaio-cart.myshopify.com","timestamp":"2026-01-20T07:38:55.531Z"}
{"count":17,"event":"products.fetch.success","level":"info","message":"Products fetched successfully","requestId":"47aa81bc-3de6-4275-bd89-140925a406c8","shop":"basic-optimaio-cart.myshopify.com","timestamp":"2026-01-20T07:38:56.916Z"}
{"event":"products.fetch.received","level":"info","message":"Fetch products request received","requestId":"9e2558c9-c628-44a1-ab76-a1c03b032488","timestamp":"2026-01-20T07:39:11.119Z"}
{"event":"products.fetch.start","level":"info","message":"Fetching products from Shopify","requestId":"9e2558c9-c628-44a1-ab76-a1c03b032488","shop":"basic-optimaio-cart.myshopify.com","timestamp":"2026-01-20T07:39:11.253Z"}
{"count":17,"event":"products.fetch.success","level":"info","message":"Products fetched successfully","requestId":"9e2558c9-c628-44a1-ab76-a1c03b032488","shop":"basic-optimaio-cart.myshopify.com","timestamp":"2026-01-20T07:39:11.999Z"}
{"event":"products.fetch.received","level":"info","message":"Fetch products request received","requestId":"42afdd6c-27ab-4a34-b59c-c8bbc4c96830","timestamp":"2026-01-20T09:09:30.761Z"}
{"event":"products.fetch.start","level":"info","message":"Fetching products from Shopify","requestId":"42afdd6c-27ab-4a34-b59c-c8bbc4c96830","shop":"basic-optimaio-cart.myshopify.com","timestamp":"2026-01-20T09:09:30.980Z"}
{"count":17,"event":"products.fetch.success","level":"info","message":"Products fetched successfully","requestId":"42afdd6c-27ab-4a34-b59c-c8bbc4c96830","shop":"basic-optimaio-cart.myshopify.com","timestamp":"2026-01-20T09:09:32.036Z"}
{"event":"products.fetch.received","level":"info","message":"Fetch products request received","requestId":"e48cf7f7-a354-4c3b-8e86-5dd5f685c312","timestamp":"2026-01-20T09:10:34.609Z"}
{"event":"products.fetch.start","level":"info","message":"Fetching products from Shopify","requestId":"e48cf7f7-a354-4c3b-8e86-5dd5f685c312","shop":"basic-optimaio-cart.myshopify.com","timestamp":"2026-01-20T09:10:34.741Z"}
{"count":17,"event":"products.fetch.success","level":"info","message":"Products fetched successfully","requestId":"e48cf7f7-a354-4c3b-8e86-5dd5f685c312","shop":"basic-optimaio-cart.myshopify.com","timestamp":"2026-01-20T09:10:35.666Z"}
{"event":"products.fetch.received","level":"info","message":"Fetch products request received","requestId":"8bb5df10-8d0f-4226-a337-ca2cca6157c1","timestamp":"2026-01-20T09:12:11.196Z"}
{"event":"products.fetch.start","level":"info","message":"Fetching products from Shopify","requestId":"8bb5df10-8d0f-4226-a337-ca2cca6157c1","shop":"basic-optimaio-cart.myshopify.com","timestamp":"2026-01-20T09:12:11.326Z"}
{"count":17,"event":"products.fetch.success","level":"info","message":"Products fetched successfully","requestId":"8bb5df10-8d0f-4226-a337-ca2cca6157c1","shop":"basic-optimaio-cart.myshopify.com","timestamp":"2026-01-20T09:12:12.045Z"}
{"event":"billing.cron.triggered","level":"info","message":"Store expiry cron triggered","requestId":"57bbbe2c-5259-4a6a-8c86-114f5ef79e7c","timestamp":"2026-01-20T09:30:00.049Z"}
{"event":"redis.client.init","host":"redis-16663.crce179.ap-south-1-1.ec2.cloud.redislabs.com","level":"info","message":"Initializing Redis client","port":16663,"requestId":"57bbbe2c-5259-4a6a-8c86-114f5ef79e7c","timestamp":"2026-01-20T09:30:00.050Z"}
{"event":"redis.connect.start","level":"info","message":"Connecting to Redis","requestId":"57bbbe2c-5259-4a6a-8c86-114f5ef79e7c","timestamp":"2026-01-20T09:30:00.051Z"}
{"event":"billing.orders.cron.triggered","level":"info","message":"Order-based billing cron triggered","requestId":"6eed13a9-8435-43b7-bbc0-9276834ab8fc","timestamp":"2026-01-20T09:30:00.054Z"}
{"event":"billing.orders.scan.started","level":"info","message":"Order-based billing scan started","requestId":"6eed13a9-8435-43b7-bbc0-9276834ab8fc","timestamp":"2026-01-20T09:30:00.055Z"}
{"event":"orders.flush.cron.triggered","level":"info","message":"Hourly order flush cron triggered","requestId":"df4edddc-b7dc-4008-b803-b8a22296a8cd","timestamp":"2026-01-20T09:30:00.058Z"}
{"event":"orders.flush.scan.started","level":"info","message":"Order flush scan started","requestId":"df4edddc-b7dc-4008-b803-b8a22296a8cd","timestamp":"2026-01-20T09:30:00.058Z"}
{"event":"redis.socket.connected","level":"info","message":"Redis socket connected","requestId":"57bbbe2c-5259-4a6a-8c86-114f5ef79e7c","timestamp":"2026-01-20T09:30:00.300Z"}
{"event":"redis.socket.connected","level":"info","message":"Redis socket connected","requestId":"57bbbe2c-5259-4a6a-8c86-114f5ef79e7c","timestamp":"2026-01-20T09:30:00.301Z"}
{"event":"orders.flush.queue.empty","level":"info","message":"No order queues found","requestId":"df4edddc-b7dc-4008-b803-b8a22296a8cd","timestamp":"2026-01-20T09:30:00.328Z"}
{"event":"redis.client.ready","level":"info","message":"Redis client ready","requestId":"57bbbe2c-5259-4a6a-8c86-114f5ef79e7c","timestamp":"2026-01-20T09:30:00.330Z"}
{"event":"redis.client.ready","level":"info","message":"Redis client ready","requestId":"57bbbe2c-5259-4a6a-8c86-114f5ef79e7c","timestamp":"2026-01-20T09:30:00.331Z"}
{"event":"redis.connect.success","level":"info","message":"Redis connection established","requestId":"57bbbe2c-5259-4a6a-8c86-114f5ef79e7c","timestamp":"2026-01-20T09:30:00.334Z"}
{"event":"billing.cron.scan.started","level":"info","maxPerRun":10,"message":"Store expiry scan started","requestId":"57bbbe2c-5259-4a6a-8c86-114f5ef79e7c","timestamp":"2026-01-20T09:30:00.336Z"}
{"event":"billing.orders.zero","level":"info","message":"No orders for store, skipping upgrade","requestId":"6eed13a9-8435-43b7-bbc0-9276834ab8fc","storeId":"basic-optimaio-cart.myshopify.com","timestamp":"2026-01-20T09:30:00.351Z"}
{"event":"billing.cron.no_expired_store","level":"info","message":"Next billing cycle has not expired yet","nextExpiry":"2026-02-05T06:31:22.283Z","nextShop":"bb-basic-optimaio-cart.myshopify.com","requestId":"57bbbe2c-5259-4a6a-8c86-114f5ef79e7c","timestamp":"2026-01-20T09:30:00.353Z"}
{"event":"billing.cron.scan.completed","level":"info","message":"Store expiry scan completed","processed":0,"requestId":"57bbbe2c-5259-4a6a-8c86-114f5ef79e7c","timestamp":"2026-01-20T09:30:00.354Z"}
{"event":"billing.orders.scan.completed","level":"info","message":"Order-based billing scan completed","requestId":"6eed13a9-8435-43b7-bbc0-9276834ab8fc","timestamp":"2026-01-20T09:30:00.407Z"}
{"event":"orders.flush.cron.triggered","level":"info","message":"Hourly order flush cron triggered","requestId":"0eda1c37-fa37-4cfb-a367-746310959fbd","timestamp":"2026-01-20T10:00:00.038Z"}
{"event":"orders.flush.scan.started","level":"info","message":"Order flush scan started","requestId":"0eda1c37-fa37-4cfb-a367-746310959fbd","timestamp":"2026-01-20T10:00:00.041Z"}
{"event":"orders.flush.queue.empty","level":"info","message":"No order queues found","requestId":"0eda1c37-fa37-4cfb-a367-746310959fbd","timestamp":"2026-01-20T10:00:00.055Z"}
{"event":"campaigns.webhook.received","level":"info","message":"Webhook received","requestId":"7470da4d-9831-5026-a36a-d74ee8b5911e","shop":"basic-optimaio-cart.myshopify.com","timestamp":"2026-01-20T10:04:03.808Z","topic":"SHOP_UPDATE"}
{"event":"campaigns.no_change","level":"info","message":"No campaign changes detected","requestId":"7470da4d-9831-5026-a36a-d74ee8b5911e","shop":"basic-optimaio-cart.myshopify.com","timestamp":"2026-01-20T10:04:04.361Z"}
{"event":"campaigns.webhook.received","level":"info","message":"Webhook received","requestId":"8d77be03-d5e4-5319-b278-73cc02474057","shop":"basic-optimaio-cart.myshopify.com","timestamp":"2026-01-20T10:04:39.650Z","topic":"SHOP_UPDATE"}
{"event":"campaigns.no_change","level":"info","message":"No campaign changes detected","requestId":"8d77be03-d5e4-5319-b278-73cc02474057","shop":"basic-optimaio-cart.myshopify.com","timestamp":"2026-01-20T10:04:40.175Z"}
{"event":"billing.cron.triggered","level":"info","message":"Store expiry cron triggered","requestId":"f4f9cf4f-3157-440b-bf22-a40898096691","timestamp":"2026-01-20T10:30:00.035Z"}
{"event":"redis.client.init","host":"redis-16663.crce179.ap-south-1-1.ec2.cloud.redislabs.com","level":"info","message":"Initializing Redis client","port":16663,"requestId":"f4f9cf4f-3157-440b-bf22-a40898096691","timestamp":"2026-01-20T10:30:00.038Z"}
{"event":"redis.connect.start","level":"info","message":"Connecting to Redis","requestId":"f4f9cf4f-3157-440b-bf22-a40898096691","timestamp":"2026-01-20T10:30:00.039Z"}
{"event":"billing.orders.cron.triggered","level":"info","message":"Order-based billing cron triggered","requestId":"f99f5d40-a998-4152-b99f-9d7e57b059d8","timestamp":"2026-01-20T10:30:00.043Z"}
{"event":"billing.orders.scan.started","level":"info","message":"Order-based billing scan started","requestId":"f99f5d40-a998-4152-b99f-9d7e57b059d8","timestamp":"2026-01-20T10:30:00.044Z"}
{"event":"orders.flush.cron.triggered","level":"info","message":"Hourly order flush cron triggered","requestId":"9b2b753c-662b-47ba-bc98-70041389dee1","timestamp":"2026-01-20T10:30:00.046Z"}
{"event":"orders.flush.scan.started","level":"info","message":"Order flush scan started","requestId":"9b2b753c-662b-47ba-bc98-70041389dee1","timestamp":"2026-01-20T10:30:00.047Z"}
{"event":"redis.socket.connected","level":"info","message":"Redis socket connected","requestId":"f4f9cf4f-3157-440b-bf22-a40898096691","timestamp":"2026-01-20T10:30:00.158Z"}
{"event":"redis.socket.connected","level":"info","message":"Redis socket connected","requestId":"f4f9cf4f-3157-440b-bf22-a40898096691","timestamp":"2026-01-20T10:30:00.159Z"}
{"event":"orders.flush.queue.empty","level":"info","message":"No order queues found","requestId":"9b2b753c-662b-47ba-bc98-70041389dee1","timestamp":"2026-01-20T10:30:00.176Z"}
{"event":"redis.client.ready","level":"info","message":"Redis client ready","requestId":"f4f9cf4f-3157-440b-bf22-a40898096691","timestamp":"2026-01-20T10:30:00.176Z"}
{"event":"redis.client.ready","level":"info","message":"Redis client ready","requestId":"f4f9cf4f-3157-440b-bf22-a40898096691","timestamp":"2026-01-20T10:30:00.177Z"}
{"event":"redis.connect.success","level":"info","message":"Redis connection established","requestId":"f4f9cf4f-3157-440b-bf22-a40898096691","timestamp":"2026-01-20T10:30:00.178Z"}
{"event":"billing.cron.scan.started","level":"info","maxPerRun":10,"message":"Store expiry scan started","requestId":"f4f9cf4f-3157-440b-bf22-a40898096691","timestamp":"2026-01-20T10:30:00.178Z"}
{"event":"billing.cron.no_expired_store","level":"info","message":"Next billing cycle has not expired yet","nextExpiry":"2026-02-05T06:31:22.283Z","nextShop":"bb-basic-optimaio-cart.myshopify.com","requestId":"f4f9cf4f-3157-440b-bf22-a40898096691","timestamp":"2026-01-20T10:30:00.189Z"}
{"event":"billing.cron.scan.completed","level":"info","message":"Store expiry scan completed","processed":0,"requestId":"f4f9cf4f-3157-440b-bf22-a40898096691","timestamp":"2026-01-20T10:30:00.189Z"}
{"event":"billing.orders.zero","level":"info","message":"No orders for store, skipping upgrade","requestId":"f99f5d40-a998-4152-b99f-9d7e57b059d8","storeId":"basic-optimaio-cart.myshopify.com","timestamp":"2026-01-20T10:30:00.715Z"}
{"event":"billing.orders.scan.completed","level":"info","message":"Order-based billing scan completed","requestId":"f99f5d40-a998-4152-b99f-9d7e57b059d8","timestamp":"2026-01-20T10:30:00.738Z"}
{"event":"campaigns.webhook.received","level":"info","message":"Webhook received","requestId":"5470ee9d-23c2-584f-b9e8-fd1f57791f1f","shop":"basic-optimaio-cart.myshopify.com","timestamp":"2026-01-20T10:43:16.081Z","topic":"SHOP_UPDATE"}
{"event":"campaigns.no_change","level":"info","message":"No campaign changes detected","requestId":"5470ee9d-23c2-584f-b9e8-fd1f57791f1f","shop":"basic-optimaio-cart.myshopify.com","timestamp":"2026-01-20T10:43:16.641Z"}
{"event":"campaigns.webhook.received","level":"info","message":"Webhook received","requestId":"318b95b9-e838-5a78-9d2a-7e6cf586976c","shop":"basic-optimaio-cart.myshopify.com","timestamp":"2026-01-20T10:43:33.589Z","topic":"SHOP_UPDATE"}
{"event":"campaigns.no_change","level":"info","message":"No campaign changes detected","requestId":"318b95b9-e838-5a78-9d2a-7e6cf586976c","shop":"basic-optimaio-cart.myshopify.com","timestamp":"2026-01-20T10:43:34.034Z"}
{"event":"campaigns.webhook.received","level":"info","message":"Webhook received","requestId":"db2426ad-bef6-5804-bf8f-ae6769987260","shop":"basic-optimaio-cart.myshopify.com","timestamp":"2026-01-20T10:45:10.547Z","topic":"SHOP_UPDATE"}
{"event":"campaigns.no_change","level":"info","message":"No campaign changes detected","requestId":"db2426ad-bef6-5804-bf8f-ae6769987260","shop":"basic-optimaio-cart.myshopify.com","timestamp":"2026-01-20T10:45:11.307Z"}
{"event":"campaigns.webhook.received","level":"info","message":"Webhook received","requestId":"1df3d845-5e8e-5a1d-9eb1-42974e7c3776","shop":"basic-optimaio-cart.myshopify.com","timestamp":"2026-01-20T10:46:06.273Z","topic":"SHOP_UPDATE"}
{"event":"campaigns.no_change","level":"info","message":"No campaign changes detected","requestId":"1df3d845-5e8e-5a1d-9eb1-42974e7c3776","shop":"basic-optimaio-cart.myshopify.com","timestamp":"2026-01-20T10:46:06.750Z"}
{"event":"products.fetch.received","level":"info","message":"Fetch products request received","requestId":"4d5f1c8a-1c98-4ddc-9635-f219852d07a0","timestamp":"2026-01-20T10:49:01.910Z"}
{"event":"products.fetch.start","level":"info","message":"Fetching products from Shopify","requestId":"4d5f1c8a-1c98-4ddc-9635-f219852d07a0","shop":"basic-optimaio-cart.myshopify.com","timestamp":"2026-01-20T10:49:02.054Z"}
{"count":17,"event":"products.fetch.success","level":"info","message":"Products fetched successfully","requestId":"4d5f1c8a-1c98-4ddc-9635-f219852d07a0","shop":"basic-optimaio-cart.myshopify.com","timestamp":"2026-01-20T10:49:02.820Z"}
{"event":"campaigns.webhook.received","level":"info","message":"Webhook received","requestId":"71193c29-a632-5a3c-9e2e-b5c90832b6e3","shop":"basic-optimaio-cart.myshopify.com","timestamp":"2026-01-20T10:49:57.062Z","topic":"SHOP_UPDATE"}
{"event":"campaigns.no_change","level":"info","message":"No campaign changes detected","requestId":"71193c29-a632-5a3c-9e2e-b5c90832b6e3","shop":"basic-optimaio-cart.myshopify.com","timestamp":"2026-01-20T10:49:57.548Z"}
{"event":"orders.flush.cron.triggered","level":"info","message":"Hourly order flush cron triggered","requestId":"5edd4612-49d2-43dd-be25-a564d8fb4137","timestamp":"2026-01-20T11:00:00.022Z"}
{"event":"orders.flush.scan.started","level":"info","message":"Order flush scan started","requestId":"5edd4612-49d2-43dd-be25-a564d8fb4137","timestamp":"2026-01-20T11:00:00.022Z"}
{"event":"orders.flush.queue.empty","level":"info","message":"No order queues found","requestId":"5edd4612-49d2-43dd-be25-a564d8fb4137","timestamp":"2026-01-20T11:00:00.033Z"}
{"event":"products.fetch.received","level":"info","message":"Fetch products request received","requestId":"774e6728-4347-451c-8900-69b80a28f364","timestamp":"2026-01-20T11:14:02.070Z"}
{"event":"products.fetch.start","level":"info","message":"Fetching products from Shopify","requestId":"774e6728-4347-451c-8900-69b80a28f364","shop":"basic-optimaio-cart.myshopify.com","timestamp":"2026-01-20T11:14:02.214Z"}
{"count":17,"event":"products.fetch.success","level":"info","message":"Products fetched successfully","requestId":"774e6728-4347-451c-8900-69b80a28f364","shop":"basic-optimaio-cart.myshopify.com","timestamp":"2026-01-20T11:14:02.911Z"}
{"event":"campaigns.webhook.received","level":"info","message":"Webhook received","requestId":"1d55ab49-4ffd-5481-9859-723b3b16077f","shop":"basic-optimaio-cart.myshopify.com","timestamp":"2026-01-20T11:14:10.992Z","topic":"SHOP_UPDATE"}
{"event":"campaigns.no_change","level":"info","message":"No campaign changes detected","requestId":"1d55ab49-4ffd-5481-9859-723b3b16077f","shop":"basic-optimaio-cart.myshopify.com","timestamp":"2026-01-20T11:14:11.644Z"}
{"event":"products.fetch.received","level":"info","message":"Fetch products request received","requestId":"93383ddd-69d9-4b99-86c6-42d830f6d7d6","timestamp":"2026-01-20T11:14:35.279Z"}
{"event":"products.fetch.start","level":"info","message":"Fetching products from Shopify","requestId":"93383ddd-69d9-4b99-86c6-42d830f6d7d6","shop":"basic-optimaio-cart.myshopify.com","timestamp":"2026-01-20T11:14:35.346Z"}
{"count":17,"event":"products.fetch.success","level":"info","message":"Products fetched successfully","requestId":"93383ddd-69d9-4b99-86c6-42d830f6d7d6","shop":"basic-optimaio-cart.myshopify.com","timestamp":"2026-01-20T11:14:36.007Z"}
{"event":"campaigns.webhook.received","level":"info","message":"Webhook received","requestId":"2a60a224-2cf2-5d7b-9ce8-e029f2d505dc","shop":"basic-optimaio-cart.myshopify.com","timestamp":"2026-01-20T11:14:49.233Z","topic":"SHOP_UPDATE"}
{"event":"campaigns.no_change","level":"info","message":"No campaign changes detected","requestId":"2a60a224-2cf2-5d7b-9ce8-e029f2d505dc","shop":"basic-optimaio-cart.myshopify.com","timestamp":"2026-01-20T11:14:49.801Z"}
{"event":"products.fetch.received","level":"info","message":"Fetch products request received","requestId":"d53d72c3-3ae8-4ba4-a0af-8c9ba57134f3","timestamp":"2026-01-20T11:26:03.141Z"}
{"event":"products.fetch.start","level":"info","message":"Fetching products from Shopify","requestId":"d53d72c3-3ae8-4ba4-a0af-8c9ba57134f3","shop":"basic-optimaio-cart.myshopify.com","timestamp":"2026-01-20T11:26:03.831Z"}
{"count":17,"event":"products.fetch.success","level":"info","message":"Products fetched successfully","requestId":"d53d72c3-3ae8-4ba4-a0af-8c9ba57134f3","shop":"basic-optimaio-cart.myshopify.com","timestamp":"2026-01-20T11:26:04.507Z"}
{"event":"products.fetch.received","level":"info","message":"Fetch products request received","requestId":"53d59c0b-e98b-4bef-bf5c-f9ed8419e399","timestamp":"2026-01-20T11:26:07.138Z"}
{"event":"products.fetch.start","level":"info","message":"Fetching products from Shopify","requestId":"53d59c0b-e98b-4bef-bf5c-f9ed8419e399","shop":"basic-optimaio-cart.myshopify.com","timestamp":"2026-01-20T11:26:07.205Z"}
{"count":17,"event":"products.fetch.success","level":"info","message":"Products fetched successfully","requestId":"53d59c0b-e98b-4bef-bf5c-f9ed8419e399","shop":"basic-optimaio-cart.myshopify.com","timestamp":"2026-01-20T11:26:07.782Z"}
{"event":"campaigns.webhook.received","level":"info","message":"Webhook received","requestId":"91a4c9c1-722e-5063-9a17-0850c33cecfe","shop":"basic-optimaio-cart.myshopify.com","timestamp":"2026-01-20T11:26:09.089Z","topic":"SHOP_UPDATE"}
{"event":"campaigns.no_change","level":"info","message":"No campaign changes detected","requestId":"91a4c9c1-722e-5063-9a17-0850c33cecfe","shop":"basic-optimaio-cart.myshopify.com","timestamp":"2026-01-20T11:26:09.618Z"}
{"event":"campaigns.webhook.received","level":"info","message":"Webhook received","requestId":"c5ff5fa7-6e29-557e-bf6c-c2828183282c","shop":"basic-optimaio-cart.myshopify.com","timestamp":"2026-01-20T11:26:14.838Z","topic":"SHOP_UPDATE"}
{"event":"campaigns.no_change","level":"info","message":"No campaign changes detected","requestId":"c5ff5fa7-6e29-557e-bf6c-c2828183282c","shop":"basic-optimaio-cart.myshopify.com","timestamp":"2026-01-20T11:26:15.332Z"}
{"event":"campaigns.webhook.received","level":"info","message":"Webhook received","requestId":"1e7b7845-6309-5887-ab77-71197e90964f","shop":"basic-optimaio-cart.myshopify.com","timestamp":"2026-01-20T11:27:21.074Z","topic":"SHOP_UPDATE"}
{"event":"campaigns.no_change","level":"info","message":"No campaign changes detected","requestId":"1e7b7845-6309-5887-ab77-71197e90964f","shop":"basic-optimaio-cart.myshopify.com","timestamp":"2026-01-20T11:27:21.548Z"}
{"event":"campaigns.webhook.received","level":"info","message":"Webhook received","requestId":"50b9018b-3edb-5f25-8349-7c12f040ac62","shop":"basic-optimaio-cart.myshopify.com","timestamp":"2026-01-20T11:27:43.890Z","topic":"SHOP_UPDATE"}
{"event":"campaigns.no_change","level":"info","message":"No campaign changes detected","requestId":"50b9018b-3edb-5f25-8349-7c12f040ac62","shop":"basic-optimaio-cart.myshopify.com","timestamp":"2026-01-20T11:27:44.388Z"}
{"event":"billing.cron.triggered","level":"info","message":"Store expiry cron triggered","requestId":"0b995177-43b7-4e51-ad4e-7f6fe5b836ab","timestamp":"2026-01-20T11:30:00.098Z"}
{"event":"redis.client.init","host":"redis-16663.crce179.ap-south-1-1.ec2.cloud.redislabs.com","level":"info","message":"Initializing Redis client","port":16663,"requestId":"0b995177-43b7-4e51-ad4e-7f6fe5b836ab","timestamp":"2026-01-20T11:30:00.100Z"}
{"event":"redis.connect.start","level":"info","message":"Connecting to Redis","requestId":"0b995177-43b7-4e51-ad4e-7f6fe5b836ab","timestamp":"2026-01-20T11:30:00.103Z"}
{"event":"billing.orders.cron.triggered","level":"info","message":"Order-based billing cron triggered","requestId":"1c7cbd67-cad8-4be1-87dc-1d962929670c","timestamp":"2026-01-20T11:30:00.107Z"}
{"event":"billing.orders.scan.started","level":"info","message":"Order-based billing scan started","requestId":"1c7cbd67-cad8-4be1-87dc-1d962929670c","timestamp":"2026-01-20T11:30:00.109Z"}
{"event":"orders.flush.cron.triggered","level":"info","message":"Hourly order flush cron triggered","requestId":"82aa1557-346b-4c01-8764-625799ef13ff","timestamp":"2026-01-20T11:30:00.112Z"}
{"event":"orders.flush.scan.started","level":"info","message":"Order flush scan started","requestId":"82aa1557-346b-4c01-8764-625799ef13ff","timestamp":"2026-01-20T11:30:00.112Z"}
{"event":"redis.socket.connected","level":"info","message":"Redis socket connected","requestId":"0b995177-43b7-4e51-ad4e-7f6fe5b836ab","timestamp":"2026-01-20T11:30:00.126Z"}
{"event":"redis.socket.connected","level":"info","message":"Redis socket connected","requestId":"0b995177-43b7-4e51-ad4e-7f6fe5b836ab","timestamp":"2026-01-20T11:30:00.127Z"}
{"event":"redis.client.ready","level":"info","message":"Redis client ready","requestId":"0b995177-43b7-4e51-ad4e-7f6fe5b836ab","timestamp":"2026-01-20T11:30:00.142Z"}
{"event":"redis.client.ready","level":"info","message":"Redis client ready","requestId":"0b995177-43b7-4e51-ad4e-7f6fe5b836ab","timestamp":"2026-01-20T11:30:00.142Z"}
{"event":"redis.connect.success","level":"info","message":"Redis connection established","requestId":"0b995177-43b7-4e51-ad4e-7f6fe5b836ab","timestamp":"2026-01-20T11:30:00.143Z"}
{"event":"billing.cron.scan.started","level":"info","maxPerRun":10,"message":"Store expiry scan started","requestId":"0b995177-43b7-4e51-ad4e-7f6fe5b836ab","timestamp":"2026-01-20T11:30:00.143Z"}
{"event":"orders.flush.queue.empty","level":"info","message":"No order queues found","requestId":"82aa1557-346b-4c01-8764-625799ef13ff","timestamp":"2026-01-20T11:30:00.144Z"}
{"event":"billing.cron.no_expired_store","level":"info","message":"Next billing cycle has not expired yet","nextExpiry":"2026-02-05T06:31:22.283Z","nextShop":"bb-basic-optimaio-cart.myshopify.com","requestId":"0b995177-43b7-4e51-ad4e-7f6fe5b836ab","timestamp":"2026-01-20T11:30:00.157Z"}
{"event":"billing.cron.scan.completed","level":"info","message":"Store expiry scan completed","processed":0,"requestId":"0b995177-43b7-4e51-ad4e-7f6fe5b836ab","timestamp":"2026-01-20T11:30:00.158Z"}
{"event":"billing.orders.zero","level":"info","message":"No orders for store, skipping upgrade","requestId":"1c7cbd67-cad8-4be1-87dc-1d962929670c","storeId":"basic-optimaio-cart.myshopify.com","timestamp":"2026-01-20T11:30:00.328Z"}
{"event":"billing.orders.scan.completed","level":"info","message":"Order-based billing scan completed","requestId":"1c7cbd67-cad8-4be1-87dc-1d962929670c","timestamp":"2026-01-20T11:30:00.345Z"}
{"event":"products.fetch.received","level":"info","message":"Fetch products request received","requestId":"fc10bc3c-092e-44b4-a892-fd3c544a9ebd","timestamp":"2026-01-20T11:30:49.830Z"}
{"event":"products.fetch.start","level":"info","message":"Fetching products from Shopify","requestId":"fc10bc3c-092e-44b4-a892-fd3c544a9ebd","shop":"basic-optimaio-cart.myshopify.com","timestamp":"2026-01-20T11:30:49.962Z"}
{"count":17,"event":"products.fetch.success","level":"info","message":"Products fetched successfully","requestId":"fc10bc3c-092e-44b4-a892-fd3c544a9ebd","shop":"basic-optimaio-cart.myshopify.com","timestamp":"2026-01-20T11:30:50.718Z"}
{"event":"campaigns.webhook.received","level":"info","message":"Webhook received","requestId":"1d1980e3-1edc-5c78-9bd4-f3ef0f8abcd8","shop":"basic-optimaio-cart.myshopify.com","timestamp":"2026-01-20T11:31:10.898Z","topic":"SHOP_UPDATE"}
{"event":"campaigns.no_change","level":"info","message":"No campaign changes detected","requestId":"1d1980e3-1edc-5c78-9bd4-f3ef0f8abcd8","shop":"basic-optimaio-cart.myshopify.com","timestamp":"2026-01-20T11:31:11.381Z"}
{"event":"products.fetch.received","level":"info","message":"Fetch products request received","requestId":"7a004201-8dc5-4d66-bd94-9b0937a5778e","timestamp":"2026-01-20T11:31:44.427Z"}
{"event":"products.fetch.start","level":"info","message":"Fetching products from Shopify","requestId":"7a004201-8dc5-4d66-bd94-9b0937a5778e","shop":"basic-optimaio-cart.myshopify.com","timestamp":"2026-01-20T11:31:44.552Z"}
{"count":17,"event":"products.fetch.success","level":"info","message":"Products fetched successfully","requestId":"7a004201-8dc5-4d66-bd94-9b0937a5778e","shop":"basic-optimaio-cart.myshopify.com","timestamp":"2026-01-20T11:31:45.514Z"}
{"event":"campaigns.webhook.received","level":"info","message":"Webhook received","requestId":"45541f42-3cd0-5758-8e99-62250802d7b6","shop":"basic-optimaio-cart.myshopify.com","timestamp":"2026-01-20T11:32:26.003Z","topic":"SHOP_UPDATE"}
{"event":"campaigns.no_change","level":"info","message":"No campaign changes detected","requestId":"45541f42-3cd0-5758-8e99-62250802d7b6","shop":"basic-optimaio-cart.myshopify.com","timestamp":"2026-01-20T11:32:26.456Z"}
{"event":"products.fetch.received","level":"info","message":"Fetch products request received","requestId":"08f6b9f8-6c29-41c4-8504-dee99c53a932","timestamp":"2026-01-20T11:32:52.245Z"}
{"event":"products.fetch.start","level":"info","message":"Fetching products from Shopify","requestId":"08f6b9f8-6c29-41c4-8504-dee99c53a932","shop":"basic-optimaio-cart.myshopify.com","timestamp":"2026-01-20T11:32:52.367Z"}
{"count":17,"event":"products.fetch.success","level":"info","message":"Products fetched successfully","requestId":"08f6b9f8-6c29-41c4-8504-dee99c53a932","shop":"basic-optimaio-cart.myshopify.com","timestamp":"2026-01-20T11:32:53.072Z"}
{"event":"shop.currency.fetch.received","level":"info","message":"Fetch shop currency request received","requestId":"dbfa4781-04f4-4992-ad84-77c49b0c6313","timestamp":"2026-01-20T11:39:20.028Z"}
{"event":"campaign.metafield.fetch.received","level":"info","message":"Fetch campaign metafield request received","requestId":"4771b378-546e-48af-920e-c306ed557837","timestamp":"2026-01-20T11:39:20.093Z"}
{"event":"shop.currency.fetch.start","level":"info","message":"Fetching shop currency from Shopify","requestId":"dbfa4781-04f4-4992-ad84-77c49b0c6313","shop":"basic-optimaio-cart.myshopify.com","timestamp":"2026-01-20T11:39:20.096Z"}
{"event":"campaign.metafield.fetch.start","key":"campaigns","level":"info","message":"Fetching campaign metafield","namespace":"optimaio_cart","requestId":"4771b378-546e-48af-920e-c306ed557837","shop":"basic-optimaio-cart.myshopify.com","timestamp":"2026-01-20T11:39:20.159Z"}
{"currencyCode":"USD","event":"shop.currency.fetch.success","level":"info","message":"Shop currency fetched successfully","requestId":"dbfa4781-04f4-4992-ad84-77c49b0c6313","shop":"basic-optimaio-cart.myshopify.com","timestamp":"2026-01-20T11:39:20.646Z"}
{"event":"campaign.metafield.fetch.success","key":"campaigns","level":"info","message":"Campaign metafield fetched successfully","namespace":"optimaio_cart","requestId":"4771b378-546e-48af-920e-c306ed557837","shop":"basic-optimaio-cart.myshopify.com","timestamp":"2026-01-20T11:39:20.856Z"}
{"event":"campaign.metafield.fetch.received","level":"info","message":"Fetch campaign metafield request received","requestId":"d19641b5-3298-4e70-9501-bd60b0ea2deb","timestamp":"2026-01-20T11:39:21.161Z"}
{"event":"campaign.metafield.fetch.start","key":"campaigns","level":"info","message":"Fetching campaign metafield","namespace":"optimaio_cart","requestId":"d19641b5-3298-4e70-9501-bd60b0ea2deb","shop":"basic-optimaio-cart.myshopify.com","timestamp":"2026-01-20T11:39:21.222Z"}
{"event":"shop.currency.fetch.received","level":"info","message":"Fetch shop currency request received","requestId":"27209d5c-c72c-4870-8531-ee172bd6b331","timestamp":"2026-01-20T11:39:21.537Z"}
{"event":"shop.currency.fetch.start","level":"info","message":"Fetching shop currency from Shopify","requestId":"27209d5c-c72c-4870-8531-ee172bd6b331","shop":"basic-optimaio-cart.myshopify.com","timestamp":"2026-01-20T11:39:21.601Z"}
{"event":"campaign.metafield.fetch.success","key":"campaigns","level":"info","message":"Campaign metafield fetched successfully","namespace":"optimaio_cart","requestId":"d19641b5-3298-4e70-9501-bd60b0ea2deb","shop":"basic-optimaio-cart.myshopify.com","timestamp":"2026-01-20T11:39:21.634Z"}
{"currencyCode":"USD","event":"shop.currency.fetch.success","level":"info","message":"Shop currency fetched successfully","requestId":"27209d5c-c72c-4870-8531-ee172bd6b331","shop":"basic-optimaio-cart.myshopify.com","timestamp":"2026-01-20T11:39:21.977Z"}
{"event":"campaign.delete.received","level":"info","message":"Delete campaign request received","requestId":"e25ba46e-08c2-4936-b98f-2793413cc0c3","timestamp":"2026-01-20T11:39:22.639Z"}
{"campaignId":"cmp_1768556051705_4650","event":"campaign.delete.update_start","level":"info","message":"Campaign removed locally, updating metafield","remaining":4,"requestId":"e25ba46e-08c2-4936-b98f-2793413cc0c3","shop":"basic-optimaio-cart.myshopify.com","timestamp":"2026-01-20T11:39:23.142Z"}
{"event":"campaign.delete.received","level":"info","message":"Delete campaign request received","requestId":"fba9613e-aeb6-4550-b162-17d3955a2761","timestamp":"2026-01-20T11:39:23.266Z"}
{"campaignId":"cmp_1768556051705_4650","event":"campaign.delete.success","level":"info","message":"Campaign deleted successfully","remaining":4,"requestId":"e25ba46e-08c2-4936-b98f-2793413cc0c3","shop":"basic-optimaio-cart.myshopify.com","timestamp":"2026-01-20T11:39:23.632Z"}
{"campaignId":"cmp_1768556049190_52852","event":"campaign.delete.update_start","level":"info","message":"Campaign removed locally, updating metafield","remaining":3,"requestId":"fba9613e-aeb6-4550-b162-17d3955a2761","shop":"basic-optimaio-cart.myshopify.com","timestamp":"2026-01-20T11:39:23.750Z"}
{"event":"campaign.delete.received","level":"info","message":"Delete campaign request received","requestId":"27d61219-c36a-4947-89b2-c310cef318ee","timestamp":"2026-01-20T11:39:24.078Z"}
{"campaignId":"cmp_1768556049190_52852","event":"campaign.delete.success","level":"info","message":"Campaign deleted successfully","remaining":3,"requestId":"fba9613e-aeb6-4550-b162-17d3955a2761","shop":"basic-optimaio-cart.myshopify.com","timestamp":"2026-01-20T11:39:24.255Z"}
{"campaignId":"cmp_1768800939383_63216","event":"campaign.delete.update_start","level":"info","message":"Campaign removed locally, updating metafield","remaining":2,"requestId":"27d61219-c36a-4947-89b2-c310cef318ee","shop":"basic-optimaio-cart.myshopify.com","timestamp":"2026-01-20T11:39:24.540Z"}
{"event":"campaign.delete.received","level":"info","message":"Delete campaign request received","requestId":"7927de0d-1f30-4c16-9e78-bfb33d1758d0","timestamp":"2026-01-20T11:39:24.608Z"}
{"campaignId":"cmp_1768800939383_63216","event":"campaign.delete.success","level":"info","message":"Campaign deleted successfully","remaining":2,"requestId":"27d61219-c36a-4947-89b2-c310cef318ee","shop":"basic-optimaio-cart.myshopify.com","timestamp":"2026-01-20T11:39:24.978Z"}
{"event":"campaign.delete.received","level":"info","message":"Delete campaign request received","requestId":"12b99673-b7bb-436a-a458-0e1d78a7c2e5","timestamp":"2026-01-20T11:39:25.030Z"}
{"campaignId":"cmp_1768800939383_63216","event":"campaign.delete.not_found","level":"warn","message":"Campaign not found for deletion","requestId":"7927de0d-1f30-4c16-9e78-bfb33d1758d0","shop":"basic-optimaio-cart.myshopify.com","timestamp":"2026-01-20T11:39:25.040Z"}
{"event":"campaign.delete.received","level":"info","message":"Delete campaign request received","requestId":"0a4da416-be31-4adb-a74c-317a2ac7f065","timestamp":"2026-01-20T11:39:25.374Z"}
{"campaignId":"cmp_1768800908381_87835","event":"campaign.delete.update_start","level":"info","message":"Campaign removed locally, updating metafield","remaining":1,"requestId":"12b99673-b7bb-436a-a458-0e1d78a7c2e5","shop":"basic-optimaio-cart.myshopify.com","timestamp":"2026-01-20T11:39:25.548Z"}
{"event":"campaigns.webhook.received","level":"info","message":"Webhook received","requestId":"241537f2-64d2-55bd-a825-448560369fad","shop":"basic-optimaio-cart.myshopify.com","timestamp":"2026-01-20T11:39:25.604Z","topic":"SHOP_UPDATE"}
{"campaignId":"cmp_1768555151520_89025","event":"campaign.delete.update_start","level":"info","message":"Campaign removed locally, updating metafield","remaining":1,"requestId":"0a4da416-be31-4adb-a74c-317a2ac7f065","shop":"basic-optimaio-cart.myshopify.com","timestamp":"2026-01-20T11:39:25.836Z"}
{"campaignsCount":0,"event":"campaigns.redis.updated","level":"info","message":"Campaigns updated in Redis","requestId":"241537f2-64d2-55bd-a825-448560369fad","shop":"basic-optimaio-cart.myshopify.com","timestamp":"2026-01-20T11:39:26.242Z"}
{"campaignId":"cmp_1768555151520_89025","event":"campaign.delete.success","level":"info","message":"Campaign deleted successfully","remaining":1,"requestId":"0a4da416-be31-4adb-a74c-317a2ac7f065","shop":"basic-optimaio-cart.myshopify.com","timestamp":"2026-01-20T11:39:26.252Z"}
{"campaignId":"cmp_1768800908381_87835","event":"campaign.delete.success","level":"info","message":"Campaign deleted successfully","remaining":1,"requestId":"12b99673-b7bb-436a-a458-0e1d78a7c2e5","shop":"basic-optimaio-cart.myshopify.com","timestamp":"2026-01-20T11:39:26.343Z"}
{"event":"campaigns.webhook.received","level":"info","message":"Webhook received","requestId":"a9032bfe-647f-5f4f-b8fe-06bc6a58fd6a","shop":"basic-optimaio-cart.myshopify.com","timestamp":"2026-01-20T11:39:26.709Z","topic":"SHOP_UPDATE"}
{"campaignsCount":0,"event":"campaigns.redis.updated","level":"info","message":"Campaigns updated in Redis","requestId":"a9032bfe-647f-5f4f-b8fe-06bc6a58fd6a","shop":"basic-optimaio-cart.myshopify.com","timestamp":"2026-01-20T11:39:27.220Z"}
{"event":"campaigns.webhook.received","level":"info","message":"Webhook received","requestId":"ac34a91e-bdf6-5f56-b818-24cf2c2008ce","shop":"basic-optimaio-cart.myshopify.com","timestamp":"2026-01-20T11:39:27.965Z","topic":"SHOP_UPDATE"}
{"event":"campaigns.no_change","level":"info","message":"No campaign changes detected","requestId":"ac34a91e-bdf6-5f56-b818-24cf2c2008ce","shop":"basic-optimaio-cart.myshopify.com","timestamp":"2026-01-20T11:39:28.714Z"}
{"event":"products.fetch.received","level":"info","message":"Fetch products request received","requestId":"8a090a5f-20e9-4ac0-a009-f610fd9434c1","timestamp":"2026-01-20T11:39:41.233Z"}
{"event":"products.fetch.start","level":"info","message":"Fetching products from Shopify","requestId":"8a090a5f-20e9-4ac0-a009-f610fd9434c1","shop":"basic-optimaio-cart.myshopify.com","timestamp":"2026-01-20T11:39:41.401Z"}
{"count":17,"event":"products.fetch.success","level":"info","message":"Products fetched successfully","requestId":"8a090a5f-20e9-4ac0-a009-f610fd9434c1","shop":"basic-optimaio-cart.myshopify.com","timestamp":"2026-01-20T11:39:42.142Z"}
{"event":"campaign.save.received","level":"info","message":"Campaign save request received","requestId":"815ddd23-f5cd-4c82-b6b8-f183d4fe4c9e","timestamp":"2026-01-20T11:40:06.386Z"}
{"campaignId":"cmp_1768555151520_89025","event":"campaign.incoming","level":"debug","message":"Incoming campaign payload","requestId":"815ddd23-f5cd-4c82-b6b8-f183d4fe4c9e","timestamp":"2026-01-20T11:40:07.654Z"}
{"event":"metafield.set.called","key":"campaigns","level":"debug","message":"setMetafield called","ownerId":"gid://shopify/Shop/79578988792","requestId":"815ddd23-f5cd-4c82-b6b8-f183d4fe4c9e","timestamp":"2026-01-20T11:40:07.655Z"}
{"event":"metafield.save.success","key":"campaigns","level":"info","message":"Metafield saved successfully","metafieldId":"gid://shopify/Metafield/36542892015864","ownerId":"gid://shopify/Shop/79578988792","requestId":"815ddd23-f5cd-4c82-b6b8-f183d4fe4c9e","timestamp":"2026-01-20T11:40:08.175Z"}
{"discountNodeId":"gid://shopify/DiscountAutomaticNode/1450234609912","event":"bxgy.discount.node.found","level":"info","message":"BXGY discount node resolved","requestId":"815ddd23-f5cd-4c82-b6b8-f183d4fe4c9e","timestamp":"2026-01-20T11:40:08.659Z"}
{"event":"metafield.set.called","key":"bxgy_top_collection","level":"debug","message":"setMetafield called","ownerId":"gid://shopify/DiscountAutomaticNode/1450234609912","requestId":"815ddd23-f5cd-4c82-b6b8-f183d4fe4c9e","timestamp":"2026-01-20T11:40:08.660Z"}
{"event":"metafield.save.success","key":"bxgy_top_collection","level":"info","message":"Metafield saved successfully","metafieldId":"gid://shopify/Metafield/37165109739768","ownerId":"gid://shopify/DiscountAutomaticNode/1450234609912","requestId":"815ddd23-f5cd-4c82-b6b8-f183d4fe4c9e","timestamp":"2026-01-20T11:40:09.122Z"}
{"campaignId":"cmp_1768555151520_89025","event":"campaign.save.success","level":"info","message":"Campaign saved successfully","requestId":"815ddd23-f5cd-4c82-b6b8-f183d4fe4c9e","timestamp":"2026-01-20T11:40:09.123Z"}
{"event":"campaigns.webhook.received","level":"info","message":"Webhook received","requestId":"4d3c715d-f07f-5f03-a232-f239aa505a60","shop":"basic-optimaio-cart.myshopify.com","timestamp":"2026-01-20T11:40:10.019Z","topic":"SHOP_UPDATE"}
{"campaignsCount":0,"event":"campaigns.redis.updated","level":"info","message":"Campaigns updated in Redis","requestId":"4d3c715d-f07f-5f03-a232-f239aa505a60","shop":"basic-optimaio-cart.myshopify.com","timestamp":"2026-01-20T11:40:10.527Z"}
{"event":"shop.currency.fetch.received","level":"info","message":"Fetch shop currency request received","requestId":"9ab02202-80fd-4d4d-9d86-f7b31948916d","timestamp":"2026-01-20T11:44:21.208Z"}
{"event":"shop.currency.fetch.start","level":"info","message":"Fetching shop currency from Shopify","requestId":"9ab02202-80fd-4d4d-9d86-f7b31948916d","shop":"basic-optimaio-cart.myshopify.com","timestamp":"2026-01-20T11:44:21.275Z"}
{"event":"campaign.metafield.fetch.received","level":"info","message":"Fetch campaign metafield request received","requestId":"a747fec5-5168-4a2e-b086-7ba86fb96007","timestamp":"2026-01-20T11:44:21.388Z"}
{"event":"campaign.metafield.fetch.start","key":"campaigns","level":"info","message":"Fetching campaign metafield","namespace":"optimaio_cart","requestId":"a747fec5-5168-4a2e-b086-7ba86fb96007","shop":"basic-optimaio-cart.myshopify.com","timestamp":"2026-01-20T11:44:21.456Z"}
{"event":"campaign.metafield.fetch.success","key":"campaigns","level":"info","message":"Campaign metafield fetched successfully","namespace":"optimaio_cart","requestId":"a747fec5-5168-4a2e-b086-7ba86fb96007","shop":"basic-optimaio-cart.myshopify.com","timestamp":"2026-01-20T11:44:22.025Z"}
{"currencyCode":"USD","event":"shop.currency.fetch.success","level":"info","message":"Shop currency fetched successfully","requestId":"9ab02202-80fd-4d4d-9d86-f7b31948916d","shop":"basic-optimaio-cart.myshopify.com","timestamp":"2026-01-20T11:44:22.111Z"}
{"event":"campaign.metafield.fetch.received","level":"info","message":"Fetch campaign metafield request received","requestId":"a1e5f2f6-65d1-49ea-8c63-fe0aba111b4d","timestamp":"2026-01-20T11:44:22.474Z"}
{"event":"campaign.metafield.fetch.start","key":"campaigns","level":"info","message":"Fetching campaign metafield","namespace":"optimaio_cart","requestId":"a1e5f2f6-65d1-49ea-8c63-fe0aba111b4d","shop":"basic-optimaio-cart.myshopify.com","timestamp":"2026-01-20T11:44:22.540Z"}
{"event":"shop.currency.fetch.received","level":"info","message":"Fetch shop currency request received","requestId":"5b095c42-168a-434b-b3eb-487476a1b946","timestamp":"2026-01-20T11:44:22.580Z"}
{"event":"shop.currency.fetch.start","level":"info","message":"Fetching shop currency from Shopify","requestId":"5b095c42-168a-434b-b3eb-487476a1b946","shop":"basic-optimaio-cart.myshopify.com","timestamp":"2026-01-20T11:44:22.650Z"}
{"event":"campaign.metafield.fetch.success","key":"campaigns","level":"info","message":"Campaign metafield fetched successfully","namespace":"optimaio_cart","requestId":"a1e5f2f6-65d1-49ea-8c63-fe0aba111b4d","shop":"basic-optimaio-cart.myshopify.com","timestamp":"2026-01-20T11:44:23.057Z"}
{"currencyCode":"USD","event":"shop.currency.fetch.success","level":"info","message":"Shop currency fetched successfully","requestId":"5b095c42-168a-434b-b3eb-487476a1b946","shop":"basic-optimaio-cart.myshopify.com","timestamp":"2026-01-20T11:44:23.101Z"}
{"event":"shop.currency.fetch.received","level":"info","message":"Fetch shop currency request received","requestId":"92ef4361-a2a1-4ce7-9eb1-4a71bfe85de4","timestamp":"2026-01-20T11:47:39.248Z"}
{"event":"campaign.metafield.fetch.received","level":"info","message":"Fetch campaign metafield request received","requestId":"8a41fe99-82c2-4368-a8c2-4ad8369c53ac","timestamp":"2026-01-20T11:47:39.271Z"}
{"event":"shop.currency.fetch.start","level":"info","message":"Fetching shop currency from Shopify","requestId":"92ef4361-a2a1-4ce7-9eb1-4a71bfe85de4","shop":"basic-optimaio-cart.myshopify.com","timestamp":"2026-01-20T11:47:39.312Z"}
{"event":"campaign.metafield.fetch.start","key":"campaigns","level":"info","message":"Fetching campaign metafield","namespace":"optimaio_cart","requestId":"8a41fe99-82c2-4368-a8c2-4ad8369c53ac","shop":"basic-optimaio-cart.myshopify.com","timestamp":"2026-01-20T11:47:39.928Z"}
{"currencyCode":"USD","event":"shop.currency.fetch.success","level":"info","message":"Shop currency fetched successfully","requestId":"92ef4361-a2a1-4ce7-9eb1-4a71bfe85de4","shop":"basic-optimaio-cart.myshopify.com","timestamp":"2026-01-20T11:47:40.401Z"}
{"event":"campaign.metafield.fetch.success","key":"campaigns","level":"info","message":"Campaign metafield fetched successfully","namespace":"optimaio_cart","requestId":"8a41fe99-82c2-4368-a8c2-4ad8369c53ac","shop":"basic-optimaio-cart.myshopify.com","timestamp":"2026-01-20T11:47:40.429Z"}
{"event":"campaign.metafield.fetch.received","level":"info","message":"Fetch campaign metafield request received","requestId":"478360d3-5fd5-4a5b-86a2-d6448dba14fe","timestamp":"2026-01-20T11:47:40.693Z"}
{"event":"shop.currency.fetch.received","level":"info","message":"Fetch shop currency request received","requestId":"519c1e2d-ccd1-442c-970c-a7a953284406","timestamp":"2026-01-20T11:47:40.753Z"}
{"event":"campaign.metafield.fetch.start","key":"campaigns","level":"info","message":"Fetching campaign metafield","namespace":"optimaio_cart","requestId":"478360d3-5fd5-4a5b-86a2-d6448dba14fe","shop":"basic-optimaio-cart.myshopify.com","timestamp":"2026-01-20T11:47:40.758Z"}
{"event":"shop.currency.fetch.start","level":"info","message":"Fetching shop currency from Shopify","requestId":"519c1e2d-ccd1-442c-970c-a7a953284406","shop":"basic-optimaio-cart.myshopify.com","timestamp":"2026-01-20T11:47:40.819Z"}
{"event":"campaign.metafield.fetch.success","key":"campaigns","level":"info","message":"Campaign metafield fetched successfully","namespace":"optimaio_cart","requestId":"478360d3-5fd5-4a5b-86a2-d6448dba14fe","shop":"basic-optimaio-cart.myshopify.com","timestamp":"2026-01-20T11:47:41.178Z"}
{"currencyCode":"USD","event":"shop.currency.fetch.success","level":"info","message":"Shop currency fetched successfully","requestId":"519c1e2d-ccd1-442c-970c-a7a953284406","shop":"basic-optimaio-cart.myshopify.com","timestamp":"2026-01-20T11:47:41.251Z"}
{"event":"shop.currency.fetch.received","level":"info","message":"Fetch shop currency request received","requestId":"9d697ed1-ed38-4aef-a2fa-bc57848a62db","timestamp":"2026-01-20T11:56:53.494Z"}
{"event":"campaign.metafield.fetch.received","level":"info","message":"Fetch campaign metafield request received","requestId":"6208d218-d076-457e-a0e6-3b9c9cdd84c2","timestamp":"2026-01-20T11:56:53.500Z"}
{"event":"shop.currency.fetch.start","level":"info","message":"Fetching shop currency from Shopify","requestId":"9d697ed1-ed38-4aef-a2fa-bc57848a62db","shop":"basic-optimaio-cart.myshopify.com","timestamp":"2026-01-20T11:56:53.554Z"}
{"event":"campaign.metafield.fetch.start","key":"campaigns","level":"info","message":"Fetching campaign metafield","namespace":"optimaio_cart","requestId":"6208d218-d076-457e-a0e6-3b9c9cdd84c2","shop":"basic-optimaio-cart.myshopify.com","timestamp":"2026-01-20T11:56:53.570Z"}
{"currencyCode":"USD","event":"shop.currency.fetch.success","level":"info","message":"Shop currency fetched successfully","requestId":"9d697ed1-ed38-4aef-a2fa-bc57848a62db","shop":"basic-optimaio-cart.myshopify.com","timestamp":"2026-01-20T11:56:53.975Z"}
{"event":"campaign.metafield.fetch.success","key":"campaigns","level":"info","message":"Campaign metafield fetched successfully","namespace":"optimaio_cart","requestId":"6208d218-d076-457e-a0e6-3b9c9cdd84c2","shop":"basic-optimaio-cart.myshopify.com","timestamp":"2026-01-20T11:56:54.351Z"}
{"event":"shop.currency.fetch.received","level":"info","message":"Fetch shop currency request received","requestId":"275f9940-6b1e-4f45-add4-52fc1cbb8bf3","timestamp":"2026-01-20T11:56:54.436Z"}
{"event":"shop.currency.fetch.start","level":"info","message":"Fetching shop currency from Shopify","requestId":"275f9940-6b1e-4f45-add4-52fc1cbb8bf3","shop":"basic-optimaio-cart.myshopify.com","timestamp":"2026-01-20T11:56:54.506Z"}
{"event":"campaign.metafield.fetch.received","level":"info","message":"Fetch campaign metafield request received","requestId":"6e747a18-fa3e-4c52-8416-6135736b9197","timestamp":"2026-01-20T11:56:54.682Z"}
{"event":"campaign.metafield.fetch.start","key":"campaigns","level":"info","message":"Fetching campaign metafield","namespace":"optimaio_cart","requestId":"6e747a18-fa3e-4c52-8416-6135736b9197","shop":"basic-optimaio-cart.myshopify.com","timestamp":"2026-01-20T11:56:54.750Z"}
{"currencyCode":"USD","event":"shop.currency.fetch.success","level":"info","message":"Shop currency fetched successfully","requestId":"275f9940-6b1e-4f45-add4-52fc1cbb8bf3","shop":"basic-optimaio-cart.myshopify.com","timestamp":"2026-01-20T11:56:54.967Z"}
{"event":"campaign.metafield.fetch.success","key":"campaigns","level":"info","message":"Campaign metafield fetched successfully","namespace":"optimaio_cart","requestId":"6e747a18-fa3e-4c52-8416-6135736b9197","shop":"basic-optimaio-cart.myshopify.com","timestamp":"2026-01-20T11:56:55.449Z"}
{"event":"orders.flush.cron.triggered","level":"info","message":"Hourly order flush cron triggered","requestId":"4a001dd8-787c-489a-a624-4933891422b1","timestamp":"2026-01-20T12:00:00.019Z"}
{"event":"orders.flush.scan.started","level":"info","message":"Order flush scan started","requestId":"4a001dd8-787c-489a-a624-4933891422b1","timestamp":"2026-01-20T12:00:00.020Z"}
{"event":"orders.flush.queue.empty","level":"info","message":"No order queues found","requestId":"4a001dd8-787c-489a-a624-4933891422b1","timestamp":"2026-01-20T12:00:00.035Z"}
{"event":"campaigns.webhook.received","level":"info","message":"Webhook received","requestId":"50339da0-25d8-573a-a828-62bc2889da40","shop":"basic-optimaio-cart.myshopify.com","timestamp":"2026-01-20T12:00:38.483Z","topic":"SHOP_UPDATE"}
{"event":"campaigns.no_change","level":"info","message":"No campaign changes detected","requestId":"50339da0-25d8-573a-a828-62bc2889da40","shop":"basic-optimaio-cart.myshopify.com","timestamp":"2026-01-20T12:00:39.017Z"}
{"event":"products.fetch.received","level":"info","message":"Fetch products request received","requestId":"3704da06-fcb8-4566-9407-06b660c205a7","timestamp":"2026-01-20T12:07:28.872Z"}
{"event":"products.fetch.start","level":"info","message":"Fetching products from Shopify","requestId":"3704da06-fcb8-4566-9407-06b660c205a7","shop":"basic-optimaio-cart.myshopify.com","timestamp":"2026-01-20T12:07:28.942Z"}
{"count":17,"event":"products.fetch.success","level":"info","message":"Products fetched successfully","requestId":"3704da06-fcb8-4566-9407-06b660c205a7","shop":"basic-optimaio-cart.myshopify.com","timestamp":"2026-01-20T12:07:29.577Z"}
{"event":"products.fetch.received","level":"info","message":"Fetch products request received","requestId":"5e63d584-3fc8-4816-9eb5-1e1ebf53c91d","timestamp":"2026-01-20T12:09:12.416Z"}
{"event":"products.fetch.start","level":"info","message":"Fetching products from Shopify","requestId":"5e63d584-3fc8-4816-9eb5-1e1ebf53c91d","shop":"basic-optimaio-cart.myshopify.com","timestamp":"2026-01-20T12:09:12.555Z"}
{"count":17,"event":"products.fetch.success","level":"info","message":"Products fetched successfully","requestId":"5e63d584-3fc8-4816-9eb5-1e1ebf53c91d","shop":"basic-optimaio-cart.myshopify.com","timestamp":"2026-01-20T12:09:13.494Z"}
{"event":"billing.cron.triggered","level":"info","message":"Store expiry cron triggered","requestId":"02595011-6e04-4dad-b0be-6f3c08abc326","timestamp":"2026-01-20T12:30:00.039Z"}
{"event":"billing.cron.scan.started","level":"info","maxPerRun":10,"message":"Store expiry scan started","requestId":"02595011-6e04-4dad-b0be-6f3c08abc326","timestamp":"2026-01-20T12:30:00.040Z"}
{"event":"billing.orders.cron.triggered","level":"info","message":"Order-based billing cron triggered","requestId":"4d237e31-3212-4272-85e9-59dc845f310e","timestamp":"2026-01-20T12:30:00.042Z"}
{"event":"billing.orders.scan.started","level":"info","message":"Order-based billing scan started","requestId":"4d237e31-3212-4272-85e9-59dc845f310e","timestamp":"2026-01-20T12:30:00.042Z"}
{"event":"orders.flush.cron.triggered","level":"info","message":"Hourly order flush cron triggered","requestId":"c8ac9e70-7529-4bf0-8f9a-90ce1b19ecb1","timestamp":"2026-01-20T12:30:00.043Z"}
{"event":"orders.flush.scan.started","level":"info","message":"Order flush scan started","requestId":"c8ac9e70-7529-4bf0-8f9a-90ce1b19ecb1","timestamp":"2026-01-20T12:30:00.043Z"}
{"event":"billing.cron.no_expired_store","level":"info","message":"Next billing cycle has not expired yet","nextExpiry":"2026-02-05T06:31:22.283Z","nextShop":"bb-basic-optimaio-cart.myshopify.com","requestId":"02595011-6e04-4dad-b0be-6f3c08abc326","timestamp":"2026-01-20T12:30:00.055Z"}
{"event":"billing.cron.scan.completed","level":"info","message":"Store expiry scan completed","processed":0,"requestId":"02595011-6e04-4dad-b0be-6f3c08abc326","timestamp":"2026-01-20T12:30:00.055Z"}
{"event":"orders.flush.queue.empty","level":"info","message":"No order queues found","requestId":"c8ac9e70-7529-4bf0-8f9a-90ce1b19ecb1","timestamp":"2026-01-20T12:30:00.055Z"}
{"event":"billing.orders.zero","level":"info","message":"No orders for store, skipping upgrade","requestId":"4d237e31-3212-4272-85e9-59dc845f310e","storeId":"basic-optimaio-cart.myshopify.com","timestamp":"2026-01-20T12:30:00.700Z"}
{"event":"billing.orders.scan.completed","level":"info","message":"Order-based billing scan completed","requestId":"4d237e31-3212-4272-85e9-59dc845f310e","timestamp":"2026-01-20T12:30:00.718Z"}
{"event":"orders.flush.cron.triggered","level":"info","message":"Hourly order flush cron triggered","requestId":"529e55d5-e1f6-4690-baba-73fc753595da","timestamp":"2026-01-20T13:00:00.059Z"}
{"event":"orders.flush.scan.started","level":"info","message":"Order flush scan started","requestId":"529e55d5-e1f6-4690-baba-73fc753595da","timestamp":"2026-01-20T13:00:00.061Z"}
{"event":"orders.flush.queue.empty","level":"info","message":"No order queues found","requestId":"529e55d5-e1f6-4690-baba-73fc753595da","timestamp":"2026-01-20T13:00:00.069Z"}
