{"event":"billing.cron.triggered","level":"info","message":"Store expiry cron triggered","requestId":"d311327f-4d69-4f7a-a6e2-c6b71e139d66","timestamp":"2026-01-30T04:30:00.077Z"}
{"event":"redis.client.init","host":"redis-16663.crce179.ap-south-1-1.ec2.cloud.redislabs.com","level":"info","message":"Initializing Redis client","port":16663,"requestId":"d311327f-4d69-4f7a-a6e2-c6b71e139d66","timestamp":"2026-01-30T04:30:00.084Z"}
{"event":"redis.connect.start","level":"info","message":"Connecting to Redis","requestId":"d311327f-4d69-4f7a-a6e2-c6b71e139d66","timestamp":"2026-01-30T04:30:00.089Z"}
{"event":"billing.orders.cron.triggered","level":"info","message":"Order-based billing cron triggered","requestId":"56ebd87e-d3dc-4edc-a14b-8ddd9c0d3d35","timestamp":"2026-01-30T04:30:00.095Z"}
{"event":"billing.orders.scan.started","level":"info","message":"Order-based billing scan started","requestId":"56ebd87e-d3dc-4edc-a14b-8ddd9c0d3d35","timestamp":"2026-01-30T04:30:00.098Z"}
{"event":"orders.flush.cron.triggered","level":"info","message":"Hourly order flush cron triggered","requestId":"99e52a7c-8fb0-4f15-9377-bef1ee0f98a6","timestamp":"2026-01-30T04:30:00.102Z"}
{"event":"orders.flush.scan.started","level":"info","message":"Order flush scan started","requestId":"99e52a7c-8fb0-4f15-9377-bef1ee0f98a6","timestamp":"2026-01-30T04:30:00.104Z"}
{"event":"redis.socket.connected","level":"info","message":"Redis socket connected","requestId":"d311327f-4d69-4f7a-a6e2-c6b71e139d66","timestamp":"2026-01-30T04:30:00.344Z"}
{"event":"redis.socket.connected","level":"info","message":"Redis socket connected","requestId":"d311327f-4d69-4f7a-a6e2-c6b71e139d66","timestamp":"2026-01-30T04:30:00.346Z"}
{"event":"orders.flush.queue.empty","level":"info","message":"No order queues found","requestId":"99e52a7c-8fb0-4f15-9377-bef1ee0f98a6","timestamp":"2026-01-30T04:30:00.373Z"}
{"event":"redis.client.ready","level":"info","message":"Redis client ready","requestId":"d311327f-4d69-4f7a-a6e2-c6b71e139d66","timestamp":"2026-01-30T04:30:00.374Z"}
{"event":"redis.client.ready","level":"info","message":"Redis client ready","requestId":"d311327f-4d69-4f7a-a6e2-c6b71e139d66","timestamp":"2026-01-30T04:30:00.375Z"}
{"event":"redis.connect.success","level":"info","message":"Redis connection established","requestId":"d311327f-4d69-4f7a-a6e2-c6b71e139d66","timestamp":"2026-01-30T04:30:00.378Z"}
{"event":"billing.cron.scan.started","level":"info","maxPerRun":10,"message":"Store expiry scan started","requestId":"d311327f-4d69-4f7a-a6e2-c6b71e139d66","timestamp":"2026-01-30T04:30:00.378Z"}
{"event":"billing.cron.no_expired_store","level":"info","message":"Next billing cycle has not expired yet","nextExpiry":"2026-02-05T06:31:22.283Z","nextShop":"bb-basic-optimaio-cart.myshopify.com","requestId":"d311327f-4d69-4f7a-a6e2-c6b71e139d66","timestamp":"2026-01-30T04:30:00.390Z"}
{"event":"billing.cron.scan.completed","level":"info","message":"Store expiry scan completed","processed":0,"requestId":"d311327f-4d69-4f7a-a6e2-c6b71e139d66","timestamp":"2026-01-30T04:30:00.391Z"}
{"event":"billing.orders.zero","level":"info","message":"No orders for store, skipping upgrade","requestId":"56ebd87e-d3dc-4edc-a14b-8ddd9c0d3d35","storeId":"basic-optimaio-cart.myshopify.com","timestamp":"2026-01-30T04:30:00.844Z"}
{"event":"billing.orders.scan.completed","level":"info","message":"Order-based billing scan completed","requestId":"56ebd87e-d3dc-4edc-a14b-8ddd9c0d3d35","timestamp":"2026-01-30T04:30:00.867Z"}
{"event":"cart.settings.save.received","level":"info","message":"Save cart settings request received","requestId":"b5ddd046-709f-4e0d-9b7d-4620986a80bf","timestamp":"2026-01-30T04:34:04.949Z"}
{"event":"cart.settings.theme_changed","level":"info","message":"Theme changed — resetting bannerStyle & colors","newTheme":"theme2","requestId":"b5ddd046-709f-4e0d-9b7d-4620986a80bf","shop":"basic-optimaio-cart.myshopify.com","timestamp":"2026-01-30T04:34:06.047Z"}
{"event":"cart.settings.save.start","level":"info","message":"Saving merged cart settings","requestId":"b5ddd046-709f-4e0d-9b7d-4620986a80bf","shop":"basic-optimaio-cart.myshopify.com","theme":"theme2","themeChanged":true,"timestamp":"2026-01-30T04:34:06.049Z"}
{"event":"cart.settings.save.success","level":"info","message":"Cart settings metafield saved","metafieldId":"gid://shopify/Metafield/37109577744632","requestId":"b5ddd046-709f-4e0d-9b7d-4620986a80bf","shopId":"gid://shopify/Shop/79578988792","timestamp":"2026-01-30T04:34:06.637Z"}
{"event":"cart.settings.save.completed","level":"info","message":"Cart settings saved successfully","requestId":"b5ddd046-709f-4e0d-9b7d-4620986a80bf","shop":"basic-optimaio-cart.myshopify.com","timestamp":"2026-01-30T04:34:06.639Z"}
{"event":"campaigns.webhook.received","level":"info","message":"Webhook received","requestId":"e23da930-0c90-520d-bda8-46aea0d57310","shop":"basic-optimaio-cart.myshopify.com","timestamp":"2026-01-30T04:34:08.392Z","topic":"SHOP_UPDATE"}
{"event":"campaigns.no_change","level":"info","message":"No campaign changes detected","requestId":"e23da930-0c90-520d-bda8-46aea0d57310","shop":"basic-optimaio-cart.myshopify.com","timestamp":"2026-01-30T04:34:08.927Z"}
{"event":"cart.settings.save.received","level":"info","message":"Save cart settings request received","requestId":"6b0690eb-3245-4402-84af-2f58a163b99b","timestamp":"2026-01-30T04:34:41.893Z"}
{"event":"cart.settings.theme_changed","level":"info","message":"Theme changed — resetting bannerStyle & colors","newTheme":"theme3","requestId":"6b0690eb-3245-4402-84af-2f58a163b99b","shop":"basic-optimaio-cart.myshopify.com","timestamp":"2026-01-30T04:34:42.947Z"}
{"event":"cart.settings.save.start","level":"info","message":"Saving merged cart settings","requestId":"6b0690eb-3245-4402-84af-2f58a163b99b","shop":"basic-optimaio-cart.myshopify.com","theme":"theme3","themeChanged":true,"timestamp":"2026-01-30T04:34:42.949Z"}
{"event":"cart.settings.save.success","level":"info","message":"Cart settings metafield saved","metafieldId":"gid://shopify/Metafield/37109577744632","requestId":"6b0690eb-3245-4402-84af-2f58a163b99b","shopId":"gid://shopify/Shop/79578988792","timestamp":"2026-01-30T04:34:43.396Z"}
{"event":"cart.settings.save.completed","level":"info","message":"Cart settings saved successfully","requestId":"6b0690eb-3245-4402-84af-2f58a163b99b","shop":"basic-optimaio-cart.myshopify.com","timestamp":"2026-01-30T04:34:43.397Z"}
{"event":"campaigns.webhook.received","level":"info","message":"Webhook received","requestId":"c9da9bd4-d730-5f4d-87e5-bff285d269dd","shop":"basic-optimaio-cart.myshopify.com","timestamp":"2026-01-30T04:34:45.253Z","topic":"SHOP_UPDATE"}
{"event":"campaigns.no_change","level":"info","message":"No campaign changes detected","requestId":"c9da9bd4-d730-5f4d-87e5-bff285d269dd","shop":"basic-optimaio-cart.myshopify.com","timestamp":"2026-01-30T04:34:45.751Z"}
{"event":"cart.settings.save.received","level":"info","message":"Save cart settings request received","requestId":"80a3cade-cad5-4d2d-bd6c-4632299eafb3","timestamp":"2026-01-30T04:59:23.328Z"}
{"event":"cart.settings.theme_changed","level":"info","message":"Theme changed — resetting bannerStyle & colors","newTheme":"theme1","requestId":"80a3cade-cad5-4d2d-bd6c-4632299eafb3","shop":"basic-optimaio-cart.myshopify.com","timestamp":"2026-01-30T04:59:24.469Z"}
{"event":"cart.settings.save.start","level":"info","message":"Saving merged cart settings","requestId":"80a3cade-cad5-4d2d-bd6c-4632299eafb3","shop":"basic-optimaio-cart.myshopify.com","theme":"theme1","themeChanged":true,"timestamp":"2026-01-30T04:59:24.471Z"}
{"event":"cart.settings.save.success","level":"info","message":"Cart settings metafield saved","metafieldId":"gid://shopify/Metafield/37109577744632","requestId":"80a3cade-cad5-4d2d-bd6c-4632299eafb3","shopId":"gid://shopify/Shop/79578988792","timestamp":"2026-01-30T04:59:24.921Z"}
{"event":"cart.settings.save.completed","level":"info","message":"Cart settings saved successfully","requestId":"80a3cade-cad5-4d2d-bd6c-4632299eafb3","shop":"basic-optimaio-cart.myshopify.com","timestamp":"2026-01-30T04:59:24.922Z"}
{"event":"campaigns.webhook.received","level":"info","message":"Webhook received","requestId":"ac3958bb-419f-53c4-8c24-4e55f52094a1","shop":"basic-optimaio-cart.myshopify.com","timestamp":"2026-01-30T04:59:27.048Z","topic":"SHOP_UPDATE"}
{"event":"campaigns.no_change","level":"info","message":"No campaign changes detected","requestId":"ac3958bb-419f-53c4-8c24-4e55f52094a1","shop":"basic-optimaio-cart.myshopify.com","timestamp":"2026-01-30T04:59:27.609Z"}
{"event":"cart.settings.save.received","level":"info","message":"Save cart settings request received","requestId":"30924a07-df9d-49ca-9af8-bf5359426643","timestamp":"2026-01-30T04:59:30.959Z"}
{"event":"cart.settings.theme_changed","level":"info","message":"Theme changed — resetting bannerStyle & colors","newTheme":"theme4","requestId":"30924a07-df9d-49ca-9af8-bf5359426643","shop":"basic-optimaio-cart.myshopify.com","timestamp":"2026-01-30T04:59:32.056Z"}
{"event":"cart.settings.save.start","level":"info","message":"Saving merged cart settings","requestId":"30924a07-df9d-49ca-9af8-bf5359426643","shop":"basic-optimaio-cart.myshopify.com","theme":"theme4","themeChanged":true,"timestamp":"2026-01-30T04:59:32.057Z"}
{"event":"cart.settings.save.success","level":"info","message":"Cart settings metafield saved","metafieldId":"gid://shopify/Metafield/37109577744632","requestId":"30924a07-df9d-49ca-9af8-bf5359426643","shopId":"gid://shopify/Shop/79578988792","timestamp":"2026-01-30T04:59:32.585Z"}
{"event":"cart.settings.save.completed","level":"info","message":"Cart settings saved successfully","requestId":"30924a07-df9d-49ca-9af8-bf5359426643","shop":"basic-optimaio-cart.myshopify.com","timestamp":"2026-01-30T04:59:32.586Z"}
{"event":"campaigns.webhook.received","level":"info","message":"Webhook received","requestId":"b96ee5a3-3d70-5cf3-9ebc-d73d4e339f58","shop":"basic-optimaio-cart.myshopify.com","timestamp":"2026-01-30T04:59:34.869Z","topic":"SHOP_UPDATE"}
{"event":"campaigns.no_change","level":"info","message":"No campaign changes detected","requestId":"b96ee5a3-3d70-5cf3-9ebc-d73d4e339f58","shop":"basic-optimaio-cart.myshopify.com","timestamp":"2026-01-30T04:59:35.392Z"}
{"event":"cart.settings.save.received","level":"info","message":"Save cart settings request received","requestId":"aa9c6422-e5b3-4c75-939e-3acf1c837712","timestamp":"2026-01-30T04:59:37.185Z"}
{"event":"cart.settings.theme_changed","level":"info","message":"Theme changed — resetting bannerStyle & colors","newTheme":"theme7","requestId":"aa9c6422-e5b3-4c75-939e-3acf1c837712","shop":"basic-optimaio-cart.myshopify.com","timestamp":"2026-01-30T04:59:38.160Z"}
{"event":"cart.settings.save.start","level":"info","message":"Saving merged cart settings","requestId":"aa9c6422-e5b3-4c75-939e-3acf1c837712","shop":"basic-optimaio-cart.myshopify.com","theme":"theme7","themeChanged":true,"timestamp":"2026-01-30T04:59:38.161Z"}
{"event":"cart.settings.save.success","level":"info","message":"Cart settings metafield saved","metafieldId":"gid://shopify/Metafield/37109577744632","requestId":"aa9c6422-e5b3-4c75-939e-3acf1c837712","shopId":"gid://shopify/Shop/79578988792","timestamp":"2026-01-30T04:59:38.640Z"}
{"event":"cart.settings.save.completed","level":"info","message":"Cart settings saved successfully","requestId":"aa9c6422-e5b3-4c75-939e-3acf1c837712","shop":"basic-optimaio-cart.myshopify.com","timestamp":"2026-01-30T04:59:38.641Z"}
{"event":"campaigns.webhook.received","level":"info","message":"Webhook received","requestId":"80d31ff4-cc14-593b-8a6f-7d2232eca8be","shop":"basic-optimaio-cart.myshopify.com","timestamp":"2026-01-30T04:59:40.605Z","topic":"SHOP_UPDATE"}
{"event":"campaigns.no_change","level":"info","message":"No campaign changes detected","requestId":"80d31ff4-cc14-593b-8a6f-7d2232eca8be","shop":"basic-optimaio-cart.myshopify.com","timestamp":"2026-01-30T04:59:41.086Z"}
{"event":"orders.flush.cron.triggered","level":"info","message":"Hourly order flush cron triggered","requestId":"c9d59d15-a40a-4ece-b0e7-f15248af840f","timestamp":"2026-01-30T05:00:00.043Z"}
{"event":"orders.flush.scan.started","level":"info","message":"Order flush scan started","requestId":"c9d59d15-a40a-4ece-b0e7-f15248af840f","timestamp":"2026-01-30T05:00:00.044Z"}
{"event":"orders.flush.queue.empty","level":"info","message":"No order queues found","requestId":"c9d59d15-a40a-4ece-b0e7-f15248af840f","timestamp":"2026-01-30T05:00:00.054Z"}
{"event":"cart.settings.save.received","level":"info","message":"Save cart settings request received","requestId":"4ac3b504-b2fc-48ce-a014-9f61ae5ef3ff","timestamp":"2026-01-30T05:03:24.889Z"}
{"event":"cart.settings.theme_changed","level":"info","message":"Theme changed — resetting bannerStyle & colors","newTheme":"theme3","requestId":"4ac3b504-b2fc-48ce-a014-9f61ae5ef3ff","shop":"basic-optimaio-cart.myshopify.com","timestamp":"2026-01-30T05:03:26.160Z"}
{"event":"cart.settings.save.start","level":"info","message":"Saving merged cart settings","requestId":"4ac3b504-b2fc-48ce-a014-9f61ae5ef3ff","shop":"basic-optimaio-cart.myshopify.com","theme":"theme3","themeChanged":true,"timestamp":"2026-01-30T05:03:26.161Z"}
{"event":"cart.settings.save.success","level":"info","message":"Cart settings metafield saved","metafieldId":"gid://shopify/Metafield/37109577744632","requestId":"4ac3b504-b2fc-48ce-a014-9f61ae5ef3ff","shopId":"gid://shopify/Shop/79578988792","timestamp":"2026-01-30T05:03:26.651Z"}
{"event":"cart.settings.save.completed","level":"info","message":"Cart settings saved successfully","requestId":"4ac3b504-b2fc-48ce-a014-9f61ae5ef3ff","shop":"basic-optimaio-cart.myshopify.com","timestamp":"2026-01-30T05:03:26.652Z"}
{"event":"campaigns.webhook.received","level":"info","message":"Webhook received","requestId":"03dfa6fb-f133-52ea-a849-4a2ce3d9f937","shop":"basic-optimaio-cart.myshopify.com","timestamp":"2026-01-30T05:03:31.759Z","topic":"SHOP_UPDATE"}
{"event":"campaigns.no_change","level":"info","message":"No campaign changes detected","requestId":"03dfa6fb-f133-52ea-a849-4a2ce3d9f937","shop":"basic-optimaio-cart.myshopify.com","timestamp":"2026-01-30T05:03:32.387Z"}
{"event":"billing.cron.triggered","level":"info","message":"Store expiry cron triggered","requestId":"10874ec2-d7f2-4e11-bbf8-85419cf4b3f4","timestamp":"2026-01-30T05:30:00.076Z"}
{"event":"billing.cron.scan.started","level":"info","maxPerRun":10,"message":"Store expiry scan started","requestId":"10874ec2-d7f2-4e11-bbf8-85419cf4b3f4","timestamp":"2026-01-30T05:30:00.079Z"}
{"event":"billing.orders.cron.triggered","level":"info","message":"Order-based billing cron triggered","requestId":"4e9312eb-0dd7-4b6f-b158-93ecdb0ab0ae","timestamp":"2026-01-30T05:30:00.083Z"}
{"event":"billing.orders.scan.started","level":"info","message":"Order-based billing scan started","requestId":"4e9312eb-0dd7-4b6f-b158-93ecdb0ab0ae","timestamp":"2026-01-30T05:30:00.084Z"}
{"event":"orders.flush.cron.triggered","level":"info","message":"Hourly order flush cron triggered","requestId":"8ce64b31-40a4-48c3-908d-70401b8ea9ae","timestamp":"2026-01-30T05:30:00.087Z"}
{"event":"orders.flush.scan.started","level":"info","message":"Order flush scan started","requestId":"8ce64b31-40a4-48c3-908d-70401b8ea9ae","timestamp":"2026-01-30T05:30:00.088Z"}
{"event":"billing.cron.no_expired_store","level":"info","message":"Next billing cycle has not expired yet","nextExpiry":"2026-02-05T06:31:22.283Z","nextShop":"bb-basic-optimaio-cart.myshopify.com","requestId":"10874ec2-d7f2-4e11-bbf8-85419cf4b3f4","timestamp":"2026-01-30T05:30:00.102Z"}
{"event":"billing.cron.scan.completed","level":"info","message":"Store expiry scan completed","processed":0,"requestId":"10874ec2-d7f2-4e11-bbf8-85419cf4b3f4","timestamp":"2026-01-30T05:30:00.103Z"}
{"event":"orders.flush.queue.empty","level":"info","message":"No order queues found","requestId":"8ce64b31-40a4-48c3-908d-70401b8ea9ae","timestamp":"2026-01-30T05:30:00.103Z"}
{"event":"billing.orders.zero","level":"info","message":"No orders for store, skipping upgrade","requestId":"4e9312eb-0dd7-4b6f-b158-93ecdb0ab0ae","storeId":"basic-optimaio-cart.myshopify.com","timestamp":"2026-01-30T05:30:00.317Z"}
{"event":"billing.orders.scan.completed","level":"info","message":"Order-based billing scan completed","requestId":"4e9312eb-0dd7-4b6f-b158-93ecdb0ab0ae","timestamp":"2026-01-30T05:30:00.344Z"}
{"event":"orders.flush.cron.triggered","level":"info","message":"Hourly order flush cron triggered","requestId":"bb80c437-af7b-4323-9dd8-83fdc9934504","timestamp":"2026-01-30T06:00:00.029Z"}
{"event":"orders.flush.scan.started","level":"info","message":"Order flush scan started","requestId":"bb80c437-af7b-4323-9dd8-83fdc9934504","timestamp":"2026-01-30T06:00:00.031Z"}
{"event":"orders.flush.queue.empty","level":"info","message":"No order queues found","requestId":"bb80c437-af7b-4323-9dd8-83fdc9934504","timestamp":"2026-01-30T06:00:00.045Z"}
{"event":"cart.settings.save.received","level":"info","message":"Save cart settings request received","requestId":"5ed7e1e6-7ef6-4344-bf21-af38bffb9531","timestamp":"2026-01-30T06:00:33.477Z"}
{"event":"cart.settings.theme_changed","level":"info","message":"Theme changed — resetting bannerStyle & colors","newTheme":"theme6","requestId":"5ed7e1e6-7ef6-4344-bf21-af38bffb9531","shop":"basic-optimaio-cart.myshopify.com","timestamp":"2026-01-30T06:00:34.627Z"}
{"event":"cart.settings.save.start","level":"info","message":"Saving merged cart settings","requestId":"5ed7e1e6-7ef6-4344-bf21-af38bffb9531","shop":"basic-optimaio-cart.myshopify.com","theme":"theme6","themeChanged":true,"timestamp":"2026-01-30T06:00:34.629Z"}
{"event":"cart.settings.save.success","level":"info","message":"Cart settings metafield saved","metafieldId":"gid://shopify/Metafield/37109577744632","requestId":"5ed7e1e6-7ef6-4344-bf21-af38bffb9531","shopId":"gid://shopify/Shop/79578988792","timestamp":"2026-01-30T06:00:35.084Z"}
{"event":"cart.settings.save.completed","level":"info","message":"Cart settings saved successfully","requestId":"5ed7e1e6-7ef6-4344-bf21-af38bffb9531","shop":"basic-optimaio-cart.myshopify.com","timestamp":"2026-01-30T06:00:35.085Z"}
{"event":"campaigns.webhook.received","level":"info","message":"Webhook received","requestId":"83abc823-2ce3-5b6e-a16b-bbcfa9e96267","shop":"basic-optimaio-cart.myshopify.com","timestamp":"2026-01-30T06:00:37.114Z","topic":"SHOP_UPDATE"}
{"event":"campaigns.no_change","level":"info","message":"No campaign changes detected","requestId":"83abc823-2ce3-5b6e-a16b-bbcfa9e96267","shop":"basic-optimaio-cart.myshopify.com","timestamp":"2026-01-30T06:00:37.627Z"}
{"event":"cart.settings.save.received","level":"info","message":"Save cart settings request received","requestId":"8adee243-c96f-4dd8-b74f-31f951efa118","timestamp":"2026-01-30T06:04:06.243Z"}
{"event":"cart.settings.theme_changed","level":"info","message":"Theme changed — resetting bannerStyle & colors","newTheme":"theme3","requestId":"8adee243-c96f-4dd8-b74f-31f951efa118","shop":"basic-optimaio-cart.myshopify.com","timestamp":"2026-01-30T06:04:07.612Z"}
{"event":"cart.settings.save.start","level":"info","message":"Saving merged cart settings","requestId":"8adee243-c96f-4dd8-b74f-31f951efa118","shop":"basic-optimaio-cart.myshopify.com","theme":"theme3","themeChanged":true,"timestamp":"2026-01-30T06:04:07.613Z"}
{"event":"cart.settings.save.success","level":"info","message":"Cart settings metafield saved","metafieldId":"gid://shopify/Metafield/37109577744632","requestId":"8adee243-c96f-4dd8-b74f-31f951efa118","shopId":"gid://shopify/Shop/79578988792","timestamp":"2026-01-30T06:04:08.114Z"}
{"event":"cart.settings.save.completed","level":"info","message":"Cart settings saved successfully","requestId":"8adee243-c96f-4dd8-b74f-31f951efa118","shop":"basic-optimaio-cart.myshopify.com","timestamp":"2026-01-30T06:04:08.114Z"}
{"event":"campaigns.webhook.received","level":"info","message":"Webhook received","requestId":"e6615338-4256-5273-a6e9-9517e2ce7bab","shop":"basic-optimaio-cart.myshopify.com","timestamp":"2026-01-30T06:04:09.840Z","topic":"SHOP_UPDATE"}
{"event":"campaigns.no_change","level":"info","message":"No campaign changes detected","requestId":"e6615338-4256-5273-a6e9-9517e2ce7bab","shop":"basic-optimaio-cart.myshopify.com","timestamp":"2026-01-30T06:04:10.340Z"}
{"event":"cart.settings.save.received","level":"info","message":"Save cart settings request received","requestId":"3613912d-4893-47a5-9db2-53e9b4b5dd73","timestamp":"2026-01-30T06:22:50.570Z"}
{"event":"cart.settings.theme_changed","level":"info","message":"Theme changed — resetting bannerStyle & colors","newTheme":"theme4","requestId":"3613912d-4893-47a5-9db2-53e9b4b5dd73","shop":"basic-optimaio-cart.myshopify.com","timestamp":"2026-01-30T06:22:51.814Z"}
{"event":"cart.settings.save.start","level":"info","message":"Saving merged cart settings","requestId":"3613912d-4893-47a5-9db2-53e9b4b5dd73","shop":"basic-optimaio-cart.myshopify.com","theme":"theme4","themeChanged":true,"timestamp":"2026-01-30T06:22:51.815Z"}
{"event":"cart.settings.save.success","level":"info","message":"Cart settings metafield saved","metafieldId":"gid://shopify/Metafield/37109577744632","requestId":"3613912d-4893-47a5-9db2-53e9b4b5dd73","shopId":"gid://shopify/Shop/79578988792","timestamp":"2026-01-30T06:22:52.256Z"}
{"event":"cart.settings.save.completed","level":"info","message":"Cart settings saved successfully","requestId":"3613912d-4893-47a5-9db2-53e9b4b5dd73","shop":"basic-optimaio-cart.myshopify.com","timestamp":"2026-01-30T06:22:52.256Z"}
{"event":"campaigns.webhook.received","level":"info","message":"Webhook received","requestId":"cd07597b-dc25-5d15-8de3-03312c97fe6a","shop":"basic-optimaio-cart.myshopify.com","timestamp":"2026-01-30T06:22:54.285Z","topic":"SHOP_UPDATE"}
{"event":"campaigns.no_change","level":"info","message":"No campaign changes detected","requestId":"cd07597b-dc25-5d15-8de3-03312c97fe6a","shop":"basic-optimaio-cart.myshopify.com","timestamp":"2026-01-30T06:22:54.796Z"}
{"event":"cart.settings.save.received","level":"info","message":"Save cart settings request received","requestId":"a23d7017-78c0-4216-82a1-28bed076d3bd","timestamp":"2026-01-30T06:25:10.717Z"}
{"event":"cart.settings.theme_changed","level":"info","message":"Theme changed — resetting bannerStyle & colors","newTheme":"theme2","requestId":"a23d7017-78c0-4216-82a1-28bed076d3bd","shop":"basic-optimaio-cart.myshopify.com","timestamp":"2026-01-30T06:25:11.797Z"}
{"event":"cart.settings.save.start","level":"info","message":"Saving merged cart settings","requestId":"a23d7017-78c0-4216-82a1-28bed076d3bd","shop":"basic-optimaio-cart.myshopify.com","theme":"theme2","themeChanged":true,"timestamp":"2026-01-30T06:25:11.798Z"}
{"event":"cart.settings.save.success","level":"info","message":"Cart settings metafield saved","metafieldId":"gid://shopify/Metafield/37109577744632","requestId":"a23d7017-78c0-4216-82a1-28bed076d3bd","shopId":"gid://shopify/Shop/79578988792","timestamp":"2026-01-30T06:25:12.322Z"}
{"event":"cart.settings.save.completed","level":"info","message":"Cart settings saved successfully","requestId":"a23d7017-78c0-4216-82a1-28bed076d3bd","shop":"basic-optimaio-cart.myshopify.com","timestamp":"2026-01-30T06:25:12.322Z"}
{"event":"campaigns.webhook.received","level":"info","message":"Webhook received","requestId":"1759bfaa-e5e1-5786-b7c6-688ca4ee6dac","shop":"basic-optimaio-cart.myshopify.com","timestamp":"2026-01-30T06:25:14.180Z","topic":"SHOP_UPDATE"}
{"event":"campaigns.no_change","level":"info","message":"No campaign changes detected","requestId":"1759bfaa-e5e1-5786-b7c6-688ca4ee6dac","shop":"basic-optimaio-cart.myshopify.com","timestamp":"2026-01-30T06:25:14.646Z"}
{"event":"cart.settings.save.received","level":"info","message":"Save cart settings request received","requestId":"4493a95a-ad45-4c3a-86ef-9a939692f22c","timestamp":"2026-01-30T06:25:21.192Z"}
{"event":"cart.settings.theme_changed","level":"info","message":"Theme changed — resetting bannerStyle & colors","newTheme":"theme6","requestId":"4493a95a-ad45-4c3a-86ef-9a939692f22c","shop":"basic-optimaio-cart.myshopify.com","timestamp":"2026-01-30T06:25:22.447Z"}
{"event":"cart.settings.save.start","level":"info","message":"Saving merged cart settings","requestId":"4493a95a-ad45-4c3a-86ef-9a939692f22c","shop":"basic-optimaio-cart.myshopify.com","theme":"theme6","themeChanged":true,"timestamp":"2026-01-30T06:25:22.449Z"}
{"event":"cart.settings.save.success","level":"info","message":"Cart settings metafield saved","metafieldId":"gid://shopify/Metafield/37109577744632","requestId":"4493a95a-ad45-4c3a-86ef-9a939692f22c","shopId":"gid://shopify/Shop/79578988792","timestamp":"2026-01-30T06:25:22.989Z"}
{"event":"cart.settings.save.completed","level":"info","message":"Cart settings saved successfully","requestId":"4493a95a-ad45-4c3a-86ef-9a939692f22c","shop":"basic-optimaio-cart.myshopify.com","timestamp":"2026-01-30T06:25:22.990Z"}
{"event":"campaigns.webhook.received","level":"info","message":"Webhook received","requestId":"37617832-86c2-5ddd-966f-c0ece89115ac","shop":"basic-optimaio-cart.myshopify.com","timestamp":"2026-01-30T06:25:24.774Z","topic":"SHOP_UPDATE"}
{"event":"campaigns.no_change","level":"info","message":"No campaign changes detected","requestId":"37617832-86c2-5ddd-966f-c0ece89115ac","shop":"basic-optimaio-cart.myshopify.com","timestamp":"2026-01-30T06:25:25.340Z"}
{"event":"billing.cron.triggered","level":"info","message":"Store expiry cron triggered","requestId":"0239a706-e920-43a3-93a7-dccb875b464a","timestamp":"2026-01-30T06:30:00.054Z"}
{"event":"billing.cron.scan.started","level":"info","maxPerRun":10,"message":"Store expiry scan started","requestId":"0239a706-e920-43a3-93a7-dccb875b464a","timestamp":"2026-01-30T06:30:00.055Z"}
{"event":"billing.orders.cron.triggered","level":"info","message":"Order-based billing cron triggered","requestId":"ca0de86a-582f-4617-835d-5c01199183e3","timestamp":"2026-01-30T06:30:00.059Z"}
{"event":"billing.orders.scan.started","level":"info","message":"Order-based billing scan started","requestId":"ca0de86a-582f-4617-835d-5c01199183e3","timestamp":"2026-01-30T06:30:00.060Z"}
{"event":"orders.flush.cron.triggered","level":"info","message":"Hourly order flush cron triggered","requestId":"8f5763e4-0052-4cda-83ec-8e74850f4296","timestamp":"2026-01-30T06:30:00.062Z"}
{"event":"orders.flush.scan.started","level":"info","message":"Order flush scan started","requestId":"8f5763e4-0052-4cda-83ec-8e74850f4296","timestamp":"2026-01-30T06:30:00.062Z"}
{"event":"billing.cron.no_expired_store","level":"info","message":"Next billing cycle has not expired yet","nextExpiry":"2026-02-05T06:31:22.283Z","nextShop":"bb-basic-optimaio-cart.myshopify.com","requestId":"0239a706-e920-43a3-93a7-dccb875b464a","timestamp":"2026-01-30T06:30:00.074Z"}
{"event":"billing.cron.scan.completed","level":"info","message":"Store expiry scan completed","processed":0,"requestId":"0239a706-e920-43a3-93a7-dccb875b464a","timestamp":"2026-01-30T06:30:00.074Z"}
{"event":"orders.flush.queue.empty","level":"info","message":"No order queues found","requestId":"8f5763e4-0052-4cda-83ec-8e74850f4296","timestamp":"2026-01-30T06:30:00.074Z"}
{"event":"billing.orders.zero","level":"info","message":"No orders for store, skipping upgrade","requestId":"ca0de86a-582f-4617-835d-5c01199183e3","storeId":"basic-optimaio-cart.myshopify.com","timestamp":"2026-01-30T06:30:00.215Z"}
{"event":"billing.orders.scan.completed","level":"info","message":"Order-based billing scan completed","requestId":"ca0de86a-582f-4617-835d-5c01199183e3","timestamp":"2026-01-30T06:30:00.239Z"}
{"event":"cart.settings.save.received","level":"info","message":"Save cart settings request received","requestId":"2c2cc3a7-ad9c-42ad-9558-ff621ffa44fb","timestamp":"2026-01-30T06:31:10.903Z"}
{"event":"cart.settings.save.received","level":"info","message":"Save cart settings request received","requestId":"23087873-9575-46fd-b005-435ee6f16719","timestamp":"2026-01-30T06:31:11.965Z"}
{"event":"cart.settings.theme_changed","level":"info","message":"Theme changed — resetting bannerStyle & colors","newTheme":"theme2","requestId":"2c2cc3a7-ad9c-42ad-9558-ff621ffa44fb","shop":"basic-optimaio-cart.myshopify.com","timestamp":"2026-01-30T06:31:12.294Z"}
{"event":"cart.settings.save.start","level":"info","message":"Saving merged cart settings","requestId":"2c2cc3a7-ad9c-42ad-9558-ff621ffa44fb","shop":"basic-optimaio-cart.myshopify.com","theme":"theme2","themeChanged":true,"timestamp":"2026-01-30T06:31:12.294Z"}
{"event":"cart.settings.save.success","level":"info","message":"Cart settings metafield saved","metafieldId":"gid://shopify/Metafield/37109577744632","requestId":"2c2cc3a7-ad9c-42ad-9558-ff621ffa44fb","shopId":"gid://shopify/Shop/79578988792","timestamp":"2026-01-30T06:31:12.735Z"}
{"event":"cart.settings.save.completed","level":"info","message":"Cart settings saved successfully","requestId":"2c2cc3a7-ad9c-42ad-9558-ff621ffa44fb","shop":"basic-optimaio-cart.myshopify.com","timestamp":"2026-01-30T06:31:12.736Z"}
{"event":"cart.settings.theme_changed","level":"info","message":"Theme changed — resetting bannerStyle & colors","newTheme":"theme2","requestId":"23087873-9575-46fd-b005-435ee6f16719","shop":"basic-optimaio-cart.myshopify.com","timestamp":"2026-01-30T06:31:12.986Z"}
{"event":"cart.settings.save.start","level":"info","message":"Saving merged cart settings","requestId":"23087873-9575-46fd-b005-435ee6f16719","shop":"basic-optimaio-cart.myshopify.com","theme":"theme2","themeChanged":true,"timestamp":"2026-01-30T06:31:12.986Z"}
{"event":"cart.settings.save.success","level":"info","message":"Cart settings metafield saved","metafieldId":"gid://shopify/Metafield/37109577744632","requestId":"23087873-9575-46fd-b005-435ee6f16719","shopId":"gid://shopify/Shop/79578988792","timestamp":"2026-01-30T06:31:13.453Z"}
{"event":"cart.settings.save.completed","level":"info","message":"Cart settings saved successfully","requestId":"23087873-9575-46fd-b005-435ee6f16719","shop":"basic-optimaio-cart.myshopify.com","timestamp":"2026-01-30T06:31:13.454Z"}
{"event":"campaigns.webhook.received","level":"info","message":"Webhook received","requestId":"b1433974-68d8-5889-b389-2015e861b870","shop":"basic-optimaio-cart.myshopify.com","timestamp":"2026-01-30T06:31:14.869Z","topic":"SHOP_UPDATE"}
{"event":"campaigns.no_change","level":"info","message":"No campaign changes detected","requestId":"b1433974-68d8-5889-b389-2015e861b870","shop":"basic-optimaio-cart.myshopify.com","timestamp":"2026-01-30T06:31:15.598Z"}
{"event":"cart.settings.save.received","level":"info","message":"Save cart settings request received","requestId":"2e579e49-34ce-4b73-ae33-2ca92072f54d","timestamp":"2026-01-30T06:42:39.630Z"}
{"event":"cart.settings.theme_changed","level":"info","message":"Theme changed — resetting bannerStyle & colors","newTheme":"theme3","requestId":"2e579e49-34ce-4b73-ae33-2ca92072f54d","shop":"basic-optimaio-cart.myshopify.com","timestamp":"2026-01-30T06:42:40.603Z"}
{"event":"cart.settings.save.start","level":"info","message":"Saving merged cart settings","requestId":"2e579e49-34ce-4b73-ae33-2ca92072f54d","shop":"basic-optimaio-cart.myshopify.com","theme":"theme3","themeChanged":true,"timestamp":"2026-01-30T06:42:40.604Z"}
{"event":"cart.settings.save.success","level":"info","message":"Cart settings metafield saved","metafieldId":"gid://shopify/Metafield/37109577744632","requestId":"2e579e49-34ce-4b73-ae33-2ca92072f54d","shopId":"gid://shopify/Shop/79578988792","timestamp":"2026-01-30T06:42:41.060Z"}
{"event":"cart.settings.save.completed","level":"info","message":"Cart settings saved successfully","requestId":"2e579e49-34ce-4b73-ae33-2ca92072f54d","shop":"basic-optimaio-cart.myshopify.com","timestamp":"2026-01-30T06:42:41.060Z"}
{"event":"campaigns.webhook.received","level":"info","message":"Webhook received","requestId":"f5ea8f76-310b-5a4b-bc69-d5e45302cedf","shop":"basic-optimaio-cart.myshopify.com","timestamp":"2026-01-30T06:42:43.015Z","topic":"SHOP_UPDATE"}
{"event":"campaigns.no_change","level":"info","message":"No campaign changes detected","requestId":"f5ea8f76-310b-5a4b-bc69-d5e45302cedf","shop":"basic-optimaio-cart.myshopify.com","timestamp":"2026-01-30T06:42:43.557Z"}
{"event":"cart.settings.save.received","level":"info","message":"Save cart settings request received","requestId":"04b4f717-a7e8-457d-a754-ac6cbe41ec78","timestamp":"2026-01-30T06:44:14.250Z"}
{"event":"cart.settings.theme_changed","level":"info","message":"Theme changed — resetting bannerStyle & colors","newTheme":"theme4","requestId":"04b4f717-a7e8-457d-a754-ac6cbe41ec78","shop":"basic-optimaio-cart.myshopify.com","timestamp":"2026-01-30T06:44:15.350Z"}
{"event":"cart.settings.save.start","level":"info","message":"Saving merged cart settings","requestId":"04b4f717-a7e8-457d-a754-ac6cbe41ec78","shop":"basic-optimaio-cart.myshopify.com","theme":"theme4","themeChanged":true,"timestamp":"2026-01-30T06:44:15.351Z"}
{"event":"cart.settings.save.success","level":"info","message":"Cart settings metafield saved","metafieldId":"gid://shopify/Metafield/37109577744632","requestId":"04b4f717-a7e8-457d-a754-ac6cbe41ec78","shopId":"gid://shopify/Shop/79578988792","timestamp":"2026-01-30T06:44:15.782Z"}
{"event":"cart.settings.save.completed","level":"info","message":"Cart settings saved successfully","requestId":"04b4f717-a7e8-457d-a754-ac6cbe41ec78","shop":"basic-optimaio-cart.myshopify.com","timestamp":"2026-01-30T06:44:15.783Z"}
{"event":"campaigns.webhook.received","level":"info","message":"Webhook received","requestId":"52e44310-b263-5c73-9b04-5e10f2910a06","shop":"basic-optimaio-cart.myshopify.com","timestamp":"2026-01-30T06:44:17.511Z","topic":"SHOP_UPDATE"}
{"event":"campaigns.no_change","level":"info","message":"No campaign changes detected","requestId":"52e44310-b263-5c73-9b04-5e10f2910a06","shop":"basic-optimaio-cart.myshopify.com","timestamp":"2026-01-30T06:44:17.963Z"}
{"event":"orders.flush.cron.triggered","level":"info","message":"Hourly order flush cron triggered","requestId":"c75041d8-babc-4879-ba5a-b10c68e30ac8","timestamp":"2026-01-30T07:00:00.054Z"}
{"event":"orders.flush.scan.started","level":"info","message":"Order flush scan started","requestId":"c75041d8-babc-4879-ba5a-b10c68e30ac8","timestamp":"2026-01-30T07:00:00.056Z"}
{"event":"orders.flush.queue.empty","level":"info","message":"No order queues found","requestId":"c75041d8-babc-4879-ba5a-b10c68e30ac8","timestamp":"2026-01-30T07:00:00.068Z"}
{"event":"billing.orders.cron.triggered","level":"info","message":"Order-based billing cron triggered","requestId":"34b1baef-7dc9-474e-a076-a96034a23e4b","timestamp":"2026-01-30T07:30:00.149Z"}
{"event":"redis.client.init","host":"redis-16663.crce179.ap-south-1-1.ec2.cloud.redislabs.com","level":"info","message":"Initializing Redis client","port":16663,"requestId":"34b1baef-7dc9-474e-a076-a96034a23e4b","timestamp":"2026-01-30T07:30:00.168Z"}
{"event":"redis.connect.start","level":"info","message":"Connecting to Redis","requestId":"34b1baef-7dc9-474e-a076-a96034a23e4b","timestamp":"2026-01-30T07:30:00.173Z"}
{"event":"billing.cron.triggered","level":"info","message":"Store expiry cron triggered","requestId":"964c9c0d-5ca5-4035-8f48-2623a07fc7f9","timestamp":"2026-01-30T07:30:00.186Z"}
{"event":"billing.cron.scan.started","level":"info","maxPerRun":10,"message":"Store expiry scan started","requestId":"964c9c0d-5ca5-4035-8f48-2623a07fc7f9","timestamp":"2026-01-30T07:30:00.189Z"}
{"event":"orders.flush.cron.triggered","level":"info","message":"Hourly order flush cron triggered","requestId":"aa966d79-7922-4376-8904-95c2e67a3feb","timestamp":"2026-01-30T07:30:00.199Z"}
{"event":"orders.flush.scan.started","level":"info","message":"Order flush scan started","requestId":"aa966d79-7922-4376-8904-95c2e67a3feb","timestamp":"2026-01-30T07:30:00.200Z"}
{"event":"redis.socket.connected","level":"info","message":"Redis socket connected","requestId":"34b1baef-7dc9-474e-a076-a96034a23e4b","timestamp":"2026-01-30T07:30:00.685Z"}
{"event":"redis.socket.connected","level":"info","message":"Redis socket connected","requestId":"34b1baef-7dc9-474e-a076-a96034a23e4b","timestamp":"2026-01-30T07:30:00.687Z"}
{"event":"redis.client.ready","level":"info","message":"Redis client ready","requestId":"34b1baef-7dc9-474e-a076-a96034a23e4b","timestamp":"2026-01-30T07:30:00.719Z"}
{"event":"redis.client.ready","level":"info","message":"Redis client ready","requestId":"34b1baef-7dc9-474e-a076-a96034a23e4b","timestamp":"2026-01-30T07:30:00.721Z"}
{"event":"redis.connect.success","level":"info","message":"Redis connection established","requestId":"34b1baef-7dc9-474e-a076-a96034a23e4b","timestamp":"2026-01-30T07:30:00.722Z"}
{"event":"billing.orders.scan.started","level":"info","message":"Order-based billing scan started","requestId":"34b1baef-7dc9-474e-a076-a96034a23e4b","timestamp":"2026-01-30T07:30:00.723Z"}
{"event":"billing.cron.no_expired_store","level":"info","message":"Next billing cycle has not expired yet","nextExpiry":"2026-02-05T06:31:22.283Z","nextShop":"bb-basic-optimaio-cart.myshopify.com","requestId":"964c9c0d-5ca5-4035-8f48-2623a07fc7f9","timestamp":"2026-01-30T07:30:00.742Z"}
{"event":"billing.cron.scan.completed","level":"info","message":"Store expiry scan completed","processed":0,"requestId":"964c9c0d-5ca5-4035-8f48-2623a07fc7f9","timestamp":"2026-01-30T07:30:00.745Z"}
{"event":"orders.flush.queue.empty","level":"info","message":"No order queues found","requestId":"aa966d79-7922-4376-8904-95c2e67a3feb","timestamp":"2026-01-30T07:30:00.747Z"}
{"event":"billing.orders.zero","level":"info","message":"No orders for store, skipping upgrade","requestId":"34b1baef-7dc9-474e-a076-a96034a23e4b","storeId":"basic-optimaio-cart.myshopify.com","timestamp":"2026-01-30T07:30:01.456Z"}
{"event":"billing.orders.scan.completed","level":"info","message":"Order-based billing scan completed","requestId":"34b1baef-7dc9-474e-a076-a96034a23e4b","timestamp":"2026-01-30T07:30:01.486Z"}
{"event":"billing.cron.triggered","level":"info","message":"Store expiry cron triggered","requestId":"54ccc8dd-303c-4947-a6f2-68d7f3c239d0","timestamp":"2026-01-30T09:30:00.099Z"}
{"event":"redis.client.init","host":"redis-16663.crce179.ap-south-1-1.ec2.cloud.redislabs.com","level":"info","message":"Initializing Redis client","port":16663,"requestId":"54ccc8dd-303c-4947-a6f2-68d7f3c239d0","timestamp":"2026-01-30T09:30:00.109Z"}
{"event":"redis.connect.start","level":"info","message":"Connecting to Redis","requestId":"54ccc8dd-303c-4947-a6f2-68d7f3c239d0","timestamp":"2026-01-30T09:30:00.112Z"}
{"event":"billing.orders.cron.triggered","level":"info","message":"Order-based billing cron triggered","requestId":"f9c3e5f8-3686-4af1-ad59-8f07b1694be7","timestamp":"2026-01-30T09:30:00.118Z"}
{"event":"billing.orders.scan.started","level":"info","message":"Order-based billing scan started","requestId":"f9c3e5f8-3686-4af1-ad59-8f07b1694be7","timestamp":"2026-01-30T09:30:00.120Z"}
{"event":"orders.flush.cron.triggered","level":"info","message":"Hourly order flush cron triggered","requestId":"122decf8-6e1e-4814-accb-bd22e45e8ef8","timestamp":"2026-01-30T09:30:00.124Z"}
{"event":"orders.flush.scan.started","level":"info","message":"Order flush scan started","requestId":"122decf8-6e1e-4814-accb-bd22e45e8ef8","timestamp":"2026-01-30T09:30:00.125Z"}
{"event":"redis.socket.connected","level":"info","message":"Redis socket connected","requestId":"54ccc8dd-303c-4947-a6f2-68d7f3c239d0","timestamp":"2026-01-30T09:30:00.158Z"}
{"event":"redis.socket.connected","level":"info","message":"Redis socket connected","requestId":"54ccc8dd-303c-4947-a6f2-68d7f3c239d0","timestamp":"2026-01-30T09:30:00.159Z"}
{"event":"redis.client.ready","level":"info","message":"Redis client ready","requestId":"54ccc8dd-303c-4947-a6f2-68d7f3c239d0","timestamp":"2026-01-30T09:30:00.174Z"}
{"event":"redis.client.ready","level":"info","message":"Redis client ready","requestId":"54ccc8dd-303c-4947-a6f2-68d7f3c239d0","timestamp":"2026-01-30T09:30:00.175Z"}
{"event":"redis.connect.success","level":"info","message":"Redis connection established","requestId":"54ccc8dd-303c-4947-a6f2-68d7f3c239d0","timestamp":"2026-01-30T09:30:00.175Z"}
{"event":"billing.cron.scan.started","level":"info","maxPerRun":10,"message":"Store expiry scan started","requestId":"54ccc8dd-303c-4947-a6f2-68d7f3c239d0","timestamp":"2026-01-30T09:30:00.175Z"}
{"event":"orders.flush.queue.empty","level":"info","message":"No order queues found","requestId":"122decf8-6e1e-4814-accb-bd22e45e8ef8","timestamp":"2026-01-30T09:30:00.177Z"}
{"event":"billing.cron.no_expired_store","level":"info","message":"Next billing cycle has not expired yet","nextExpiry":"2026-02-05T06:31:22.283Z","nextShop":"bb-basic-optimaio-cart.myshopify.com","requestId":"54ccc8dd-303c-4947-a6f2-68d7f3c239d0","timestamp":"2026-01-30T09:30:00.195Z"}
{"event":"billing.cron.scan.completed","level":"info","message":"Store expiry scan completed","processed":0,"requestId":"54ccc8dd-303c-4947-a6f2-68d7f3c239d0","timestamp":"2026-01-30T09:30:00.196Z"}
{"event":"billing.orders.zero","level":"info","message":"No orders for store, skipping upgrade","requestId":"f9c3e5f8-3686-4af1-ad59-8f07b1694be7","storeId":"basic-optimaio-cart.myshopify.com","timestamp":"2026-01-30T09:30:00.810Z"}
{"event":"billing.orders.scan.completed","level":"info","message":"Order-based billing scan completed","requestId":"f9c3e5f8-3686-4af1-ad59-8f07b1694be7","timestamp":"2026-01-30T09:30:00.833Z"}
{"event":"cart.settings.save.received","level":"info","message":"Save cart settings request received","requestId":"bd83ba92-6791-42b5-80bf-0da939e832b6","timestamp":"2026-01-30T09:37:59.477Z"}
{"event":"cart.settings.theme_changed","level":"info","message":"Theme changed — resetting bannerStyle & colors","newTheme":"theme1","requestId":"bd83ba92-6791-42b5-80bf-0da939e832b6","shop":"basic-optimaio-cart.myshopify.com","timestamp":"2026-01-30T09:38:00.516Z"}
{"event":"cart.settings.save.start","level":"info","message":"Saving merged cart settings","requestId":"bd83ba92-6791-42b5-80bf-0da939e832b6","shop":"basic-optimaio-cart.myshopify.com","theme":"theme1","themeChanged":true,"timestamp":"2026-01-30T09:38:00.517Z"}
{"event":"cart.settings.save.success","level":"info","message":"Cart settings metafield saved","metafieldId":"gid://shopify/Metafield/37109577744632","requestId":"bd83ba92-6791-42b5-80bf-0da939e832b6","shopId":"gid://shopify/Shop/79578988792","timestamp":"2026-01-30T09:38:01.030Z"}
{"event":"cart.settings.save.completed","level":"info","message":"Cart settings saved successfully","requestId":"bd83ba92-6791-42b5-80bf-0da939e832b6","shop":"basic-optimaio-cart.myshopify.com","timestamp":"2026-01-30T09:38:01.031Z"}
{"event":"campaigns.webhook.received","level":"info","message":"Webhook received","requestId":"8ad8a82f-d642-5f66-b198-3b2c5c26ddef","shop":"basic-optimaio-cart.myshopify.com","timestamp":"2026-01-30T09:38:03.686Z","topic":"SHOP_UPDATE"}
{"event":"campaigns.no_change","level":"info","message":"No campaign changes detected","requestId":"8ad8a82f-d642-5f66-b198-3b2c5c26ddef","shop":"basic-optimaio-cart.myshopify.com","timestamp":"2026-01-30T09:38:04.218Z"}
{"event":"timer.fetch.received","level":"info","message":"Fetch cart timer request received","requestId":"7e1ef8a7-4e7d-4e17-b210-5edacf4fa652","timestamp":"2026-01-30T09:49:40.718Z"}
{"event":"timer.fetch.start","level":"info","message":"Fetching cart timer metafield","requestId":"7e1ef8a7-4e7d-4e17-b210-5edacf4fa652","shop":"basic-optimaio-cart.myshopify.com","timestamp":"2026-01-30T09:49:40.787Z"}
{"event":"timer.fetch.success","level":"info","message":"Cart timer fetched successfully","requestId":"7e1ef8a7-4e7d-4e17-b210-5edacf4fa652","shop":"basic-optimaio-cart.myshopify.com","timestamp":"2026-01-30T09:49:41.853Z"}
{"event":"timer.fetch.received","level":"info","message":"Fetch cart timer request received","requestId":"04bf3027-485d-4088-8d38-0bb095cb308b","timestamp":"2026-01-30T09:49:42.028Z"}
{"event":"timer.fetch.start","level":"info","message":"Fetching cart timer metafield","requestId":"04bf3027-485d-4088-8d38-0bb095cb308b","shop":"basic-optimaio-cart.myshopify.com","timestamp":"2026-01-30T09:49:42.088Z"}
{"event":"timer.fetch.success","level":"info","message":"Cart timer fetched successfully","requestId":"04bf3027-485d-4088-8d38-0bb095cb308b","shop":"basic-optimaio-cart.myshopify.com","timestamp":"2026-01-30T09:49:42.980Z"}
{"event":"timer.fetch.received","level":"info","message":"Fetch cart timer request received","requestId":"599f0685-5063-4bb8-8834-b7ab229402ba","timestamp":"2026-01-30T09:49:43.388Z"}
{"event":"timer.fetch.start","level":"info","message":"Fetching cart timer metafield","requestId":"599f0685-5063-4bb8-8834-b7ab229402ba","shop":"basic-optimaio-cart.myshopify.com","timestamp":"2026-01-30T09:49:43.449Z"}
{"event":"timer.fetch.success","level":"info","message":"Cart timer fetched successfully","requestId":"599f0685-5063-4bb8-8834-b7ab229402ba","shop":"basic-optimaio-cart.myshopify.com","timestamp":"2026-01-30T09:49:44.328Z"}
{"event":"timer.fetch.received","level":"info","message":"Fetch cart timer request received","requestId":"dde0add0-e0f4-4db4-a5fe-0ee580e2ee2e","timestamp":"2026-01-30T09:49:44.810Z"}
{"event":"timer.fetch.start","level":"info","message":"Fetching cart timer metafield","requestId":"dde0add0-e0f4-4db4-a5fe-0ee580e2ee2e","shop":"basic-optimaio-cart.myshopify.com","timestamp":"2026-01-30T09:49:44.893Z"}
{"event":"timer.fetch.success","level":"info","message":"Cart timer fetched successfully","requestId":"dde0add0-e0f4-4db4-a5fe-0ee580e2ee2e","shop":"basic-optimaio-cart.myshopify.com","timestamp":"2026-01-30T09:49:45.704Z"}
{"event":"timer.fetch.received","level":"info","message":"Fetch cart timer request received","requestId":"3dd2dc75-e8a5-4904-a44b-7b3594533c81","timestamp":"2026-01-30T09:49:45.816Z"}
{"event":"timer.fetch.start","level":"info","message":"Fetching cart timer metafield","requestId":"3dd2dc75-e8a5-4904-a44b-7b3594533c81","shop":"basic-optimaio-cart.myshopify.com","timestamp":"2026-01-30T09:49:45.877Z"}
{"event":"timer.fetch.success","level":"info","message":"Cart timer fetched successfully","requestId":"3dd2dc75-e8a5-4904-a44b-7b3594533c81","shop":"basic-optimaio-cart.myshopify.com","timestamp":"2026-01-30T09:49:46.720Z"}
{"event":"timer.fetch.received","level":"info","message":"Fetch cart timer request received","requestId":"b7b77c95-0d2e-4ba5-8cd9-ca8ba2e6e1c2","timestamp":"2026-01-30T09:49:47.365Z"}
{"event":"timer.fetch.start","level":"info","message":"Fetching cart timer metafield","requestId":"b7b77c95-0d2e-4ba5-8cd9-ca8ba2e6e1c2","shop":"basic-optimaio-cart.myshopify.com","timestamp":"2026-01-30T09:49:47.425Z"}
{"event":"timer.fetch.success","level":"info","message":"Cart timer fetched successfully","requestId":"b7b77c95-0d2e-4ba5-8cd9-ca8ba2e6e1c2","shop":"basic-optimaio-cart.myshopify.com","timestamp":"2026-01-30T09:49:48.271Z"}
{"event":"timer.fetch.received","level":"info","message":"Fetch cart timer request received","requestId":"7d7d96ad-cded-4d1c-8792-d0ff5a79cb8a","timestamp":"2026-01-30T09:49:48.428Z"}
{"event":"timer.fetch.start","level":"info","message":"Fetching cart timer metafield","requestId":"7d7d96ad-cded-4d1c-8792-d0ff5a79cb8a","shop":"basic-optimaio-cart.myshopify.com","timestamp":"2026-01-30T09:49:48.526Z"}
{"event":"timer.fetch.success","level":"info","message":"Cart timer fetched successfully","requestId":"7d7d96ad-cded-4d1c-8792-d0ff5a79cb8a","shop":"basic-optimaio-cart.myshopify.com","timestamp":"2026-01-30T09:49:49.401Z"}
{"event":"timer.fetch.received","level":"info","message":"Fetch cart timer request received","requestId":"e940e331-3bde-4ab4-a88f-6c18add0bcd3","timestamp":"2026-01-30T09:49:49.619Z"}
{"event":"timer.fetch.start","level":"info","message":"Fetching cart timer metafield","requestId":"e940e331-3bde-4ab4-a88f-6c18add0bcd3","shop":"basic-optimaio-cart.myshopify.com","timestamp":"2026-01-30T09:49:49.680Z"}
{"event":"timer.fetch.success","level":"info","message":"Cart timer fetched successfully","requestId":"e940e331-3bde-4ab4-a88f-6c18add0bcd3","shop":"basic-optimaio-cart.myshopify.com","timestamp":"2026-01-30T09:49:50.560Z"}
{"event":"timer.fetch.received","level":"info","message":"Fetch cart timer request received","requestId":"b5882640-e14b-4055-b14c-e4ba2673fd6b","timestamp":"2026-01-30T09:49:50.653Z"}
{"event":"timer.fetch.start","level":"info","message":"Fetching cart timer metafield","requestId":"b5882640-e14b-4055-b14c-e4ba2673fd6b","shop":"basic-optimaio-cart.myshopify.com","timestamp":"2026-01-30T09:49:50.715Z"}
{"event":"timer.fetch.success","level":"info","message":"Cart timer fetched successfully","requestId":"b5882640-e14b-4055-b14c-e4ba2673fd6b","shop":"basic-optimaio-cart.myshopify.com","timestamp":"2026-01-30T09:49:51.550Z"}
{"event":"campaign.metafield.fetch.received","level":"info","message":"Fetch campaign metafield request received","requestId":"ac310725-9243-4fb8-8b68-b576d39840cd","timestamp":"2026-01-30T09:52:13.728Z"}
{"event":"shop.currency.fetch.received","level":"info","message":"Fetch shop currency request received","requestId":"5b1c7464-86c3-4b53-90bc-5d4970a15915","timestamp":"2026-01-30T09:52:13.740Z"}
{"event":"campaign.metafield.fetch.start","key":"campaigns","level":"info","message":"Fetching campaign metafield","namespace":"optimaio_cart","requestId":"ac310725-9243-4fb8-8b68-b576d39840cd","shop":"basic-optimaio-cart.myshopify.com","timestamp":"2026-01-30T09:52:13.803Z"}
{"event":"shop.currency.fetch.start","level":"info","message":"Fetching shop currency from Shopify","requestId":"5b1c7464-86c3-4b53-90bc-5d4970a15915","shop":"basic-optimaio-cart.myshopify.com","timestamp":"2026-01-30T09:52:13.862Z"}
{"event":"campaign.metafield.fetch.success","key":"campaigns","level":"info","message":"Campaign metafield fetched successfully","namespace":"optimaio_cart","requestId":"ac310725-9243-4fb8-8b68-b576d39840cd","shop":"basic-optimaio-cart.myshopify.com","timestamp":"2026-01-30T09:52:14.306Z"}
{"currencyCode":"USD","event":"shop.currency.fetch.success","level":"info","message":"Shop currency fetched successfully","requestId":"5b1c7464-86c3-4b53-90bc-5d4970a15915","shop":"basic-optimaio-cart.myshopify.com","timestamp":"2026-01-30T09:52:14.451Z"}
{"event":"campaign.metafield.fetch.received","level":"info","message":"Fetch campaign metafield request received","requestId":"b2a95a85-c1e1-409a-ae3a-bd154a528987","timestamp":"2026-01-30T09:52:14.673Z"}
{"event":"campaign.metafield.fetch.start","key":"campaigns","level":"info","message":"Fetching campaign metafield","namespace":"optimaio_cart","requestId":"b2a95a85-c1e1-409a-ae3a-bd154a528987","shop":"basic-optimaio-cart.myshopify.com","timestamp":"2026-01-30T09:52:14.753Z"}
{"event":"shop.currency.fetch.received","level":"info","message":"Fetch shop currency request received","requestId":"64484cc4-139f-4802-86bc-49f877a90b5d","timestamp":"2026-01-30T09:52:14.848Z"}
{"event":"shop.currency.fetch.start","level":"info","message":"Fetching shop currency from Shopify","requestId":"64484cc4-139f-4802-86bc-49f877a90b5d","shop":"basic-optimaio-cart.myshopify.com","timestamp":"2026-01-30T09:52:14.947Z"}
{"event":"campaign.metafield.fetch.success","key":"campaigns","level":"info","message":"Campaign metafield fetched successfully","namespace":"optimaio_cart","requestId":"b2a95a85-c1e1-409a-ae3a-bd154a528987","shop":"basic-optimaio-cart.myshopify.com","timestamp":"2026-01-30T09:52:15.184Z"}
{"currencyCode":"USD","event":"shop.currency.fetch.success","level":"info","message":"Shop currency fetched successfully","requestId":"64484cc4-139f-4802-86bc-49f877a90b5d","shop":"basic-optimaio-cart.myshopify.com","timestamp":"2026-01-30T09:52:15.378Z"}
{"event":"campaign.metafield.fetch.received","level":"info","message":"Fetch campaign metafield request received","requestId":"91dddd91-6dd5-40fb-ada8-f35f40035e11","timestamp":"2026-01-30T09:52:15.432Z"}
{"event":"shop.currency.fetch.received","level":"info","message":"Fetch shop currency request received","requestId":"fe0134cd-b921-4372-8758-61f7373dabe0","timestamp":"2026-01-30T09:52:15.437Z"}
{"event":"campaign.metafield.fetch.start","key":"campaigns","level":"info","message":"Fetching campaign metafield","namespace":"optimaio_cart","requestId":"91dddd91-6dd5-40fb-ada8-f35f40035e11","shop":"basic-optimaio-cart.myshopify.com","timestamp":"2026-01-30T09:52:15.496Z"}
{"event":"shop.currency.fetch.start","level":"info","message":"Fetching shop currency from Shopify","requestId":"fe0134cd-b921-4372-8758-61f7373dabe0","shop":"basic-optimaio-cart.myshopify.com","timestamp":"2026-01-30T09:52:15.507Z"}
{"event":"campaign.metafield.fetch.success","key":"campaigns","level":"info","message":"Campaign metafield fetched successfully","namespace":"optimaio_cart","requestId":"91dddd91-6dd5-40fb-ada8-f35f40035e11","shop":"basic-optimaio-cart.myshopify.com","timestamp":"2026-01-30T09:52:15.935Z"}
{"currencyCode":"USD","event":"shop.currency.fetch.success","level":"info","message":"Shop currency fetched successfully","requestId":"fe0134cd-b921-4372-8758-61f7373dabe0","shop":"basic-optimaio-cart.myshopify.com","timestamp":"2026-01-30T09:52:15.946Z"}
{"event":"shop.currency.fetch.received","level":"info","message":"Fetch shop currency request received","requestId":"341e3331-bfe4-4c06-9a8c-551be48ea06b","timestamp":"2026-01-30T09:52:16.049Z"}
{"event":"campaign.metafield.fetch.received","level":"info","message":"Fetch campaign metafield request received","requestId":"e9ec3fb5-b943-4d8f-bd3c-b0d727c15fbf","timestamp":"2026-01-30T09:52:16.084Z"}
{"event":"shop.currency.fetch.start","level":"info","message":"Fetching shop currency from Shopify","requestId":"341e3331-bfe4-4c06-9a8c-551be48ea06b","shop":"basic-optimaio-cart.myshopify.com","timestamp":"2026-01-30T09:52:16.123Z"}
{"event":"campaign.metafield.fetch.start","key":"campaigns","level":"info","message":"Fetching campaign metafield","namespace":"optimaio_cart","requestId":"e9ec3fb5-b943-4d8f-bd3c-b0d727c15fbf","shop":"basic-optimaio-cart.myshopify.com","timestamp":"2026-01-30T09:52:16.155Z"}
{"currencyCode":"USD","event":"shop.currency.fetch.success","level":"info","message":"Shop currency fetched successfully","requestId":"341e3331-bfe4-4c06-9a8c-551be48ea06b","shop":"basic-optimaio-cart.myshopify.com","timestamp":"2026-01-30T09:52:16.537Z"}
{"event":"campaign.metafield.fetch.success","key":"campaigns","level":"info","message":"Campaign metafield fetched successfully","namespace":"optimaio_cart","requestId":"e9ec3fb5-b943-4d8f-bd3c-b0d727c15fbf","shop":"basic-optimaio-cart.myshopify.com","timestamp":"2026-01-30T09:52:16.586Z"}
{"event":"shop.currency.fetch.received","level":"info","message":"Fetch shop currency request received","requestId":"bff9a4f1-aa6d-4f32-8553-edea64cd1db6","timestamp":"2026-01-30T09:52:18.141Z"}
{"event":"campaign.metafield.fetch.received","level":"info","message":"Fetch campaign metafield request received","requestId":"77f05fbb-62de-4807-bc6c-de57ac27121c","timestamp":"2026-01-30T09:52:18.148Z"}
{"event":"campaign.metafield.fetch.start","key":"campaigns","level":"info","message":"Fetching campaign metafield","namespace":"optimaio_cart","requestId":"77f05fbb-62de-4807-bc6c-de57ac27121c","shop":"basic-optimaio-cart.myshopify.com","timestamp":"2026-01-30T09:52:18.208Z"}
{"event":"shop.currency.fetch.start","level":"info","message":"Fetching shop currency from Shopify","requestId":"bff9a4f1-aa6d-4f32-8553-edea64cd1db6","shop":"basic-optimaio-cart.myshopify.com","timestamp":"2026-01-30T09:52:18.213Z"}
{"currencyCode":"USD","event":"shop.currency.fetch.success","level":"info","message":"Shop currency fetched successfully","requestId":"bff9a4f1-aa6d-4f32-8553-edea64cd1db6","shop":"basic-optimaio-cart.myshopify.com","timestamp":"2026-01-30T09:52:18.616Z"}
{"event":"shop.currency.fetch.received","level":"info","message":"Fetch shop currency request received","requestId":"1b596889-18c7-47e9-a321-beb20d9c5700","timestamp":"2026-01-30T09:52:18.745Z"}
{"event":"shop.currency.fetch.start","level":"info","message":"Fetching shop currency from Shopify","requestId":"1b596889-18c7-47e9-a321-beb20d9c5700","shop":"basic-optimaio-cart.myshopify.com","timestamp":"2026-01-30T09:52:18.825Z"}
{"currencyCode":"USD","event":"shop.currency.fetch.success","level":"info","message":"Shop currency fetched successfully","requestId":"1b596889-18c7-47e9-a321-beb20d9c5700","shop":"basic-optimaio-cart.myshopify.com","timestamp":"2026-01-30T09:52:19.247Z"}
{"event":"campaign.metafield.fetch.success","key":"campaigns","level":"info","message":"Campaign metafield fetched successfully","namespace":"optimaio_cart","requestId":"77f05fbb-62de-4807-bc6c-de57ac27121c","shop":"basic-optimaio-cart.myshopify.com","timestamp":"2026-01-30T09:52:19.381Z"}
{"event":"campaign.metafield.fetch.received","level":"info","message":"Fetch campaign metafield request received","requestId":"f9d1a4b0-3845-490e-957b-d84a6476d6ee","timestamp":"2026-01-30T09:52:19.480Z"}
{"event":"campaign.metafield.fetch.start","key":"campaigns","level":"info","message":"Fetching campaign metafield","namespace":"optimaio_cart","requestId":"f9d1a4b0-3845-490e-957b-d84a6476d6ee","shop":"basic-optimaio-cart.myshopify.com","timestamp":"2026-01-30T09:52:19.551Z"}
{"event":"campaign.metafield.fetch.success","key":"campaigns","level":"info","message":"Campaign metafield fetched successfully","namespace":"optimaio_cart","requestId":"f9d1a4b0-3845-490e-957b-d84a6476d6ee","shop":"basic-optimaio-cart.myshopify.com","timestamp":"2026-01-30T09:52:19.931Z"}
{"event":"campaign.metafield.fetch.received","level":"info","message":"Fetch campaign metafield request received","requestId":"a0ea2f4b-8482-4314-9858-91f09a170bf0","timestamp":"2026-01-30T09:52:20.204Z"}
{"event":"shop.currency.fetch.received","level":"info","message":"Fetch shop currency request received","requestId":"cc6fb641-dc28-4855-a764-cfe54cc3c3d1","timestamp":"2026-01-30T09:52:20.212Z"}
{"event":"campaign.metafield.fetch.start","key":"campaigns","level":"info","message":"Fetching campaign metafield","namespace":"optimaio_cart","requestId":"a0ea2f4b-8482-4314-9858-91f09a170bf0","shop":"basic-optimaio-cart.myshopify.com","timestamp":"2026-01-30T09:52:20.267Z"}
{"event":"shop.currency.fetch.start","level":"info","message":"Fetching shop currency from Shopify","requestId":"cc6fb641-dc28-4855-a764-cfe54cc3c3d1","shop":"basic-optimaio-cart.myshopify.com","timestamp":"2026-01-30T09:52:20.281Z"}
{"event":"campaign.metafield.fetch.success","key":"campaigns","level":"info","message":"Campaign metafield fetched successfully","namespace":"optimaio_cart","requestId":"a0ea2f4b-8482-4314-9858-91f09a170bf0","shop":"basic-optimaio-cart.myshopify.com","timestamp":"2026-01-30T09:52:20.661Z"}
{"currencyCode":"USD","event":"shop.currency.fetch.success","level":"info","message":"Shop currency fetched successfully","requestId":"cc6fb641-dc28-4855-a764-cfe54cc3c3d1","shop":"basic-optimaio-cart.myshopify.com","timestamp":"2026-01-30T09:52:20.691Z"}
{"event":"campaign.metafield.fetch.received","level":"info","message":"Fetch campaign metafield request received","requestId":"086bde88-ef35-411f-8611-4399fbe61ad8","timestamp":"2026-01-30T09:52:20.778Z"}
{"event":"shop.currency.fetch.received","level":"info","message":"Fetch shop currency request received","requestId":"65036d99-4538-4731-9639-e96a63fe6f72","timestamp":"2026-01-30T09:52:20.784Z"}
{"event":"shop.currency.fetch.start","level":"info","message":"Fetching shop currency from Shopify","requestId":"65036d99-4538-4731-9639-e96a63fe6f72","shop":"basic-optimaio-cart.myshopify.com","timestamp":"2026-01-30T09:52:20.845Z"}
{"event":"campaign.metafield.fetch.start","key":"campaigns","level":"info","message":"Fetching campaign metafield","namespace":"optimaio_cart","requestId":"086bde88-ef35-411f-8611-4399fbe61ad8","shop":"basic-optimaio-cart.myshopify.com","timestamp":"2026-01-30T09:52:20.856Z"}
{"currencyCode":"USD","event":"shop.currency.fetch.success","level":"info","message":"Shop currency fetched successfully","requestId":"65036d99-4538-4731-9639-e96a63fe6f72","shop":"basic-optimaio-cart.myshopify.com","timestamp":"2026-01-30T09:52:21.265Z"}
{"event":"campaign.metafield.fetch.success","key":"campaigns","level":"info","message":"Campaign metafield fetched successfully","namespace":"optimaio_cart","requestId":"086bde88-ef35-411f-8611-4399fbe61ad8","shop":"basic-optimaio-cart.myshopify.com","timestamp":"2026-01-30T09:52:21.281Z"}
{"event":"shop.currency.fetch.received","level":"info","message":"Fetch shop currency request received","requestId":"b56d7b60-effd-4187-ba0d-e270bcf09004","timestamp":"2026-01-30T09:52:32.186Z"}
{"event":"campaign.metafield.fetch.received","level":"info","message":"Fetch campaign metafield request received","requestId":"d108a180-af4b-469f-a974-678d32057a5f","timestamp":"2026-01-30T09:52:32.191Z"}
{"event":"campaign.metafield.fetch.start","key":"campaigns","level":"info","message":"Fetching campaign metafield","namespace":"optimaio_cart","requestId":"d108a180-af4b-469f-a974-678d32057a5f","shop":"basic-optimaio-cart.myshopify.com","timestamp":"2026-01-30T09:52:32.251Z"}
{"event":"shop.currency.fetch.start","level":"info","message":"Fetching shop currency from Shopify","requestId":"b56d7b60-effd-4187-ba0d-e270bcf09004","shop":"basic-optimaio-cart.myshopify.com","timestamp":"2026-01-30T09:52:32.255Z"}
{"event":"campaign.metafield.fetch.success","key":"campaigns","level":"info","message":"Campaign metafield fetched successfully","namespace":"optimaio_cart","requestId":"d108a180-af4b-469f-a974-678d32057a5f","shop":"basic-optimaio-cart.myshopify.com","timestamp":"2026-01-30T09:52:32.692Z"}
{"event":"campaign.metafield.fetch.received","level":"info","message":"Fetch campaign metafield request received","requestId":"2f655397-b9d0-48b0-8773-6caab8121123","timestamp":"2026-01-30T09:52:32.778Z"}
{"currencyCode":"USD","event":"shop.currency.fetch.success","level":"info","message":"Shop currency fetched successfully","requestId":"b56d7b60-effd-4187-ba0d-e270bcf09004","shop":"basic-optimaio-cart.myshopify.com","timestamp":"2026-01-30T09:52:32.822Z"}
{"event":"campaign.metafield.fetch.start","key":"campaigns","level":"info","message":"Fetching campaign metafield","namespace":"optimaio_cart","requestId":"2f655397-b9d0-48b0-8773-6caab8121123","shop":"basic-optimaio-cart.myshopify.com","timestamp":"2026-01-30T09:52:32.842Z"}
{"event":"shop.currency.fetch.received","level":"info","message":"Fetch shop currency request received","requestId":"f7ec51bb-7ebf-4ad3-90b4-3823266e22b3","timestamp":"2026-01-30T09:52:32.917Z"}
{"event":"shop.currency.fetch.start","level":"info","message":"Fetching shop currency from Shopify","requestId":"f7ec51bb-7ebf-4ad3-90b4-3823266e22b3","shop":"basic-optimaio-cart.myshopify.com","timestamp":"2026-01-30T09:52:32.982Z"}
{"event":"campaign.metafield.fetch.success","key":"campaigns","level":"info","message":"Campaign metafield fetched successfully","namespace":"optimaio_cart","requestId":"2f655397-b9d0-48b0-8773-6caab8121123","shop":"basic-optimaio-cart.myshopify.com","timestamp":"2026-01-30T09:52:33.274Z"}
{"currencyCode":"USD","event":"shop.currency.fetch.success","level":"info","message":"Shop currency fetched successfully","requestId":"f7ec51bb-7ebf-4ad3-90b4-3823266e22b3","shop":"basic-optimaio-cart.myshopify.com","timestamp":"2026-01-30T09:52:33.440Z"}
{"event":"campaign.metafield.fetch.received","level":"info","message":"Fetch campaign metafield request received","requestId":"7cd1a8d7-56d8-4c79-86f3-8eab05e21c1d","timestamp":"2026-01-30T09:52:46.633Z"}
{"event":"shop.currency.fetch.received","level":"info","message":"Fetch shop currency request received","requestId":"87195073-5c80-4fd5-bc4c-cd8a474ac64f","timestamp":"2026-01-30T09:52:46.637Z"}
{"event":"campaign.metafield.fetch.start","key":"campaigns","level":"info","message":"Fetching campaign metafield","namespace":"optimaio_cart","requestId":"7cd1a8d7-56d8-4c79-86f3-8eab05e21c1d","shop":"basic-optimaio-cart.myshopify.com","timestamp":"2026-01-30T09:52:46.752Z"}
{"event":"shop.currency.fetch.start","level":"info","message":"Fetching shop currency from Shopify","requestId":"87195073-5c80-4fd5-bc4c-cd8a474ac64f","shop":"basic-optimaio-cart.myshopify.com","timestamp":"2026-01-30T09:52:46.770Z"}
{"event":"campaign.metafield.fetch.success","key":"campaigns","level":"info","message":"Campaign metafield fetched successfully","namespace":"optimaio_cart","requestId":"7cd1a8d7-56d8-4c79-86f3-8eab05e21c1d","shop":"basic-optimaio-cart.myshopify.com","timestamp":"2026-01-30T09:52:47.172Z"}
{"event":"campaign.metafield.fetch.received","level":"info","message":"Fetch campaign metafield request received","requestId":"aa4624c1-4a91-4dd4-a7c4-d0a3db3e9636","timestamp":"2026-01-30T09:52:47.231Z"}
{"currencyCode":"USD","event":"shop.currency.fetch.success","level":"info","message":"Shop currency fetched successfully","requestId":"87195073-5c80-4fd5-bc4c-cd8a474ac64f","shop":"basic-optimaio-cart.myshopify.com","timestamp":"2026-01-30T09:52:47.267Z"}
{"event":"campaign.metafield.fetch.start","key":"campaigns","level":"info","message":"Fetching campaign metafield","namespace":"optimaio_cart","requestId":"aa4624c1-4a91-4dd4-a7c4-d0a3db3e9636","shop":"basic-optimaio-cart.myshopify.com","timestamp":"2026-01-30T09:52:47.300Z"}
{"event":"shop.currency.fetch.received","level":"info","message":"Fetch shop currency request received","requestId":"c56eba4b-0fd7-40df-b49f-a6fa3ae84fdb","timestamp":"2026-01-30T09:52:47.318Z"}
{"event":"shop.currency.fetch.start","level":"info","message":"Fetching shop currency from Shopify","requestId":"c56eba4b-0fd7-40df-b49f-a6fa3ae84fdb","shop":"basic-optimaio-cart.myshopify.com","timestamp":"2026-01-30T09:52:47.383Z"}
{"event":"campaign.metafield.fetch.success","key":"campaigns","level":"info","message":"Campaign metafield fetched successfully","namespace":"optimaio_cart","requestId":"aa4624c1-4a91-4dd4-a7c4-d0a3db3e9636","shop":"basic-optimaio-cart.myshopify.com","timestamp":"2026-01-30T09:52:47.715Z"}
{"currencyCode":"USD","event":"shop.currency.fetch.success","level":"info","message":"Shop currency fetched successfully","requestId":"c56eba4b-0fd7-40df-b49f-a6fa3ae84fdb","shop":"basic-optimaio-cart.myshopify.com","timestamp":"2026-01-30T09:52:47.807Z"}
{"event":"orders.flush.cron.triggered","level":"info","message":"Hourly order flush cron triggered","requestId":"44e05721-18d4-462c-b965-fc76292e6e50","timestamp":"2026-01-30T10:00:00.029Z"}
{"event":"redis.client.init","host":"redis-16663.crce179.ap-south-1-1.ec2.cloud.redislabs.com","level":"info","message":"Initializing Redis client","port":16663,"requestId":"44e05721-18d4-462c-b965-fc76292e6e50","timestamp":"2026-01-30T10:00:00.030Z"}
{"event":"redis.connect.start","level":"info","message":"Connecting to Redis","requestId":"44e05721-18d4-462c-b965-fc76292e6e50","timestamp":"2026-01-30T10:00:00.031Z"}
{"event":"redis.socket.connected","level":"info","message":"Redis socket connected","requestId":"44e05721-18d4-462c-b965-fc76292e6e50","timestamp":"2026-01-30T10:00:00.085Z"}
{"event":"redis.socket.connected","level":"info","message":"Redis socket connected","requestId":"44e05721-18d4-462c-b965-fc76292e6e50","timestamp":"2026-01-30T10:00:00.085Z"}
{"event":"redis.client.ready","level":"info","message":"Redis client ready","requestId":"44e05721-18d4-462c-b965-fc76292e6e50","timestamp":"2026-01-30T10:00:00.101Z"}
{"event":"redis.client.ready","level":"info","message":"Redis client ready","requestId":"44e05721-18d4-462c-b965-fc76292e6e50","timestamp":"2026-01-30T10:00:00.101Z"}
{"event":"redis.connect.success","level":"info","message":"Redis connection established","requestId":"44e05721-18d4-462c-b965-fc76292e6e50","timestamp":"2026-01-30T10:00:00.102Z"}
{"event":"orders.flush.scan.started","level":"info","message":"Order flush scan started","requestId":"44e05721-18d4-462c-b965-fc76292e6e50","timestamp":"2026-01-30T10:00:00.102Z"}
{"event":"orders.flush.queue.empty","level":"info","message":"No order queues found","requestId":"44e05721-18d4-462c-b965-fc76292e6e50","timestamp":"2026-01-30T10:00:00.114Z"}
