{"event":"webhook.received","level":"info","message":"Webhook received","requestId":"7eff0601-d490-5a98-bcfd-eba13339294b","timestamp":"2026-01-15T09:31:00.765Z"}
{"level":"info","message":"✅ Order queued:","orderId":"6629181096184","requestId":"7eff0601-d490-5a98-bcfd-eba13339294b","storeId":"basic-optimaio-cart.myshopify.com","timestamp":"2026-01-15T09:31:01.017Z"}
{"event":"webhook.received","level":"info","message":"Webhook received","requestId":"6f6d1194-3181-5a19-887c-99b10b3ee282","timestamp":"2026-01-15T10:04:03.962Z"}
{"event":"webhook.received","level":"info","message":"Webhook received","requestId":"6f6d1194-3181-5a19-887c-99b10b3ee282","timestamp":"2026-01-15T10:04:05.658Z"}
{"event":"webhook.received","level":"info","message":"Webhook received","requestId":"6f6d1194-3181-5a19-887c-99b10b3ee282","timestamp":"2026-01-15T10:05:06.804Z"}
{"event":"webhook.received","level":"info","message":"Webhook received","requestId":"6f6d1194-3181-5a19-887c-99b10b3ee282","timestamp":"2026-01-15T10:07:08.545Z"}
{"event":"webhook.received","level":"info","message":"Webhook received","requestId":"f0aad075-f54e-5d45-b16c-fe34dbb763c4","timestamp":"2026-01-15T10:08:14.850Z"}
{"event":"webhook.orders_create.valid","level":"info","message":"Order create webhook validated","orderId":"6629199544568","requestId":"f0aad075-f54e-5d45-b16c-fe34dbb763c4","shop":"basic-optimaio-cart.myshopify.com","timestamp":"2026-01-15T10:08:15.007Z"}
{"event":"order.queued","level":"info","message":"Order queued","orderId":"6629199544568","requestId":"f0aad075-f54e-5d45-b16c-fe34dbb763c4","shop":"basic-optimaio-cart.myshopify.com","timestamp":"2026-01-15T10:08:15.026Z"}
{"event":"webhook.received","level":"info","message":"Webhook received","requestId":"05fe9ee7-81c0-5be6-bac7-06d823b8425a","timestamp":"2026-01-15T10:09:51.040Z"}
{"event":"webhook.orders_create.valid","level":"info","message":"Order create webhook validated","orderId":"6629200232696","requestId":"05fe9ee7-81c0-5be6-bac7-06d823b8425a","shop":"basic-optimaio-cart.myshopify.com","timestamp":"2026-01-15T10:09:51.658Z"}
{"event":"order.queued","level":"info","message":"Order queued","orderId":"6629200232696","requestId":"05fe9ee7-81c0-5be6-bac7-06d823b8425a","shop":"basic-optimaio-cart.myshopify.com","timestamp":"2026-01-15T10:09:51.678Z"}
{"event":"webhook.received","level":"info","message":"Webhook received","requestId":"6f6d1194-3181-5a19-887c-99b10b3ee282","timestamp":"2026-01-15T10:12:09.978Z"}
{"event":"webhook.orders_create.valid","level":"info","message":"Order create webhook validated","orderId":"6629197381880","requestId":"6f6d1194-3181-5a19-887c-99b10b3ee282","shop":"basic-optimaio-cart.myshopify.com","timestamp":"2026-01-15T10:12:10.110Z"}
{"event":"order.queued","level":"info","message":"Order queued","orderId":"6629197381880","requestId":"6f6d1194-3181-5a19-887c-99b10b3ee282","shop":"basic-optimaio-cart.myshopify.com","timestamp":"2026-01-15T10:12:10.130Z"}
{"event":"billing.cron.triggered","level":"info","message":"Store expiry cron triggered","requestId":"cron-d0dd2273-8589-4952-8973-6d9ca1ce1122","timestamp":"2026-01-15T10:30:00.051Z"}
{"event":"billing.cron.scan.started","level":"info","maxPerRun":10,"message":"Store expiry scan started","requestId":"cron-d0dd2273-8589-4952-8973-6d9ca1ce1122","timestamp":"2026-01-15T10:30:00.052Z"}
{"event":"billing.cron.no_expired_store","level":"info","message":"Next billing cycle has not expired yet","nextExpiry":"2026-02-05T06:31:22.283Z","nextShop":"bb-basic-optimaio-cart.myshopify.com","requestId":"cron-d0dd2273-8589-4952-8973-6d9ca1ce1122","timestamp":"2026-01-15T10:30:00.065Z"}
{"event":"billing.cron.scan.completed","level":"info","message":"Store expiry scan completed","processed":0,"requestId":"cron-d0dd2273-8589-4952-8973-6d9ca1ce1122","timestamp":"2026-01-15T10:30:00.066Z"}
{"event":"billing.cron.triggered","level":"info","message":"Store expiry cron triggered","requestId":"cron-84a679b9-fc05-4525-b56b-f02ea2f06e44","timestamp":"2026-01-15T11:30:00.090Z"}
{"event":"billing.cron.scan.started","level":"info","maxPerRun":10,"message":"Store expiry scan started","requestId":"cron-84a679b9-fc05-4525-b56b-f02ea2f06e44","timestamp":"2026-01-15T11:30:00.091Z"}
{"event":"billing.cron.triggered","level":"info","message":"Store expiry cron triggered","requestId":"657ad24b-3b09-4903-800e-d494fb1c5d22","timestamp":"2026-01-15T11:30:00.095Z"}
{"event":"billing.cron.scan.started","level":"info","maxPerRun":10,"message":"Store expiry scan started","requestId":"657ad24b-3b09-4903-800e-d494fb1c5d22","timestamp":"2026-01-15T11:30:00.095Z"}
{"event":"billing.cron.triggered","level":"info","message":"Store expiry cron triggered","requestId":"9ffacfe9-c2da-43f3-a099-c7e5db3563eb","timestamp":"2026-01-15T11:30:00.096Z"}
{"event":"billing.cron.scan.started","level":"info","maxPerRun":10,"message":"Store expiry scan started","requestId":"9ffacfe9-c2da-43f3-a099-c7e5db3563eb","timestamp":"2026-01-15T11:30:00.097Z"}
{"event":"billing.orders.cron.triggered","level":"info","message":"Order-based billing cron triggered","requestId":"0a9f53d5-361b-4f25-905d-4d6ec728144a","timestamp":"2026-01-15T11:30:00.098Z"}
{"event":"billing.orders.scan.started","level":"info","message":"Order-based billing scan started","requestId":"0a9f53d5-361b-4f25-905d-4d6ec728144a","timestamp":"2026-01-15T11:30:00.098Z"}
{"event":"billing.cron.no_expired_store","level":"info","message":"Next billing cycle has not expired yet","nextExpiry":"2026-02-05T06:31:22.283Z","nextShop":"bb-basic-optimaio-cart.myshopify.com","requestId":"cron-84a679b9-fc05-4525-b56b-f02ea2f06e44","timestamp":"2026-01-15T11:30:00.108Z"}
{"event":"billing.cron.scan.completed","level":"info","message":"Store expiry scan completed","processed":0,"requestId":"cron-84a679b9-fc05-4525-b56b-f02ea2f06e44","timestamp":"2026-01-15T11:30:00.108Z"}
{"event":"billing.cron.no_expired_store","level":"info","message":"Next billing cycle has not expired yet","nextExpiry":"2026-02-05T06:31:22.283Z","nextShop":"bb-basic-optimaio-cart.myshopify.com","requestId":"657ad24b-3b09-4903-800e-d494fb1c5d22","timestamp":"2026-01-15T11:30:00.110Z"}
{"event":"billing.cron.scan.completed","level":"info","message":"Store expiry scan completed","processed":0,"requestId":"657ad24b-3b09-4903-800e-d494fb1c5d22","timestamp":"2026-01-15T11:30:00.111Z"}
{"event":"billing.cron.no_expired_store","level":"info","message":"Next billing cycle has not expired yet","nextExpiry":"2026-02-05T06:31:22.283Z","nextShop":"bb-basic-optimaio-cart.myshopify.com","requestId":"9ffacfe9-c2da-43f3-a099-c7e5db3563eb","timestamp":"2026-01-15T11:30:00.111Z"}
{"event":"billing.cron.scan.completed","level":"info","message":"Store expiry scan completed","processed":0,"requestId":"9ffacfe9-c2da-43f3-a099-c7e5db3563eb","timestamp":"2026-01-15T11:30:00.111Z"}
{"currentTier":"STARTER","eligibleTier":"STARTER","event":"billing.orders.no_upgrade.higher","level":"info","message":"Store already on equal or higher tier","requestId":"0a9f53d5-361b-4f25-905d-4d6ec728144a","storeId":"basic-optimaio-cart.myshopify.com","timestamp":"2026-01-15T11:30:00.716Z"}
{"event":"billing.orders.scan.completed","level":"info","message":"Order-based billing scan completed","requestId":"0a9f53d5-361b-4f25-905d-4d6ec728144a","timestamp":"2026-01-15T11:30:00.733Z"}
{"event":"billing.orders.manual.triggered","level":"info","message":"Manual order-based billing triggered","requestId":"1e7a20fb-c59c-43dd-bd54-67c2313ca1e8","timestamp":"2026-01-15T11:31:42.002Z"}
{"event":"billing.orders.scan.started","level":"info","message":"Order-based billing scan started","requestId":"1e7a20fb-c59c-43dd-bd54-67c2313ca1e8","timestamp":"2026-01-15T11:31:42.003Z"}
{"chargeAmount":18,"eligibleTier":"GROW","event":"billing.orders.upgraded","level":"info","message":"Order-based plan upgraded successfully","orderCount":2000,"requestId":"1e7a20fb-c59c-43dd-bd54-67c2313ca1e8","storeId":"basic-optimaio-cart.myshopify.com","timestamp":"2026-01-15T11:31:43.334Z"}
{"event":"billing.orders.scan.completed","level":"info","message":"Order-based billing scan completed","requestId":"1e7a20fb-c59c-43dd-bd54-67c2313ca1e8","timestamp":"2026-01-15T11:31:43.361Z"}
{"event":"billing.orders.manual.triggered","level":"info","message":"Manual order-based billing triggered","requestId":"5e081a41-21bd-4b0e-af67-d3acaa8221a3","timestamp":"2026-01-15T11:33:29.147Z"}
{"event":"billing.orders.scan.started","level":"info","message":"Order-based billing scan started","requestId":"5e081a41-21bd-4b0e-af67-d3acaa8221a3","timestamp":"2026-01-15T11:33:29.148Z"}
{"currentTier":"GROW","eligibleTier":"GROW","event":"billing.orders.no_upgrade.higher","level":"info","message":"Store already on equal or higher tier","requestId":"5e081a41-21bd-4b0e-af67-d3acaa8221a3","storeId":"basic-optimaio-cart.myshopify.com","timestamp":"2026-01-15T11:33:29.298Z"}
{"event":"billing.orders.scan.completed","level":"info","message":"Order-based billing scan completed","requestId":"5e081a41-21bd-4b0e-af67-d3acaa8221a3","timestamp":"2026-01-15T11:33:29.315Z"}
{"event":"billing.orders.manual.triggered","level":"info","message":"Manual order-based billing triggered","requestId":"7d17bff5-a994-46c2-b240-9df143e0bf59","timestamp":"2026-01-15T11:45:51.403Z"}
{"event":"billing.orders.scan.started","level":"info","message":"Order-based billing scan started","requestId":"7d17bff5-a994-46c2-b240-9df143e0bf59","timestamp":"2026-01-15T11:45:51.404Z"}
{"event":"billing.orders.no_upgrade.base","level":"info","message":"Store remains on STARTER tier","orderCount":1000,"requestId":"7d17bff5-a994-46c2-b240-9df143e0bf59","storeId":"basic-optimaio-cart.myshopify.com","timestamp":"2026-01-15T11:45:52.277Z"}
{"event":"billing.orders.scan.completed","level":"info","message":"Order-based billing scan completed","requestId":"7d17bff5-a994-46c2-b240-9df143e0bf59","timestamp":"2026-01-15T11:45:52.294Z"}
{"event":"billing.orders.manual.triggered","level":"info","message":"Manual order-based billing triggered","requestId":"45b523b8-a25a-46fd-a858-08375e6c8741","timestamp":"2026-01-15T11:46:01.179Z"}
{"event":"billing.orders.scan.started","level":"info","message":"Order-based billing scan started","requestId":"45b523b8-a25a-46fd-a858-08375e6c8741","timestamp":"2026-01-15T11:46:01.181Z"}
{"event":"billing.orders.no_upgrade.base","level":"info","message":"Store remains on STARTER tier","orderCount":1000,"requestId":"45b523b8-a25a-46fd-a858-08375e6c8741","storeId":"basic-optimaio-cart.myshopify.com","timestamp":"2026-01-15T11:46:01.263Z"}
{"event":"billing.orders.scan.completed","level":"info","message":"Order-based billing scan completed","requestId":"45b523b8-a25a-46fd-a858-08375e6c8741","timestamp":"2026-01-15T11:46:01.280Z"}
{"event":"billing.orders.manual.triggered","level":"info","message":"Manual order-based billing triggered","requestId":"c2e8449a-a124-4ca7-af5f-a001b33a9b6a","timestamp":"2026-01-15T11:46:21.008Z"}
{"event":"billing.orders.scan.started","level":"info","message":"Order-based billing scan started","requestId":"c2e8449a-a124-4ca7-af5f-a001b33a9b6a","timestamp":"2026-01-15T11:46:21.009Z"}
{"chargeAmount":18,"eligibleTier":"GROW","event":"billing.orders.upgraded","level":"info","message":"Order-based plan upgraded successfully","orderCount":1001,"requestId":"c2e8449a-a124-4ca7-af5f-a001b33a9b6a","storeId":"basic-optimaio-cart.myshopify.com","timestamp":"2026-01-15T11:46:22.394Z"}
{"event":"billing.orders.scan.completed","level":"info","message":"Order-based billing scan completed","requestId":"c2e8449a-a124-4ca7-af5f-a001b33a9b6a","timestamp":"2026-01-15T11:46:22.414Z"}
{"event":"billing.orders.manual.triggered","level":"info","message":"Manual order-based billing triggered","requestId":"b393a928-8ead-4b32-b216-af6279958eb7","timestamp":"2026-01-15T11:47:15.523Z"}
{"event":"billing.orders.scan.started","level":"info","message":"Order-based billing scan started","requestId":"b393a928-8ead-4b32-b216-af6279958eb7","timestamp":"2026-01-15T11:47:15.524Z"}
{"chargeAmount":17,"eligibleTier":"PREMIUM","event":"billing.orders.upgraded","level":"info","message":"Order-based plan upgraded successfully","orderCount":3001,"requestId":"b393a928-8ead-4b32-b216-af6279958eb7","storeId":"basic-optimaio-cart.myshopify.com","timestamp":"2026-01-15T11:47:16.594Z"}
{"event":"billing.orders.scan.completed","level":"info","message":"Order-based billing scan completed","requestId":"b393a928-8ead-4b32-b216-af6279958eb7","timestamp":"2026-01-15T11:47:16.612Z"}
{"event":"billing.orders.manual.triggered","level":"info","message":"Manual order-based billing triggered","requestId":"50f7246e-c24f-4d08-a9a2-f89eff585bdb","timestamp":"2026-01-15T11:48:14.999Z"}
{"event":"billing.orders.scan.started","level":"info","message":"Order-based billing scan started","requestId":"50f7246e-c24f-4d08-a9a2-f89eff585bdb","timestamp":"2026-01-15T11:48:14.999Z"}
{"chargeAmount":30,"eligibleTier":"ENTERPRISE","event":"billing.orders.upgraded","level":"info","message":"Order-based plan upgraded successfully","orderCount":7001,"requestId":"50f7246e-c24f-4d08-a9a2-f89eff585bdb","storeId":"basic-optimaio-cart.myshopify.com","timestamp":"2026-01-15T11:48:16.090Z"}
{"event":"billing.orders.scan.completed","level":"info","message":"Order-based billing scan completed","requestId":"50f7246e-c24f-4d08-a9a2-f89eff585bdb","timestamp":"2026-01-15T11:48:16.111Z"}
{"event":"billing.cron.triggered","level":"info","message":"Store expiry cron triggered","requestId":"cron-ad2b0360-e14a-4ef7-9a3b-0768b1abef07","timestamp":"2026-01-15T12:30:00.110Z"}
{"event":"billing.cron.scan.started","level":"info","maxPerRun":10,"message":"Store expiry scan started","requestId":"cron-ad2b0360-e14a-4ef7-9a3b-0768b1abef07","timestamp":"2026-01-15T12:30:00.111Z"}
{"event":"billing.cron.triggered","level":"info","message":"Store expiry cron triggered","requestId":"f9f3de7e-e215-4365-83a5-07856f27ca7f","timestamp":"2026-01-15T12:30:00.113Z"}
{"event":"billing.cron.scan.started","level":"info","maxPerRun":10,"message":"Store expiry scan started","requestId":"f9f3de7e-e215-4365-83a5-07856f27ca7f","timestamp":"2026-01-15T12:30:00.113Z"}
{"event":"billing.cron.triggered","level":"info","message":"Store expiry cron triggered","requestId":"27f66bb4-1a16-4e44-8851-7e6c168566c3","timestamp":"2026-01-15T12:30:00.113Z"}
{"event":"billing.cron.scan.started","level":"info","maxPerRun":10,"message":"Store expiry scan started","requestId":"27f66bb4-1a16-4e44-8851-7e6c168566c3","timestamp":"2026-01-15T12:30:00.113Z"}
{"event":"billing.orders.cron.triggered","level":"info","message":"Order-based billing cron triggered","requestId":"1fcd718e-ab41-4d29-92e9-86f9aaa76b1c","timestamp":"2026-01-15T12:30:00.114Z"}
{"event":"billing.orders.scan.started","level":"info","message":"Order-based billing scan started","requestId":"1fcd718e-ab41-4d29-92e9-86f9aaa76b1c","timestamp":"2026-01-15T12:30:00.114Z"}
{"event":"billing.orders.cron.triggered","level":"info","message":"Order-based billing cron triggered","requestId":"b9f74b1a-60b5-49d3-8f9a-01a3f2dc3392","timestamp":"2026-01-15T12:30:00.115Z"}
{"event":"billing.orders.scan.started","level":"info","message":"Order-based billing scan started","requestId":"b9f74b1a-60b5-49d3-8f9a-01a3f2dc3392","timestamp":"2026-01-15T12:30:00.116Z"}
{"event":"billing.orders.cron.triggered","level":"info","message":"Order-based billing cron triggered","requestId":"8e9f54f0-729b-4834-8d24-a9fb68d223b9","timestamp":"2026-01-15T12:30:00.118Z"}
{"event":"billing.orders.scan.started","level":"info","message":"Order-based billing scan started","requestId":"8e9f54f0-729b-4834-8d24-a9fb68d223b9","timestamp":"2026-01-15T12:30:00.118Z"}
{"event":"billing.cron.no_expired_store","level":"info","message":"Next billing cycle has not expired yet","nextExpiry":"2026-02-05T06:31:22.283Z","nextShop":"bb-basic-optimaio-cart.myshopify.com","requestId":"cron-ad2b0360-e14a-4ef7-9a3b-0768b1abef07","timestamp":"2026-01-15T12:30:00.131Z"}
{"event":"billing.cron.scan.completed","level":"info","message":"Store expiry scan completed","processed":0,"requestId":"cron-ad2b0360-e14a-4ef7-9a3b-0768b1abef07","timestamp":"2026-01-15T12:30:00.131Z"}
{"event":"billing.cron.no_expired_store","level":"info","message":"Next billing cycle has not expired yet","nextExpiry":"2026-02-05T06:31:22.283Z","nextShop":"bb-basic-optimaio-cart.myshopify.com","requestId":"f9f3de7e-e215-4365-83a5-07856f27ca7f","timestamp":"2026-01-15T12:30:00.131Z"}
{"event":"billing.cron.scan.completed","level":"info","message":"Store expiry scan completed","processed":0,"requestId":"f9f3de7e-e215-4365-83a5-07856f27ca7f","timestamp":"2026-01-15T12:30:00.131Z"}
{"event":"billing.cron.no_expired_store","level":"info","message":"Next billing cycle has not expired yet","nextExpiry":"2026-02-05T06:31:22.283Z","nextShop":"bb-basic-optimaio-cart.myshopify.com","requestId":"27f66bb4-1a16-4e44-8851-7e6c168566c3","timestamp":"2026-01-15T12:30:00.131Z"}
{"event":"billing.cron.scan.completed","level":"info","message":"Store expiry scan completed","processed":0,"requestId":"27f66bb4-1a16-4e44-8851-7e6c168566c3","timestamp":"2026-01-15T12:30:00.131Z"}
{"currentTier":"GROW","eligibleTier":"GROW","event":"billing.orders.no_upgrade.higher","level":"info","message":"Store already on equal or higher tier","requestId":"b9f74b1a-60b5-49d3-8f9a-01a3f2dc3392","storeId":"basic-optimaio-cart.myshopify.com","timestamp":"2026-01-15T12:30:00.782Z"}
{"event":"billing.orders.lock.skipped","level":"info","message":"Order billing lock already held, skipping store","requestId":"1fcd718e-ab41-4d29-92e9-86f9aaa76b1c","storeId":"basic-optimaio-cart.myshopify.com","timestamp":"2026-01-15T12:30:00.796Z"}
{"event":"billing.orders.scan.completed","level":"info","message":"Order-based billing scan completed","requestId":"1fcd718e-ab41-4d29-92e9-86f9aaa76b1c","timestamp":"2026-01-15T12:30:00.796Z"}
{"event":"billing.orders.scan.completed","level":"info","message":"Order-based billing scan completed","requestId":"b9f74b1a-60b5-49d3-8f9a-01a3f2dc3392","timestamp":"2026-01-15T12:30:00.798Z"}
{"currentTier":"GROW","eligibleTier":"GROW","event":"billing.orders.no_upgrade.higher","level":"info","message":"Store already on equal or higher tier","requestId":"8e9f54f0-729b-4834-8d24-a9fb68d223b9","storeId":"basic-optimaio-cart.myshopify.com","timestamp":"2026-01-15T12:30:00.832Z"}
{"event":"billing.orders.scan.completed","level":"info","message":"Order-based billing scan completed","requestId":"8e9f54f0-729b-4834-8d24-a9fb68d223b9","timestamp":"2026-01-15T12:30:00.860Z"}
{"event":"orders.flush.cron.triggered","level":"info","message":"Hourly order flush cron triggered","requestId":"5195143c-4a9f-421c-96a7-926aff52d2a1","timestamp":"2026-01-15T13:00:00.029Z"}
{"event":"orders.flush.scan.started","level":"info","message":"Order flush scan started","requestId":"5195143c-4a9f-421c-96a7-926aff52d2a1","timestamp":"2026-01-15T13:00:00.029Z"}
{"event":"orders.flush.queue.empty","level":"info","message":"No order queues found","requestId":"5195143c-4a9f-421c-96a7-926aff52d2a1","timestamp":"2026-01-15T13:00:00.038Z"}
